[0.550s] Invoking command in '/home/ayushi/Collective_Robotics/A2/ros_work/src/build/stage_ros2': CMAKE_PREFIX_PATH=/opt/ros/humble /usr/bin/cmake /home/ayushi/Collective_Robotics/A2/ros_work/src/stage_ros2 -DAMENT_CMAKE_SYMLINK_INSTALL=1 -DCMAKE_INSTALL_PREFIX=/home/ayushi/Collective_Robotics/A2/ros_work/src/install/stage_ros2
[1.927s] -- The C compiler identification is GNU 11.4.0
[2.761s] -- The CXX compiler identification is GNU 11.4.0
[2.851s] -- Detecting C compiler ABI info
[3.188s] -- Detecting C compiler ABI info - done
[3.197s] -- Check for working C compiler: /usr/bin/cc - skipped
[3.198s] -- Detecting C compile features
[3.217s] -- Detecting C compile features - done
[3.255s] -- Detecting CXX compiler ABI info
[3.617s] -- Detecting CXX compiler ABI info - done
[3.629s] -- Check for working CXX compiler: /usr/bin/c++ - skipped
[3.629s] -- Detecting CXX compile features
[3.630s] -- Detecting CXX compile features - done
[3.690s] -- Found ament_cmake: 1.3.11 (/opt/ros/humble/share/ament_cmake/cmake)
[5.152s] -- Found Python3: /usr/bin/python3 (found version "3.10.12") found components: Interpreter 
[5.350s] -- Override CMake install command with custom implementation using symlinks instead of copying resources
[5.602s] -- Found rclcpp: 16.0.11 (/opt/ros/humble/share/rclcpp/cmake)
[6.100s] -- Found rosidl_generator_c: 3.1.6 (/opt/ros/humble/share/rosidl_generator_c/cmake)
[6.182s] -- Found rosidl_adapter: 3.1.6 (/opt/ros/humble/share/rosidl_adapter/cmake)
[6.319s] -- Found rosidl_generator_cpp: 3.1.6 (/opt/ros/humble/share/rosidl_generator_cpp/cmake)
[6.517s] -- Using all available rosidl_typesupport_c: rosidl_typesupport_fastrtps_c;rosidl_typesupport_introspection_c
[6.735s] -- Using all available rosidl_typesupport_cpp: rosidl_typesupport_fastrtps_cpp;rosidl_typesupport_introspection_cpp
[7.162s] -- Found rmw_implementation_cmake: 6.1.2 (/opt/ros/humble/share/rmw_implementation_cmake/cmake)
[7.212s] -- Found rmw_fastrtps_cpp: 6.2.7 (/opt/ros/humble/share/rmw_fastrtps_cpp/cmake)
[7.818s] -- Found OpenSSL: /usr/lib/x86_64-linux-gnu/libcrypto.so (found version "3.0.2")  
[7.945s] -- Found FastRTPS: /opt/ros/humble/include  
[8.038s] -- Using RMW implementation 'rmw_fastrtps_cpp' as default
[8.152s] -- Looking for pthread.h
[8.556s] -- Looking for pthread.h - found
[8.557s] -- Performing Test CMAKE_HAVE_LIBC_PTHREAD
[8.748s] -- Performing Test CMAKE_HAVE_LIBC_PTHREAD - Success
[8.750s] -- Found Threads: TRUE  
[9.206s] -- Found rclcpp_components: 16.0.11 (/opt/ros/humble/share/rclcpp_components/cmake)
[9.507s] -- Found sensor_msgs: 4.2.4 (/opt/ros/humble/share/sensor_msgs/cmake)
[9.757s] -- Found nav_msgs: 4.2.4 (/opt/ros/humble/share/nav_msgs/cmake)
[9.839s] [31mCMake Error at CMakeLists.txt:21 (find_package):
[9.839s]   By not providing "Findstage.cmake" in CMAKE_MODULE_PATH this project has
[9.840s]   asked CMake to find a package configuration file provided by "stage", but
[9.840s]   CMake did not find one.
[9.840s] 
[9.841s]   Could not find a package configuration file provided by "stage" with any of
[9.842s]   the following names:
[9.842s] 
[9.842s]     stageConfig.cmake
[9.842s]     stage-config.cmake
[9.842s] 
[9.842s]   Add the installation prefix of "stage" to CMAKE_PREFIX_PATH or set
[9.842s]   "stage_DIR" to a directory containing one of the above files.  If "stage"
[9.843s]   provides a separate development package or SDK, be sure it has been
[9.843s]   installed.
[9.843s] 
[9.843s] [0m
[9.843s] -- Configuring incomplete, errors occurred!
[9.843s] See also "/home/ayushi/Collective_Robotics/A2/ros_work/src/build/stage_ros2/CMakeFiles/CMakeOutput.log".
[9.852s] Invoked command in '/home/ayushi/Collective_Robotics/A2/ros_work/src/build/stage_ros2' returned '1': CMAKE_PREFIX_PATH=/opt/ros/humble /usr/bin/cmake /home/ayushi/Collective_Robotics/A2/ros_work/src/stage_ros2 -DAMENT_CMAKE_SYMLINK_INSTALL=1 -DCMAKE_INSTALL_PREFIX=/home/ayushi/Collective_Robotics/A2/ros_work/src/install/stage_ros2
