running develop
running egg_info
creating robile_control_simple.egg-info
writing robile_control_simple.egg-info/PKG-INFO
writing dependency_links to robile_control_simple.egg-info/dependency_links.txt
writing entry points to robile_control_simple.egg-info/entry_points.txt
writing requirements to robile_control_simple.egg-info/requires.txt
writing top-level names to robile_control_simple.egg-info/top_level.txt
writing manifest file 'robile_control_simple.egg-info/SOURCES.txt'
reading manifest file 'robile_control_simple.egg-info/SOURCES.txt'
writing manifest file 'robile_control_simple.egg-info/SOURCES.txt'
running build_ext
Creating /home/student/MAS/MAS_Program2024/MAS-Program/Collective_Robotics/ros_work/install/robile_control_simple/lib/python3.10/site-packages/robile-control-simple.egg-link (link to .)
Installing circular_motion_publisher script to /home/student/MAS/MAS_Program2024/MAS-Program/Collective_Robotics/ros_work/install/robile_control_simple/lib/robile_control_simple

Installed /home/student/MAS/MAS_Program2024/MAS-Program/Collective_Robotics/ros_work/build/robile_control_simple
running symlink_data
creating /home/student/MAS/MAS_Program2024/MAS-Program/Collective_Robotics/ros_work/install/robile_control_simple/share/ament_index
creating /home/student/MAS/MAS_Program2024/MAS-Program/Collective_Robotics/ros_work/install/robile_control_simple/share/ament_index/resource_index
creating /home/student/MAS/MAS_Program2024/MAS-Program/Collective_Robotics/ros_work/install/robile_control_simple/share/ament_index/resource_index/packages
symbolically linking /home/student/MAS/MAS_Program2024/MAS-Program/Collective_Robotics/ros_work/build/robile_control_simple/resource/robile_control_simple -> /home/student/MAS/MAS_Program2024/MAS-Program/Collective_Robotics/ros_work/install/robile_control_simple/share/ament_index/resource_index/packages
symbolically linking /home/student/MAS/MAS_Program2024/MAS-Program/Collective_Robotics/ros_work/build/robile_control_simple/package.xml -> /home/student/MAS/MAS_Program2024/MAS-Program/Collective_Robotics/ros_work/install/robile_control_simple/share/robile_control_simple
