[4.116s] Invoking command in '/home/student/MAS/MAS_Program2024/MAS-Program/Collective_Robotics/ros_work/build/robile_control_simple': PYTHONPATH=/home/student/MAS/MAS_Program2024/MAS-Program/Collective_Robotics/ros_work/build/robile_control_simple/prefix_override:/usr/lib/python3/dist-packages/colcon_core/task/python/colcon_distutils_commands:/home/student/MAS/MAS_Program2024/MAS-Program/Collective_Robotics/ros_work/install/robile_control_simple/lib/python3.10/site-packages:${PYTHONPATH} /usr/bin/python3 -W ignore:setup.py install is deprecated -W ignore:easy_install command is deprecated setup.py develop --editable --build-directory /home/student/MAS/MAS_Program2024/MAS-Program/Collective_Robotics/ros_work/build/robile_control_simple/build --no-deps symlink_data
[5.766s] running develop
[7.311s] running egg_info
[7.318s] creating robile_control_simple.egg-info
[7.319s] writing robile_control_simple.egg-info/PKG-INFO
[7.320s] writing dependency_links to robile_control_simple.egg-info/dependency_links.txt
[7.331s] writing entry points to robile_control_simple.egg-info/entry_points.txt
[7.331s] writing requirements to robile_control_simple.egg-info/requires.txt
[7.332s] writing top-level names to robile_control_simple.egg-info/top_level.txt
[7.339s] writing manifest file 'robile_control_simple.egg-info/SOURCES.txt'
[7.343s] reading manifest file 'robile_control_simple.egg-info/SOURCES.txt'
[7.345s] writing manifest file 'robile_control_simple.egg-info/SOURCES.txt'
[7.356s] running build_ext
[7.366s] Creating /home/student/MAS/MAS_Program2024/MAS-Program/Collective_Robotics/ros_work/install/robile_control_simple/lib/python3.10/site-packages/robile-control-simple.egg-link (link to .)
[7.368s] Installing circular_motion_publisher script to /home/student/MAS/MAS_Program2024/MAS-Program/Collective_Robotics/ros_work/install/robile_control_simple/lib/robile_control_simple
[7.371s] 
[7.371s] Installed /home/student/MAS/MAS_Program2024/MAS-Program/Collective_Robotics/ros_work/build/robile_control_simple
[7.372s] running symlink_data
[7.373s] creating /home/student/MAS/MAS_Program2024/MAS-Program/Collective_Robotics/ros_work/install/robile_control_simple/share/ament_index
[7.373s] creating /home/student/MAS/MAS_Program2024/MAS-Program/Collective_Robotics/ros_work/install/robile_control_simple/share/ament_index/resource_index
[7.374s] creating /home/student/MAS/MAS_Program2024/MAS-Program/Collective_Robotics/ros_work/install/robile_control_simple/share/ament_index/resource_index/packages
[7.374s] symbolically linking /home/student/MAS/MAS_Program2024/MAS-Program/Collective_Robotics/ros_work/build/robile_control_simple/resource/robile_control_simple -> /home/student/MAS/MAS_Program2024/MAS-Program/Collective_Robotics/ros_work/install/robile_control_simple/share/ament_index/resource_index/packages
[7.375s] symbolically linking /home/student/MAS/MAS_Program2024/MAS-Program/Collective_Robotics/ros_work/build/robile_control_simple/package.xml -> /home/student/MAS/MAS_Program2024/MAS-Program/Collective_Robotics/ros_work/install/robile_control_simple/share/robile_control_simple
[7.591s] Invoked command in '/home/student/MAS/MAS_Program2024/MAS-Program/Collective_Robotics/ros_work/build/robile_control_simple' returned '0': PYTHONPATH=/home/student/MAS/MAS_Program2024/MAS-Program/Collective_Robotics/ros_work/build/robile_control_simple/prefix_override:/usr/lib/python3/dist-packages/colcon_core/task/python/colcon_distutils_commands:/home/student/MAS/MAS_Program2024/MAS-Program/Collective_Robotics/ros_work/install/robile_control_simple/lib/python3.10/site-packages:${PYTHONPATH} /usr/bin/python3 -W ignore:setup.py install is deprecated -W ignore:easy_install command is deprecated setup.py develop --editable --build-directory /home/student/MAS/MAS_Program2024/MAS-Program/Collective_Robotics/ros_work/build/robile_control_simple/build --no-deps symlink_data
