[0.250s] DEBUG:colcon:Command line arguments: ['/usr/bin/colcon', 'build', '--symlink-install', '--packages-select', 'collective_robotics', 'stage_ros2']
[0.250s] DEBUG:colcon:Parsed command line arguments: Namespace(log_base=None, log_level=None, verb_name='build', build_base='build', install_base='install', merge_install=False, symlink_install=True, test_result_base=None, continue_on_error=False, executor='parallel', parallel_workers=4, event_handlers=None, ignore_user_meta=False, metas=['./colcon.meta'], base_paths=['.'], packages_ignore=None, packages_ignore_regex=None, paths=None, packages_up_to=None, packages_up_to_regex=None, packages_above=None, packages_above_and_dependencies=None, packages_above_depth=None, packages_select_by_dep=None, packages_skip_by_dep=None, packages_skip_up_to=None, packages_select_build_failed=False, packages_skip_build_finished=False, packages_select_test_failures=False, packages_skip_test_passed=False, packages_select=['collective_robotics', 'stage_ros2'], packages_skip=None, packages_select_regex=None, packages_skip_regex=None, packages_start=None, packages_end=None, allow_overriding=[], cmake_args=None, cmake_target=None, cmake_target_skip_unavailable=False, cmake_clean_cache=False, cmake_clean_first=False, cmake_force_configure=False, ament_cmake_args=None, catkin_cmake_args=None, catkin_skip_building_tests=False, mixin_files=None, mixin=None, verb_parser=<colcon_mixin.mixin.mixin_argument.MixinArgumentDecorator object at 0x7053415fc3a0>, verb_extension=<colcon_core.verb.build.BuildVerb object at 0x7053415bfd90>, main=<bound method BuildVerb.main of <colcon_core.verb.build.BuildVerb object at 0x7053415bfd90>>, mixin_verb=('build',))
[0.580s] Level 1:colcon.colcon_core.package_discovery:discover_packages(colcon_meta) check parameters
[0.580s] Level 1:colcon.colcon_core.package_discovery:discover_packages(recursive) check parameters
[0.581s] Level 1:colcon.colcon_core.package_discovery:discover_packages(ignore) check parameters
[0.581s] Level 1:colcon.colcon_core.package_discovery:discover_packages(path) check parameters
[0.581s] Level 1:colcon.colcon_core.package_discovery:discover_packages(colcon_meta) discover
[0.581s] Level 1:colcon.colcon_core.package_discovery:discover_packages(recursive) discover
[0.581s] INFO:colcon.colcon_core.package_discovery:Crawling recursively for packages in '/home/ayushi/Collective_Robotics/A2/ros_work/src'
[0.581s] Level 1:colcon.colcon_core.package_identification:_identify(.) by extensions ['ignore', 'ignore_ament_install']
[0.581s] Level 1:colcon.colcon_core.package_identification:_identify(.) by extension 'ignore'
[0.581s] Level 1:colcon.colcon_core.package_identification:_identify(.) by extension 'ignore_ament_install'
[0.581s] Level 1:colcon.colcon_core.package_identification:_identify(.) by extensions ['colcon_pkg']
[0.581s] Level 1:colcon.colcon_core.package_identification:_identify(.) by extension 'colcon_pkg'
[0.582s] Level 1:colcon.colcon_core.package_identification:_identify(.) by extensions ['colcon_meta']
[0.582s] Level 1:colcon.colcon_core.package_identification:_identify(.) by extension 'colcon_meta'
[0.582s] Level 1:colcon.colcon_core.package_identification:_identify(.) by extensions ['ros']
[0.582s] Level 1:colcon.colcon_core.package_identification:_identify(.) by extension 'ros'
[0.610s] Level 1:colcon.colcon_core.package_identification:_identify(.) by extensions ['cmake', 'python']
[0.610s] Level 1:colcon.colcon_core.package_identification:_identify(.) by extension 'cmake'
[0.610s] Level 1:colcon.colcon_core.package_identification:_identify(.) by extension 'python'
[0.610s] Level 1:colcon.colcon_core.package_identification:_identify(.) by extensions ['python_setup_py']
[0.610s] Level 1:colcon.colcon_core.package_identification:_identify(.) by extension 'python_setup_py'
[0.610s] Level 1:colcon.colcon_core.package_identification:_identify(Robile) by extensions ['ignore', 'ignore_ament_install']
[0.610s] Level 1:colcon.colcon_core.package_identification:_identify(Robile) by extension 'ignore'
[0.610s] Level 1:colcon.colcon_core.package_identification:_identify(Robile) by extension 'ignore_ament_install'
[0.610s] Level 1:colcon.colcon_core.package_identification:_identify(Robile) by extensions ['colcon_pkg']
[0.610s] Level 1:colcon.colcon_core.package_identification:_identify(Robile) by extension 'colcon_pkg'
[0.610s] Level 1:colcon.colcon_core.package_identification:_identify(Robile) by extensions ['colcon_meta']
[0.610s] Level 1:colcon.colcon_core.package_identification:_identify(Robile) by extension 'colcon_meta'
[0.611s] Level 1:colcon.colcon_core.package_identification:_identify(Robile) by extensions ['ros']
[0.611s] Level 1:colcon.colcon_core.package_identification:_identify(Robile) by extension 'ros'
[0.611s] Level 1:colcon.colcon_core.package_identification:_identify(Robile) by extensions ['cmake', 'python']
[0.611s] Level 1:colcon.colcon_core.package_identification:_identify(Robile) by extension 'cmake'
[0.611s] Level 1:colcon.colcon_core.package_identification:_identify(Robile) by extension 'python'
[0.611s] Level 1:colcon.colcon_core.package_identification:_identify(Robile) by extensions ['python_setup_py']
[0.611s] Level 1:colcon.colcon_core.package_identification:_identify(Robile) by extension 'python_setup_py'
[0.611s] Level 1:colcon.colcon_core.package_identification:_identify(Stage) by extensions ['ignore', 'ignore_ament_install']
[0.611s] Level 1:colcon.colcon_core.package_identification:_identify(Stage) by extension 'ignore'
[0.611s] Level 1:colcon.colcon_core.package_identification:_identify(Stage) by extension 'ignore_ament_install'
[0.611s] Level 1:colcon.colcon_core.package_identification:_identify(Stage) by extensions ['colcon_pkg']
[0.611s] Level 1:colcon.colcon_core.package_identification:_identify(Stage) by extension 'colcon_pkg'
[0.611s] Level 1:colcon.colcon_core.package_identification:_identify(Stage) by extensions ['colcon_meta']
[0.611s] Level 1:colcon.colcon_core.package_identification:_identify(Stage) by extension 'colcon_meta'
[0.611s] Level 1:colcon.colcon_core.package_identification:_identify(Stage) by extensions ['ros']
[0.611s] Level 1:colcon.colcon_core.package_identification:_identify(Stage) by extension 'ros'
[0.611s] Level 1:colcon.colcon_core.package_identification:_identify(Stage) by extensions ['cmake', 'python']
[0.611s] Level 1:colcon.colcon_core.package_identification:_identify(Stage) by extension 'cmake'
[0.612s] Level 1:colcon.colcon_core.package_identification:_identify(Stage) by extension 'python'
[0.612s] Level 1:colcon.colcon_core.package_identification:_identify(Stage) by extensions ['python_setup_py']
[0.612s] Level 1:colcon.colcon_core.package_identification:_identify(Stage) by extension 'python_setup_py'
[0.612s] Level 1:colcon.colcon_core.package_identification:_identify(build) by extensions ['ignore', 'ignore_ament_install']
[0.612s] Level 1:colcon.colcon_core.package_identification:_identify(build) by extension 'ignore'
[0.612s] Level 1:colcon.colcon_core.package_identification:_identify(build) ignored
[0.612s] Level 1:colcon.colcon_core.package_identification:_identify(collective_robotics) by extensions ['ignore', 'ignore_ament_install']
[0.612s] Level 1:colcon.colcon_core.package_identification:_identify(collective_robotics) by extension 'ignore'
[0.612s] Level 1:colcon.colcon_core.package_identification:_identify(collective_robotics) by extension 'ignore_ament_install'
[0.612s] Level 1:colcon.colcon_core.package_identification:_identify(collective_robotics) by extensions ['colcon_pkg']
[0.612s] Level 1:colcon.colcon_core.package_identification:_identify(collective_robotics) by extension 'colcon_pkg'
[0.612s] Level 1:colcon.colcon_core.package_identification:_identify(collective_robotics) by extensions ['colcon_meta']
[0.612s] Level 1:colcon.colcon_core.package_identification:_identify(collective_robotics) by extension 'colcon_meta'
[0.612s] Level 1:colcon.colcon_core.package_identification:_identify(collective_robotics) by extensions ['ros']
[0.612s] Level 1:colcon.colcon_core.package_identification:_identify(collective_robotics) by extension 'ros'
[0.616s] DEBUG:colcon.colcon_core.package_identification:Package 'collective_robotics' with type 'ros.ament_python' and name 'collective_robotics'
[0.616s] Level 1:colcon.colcon_core.package_identification:_identify(install) by extensions ['ignore', 'ignore_ament_install']
[0.616s] Level 1:colcon.colcon_core.package_identification:_identify(install) by extension 'ignore'
[0.617s] Level 1:colcon.colcon_core.package_identification:_identify(install) ignored
[0.617s] Level 1:colcon.colcon_core.package_identification:_identify(log) by extensions ['ignore', 'ignore_ament_install']
[0.617s] Level 1:colcon.colcon_core.package_identification:_identify(log) by extension 'ignore'
[0.617s] Level 1:colcon.colcon_core.package_identification:_identify(log) ignored
[0.617s] Level 1:colcon.colcon_core.package_identification:_identify(robile_description) by extensions ['ignore', 'ignore_ament_install']
[0.618s] Level 1:colcon.colcon_core.package_identification:_identify(robile_description) by extension 'ignore'
[0.618s] Level 1:colcon.colcon_core.package_identification:_identify(robile_description) by extension 'ignore_ament_install'
[0.618s] Level 1:colcon.colcon_core.package_identification:_identify(robile_description) by extensions ['colcon_pkg']
[0.618s] Level 1:colcon.colcon_core.package_identification:_identify(robile_description) by extension 'colcon_pkg'
[0.618s] Level 1:colcon.colcon_core.package_identification:_identify(robile_description) by extensions ['colcon_meta']
[0.618s] Level 1:colcon.colcon_core.package_identification:_identify(robile_description) by extension 'colcon_meta'
[0.618s] Level 1:colcon.colcon_core.package_identification:_identify(robile_description) by extensions ['ros']
[0.618s] Level 1:colcon.colcon_core.package_identification:_identify(robile_description) by extension 'ros'
[0.618s] Level 1:colcon.colcon_core.package_identification:_identify(robile_description) by extensions ['cmake', 'python']
[0.618s] Level 1:colcon.colcon_core.package_identification:_identify(robile_description) by extension 'cmake'
[0.618s] Level 1:colcon.colcon_core.package_identification:_identify(robile_description) by extension 'python'
[0.619s] Level 1:colcon.colcon_core.package_identification:_identify(robile_description) by extensions ['python_setup_py']
[0.619s] Level 1:colcon.colcon_core.package_identification:_identify(robile_description) by extension 'python_setup_py'
[0.619s] Level 1:colcon.colcon_core.package_identification:_identify(robile_gazebo) by extensions ['ignore', 'ignore_ament_install']
[0.619s] Level 1:colcon.colcon_core.package_identification:_identify(robile_gazebo) by extension 'ignore'
[0.619s] Level 1:colcon.colcon_core.package_identification:_identify(robile_gazebo) by extension 'ignore_ament_install'
[0.619s] Level 1:colcon.colcon_core.package_identification:_identify(robile_gazebo) by extensions ['colcon_pkg']
[0.619s] Level 1:colcon.colcon_core.package_identification:_identify(robile_gazebo) by extension 'colcon_pkg'
[0.619s] Level 1:colcon.colcon_core.package_identification:_identify(robile_gazebo) by extensions ['colcon_meta']
[0.619s] Level 1:colcon.colcon_core.package_identification:_identify(robile_gazebo) by extension 'colcon_meta'
[0.619s] Level 1:colcon.colcon_core.package_identification:_identify(robile_gazebo) by extensions ['ros']
[0.619s] Level 1:colcon.colcon_core.package_identification:_identify(robile_gazebo) by extension 'ros'
[0.619s] Level 1:colcon.colcon_core.package_identification:_identify(robile_gazebo) by extensions ['cmake', 'python']
[0.619s] Level 1:colcon.colcon_core.package_identification:_identify(robile_gazebo) by extension 'cmake'
[0.619s] Level 1:colcon.colcon_core.package_identification:_identify(robile_gazebo) by extension 'python'
[0.619s] Level 1:colcon.colcon_core.package_identification:_identify(robile_gazebo) by extensions ['python_setup_py']
[0.619s] Level 1:colcon.colcon_core.package_identification:_identify(robile_gazebo) by extension 'python_setup_py'
[0.619s] Level 1:colcon.colcon_core.package_identification:_identify(robile_interfaces) by extensions ['ignore', 'ignore_ament_install']
[0.620s] Level 1:colcon.colcon_core.package_identification:_identify(robile_interfaces) by extension 'ignore'
[0.620s] Level 1:colcon.colcon_core.package_identification:_identify(robile_interfaces) by extension 'ignore_ament_install'
[0.620s] Level 1:colcon.colcon_core.package_identification:_identify(robile_interfaces) by extensions ['colcon_pkg']
[0.620s] Level 1:colcon.colcon_core.package_identification:_identify(robile_interfaces) by extension 'colcon_pkg'
[0.620s] Level 1:colcon.colcon_core.package_identification:_identify(robile_interfaces) by extensions ['colcon_meta']
[0.620s] Level 1:colcon.colcon_core.package_identification:_identify(robile_interfaces) by extension 'colcon_meta'
[0.620s] Level 1:colcon.colcon_core.package_identification:_identify(robile_interfaces) by extensions ['ros']
[0.620s] Level 1:colcon.colcon_core.package_identification:_identify(robile_interfaces) by extension 'ros'
[0.620s] Level 1:colcon.colcon_core.package_identification:_identify(robile_interfaces) by extensions ['cmake', 'python']
[0.620s] Level 1:colcon.colcon_core.package_identification:_identify(robile_interfaces) by extension 'cmake'
[0.620s] Level 1:colcon.colcon_core.package_identification:_identify(robile_interfaces) by extension 'python'
[0.620s] Level 1:colcon.colcon_core.package_identification:_identify(robile_interfaces) by extensions ['python_setup_py']
[0.620s] Level 1:colcon.colcon_core.package_identification:_identify(robile_interfaces) by extension 'python_setup_py'
[0.620s] Level 1:colcon.colcon_core.package_identification:_identify(robile_navigation) by extensions ['ignore', 'ignore_ament_install']
[0.620s] Level 1:colcon.colcon_core.package_identification:_identify(robile_navigation) by extension 'ignore'
[0.620s] Level 1:colcon.colcon_core.package_identification:_identify(robile_navigation) by extension 'ignore_ament_install'
[0.621s] Level 1:colcon.colcon_core.package_identification:_identify(robile_navigation) by extensions ['colcon_pkg']
[0.621s] Level 1:colcon.colcon_core.package_identification:_identify(robile_navigation) by extension 'colcon_pkg'
[0.621s] Level 1:colcon.colcon_core.package_identification:_identify(robile_navigation) by extensions ['colcon_meta']
[0.621s] Level 1:colcon.colcon_core.package_identification:_identify(robile_navigation) by extension 'colcon_meta'
[0.621s] Level 1:colcon.colcon_core.package_identification:_identify(robile_navigation) by extensions ['ros']
[0.621s] Level 1:colcon.colcon_core.package_identification:_identify(robile_navigation) by extension 'ros'
[0.621s] Level 1:colcon.colcon_core.package_identification:_identify(robile_navigation) by extensions ['cmake', 'python']
[0.621s] Level 1:colcon.colcon_core.package_identification:_identify(robile_navigation) by extension 'cmake'
[0.621s] Level 1:colcon.colcon_core.package_identification:_identify(robile_navigation) by extension 'python'
[0.621s] Level 1:colcon.colcon_core.package_identification:_identify(robile_navigation) by extensions ['python_setup_py']
[0.621s] Level 1:colcon.colcon_core.package_identification:_identify(robile_navigation) by extension 'python_setup_py'
[0.621s] Level 1:colcon.colcon_core.package_identification:_identify(stage_ros2) by extensions ['ignore', 'ignore_ament_install']
[0.621s] Level 1:colcon.colcon_core.package_identification:_identify(stage_ros2) by extension 'ignore'
[0.621s] Level 1:colcon.colcon_core.package_identification:_identify(stage_ros2) by extension 'ignore_ament_install'
[0.621s] Level 1:colcon.colcon_core.package_identification:_identify(stage_ros2) by extensions ['colcon_pkg']
[0.621s] Level 1:colcon.colcon_core.package_identification:_identify(stage_ros2) by extension 'colcon_pkg'
[0.621s] Level 1:colcon.colcon_core.package_identification:_identify(stage_ros2) by extensions ['colcon_meta']
[0.621s] Level 1:colcon.colcon_core.package_identification:_identify(stage_ros2) by extension 'colcon_meta'
[0.622s] Level 1:colcon.colcon_core.package_identification:_identify(stage_ros2) by extensions ['ros']
[0.622s] Level 1:colcon.colcon_core.package_identification:_identify(stage_ros2) by extension 'ros'
[0.623s] DEBUG:colcon.colcon_core.package_identification:Package 'stage_ros2' with type 'ros.ament_cmake' and name 'stage_ros2'
[0.623s] Level 1:colcon.colcon_core.package_discovery:discover_packages(recursive) using defaults
[0.623s] Level 1:colcon.colcon_core.package_discovery:discover_packages(ignore) discover
[0.623s] Level 1:colcon.colcon_core.package_discovery:discover_packages(ignore) using defaults
[0.623s] Level 1:colcon.colcon_core.package_discovery:discover_packages(path) discover
[0.623s] Level 1:colcon.colcon_core.package_discovery:discover_packages(path) using defaults
[0.655s] Level 1:colcon.colcon_core.package_discovery:discover_packages(prefix_path) check parameters
[0.655s] Level 1:colcon.colcon_core.package_discovery:discover_packages(prefix_path) discover
[0.660s] DEBUG:colcon.colcon_installed_package_information.package_discovery:Found 392 installed packages in /opt/ros/humble
[0.682s] Level 1:colcon.colcon_core.package_discovery:discover_packages(prefix_path) using defaults
[0.763s] Level 5:colcon.colcon_core.verb:set package 'collective_robotics' build argument 'cmake_args' from command line to 'None'
[0.764s] Level 5:colcon.colcon_core.verb:set package 'collective_robotics' build argument 'cmake_target' from command line to 'None'
[0.764s] Level 5:colcon.colcon_core.verb:set package 'collective_robotics' build argument 'cmake_target_skip_unavailable' from command line to 'False'
[0.764s] Level 5:colcon.colcon_core.verb:set package 'collective_robotics' build argument 'cmake_clean_cache' from command line to 'False'
[0.764s] Level 5:colcon.colcon_core.verb:set package 'collective_robotics' build argument 'cmake_clean_first' from command line to 'False'
[0.764s] Level 5:colcon.colcon_core.verb:set package 'collective_robotics' build argument 'cmake_force_configure' from command line to 'False'
[0.764s] Level 5:colcon.colcon_core.verb:set package 'collective_robotics' build argument 'ament_cmake_args' from command line to 'None'
[0.764s] Level 5:colcon.colcon_core.verb:set package 'collective_robotics' build argument 'catkin_cmake_args' from command line to 'None'
[0.764s] Level 5:colcon.colcon_core.verb:set package 'collective_robotics' build argument 'catkin_skip_building_tests' from command line to 'False'
[0.764s] DEBUG:colcon.colcon_core.verb:Building package 'collective_robotics' with the following arguments: {'ament_cmake_args': None, 'build_base': '/home/ayushi/Collective_Robotics/A2/ros_work/src/build/collective_robotics', 'catkin_cmake_args': None, 'catkin_skip_building_tests': False, 'cmake_args': None, 'cmake_clean_cache': False, 'cmake_clean_first': False, 'cmake_force_configure': False, 'cmake_target': None, 'cmake_target_skip_unavailable': False, 'install_base': '/home/ayushi/Collective_Robotics/A2/ros_work/src/install/collective_robotics', 'merge_install': False, 'path': '/home/ayushi/Collective_Robotics/A2/ros_work/src/collective_robotics', 'symlink_install': True, 'test_result_base': None}
[0.765s] Level 5:colcon.colcon_core.verb:set package 'stage_ros2' build argument 'cmake_args' from command line to 'None'
[0.765s] Level 5:colcon.colcon_core.verb:set package 'stage_ros2' build argument 'cmake_target' from command line to 'None'
[0.765s] Level 5:colcon.colcon_core.verb:set package 'stage_ros2' build argument 'cmake_target_skip_unavailable' from command line to 'False'
[0.765s] Level 5:colcon.colcon_core.verb:set package 'stage_ros2' build argument 'cmake_clean_cache' from command line to 'False'
[0.766s] Level 5:colcon.colcon_core.verb:set package 'stage_ros2' build argument 'cmake_clean_first' from command line to 'False'
[0.766s] Level 5:colcon.colcon_core.verb:set package 'stage_ros2' build argument 'cmake_force_configure' from command line to 'False'
[0.766s] Level 5:colcon.colcon_core.verb:set package 'stage_ros2' build argument 'ament_cmake_args' from command line to 'None'
[0.766s] Level 5:colcon.colcon_core.verb:set package 'stage_ros2' build argument 'catkin_cmake_args' from command line to 'None'
[0.766s] Level 5:colcon.colcon_core.verb:set package 'stage_ros2' build argument 'catkin_skip_building_tests' from command line to 'False'
[0.766s] DEBUG:colcon.colcon_core.verb:Building package 'stage_ros2' with the following arguments: {'ament_cmake_args': None, 'build_base': '/home/ayushi/Collective_Robotics/A2/ros_work/src/build/stage_ros2', 'catkin_cmake_args': None, 'catkin_skip_building_tests': False, 'cmake_args': None, 'cmake_clean_cache': False, 'cmake_clean_first': False, 'cmake_force_configure': False, 'cmake_target': None, 'cmake_target_skip_unavailable': False, 'install_base': '/home/ayushi/Collective_Robotics/A2/ros_work/src/install/stage_ros2', 'merge_install': False, 'path': '/home/ayushi/Collective_Robotics/A2/ros_work/src/stage_ros2', 'symlink_install': True, 'test_result_base': None}
[0.767s] INFO:colcon.colcon_core.executor:Executing jobs using 'parallel' executor
[0.770s] DEBUG:colcon.colcon_parallel_executor.executor.parallel:run_until_complete
[0.770s] INFO:colcon.colcon_ros.task.ament_python.build:Building ROS package in '/home/ayushi/Collective_Robotics/A2/ros_work/src/collective_robotics' with build type 'ament_python'
[0.770s] Level 1:colcon.colcon_core.shell:create_environment_hook('collective_robotics', 'ament_prefix_path')
[0.773s] INFO:colcon.colcon_core.plugin_system:Skipping extension 'colcon_core.shell.bat': Not used on non-Windows systems
[0.773s] INFO:colcon.colcon_core.shell:Creating environment hook '/home/ayushi/Collective_Robotics/A2/ros_work/src/install/collective_robotics/share/collective_robotics/hook/ament_prefix_path.ps1'
[0.774s] INFO:colcon.colcon_core.shell:Creating environment descriptor '/home/ayushi/Collective_Robotics/A2/ros_work/src/install/collective_robotics/share/collective_robotics/hook/ament_prefix_path.dsv'
[0.775s] INFO:colcon.colcon_core.shell:Creating environment hook '/home/ayushi/Collective_Robotics/A2/ros_work/src/install/collective_robotics/share/collective_robotics/hook/ament_prefix_path.sh'
[0.778s] INFO:colcon.colcon_core.shell:Skip shell extension 'powershell' for command environment: Not usable outside of PowerShell
[0.778s] DEBUG:colcon.colcon_core.shell:Skip shell extension 'dsv' for command environment
[0.788s] INFO:colcon.colcon_ros.task.ament_cmake.build:Building ROS package in '/home/ayushi/Collective_Robotics/A2/ros_work/src/stage_ros2' with build type 'ament_cmake'
[0.790s] INFO:colcon.colcon_cmake.task.cmake.build:Building CMake package in '/home/ayushi/Collective_Robotics/A2/ros_work/src/stage_ros2'
[0.791s] INFO:colcon.colcon_core.shell:Skip shell extension 'powershell' for command environment: Not usable outside of PowerShell
[0.791s] DEBUG:colcon.colcon_core.shell:Skip shell extension 'dsv' for command environment
[1.421s] INFO:colcon.colcon_core.task.python.build:Building Python package in '/home/ayushi/Collective_Robotics/A2/ros_work/src/collective_robotics'
[1.421s] INFO:colcon.colcon_core.shell:Skip shell extension 'powershell' for command environment: Not usable outside of PowerShell
[1.421s] DEBUG:colcon.colcon_core.shell:Skip shell extension 'dsv' for command environment
[1.475s] DEBUG:colcon.colcon_core.event_handler.log_command:Invoking command in '/home/ayushi/Collective_Robotics/A2/ros_work/src/build/stage_ros2': CMAKE_PREFIX_PATH=/opt/ros/humble /usr/bin/cmake /home/ayushi/Collective_Robotics/A2/ros_work/src/stage_ros2 -DAMENT_CMAKE_SYMLINK_INSTALL=1 -DCMAKE_INSTALL_PREFIX=/home/ayushi/Collective_Robotics/A2/ros_work/src/install/stage_ros2
[1.895s] DEBUG:colcon.colcon_core.event_handler.log_command:Invoked command in '/home/ayushi/Collective_Robotics/A2/ros_work/src/build/stage_ros2' returned '1': CMAKE_PREFIX_PATH=/opt/ros/humble /usr/bin/cmake /home/ayushi/Collective_Robotics/A2/ros_work/src/stage_ros2 -DAMENT_CMAKE_SYMLINK_INSTALL=1 -DCMAKE_INSTALL_PREFIX=/home/ayushi/Collective_Robotics/A2/ros_work/src/install/stage_ros2
[1.896s] Level 1:colcon.colcon_core.environment:create_environment_scripts_only(stage_ros2)
[1.900s] Level 1:colcon.colcon_core.environment:checking '/home/ayushi/Collective_Robotics/A2/ros_work/src/install/stage_ros2' for CMake module files
[1.901s] Level 1:colcon.colcon_core.environment:checking '/home/ayushi/Collective_Robotics/A2/ros_work/src/install/stage_ros2' for CMake config files
[1.902s] Level 1:colcon.colcon_core.environment:checking '/home/ayushi/Collective_Robotics/A2/ros_work/src/install/stage_ros2/bin'
[1.902s] Level 1:colcon.colcon_core.environment:checking '/home/ayushi/Collective_Robotics/A2/ros_work/src/install/stage_ros2/lib/pkgconfig/stage_ros2.pc'
[1.903s] Level 1:colcon.colcon_core.environment:checking '/home/ayushi/Collective_Robotics/A2/ros_work/src/install/stage_ros2/lib/python3.10/site-packages'
[1.903s] Level 1:colcon.colcon_core.environment:checking '/home/ayushi/Collective_Robotics/A2/ros_work/src/install/stage_ros2/bin'
[1.904s] INFO:colcon.colcon_core.shell:Creating package script '/home/ayushi/Collective_Robotics/A2/ros_work/src/install/stage_ros2/share/stage_ros2/package.ps1'
[1.905s] INFO:colcon.colcon_core.shell:Creating package descriptor '/home/ayushi/Collective_Robotics/A2/ros_work/src/install/stage_ros2/share/stage_ros2/package.dsv'
[1.905s] INFO:colcon.colcon_core.shell:Creating package script '/home/ayushi/Collective_Robotics/A2/ros_work/src/install/stage_ros2/share/stage_ros2/package.sh'
[1.907s] INFO:colcon.colcon_core.shell:Creating package script '/home/ayushi/Collective_Robotics/A2/ros_work/src/install/stage_ros2/share/stage_ros2/package.bash'
[1.909s] INFO:colcon.colcon_core.shell:Creating package script '/home/ayushi/Collective_Robotics/A2/ros_work/src/install/stage_ros2/share/stage_ros2/package.zsh'
[1.911s] Level 1:colcon.colcon_core.environment:create_file_with_runtime_dependencies(/home/ayushi/Collective_Robotics/A2/ros_work/src/install/stage_ros2/share/colcon-core/packages/stage_ros2)
[2.701s] DEBUG:colcon.colcon_parallel_executor.executor.parallel:closing loop
[2.702s] DEBUG:colcon.colcon_parallel_executor.executor.parallel:loop closed
[2.702s] DEBUG:colcon.colcon_parallel_executor.executor.parallel:run_until_complete finished with '1'
[2.702s] DEBUG:colcon.colcon_core.event_reactor:joining thread
[2.710s] INFO:colcon.colcon_core.plugin_system:Skipping extension 'colcon_notification.desktop_notification.terminal_notifier': Not used on non-Darwin systems
[2.710s] INFO:colcon.colcon_core.plugin_system:Skipping extension 'colcon_notification.desktop_notification.win32': Not used on non-Windows systems
[2.710s] INFO:colcon.colcon_notification.desktop_notification:Sending desktop notification using 'notify2'
[2.745s] DEBUG:colcon.colcon_core.event_reactor:joined thread
[2.746s] INFO:colcon.colcon_core.shell:Creating prefix script '/home/ayushi/Collective_Robotics/A2/ros_work/src/install/local_setup.ps1'
[2.747s] INFO:colcon.colcon_core.shell:Creating prefix util module '/home/ayushi/Collective_Robotics/A2/ros_work/src/install/_local_setup_util_ps1.py'
[2.755s] INFO:colcon.colcon_core.shell:Creating prefix chain script '/home/ayushi/Collective_Robotics/A2/ros_work/src/install/setup.ps1'
[2.758s] INFO:colcon.colcon_core.shell:Creating prefix script '/home/ayushi/Collective_Robotics/A2/ros_work/src/install/local_setup.sh'
[2.759s] INFO:colcon.colcon_core.shell:Creating prefix util module '/home/ayushi/Collective_Robotics/A2/ros_work/src/install/_local_setup_util_sh.py'
[2.763s] INFO:colcon.colcon_core.shell:Creating prefix chain script '/home/ayushi/Collective_Robotics/A2/ros_work/src/install/setup.sh'
[2.768s] INFO:colcon.colcon_core.shell:Creating prefix script '/home/ayushi/Collective_Robotics/A2/ros_work/src/install/local_setup.bash'
[2.769s] INFO:colcon.colcon_core.shell:Creating prefix chain script '/home/ayushi/Collective_Robotics/A2/ros_work/src/install/setup.bash'
[2.771s] INFO:colcon.colcon_core.shell:Creating prefix script '/home/ayushi/Collective_Robotics/A2/ros_work/src/install/local_setup.zsh'
[2.772s] INFO:colcon.colcon_core.shell:Creating prefix chain script '/home/ayushi/Collective_Robotics/A2/ros_work/src/install/setup.zsh'
