[0.528s] Invoking command in '/home/ayushi/Collective_Robotics/A2/ros_work/src/build/stage_ros2': CMAKE_PREFIX_PATH=/opt/ros/humble /usr/bin/cmake /home/ayushi/Collective_Robotics/A2/ros_work/src/stage_ros2 -DAMENT_CMAKE_SYMLINK_INSTALL=1 -DCMAKE_INSTALL_PREFIX=/home/ayushi/Collective_Robotics/A2/ros_work/src/install/stage_ros2
[0.547s] -- Found ament_cmake: 1.3.11 (/opt/ros/humble/share/ament_cmake/cmake)
[0.776s] -- Override CMake install command with custom implementation using symlinks instead of copying resources
[0.785s] -- Found rclcpp: 16.0.11 (/opt/ros/humble/share/rclcpp/cmake)
[0.843s] -- Found rosidl_generator_c: 3.1.6 (/opt/ros/humble/share/rosidl_generator_c/cmake)
[0.848s] -- Found rosidl_adapter: 3.1.6 (/opt/ros/humble/share/rosidl_adapter/cmake)
[0.857s] -- Found rosidl_generator_cpp: 3.1.6 (/opt/ros/humble/share/rosidl_generator_cpp/cmake)
[0.876s] -- Using all available rosidl_typesupport_c: rosidl_typesupport_fastrtps_c;rosidl_typesupport_introspection_c
[0.910s] -- Using all available rosidl_typesupport_cpp: rosidl_typesupport_fastrtps_cpp;rosidl_typesupport_introspection_cpp
[0.976s] -- Found rmw_implementation_cmake: 6.1.2 (/opt/ros/humble/share/rmw_implementation_cmake/cmake)
[0.978s] -- Found rmw_fastrtps_cpp: 6.2.7 (/opt/ros/humble/share/rmw_fastrtps_cpp/cmake)
[1.143s] -- Using RMW implementation 'rmw_fastrtps_cpp' as default
[1.232s] -- Found rclcpp_components: 16.0.11 (/opt/ros/humble/share/rclcpp_components/cmake)
[1.262s] -- Found sensor_msgs: 4.2.4 (/opt/ros/humble/share/sensor_msgs/cmake)
[1.324s] -- Found nav_msgs: 4.2.4 (/opt/ros/humble/share/nav_msgs/cmake)
[1.369s] [31mCMake Error at CMakeLists.txt:21 (find_package):
[1.369s]   By not providing "Findstage.cmake" in CMAKE_MODULE_PATH this project has
[1.369s]   asked CMake to find a package configuration file provided by "stage", but
[1.370s]   CMake did not find one.
[1.370s] 
[1.370s]   Could not find a package configuration file provided by "stage" with any of
[1.370s]   the following names:
[1.370s] 
[1.370s]     stageConfig.cmake
[1.370s]     stage-config.cmake
[1.370s] 
[1.371s]   Add the installation prefix of "stage" to CMAKE_PREFIX_PATH or set
[1.371s]   "stage_DIR" to a directory containing one of the above files.  If "stage"
[1.371s]   provides a separate development package or SDK, be sure it has been
[1.371s]   installed.
[1.371s] 
[1.371s] [0m
[1.371s] -- Configuring incomplete, errors occurred!
[1.371s] See also "/home/ayushi/Collective_Robotics/A2/ros_work/src/build/stage_ros2/CMakeFiles/CMakeOutput.log".
[1.379s] Invoked command in '/home/ayushi/Collective_Robotics/A2/ros_work/src/build/stage_ros2' returned '1': CMAKE_PREFIX_PATH=/opt/ros/humble /usr/bin/cmake /home/ayushi/Collective_Robotics/A2/ros_work/src/stage_ros2 -DAMENT_CMAKE_SYMLINK_INSTALL=1 -DCMAKE_INSTALL_PREFIX=/home/ayushi/Collective_Robotics/A2/ros_work/src/install/stage_ros2
