[0.091s] Invoking command in '/home/student/MAS/MAS_Program2024/MAS-Program/Collective_Robotics/ros_work/build/robile_gazebo': AMENT_PREFIX_PATH=/home/student/MAS/MAS_Program2024/MAS-Program/Collective_Robotics/ros_work/install/robile_description:${AMENT_PREFIX_PATH} CMAKE_PREFIX_PATH=/home/student/MAS/MAS_Program2024/MAS-Program/Collective_Robotics/ros_work/install/robile_description:/opt/ros/humble /usr/local/bin/cmake /home/student/MAS/MAS_Program2024/MAS-Program/Collective_Robotics/ros_work/src/robile_gazebo -DAMENT_CMAKE_SYMLINK_INSTALL=1 -DCMAKE_INSTALL_PREFIX=/home/student/MAS/MAS_Program2024/MAS-Program/Collective_Robotics/ros_work/install/robile_gazebo
[0.335s] -- The C compiler identification is GNU 11.4.0
[0.660s] -- The CXX compiler identification is GNU 11.4.0
[0.799s] -- Detecting C compiler ABI info
[1.231s] -- Detecting C compiler ABI info - done
[1.346s] -- Check for working C compiler: /usr/bin/cc - skipped
[1.348s] -- Detecting C compile features
[1.349s] -- Detecting C compile features - done
[1.359s] -- Detecting CXX compiler ABI info
[1.758s] -- Detecting CXX compiler ABI info - done
[1.847s] -- Check for working CXX compiler: /usr/bin/c++ - skipped
[1.848s] -- Detecting CXX compile features
[1.850s] -- Detecting CXX compile features - done
[1.856s] -- Found ament_cmake: 1.3.11 (/opt/ros/humble/share/ament_cmake/cmake)
[2.814s] -- Found Python3: /usr/bin/python3 (found version "3.10.12") found components: Interpreter
[3.223s] -- Override CMake install command with custom implementation using symlinks instead of copying resources
[3.409s] -- Found rclcpp: 16.0.12 (/opt/ros/humble/share/rclcpp/cmake)
[3.726s] -- Found rosidl_generator_c: 3.1.6 (/opt/ros/humble/share/rosidl_generator_c/cmake)
[3.753s] -- Found rosidl_adapter: 3.1.6 (/opt/ros/humble/share/rosidl_adapter/cmake)
[3.830s] -- Found rosidl_generator_cpp: 3.1.6 (/opt/ros/humble/share/rosidl_generator_cpp/cmake)
[3.913s] -- Using all available rosidl_typesupport_c: rosidl_typesupport_fastrtps_c;rosidl_typesupport_introspection_c
[4.034s] -- Using all available rosidl_typesupport_cpp: rosidl_typesupport_fastrtps_cpp;rosidl_typesupport_introspection_cpp
[4.350s] -- Found rmw_implementation_cmake: 6.1.2 (/opt/ros/humble/share/rmw_implementation_cmake/cmake)
[4.373s] -- Found rmw_fastrtps_cpp: 6.2.7 (/opt/ros/humble/share/rmw_fastrtps_cpp/cmake)
[5.008s] -- Found OpenSSL: /usr/lib/x86_64-linux-gnu/libcrypto.so (found version "3.0.2")
[5.137s] -- Found FastRTPS: /opt/ros/humble/include
[5.356s] -- Using RMW implementation 'rmw_fastrtps_cpp' as default
[5.413s] -- Performing Test CMAKE_HAVE_LIBC_PTHREAD
[5.587s] -- Performing Test CMAKE_HAVE_LIBC_PTHREAD - Success
[5.589s] -- Found Threads: TRUE
[5.997s] [31mCMake Error at CMakeLists.txt:16 (find_package):
[5.997s]   By not providing "Findgazebo.cmake" in CMAKE_MODULE_PATH this project has
[5.998s]   asked CMake to find a package configuration file provided by "gazebo", but
[5.998s]   CMake did not find one.
[5.998s] 
[5.998s]   Could not find a package configuration file provided by "gazebo" with any
[5.998s]   of the following names:
[5.998s] 
[5.998s]     gazeboConfig.cmake
[5.998s]     gazebo-config.cmake
[5.999s] 
[5.999s]   Add the installation prefix of "gazebo" to CMAKE_PREFIX_PATH or set
[5.999s]   "gazebo_DIR" to a directory containing one of the above files.  If "gazebo"
[5.999s]   provides a separate development package or SDK, be sure it has been
[5.999s]   installed.
[5.999s] 
[5.999s] [0m
[6.000s] -- Configuring incomplete, errors occurred!
[6.062s] Invoked command in '/home/student/MAS/MAS_Program2024/MAS-Program/Collective_Robotics/ros_work/build/robile_gazebo' returned '1': AMENT_PREFIX_PATH=/home/student/MAS/MAS_Program2024/MAS-Program/Collective_Robotics/ros_work/install/robile_description:${AMENT_PREFIX_PATH} CMAKE_PREFIX_PATH=/home/student/MAS/MAS_Program2024/MAS-Program/Collective_Robotics/ros_work/install/robile_description:/opt/ros/humble /usr/local/bin/cmake /home/student/MAS/MAS_Program2024/MAS-Program/Collective_Robotics/ros_work/src/robile_gazebo -DAMENT_CMAKE_SYMLINK_INSTALL=1 -DCMAKE_INSTALL_PREFIX=/home/student/MAS/MAS_Program2024/MAS-Program/Collective_Robotics/ros_work/install/robile_gazebo
