[2.886s] Invoking command in '/home/ayushi/Collective_Robotics/A2/ros_work/src/collective_robotics': PYTHONPATH=/home/ayushi/Collective_Robotics/A2/ros_work/build/collective_robotics/prefix_override:/usr/lib/python3/dist-packages/colcon_core/task/python/colcon_distutils_commands:/home/ayushi/Collective_Robotics/A2/ros_work/install/collective_robotics/lib/python3.10/site-packages:${PYTHONPATH} /usr/bin/python3 -W ignore:setup.py install is deprecated -W ignore:easy_install command is deprecated setup.py egg_info --egg-base ../../build/collective_robotics build --build-base /home/ayushi/Collective_Robotics/A2/ros_work/build/collective_robotics/build install --record /home/ayushi/Collective_Robotics/A2/ros_work/build/collective_robotics/install.log --single-version-externally-managed install_data
[3.817s] running egg_info
[3.873s] writing ../../build/collective_robotics/collective_robotics.egg-info/PKG-INFO
[3.874s] writing dependency_links to ../../build/collective_robotics/collective_robotics.egg-info/dependency_links.txt
[3.874s] writing entry points to ../../build/collective_robotics/collective_robotics.egg-info/entry_points.txt
[3.874s] writing requirements to ../../build/collective_robotics/collective_robotics.egg-info/requires.txt
[3.874s] writing top-level names to ../../build/collective_robotics/collective_robotics.egg-info/top_level.txt
[3.997s] reading manifest file '../../build/collective_robotics/collective_robotics.egg-info/SOURCES.txt'
[3.998s] adding license file 'LICENSE'
[4.000s] writing manifest file '../../build/collective_robotics/collective_robotics.egg-info/SOURCES.txt'
[4.000s] running build
[4.000s] running build_py
[4.002s] running install
[4.017s] running install_lib
[4.055s] running install_data
[4.055s] running install_egg_info
[4.095s] removing '/home/ayushi/Collective_Robotics/A2/ros_work/install/collective_robotics/lib/python3.10/site-packages/collective_robotics-0.0.0-py3.10.egg-info' (and everything under it)
[4.095s] Copying ../../build/collective_robotics/collective_robotics.egg-info to /home/ayushi/Collective_Robotics/A2/ros_work/install/collective_robotics/lib/python3.10/site-packages/collective_robotics-0.0.0-py3.10.egg-info
[4.097s] running install_scripts
[4.237s] Installing cleaning_bot script to /home/ayushi/Collective_Robotics/A2/ros_work/install/collective_robotics/lib/collective_robotics
[4.237s] Installing go_to_goal script to /home/ayushi/Collective_Robotics/A2/ros_work/install/collective_robotics/lib/collective_robotics
[4.238s] Installing multi_bot_task1_stop script to /home/ayushi/Collective_Robotics/A2/ros_work/install/collective_robotics/lib/collective_robotics
[4.238s] Installing multi_bot_task2_wait script to /home/ayushi/Collective_Robotics/A2/ros_work/install/collective_robotics/lib/collective_robotics
[4.238s] Installing multi_bot_task3_aggregate script to /home/ayushi/Collective_Robotics/A2/ros_work/install/collective_robotics/lib/collective_robotics
[4.238s] Installing navigation script to /home/ayushi/Collective_Robotics/A2/ros_work/install/collective_robotics/lib/collective_robotics
[4.239s] Installing obstacle_avoid script to /home/ayushi/Collective_Robotics/A2/ros_work/install/collective_robotics/lib/collective_robotics
[4.239s] Installing vacum_bot script to /home/ayushi/Collective_Robotics/A2/ros_work/install/collective_robotics/lib/collective_robotics
[4.239s] Installing wall_follower script to /home/ayushi/Collective_Robotics/A2/ros_work/install/collective_robotics/lib/collective_robotics
[4.240s] writing list of installed files to '/home/ayushi/Collective_Robotics/A2/ros_work/build/collective_robotics/install.log'
[4.326s] Invoked command in '/home/ayushi/Collective_Robotics/A2/ros_work/src/collective_robotics' returned '0': PYTHONPATH=/home/ayushi/Collective_Robotics/A2/ros_work/build/collective_robotics/prefix_override:/usr/lib/python3/dist-packages/colcon_core/task/python/colcon_distutils_commands:/home/ayushi/Collective_Robotics/A2/ros_work/install/collective_robotics/lib/python3.10/site-packages:${PYTHONPATH} /usr/bin/python3 -W ignore:setup.py install is deprecated -W ignore:easy_install command is deprecated setup.py egg_info --egg-base ../../build/collective_robotics build --build-base /home/ayushi/Collective_Robotics/A2/ros_work/build/collective_robotics/build install --record /home/ayushi/Collective_Robotics/A2/ros_work/build/collective_robotics/install.log --single-version-externally-managed install_data
