running develop
Removing /home/ayushi/Collective_Robotics/A2/ros_work/install/collective_robotics/lib/python3.10/site-packages/collective-robotics.egg-link (link to .)
running egg_info
writing ../../build/collective_robotics/collective_robotics.egg-info/PKG-INFO
writing dependency_links to ../../build/collective_robotics/collective_robotics.egg-info/dependency_links.txt
writing entry points to ../../build/collective_robotics/collective_robotics.egg-info/entry_points.txt
writing requirements to ../../build/collective_robotics/collective_robotics.egg-info/requires.txt
writing top-level names to ../../build/collective_robotics/collective_robotics.egg-info/top_level.txt
reading manifest file '../../build/collective_robotics/collective_robotics.egg-info/SOURCES.txt'
adding license file 'LICENSE'
writing manifest file '../../build/collective_robotics/collective_robotics.egg-info/SOURCES.txt'
running build
running build_py
creating /home/ayushi/Collective_Robotics/A2/ros_work/build/collective_robotics/build
creating /home/ayushi/Collective_Robotics/A2/ros_work/build/collective_robotics/build/lib
creating /home/ayushi/Collective_Robotics/A2/ros_work/build/collective_robotics/build/lib/collective_robotics
copying collective_robotics/move_to_goal.py -> /home/ayushi/Collective_Robotics/A2/ros_work/build/collective_robotics/build/lib/collective_robotics
copying collective_robotics/multi_robot_t2_wait.py -> /home/ayushi/Collective_Robotics/A2/ros_work/build/collective_robotics/build/lib/collective_robotics
copying collective_robotics/multi_robot_t1.py -> /home/ayushi/Collective_Robotics/A2/ros_work/build/collective_robotics/build/lib/collective_robotics
copying collective_robotics/task1.py -> /home/ayushi/Collective_Robotics/A2/ros_work/build/collective_robotics/build/lib/collective_robotics
copying collective_robotics/obstacle_avoidance.py -> /home/ayushi/Collective_Robotics/A2/ros_work/build/collective_robotics/build/lib/collective_robotics
copying collective_robotics/vaccum_robot.py -> /home/ayushi/Collective_Robotics/A2/ros_work/build/collective_robotics/build/lib/collective_robotics
copying collective_robotics/vacc.py -> /home/ayushi/Collective_Robotics/A2/ros_work/build/collective_robotics/build/lib/collective_robotics
copying collective_robotics/__init__.py -> /home/ayushi/Collective_Robotics/A2/ros_work/build/collective_robotics/build/lib/collective_robotics
copying collective_robotics/wall_follower.py -> /home/ayushi/Collective_Robotics/A2/ros_work/build/collective_robotics/build/lib/collective_robotics
copying collective_robotics/task1_copy.py -> /home/ayushi/Collective_Robotics/A2/ros_work/build/collective_robotics/build/lib/collective_robotics
copying collective_robotics/multi_robot_t3_aggregate.py -> /home/ayushi/Collective_Robotics/A2/ros_work/build/collective_robotics/build/lib/collective_robotics
running install
running install_lib
creating /home/ayushi/Collective_Robotics/A2/ros_work/install/collective_robotics/lib/python3.10/site-packages/collective_robotics
copying /home/ayushi/Collective_Robotics/A2/ros_work/build/collective_robotics/build/lib/collective_robotics/move_to_goal.py -> /home/ayushi/Collective_Robotics/A2/ros_work/install/collective_robotics/lib/python3.10/site-packages/collective_robotics
copying /home/ayushi/Collective_Robotics/A2/ros_work/build/collective_robotics/build/lib/collective_robotics/multi_robot_t2_wait.py -> /home/ayushi/Collective_Robotics/A2/ros_work/install/collective_robotics/lib/python3.10/site-packages/collective_robotics
copying /home/ayushi/Collective_Robotics/A2/ros_work/build/collective_robotics/build/lib/collective_robotics/multi_robot_t1.py -> /home/ayushi/Collective_Robotics/A2/ros_work/install/collective_robotics/lib/python3.10/site-packages/collective_robotics
copying /home/ayushi/Collective_Robotics/A2/ros_work/build/collective_robotics/build/lib/collective_robotics/task1.py -> /home/ayushi/Collective_Robotics/A2/ros_work/install/collective_robotics/lib/python3.10/site-packages/collective_robotics
copying /home/ayushi/Collective_Robotics/A2/ros_work/build/collective_robotics/build/lib/collective_robotics/obstacle_avoidance.py -> /home/ayushi/Collective_Robotics/A2/ros_work/install/collective_robotics/lib/python3.10/site-packages/collective_robotics
copying /home/ayushi/Collective_Robotics/A2/ros_work/build/collective_robotics/build/lib/collective_robotics/vaccum_robot.py -> /home/ayushi/Collective_Robotics/A2/ros_work/install/collective_robotics/lib/python3.10/site-packages/collective_robotics
copying /home/ayushi/Collective_Robotics/A2/ros_work/build/collective_robotics/build/lib/collective_robotics/vacc.py -> /home/ayushi/Collective_Robotics/A2/ros_work/install/collective_robotics/lib/python3.10/site-packages/collective_robotics
copying /home/ayushi/Collective_Robotics/A2/ros_work/build/collective_robotics/build/lib/collective_robotics/__init__.py -> /home/ayushi/Collective_Robotics/A2/ros_work/install/collective_robotics/lib/python3.10/site-packages/collective_robotics
copying /home/ayushi/Collective_Robotics/A2/ros_work/build/collective_robotics/build/lib/collective_robotics/wall_follower.py -> /home/ayushi/Collective_Robotics/A2/ros_work/install/collective_robotics/lib/python3.10/site-packages/collective_robotics
copying /home/ayushi/Collective_Robotics/A2/ros_work/build/collective_robotics/build/lib/collective_robotics/task1_copy.py -> /home/ayushi/Collective_Robotics/A2/ros_work/install/collective_robotics/lib/python3.10/site-packages/collective_robotics
copying /home/ayushi/Collective_Robotics/A2/ros_work/build/collective_robotics/build/lib/collective_robotics/multi_robot_t3_aggregate.py -> /home/ayushi/Collective_Robotics/A2/ros_work/install/collective_robotics/lib/python3.10/site-packages/collective_robotics
byte-compiling /home/ayushi/Collective_Robotics/A2/ros_work/install/collective_robotics/lib/python3.10/site-packages/collective_robotics/move_to_goal.py to move_to_goal.cpython-310.pyc
byte-compiling /home/ayushi/Collective_Robotics/A2/ros_work/install/collective_robotics/lib/python3.10/site-packages/collective_robotics/multi_robot_t2_wait.py to multi_robot_t2_wait.cpython-310.pyc
byte-compiling /home/ayushi/Collective_Robotics/A2/ros_work/install/collective_robotics/lib/python3.10/site-packages/collective_robotics/multi_robot_t1.py to multi_robot_t1.cpython-310.pyc
byte-compiling /home/ayushi/Collective_Robotics/A2/ros_work/install/collective_robotics/lib/python3.10/site-packages/collective_robotics/task1.py to task1.cpython-310.pyc
byte-compiling /home/ayushi/Collective_Robotics/A2/ros_work/install/collective_robotics/lib/python3.10/site-packages/collective_robotics/obstacle_avoidance.py to obstacle_avoidance.cpython-310.pyc
byte-compiling /home/ayushi/Collective_Robotics/A2/ros_work/install/collective_robotics/lib/python3.10/site-packages/collective_robotics/vaccum_robot.py to vaccum_robot.cpython-310.pyc
byte-compiling /home/ayushi/Collective_Robotics/A2/ros_work/install/collective_robotics/lib/python3.10/site-packages/collective_robotics/vacc.py to vacc.cpython-310.pyc
byte-compiling /home/ayushi/Collective_Robotics/A2/ros_work/install/collective_robotics/lib/python3.10/site-packages/collective_robotics/__init__.py to __init__.cpython-310.pyc
byte-compiling /home/ayushi/Collective_Robotics/A2/ros_work/install/collective_robotics/lib/python3.10/site-packages/collective_robotics/wall_follower.py to wall_follower.cpython-310.pyc
byte-compiling /home/ayushi/Collective_Robotics/A2/ros_work/install/collective_robotics/lib/python3.10/site-packages/collective_robotics/task1_copy.py to task1_copy.cpython-310.pyc
byte-compiling /home/ayushi/Collective_Robotics/A2/ros_work/install/collective_robotics/lib/python3.10/site-packages/collective_robotics/multi_robot_t3_aggregate.py to multi_robot_t3_aggregate.cpython-310.pyc
running install_data
copying resource/collective_robotics -> /home/ayushi/Collective_Robotics/A2/ros_work/install/collective_robotics/share/ament_index/resource_index/packages
copying package.xml -> /home/ayushi/Collective_Robotics/A2/ros_work/install/collective_robotics/share/collective_robotics
copying launch/multi_robot_behavior_wait.launch.py -> /home/ayushi/Collective_Robotics/A2/ros_work/install/collective_robotics/share/collective_robotics/launch
copying launch/multi_robot_swarm_aggregate.launch.py -> /home/ayushi/Collective_Robotics/A2/ros_work/install/collective_robotics/share/collective_robotics/launch
copying launch/multi_robot_behavior.launch.py -> /home/ayushi/Collective_Robotics/A2/ros_work/install/collective_robotics/share/collective_robotics/launch
running install_egg_info
Copying ../../build/collective_robotics/collective_robotics.egg-info to /home/ayushi/Collective_Robotics/A2/ros_work/install/collective_robotics/lib/python3.10/site-packages/collective_robotics-0.0.0-py3.10.egg-info
running install_scripts
Installing cleaning_bot script to /home/ayushi/Collective_Robotics/A2/ros_work/install/collective_robotics/lib/collective_robotics
Installing go_to_goal script to /home/ayushi/Collective_Robotics/A2/ros_work/install/collective_robotics/lib/collective_robotics
Installing multi_bot_task1_stop script to /home/ayushi/Collective_Robotics/A2/ros_work/install/collective_robotics/lib/collective_robotics
Installing multi_bot_task2_wait script to /home/ayushi/Collective_Robotics/A2/ros_work/install/collective_robotics/lib/collective_robotics
Installing multi_bot_task3_aggregate script to /home/ayushi/Collective_Robotics/A2/ros_work/install/collective_robotics/lib/collective_robotics
Installing navigation script to /home/ayushi/Collective_Robotics/A2/ros_work/install/collective_robotics/lib/collective_robotics
Installing obstacle_avoid script to /home/ayushi/Collective_Robotics/A2/ros_work/install/collective_robotics/lib/collective_robotics
Installing vacum_bot script to /home/ayushi/Collective_Robotics/A2/ros_work/install/collective_robotics/lib/collective_robotics
Installing wall_follower script to /home/ayushi/Collective_Robotics/A2/ros_work/install/collective_robotics/lib/collective_robotics
writing list of installed files to '/home/ayushi/Collective_Robotics/A2/ros_work/build/collective_robotics/install.log'
