[1.271s] Invoking command in '/home/ayushi/Collective_Robotics/A2/ros_work/build/collective_robotics': PYTHONPATH=/home/ayushi/Collective_Robotics/A2/ros_work/build/collective_robotics/prefix_override:/usr/lib/python3/dist-packages/colcon_core/task/python/colcon_distutils_commands:/home/ayushi/Collective_Robotics/A2/ros_work/install/collective_robotics/lib/python3.10/site-packages:${PYTHONPATH} /usr/bin/python3 -W ignore:setup.py install is deprecated -W ignore:easy_install command is deprecated setup.py develop --uninstall --editable --build-directory /home/ayushi/Collective_Robotics/A2/ros_work/build/collective_robotics/build
[1.762s] running develop
[2.076s] Removing /home/ayushi/Collective_Robotics/A2/ros_work/install/collective_robotics/lib/python3.10/site-packages/collective-robotics.egg-link (link to .)
[2.116s] Invoked command in '/home/ayushi/Collective_Robotics/A2/ros_work/build/collective_robotics' returned '0': PYTHONPATH=/home/ayushi/Collective_Robotics/A2/ros_work/build/collective_robotics/prefix_override:/usr/lib/python3/dist-packages/colcon_core/task/python/colcon_distutils_commands:/home/ayushi/Collective_Robotics/A2/ros_work/install/collective_robotics/lib/python3.10/site-packages:${PYTHONPATH} /usr/bin/python3 -W ignore:setup.py install is deprecated -W ignore:easy_install command is deprecated setup.py develop --uninstall --editable --build-directory /home/ayushi/Collective_Robotics/A2/ros_work/build/collective_robotics/build
[2.118s] Invoking command in '/home/ayushi/Collective_Robotics/A2/ros_work/src/collective_robotics': PYTHONPATH=/home/ayushi/Collective_Robotics/A2/ros_work/build/collective_robotics/prefix_override:/usr/lib/python3/dist-packages/colcon_core/task/python/colcon_distutils_commands:/home/ayushi/Collective_Robotics/A2/ros_work/install/collective_robotics/lib/python3.10/site-packages:${PYTHONPATH} /usr/bin/python3 -W ignore:setup.py install is deprecated -W ignore:easy_install command is deprecated setup.py egg_info --egg-base ../../build/collective_robotics build --build-base /home/ayushi/Collective_Robotics/A2/ros_work/build/collective_robotics/build install --record /home/ayushi/Collective_Robotics/A2/ros_work/build/collective_robotics/install.log --single-version-externally-managed install_data --force
[2.561s] running egg_info
[2.582s] writing ../../build/collective_robotics/collective_robotics.egg-info/PKG-INFO
[2.582s] writing dependency_links to ../../build/collective_robotics/collective_robotics.egg-info/dependency_links.txt
[2.583s] writing entry points to ../../build/collective_robotics/collective_robotics.egg-info/entry_points.txt
[2.583s] writing requirements to ../../build/collective_robotics/collective_robotics.egg-info/requires.txt
[2.583s] writing top-level names to ../../build/collective_robotics/collective_robotics.egg-info/top_level.txt
[2.625s] reading manifest file '../../build/collective_robotics/collective_robotics.egg-info/SOURCES.txt'
[2.625s] adding license file 'LICENSE'
[2.627s] writing manifest file '../../build/collective_robotics/collective_robotics.egg-info/SOURCES.txt'
[2.627s] running build
[2.627s] running build_py
[2.627s] creating /home/ayushi/Collective_Robotics/A2/ros_work/build/collective_robotics/build
[2.627s] creating /home/ayushi/Collective_Robotics/A2/ros_work/build/collective_robotics/build/lib
[2.628s] creating /home/ayushi/Collective_Robotics/A2/ros_work/build/collective_robotics/build/lib/collective_robotics
[2.628s] copying collective_robotics/move_to_goal.py -> /home/ayushi/Collective_Robotics/A2/ros_work/build/collective_robotics/build/lib/collective_robotics
[2.628s] copying collective_robotics/multi_robot_t2_wait.py -> /home/ayushi/Collective_Robotics/A2/ros_work/build/collective_robotics/build/lib/collective_robotics
[2.628s] copying collective_robotics/multi_robot_t1.py -> /home/ayushi/Collective_Robotics/A2/ros_work/build/collective_robotics/build/lib/collective_robotics
[2.628s] copying collective_robotics/task1.py -> /home/ayushi/Collective_Robotics/A2/ros_work/build/collective_robotics/build/lib/collective_robotics
[2.629s] copying collective_robotics/obstacle_avoidance.py -> /home/ayushi/Collective_Robotics/A2/ros_work/build/collective_robotics/build/lib/collective_robotics
[2.629s] copying collective_robotics/vaccum_robot.py -> /home/ayushi/Collective_Robotics/A2/ros_work/build/collective_robotics/build/lib/collective_robotics
[2.629s] copying collective_robotics/vacc.py -> /home/ayushi/Collective_Robotics/A2/ros_work/build/collective_robotics/build/lib/collective_robotics
[2.629s] copying collective_robotics/__init__.py -> /home/ayushi/Collective_Robotics/A2/ros_work/build/collective_robotics/build/lib/collective_robotics
[2.629s] copying collective_robotics/wall_follower.py -> /home/ayushi/Collective_Robotics/A2/ros_work/build/collective_robotics/build/lib/collective_robotics
[2.630s] copying collective_robotics/task1_copy.py -> /home/ayushi/Collective_Robotics/A2/ros_work/build/collective_robotics/build/lib/collective_robotics
[2.630s] copying collective_robotics/multi_robot_t3_aggregate.py -> /home/ayushi/Collective_Robotics/A2/ros_work/build/collective_robotics/build/lib/collective_robotics
[2.631s] running install
[2.640s] running install_lib
[2.661s] creating /home/ayushi/Collective_Robotics/A2/ros_work/install/collective_robotics/lib/python3.10/site-packages/collective_robotics
[2.661s] copying /home/ayushi/Collective_Robotics/A2/ros_work/build/collective_robotics/build/lib/collective_robotics/move_to_goal.py -> /home/ayushi/Collective_Robotics/A2/ros_work/install/collective_robotics/lib/python3.10/site-packages/collective_robotics
[2.661s] copying /home/ayushi/Collective_Robotics/A2/ros_work/build/collective_robotics/build/lib/collective_robotics/multi_robot_t2_wait.py -> /home/ayushi/Collective_Robotics/A2/ros_work/install/collective_robotics/lib/python3.10/site-packages/collective_robotics
[2.662s] copying /home/ayushi/Collective_Robotics/A2/ros_work/build/collective_robotics/build/lib/collective_robotics/multi_robot_t1.py -> /home/ayushi/Collective_Robotics/A2/ros_work/install/collective_robotics/lib/python3.10/site-packages/collective_robotics
[2.662s] copying /home/ayushi/Collective_Robotics/A2/ros_work/build/collective_robotics/build/lib/collective_robotics/task1.py -> /home/ayushi/Collective_Robotics/A2/ros_work/install/collective_robotics/lib/python3.10/site-packages/collective_robotics
[2.662s] copying /home/ayushi/Collective_Robotics/A2/ros_work/build/collective_robotics/build/lib/collective_robotics/obstacle_avoidance.py -> /home/ayushi/Collective_Robotics/A2/ros_work/install/collective_robotics/lib/python3.10/site-packages/collective_robotics
[2.662s] copying /home/ayushi/Collective_Robotics/A2/ros_work/build/collective_robotics/build/lib/collective_robotics/vaccum_robot.py -> /home/ayushi/Collective_Robotics/A2/ros_work/install/collective_robotics/lib/python3.10/site-packages/collective_robotics
[2.662s] copying /home/ayushi/Collective_Robotics/A2/ros_work/build/collective_robotics/build/lib/collective_robotics/vacc.py -> /home/ayushi/Collective_Robotics/A2/ros_work/install/collective_robotics/lib/python3.10/site-packages/collective_robotics
[2.663s] copying /home/ayushi/Collective_Robotics/A2/ros_work/build/collective_robotics/build/lib/collective_robotics/__init__.py -> /home/ayushi/Collective_Robotics/A2/ros_work/install/collective_robotics/lib/python3.10/site-packages/collective_robotics
[2.663s] copying /home/ayushi/Collective_Robotics/A2/ros_work/build/collective_robotics/build/lib/collective_robotics/wall_follower.py -> /home/ayushi/Collective_Robotics/A2/ros_work/install/collective_robotics/lib/python3.10/site-packages/collective_robotics
[2.663s] copying /home/ayushi/Collective_Robotics/A2/ros_work/build/collective_robotics/build/lib/collective_robotics/task1_copy.py -> /home/ayushi/Collective_Robotics/A2/ros_work/install/collective_robotics/lib/python3.10/site-packages/collective_robotics
[2.663s] copying /home/ayushi/Collective_Robotics/A2/ros_work/build/collective_robotics/build/lib/collective_robotics/multi_robot_t3_aggregate.py -> /home/ayushi/Collective_Robotics/A2/ros_work/install/collective_robotics/lib/python3.10/site-packages/collective_robotics
[2.664s] byte-compiling /home/ayushi/Collective_Robotics/A2/ros_work/install/collective_robotics/lib/python3.10/site-packages/collective_robotics/move_to_goal.py to move_to_goal.cpython-310.pyc
[2.665s] byte-compiling /home/ayushi/Collective_Robotics/A2/ros_work/install/collective_robotics/lib/python3.10/site-packages/collective_robotics/multi_robot_t2_wait.py to multi_robot_t2_wait.cpython-310.pyc
[2.667s] byte-compiling /home/ayushi/Collective_Robotics/A2/ros_work/install/collective_robotics/lib/python3.10/site-packages/collective_robotics/multi_robot_t1.py to multi_robot_t1.cpython-310.pyc
[2.668s] byte-compiling /home/ayushi/Collective_Robotics/A2/ros_work/install/collective_robotics/lib/python3.10/site-packages/collective_robotics/task1.py to task1.cpython-310.pyc
[2.668s] byte-compiling /home/ayushi/Collective_Robotics/A2/ros_work/install/collective_robotics/lib/python3.10/site-packages/collective_robotics/obstacle_avoidance.py to obstacle_avoidance.cpython-310.pyc
[2.669s] byte-compiling /home/ayushi/Collective_Robotics/A2/ros_work/install/collective_robotics/lib/python3.10/site-packages/collective_robotics/vaccum_robot.py to vaccum_robot.cpython-310.pyc
[2.670s] byte-compiling /home/ayushi/Collective_Robotics/A2/ros_work/install/collective_robotics/lib/python3.10/site-packages/collective_robotics/vacc.py to vacc.cpython-310.pyc
[2.671s] byte-compiling /home/ayushi/Collective_Robotics/A2/ros_work/install/collective_robotics/lib/python3.10/site-packages/collective_robotics/__init__.py to __init__.cpython-310.pyc
[2.671s] byte-compiling /home/ayushi/Collective_Robotics/A2/ros_work/install/collective_robotics/lib/python3.10/site-packages/collective_robotics/wall_follower.py to wall_follower.cpython-310.pyc
[2.672s] byte-compiling /home/ayushi/Collective_Robotics/A2/ros_work/install/collective_robotics/lib/python3.10/site-packages/collective_robotics/task1_copy.py to task1_copy.cpython-310.pyc
[2.677s] byte-compiling /home/ayushi/Collective_Robotics/A2/ros_work/install/collective_robotics/lib/python3.10/site-packages/collective_robotics/multi_robot_t3_aggregate.py to multi_robot_t3_aggregate.cpython-310.pyc
[2.678s] running install_data
[2.678s] copying resource/collective_robotics -> /home/ayushi/Collective_Robotics/A2/ros_work/install/collective_robotics/share/ament_index/resource_index/packages
[2.678s] copying package.xml -> /home/ayushi/Collective_Robotics/A2/ros_work/install/collective_robotics/share/collective_robotics
[2.678s] copying launch/multi_robot_behavior_wait.launch.py -> /home/ayushi/Collective_Robotics/A2/ros_work/install/collective_robotics/share/collective_robotics/launch
[2.679s] copying launch/multi_robot_swarm_aggregate.launch.py -> /home/ayushi/Collective_Robotics/A2/ros_work/install/collective_robotics/share/collective_robotics/launch
[2.679s] copying launch/multi_robot_behavior.launch.py -> /home/ayushi/Collective_Robotics/A2/ros_work/install/collective_robotics/share/collective_robotics/launch
[2.679s] running install_egg_info
[2.702s] Copying ../../build/collective_robotics/collective_robotics.egg-info to /home/ayushi/Collective_Robotics/A2/ros_work/install/collective_robotics/lib/python3.10/site-packages/collective_robotics-0.0.0-py3.10.egg-info
[2.703s] running install_scripts
[2.800s] Installing cleaning_bot script to /home/ayushi/Collective_Robotics/A2/ros_work/install/collective_robotics/lib/collective_robotics
[2.800s] Installing go_to_goal script to /home/ayushi/Collective_Robotics/A2/ros_work/install/collective_robotics/lib/collective_robotics
[2.800s] Installing multi_bot_task1_stop script to /home/ayushi/Collective_Robotics/A2/ros_work/install/collective_robotics/lib/collective_robotics
[2.801s] Installing multi_bot_task2_wait script to /home/ayushi/Collective_Robotics/A2/ros_work/install/collective_robotics/lib/collective_robotics
[2.801s] Installing multi_bot_task3_aggregate script to /home/ayushi/Collective_Robotics/A2/ros_work/install/collective_robotics/lib/collective_robotics
[2.801s] Installing navigation script to /home/ayushi/Collective_Robotics/A2/ros_work/install/collective_robotics/lib/collective_robotics
[2.801s] Installing obstacle_avoid script to /home/ayushi/Collective_Robotics/A2/ros_work/install/collective_robotics/lib/collective_robotics
[2.801s] Installing vacum_bot script to /home/ayushi/Collective_Robotics/A2/ros_work/install/collective_robotics/lib/collective_robotics
[2.801s] Installing wall_follower script to /home/ayushi/Collective_Robotics/A2/ros_work/install/collective_robotics/lib/collective_robotics
[2.801s] writing list of installed files to '/home/ayushi/Collective_Robotics/A2/ros_work/build/collective_robotics/install.log'
[2.850s] Invoked command in '/home/ayushi/Collective_Robotics/A2/ros_work/src/collective_robotics' returned '0': PYTHONPATH=/home/ayushi/Collective_Robotics/A2/ros_work/build/collective_robotics/prefix_override:/usr/lib/python3/dist-packages/colcon_core/task/python/colcon_distutils_commands:/home/ayushi/Collective_Robotics/A2/ros_work/install/collective_robotics/lib/python3.10/site-packages:${PYTHONPATH} /usr/bin/python3 -W ignore:setup.py install is deprecated -W ignore:easy_install command is deprecated setup.py egg_info --egg-base ../../build/collective_robotics build --build-base /home/ayushi/Collective_Robotics/A2/ros_work/build/collective_robotics/build install --record /home/ayushi/Collective_Robotics/A2/ros_work/build/collective_robotics/install.log --single-version-externally-managed install_data --force
