[1.211s] Invoking command in '/home/ayushi/Collective_Robotics/A2/ros_work/build/collective_robotics': PYTHONPATH=/home/ayushi/Collective_Robotics/A2/ros_work/build/collective_robotics/prefix_override:/usr/lib/python3/dist-packages/colcon_core/task/python/colcon_distutils_commands:/home/ayushi/Collective_Robotics/A2/ros_work/install/collective_robotics/lib/python3.10/site-packages:${PYTHONPATH} /usr/bin/python3 -W ignore:setup.py install is deprecated -W ignore:easy_install command is deprecated setup.py develop --editable --build-directory /home/ayushi/Collective_Robotics/A2/ros_work/build/collective_robotics/build --no-deps symlink_data
[1.651s] running develop
[1.953s] running egg_info
[1.973s] writing collective_robotics.egg-info/PKG-INFO
[1.974s] writing dependency_links to collective_robotics.egg-info/dependency_links.txt
[1.974s] writing entry points to collective_robotics.egg-info/entry_points.txt
[1.974s] writing requirements to collective_robotics.egg-info/requires.txt
[1.975s] writing top-level names to collective_robotics.egg-info/top_level.txt
[2.021s] reading manifest file 'collective_robotics.egg-info/SOURCES.txt'
[2.023s] writing manifest file 'collective_robotics.egg-info/SOURCES.txt'
[2.047s] running build_ext
[2.048s] Creating /home/ayushi/Collective_Robotics/A2/ros_work/install/collective_robotics/lib/python3.10/site-packages/collective-robotics.egg-link (link to .)
[2.048s] Installing cleaning_bot script to /home/ayushi/Collective_Robotics/A2/ros_work/install/collective_robotics/lib/collective_robotics
[2.049s] Installing go_to_goal script to /home/ayushi/Collective_Robotics/A2/ros_work/install/collective_robotics/lib/collective_robotics
[2.049s] Installing multi_bot_task1_stop script to /home/ayushi/Collective_Robotics/A2/ros_work/install/collective_robotics/lib/collective_robotics
[2.049s] Installing multi_bot_task2_wait script to /home/ayushi/Collective_Robotics/A2/ros_work/install/collective_robotics/lib/collective_robotics
[2.049s] Installing multi_bot_task3_aggregate script to /home/ayushi/Collective_Robotics/A2/ros_work/install/collective_robotics/lib/collective_robotics
[2.050s] Installing navigation script to /home/ayushi/Collective_Robotics/A2/ros_work/install/collective_robotics/lib/collective_robotics
[2.050s] Installing obstacle_avoid script to /home/ayushi/Collective_Robotics/A2/ros_work/install/collective_robotics/lib/collective_robotics
[2.050s] Installing vacum_bot script to /home/ayushi/Collective_Robotics/A2/ros_work/install/collective_robotics/lib/collective_robotics
[2.050s] Installing wall_follower script to /home/ayushi/Collective_Robotics/A2/ros_work/install/collective_robotics/lib/collective_robotics
[2.051s] 
[2.051s] Installed /home/ayushi/Collective_Robotics/A2/ros_work/build/collective_robotics
[2.051s] running symlink_data
[2.095s] Invoked command in '/home/ayushi/Collective_Robotics/A2/ros_work/build/collective_robotics' returned '0': PYTHONPATH=/home/ayushi/Collective_Robotics/A2/ros_work/build/collective_robotics/prefix_override:/usr/lib/python3/dist-packages/colcon_core/task/python/colcon_distutils_commands:/home/ayushi/Collective_Robotics/A2/ros_work/install/collective_robotics/lib/python3.10/site-packages:${PYTHONPATH} /usr/bin/python3 -W ignore:setup.py install is deprecated -W ignore:easy_install command is deprecated setup.py develop --editable --build-directory /home/ayushi/Collective_Robotics/A2/ros_work/build/collective_robotics/build --no-deps symlink_data
