[5.830s] DEBUG:colcon:Command line arguments: ['/usr/bin/colcon', 'build', '--symlink-install']
[5.830s] DEBUG:colcon:Parsed command line arguments: Namespace(log_base=None, log_level=None, verb_name='build', build_base='build', install_base='install', merge_install=False, symlink_install=True, test_result_base=None, continue_on_error=False, executor='parallel', parallel_workers=4, event_handlers=None, ignore_user_meta=False, metas=['./colcon.meta'], base_paths=['.'], packages_ignore=None, packages_ignore_regex=None, paths=None, packages_up_to=None, packages_up_to_regex=None, packages_above=None, packages_above_and_dependencies=None, packages_above_depth=None, packages_select_by_dep=None, packages_skip_by_dep=None, packages_skip_up_to=None, packages_select_build_failed=False, packages_skip_build_finished=False, packages_select_test_failures=False, packages_skip_test_passed=False, packages_select=None, packages_skip=None, packages_select_regex=None, packages_skip_regex=None, packages_start=None, packages_end=None, allow_overriding=[], cmake_args=None, cmake_target=None, cmake_target_skip_unavailable=False, cmake_clean_cache=False, cmake_clean_first=False, cmake_force_configure=False, ament_cmake_args=None, catkin_cmake_args=None, catkin_skip_building_tests=False, mixin_files=None, mixin=None, verb_parser=<colcon_mixin.mixin.mixin_argument.MixinArgumentDecorator object at 0x70d725f08e80>, verb_extension=<colcon_core.verb.build.BuildVerb object at 0x70d725f088b0>, main=<bound method BuildVerb.main of <colcon_core.verb.build.BuildVerb object at 0x70d725f088b0>>, mixin_verb=('build',))
[10.249s] Level 1:colcon.colcon_core.package_discovery:discover_packages(colcon_meta) check parameters
[10.249s] Level 1:colcon.colcon_core.package_discovery:discover_packages(recursive) check parameters
[10.249s] Level 1:colcon.colcon_core.package_discovery:discover_packages(ignore) check parameters
[10.249s] Level 1:colcon.colcon_core.package_discovery:discover_packages(path) check parameters
[10.249s] Level 1:colcon.colcon_core.package_discovery:discover_packages(colcon_meta) discover
[10.249s] Level 1:colcon.colcon_core.package_discovery:discover_packages(recursive) discover
[10.249s] INFO:colcon.colcon_core.package_discovery:Crawling recursively for packages in '/home/ayushi/Collective_Robotics/A2/ros_work'
[10.250s] Level 1:colcon.colcon_core.package_identification:_identify(.) by extensions ['ignore', 'ignore_ament_install']
[10.250s] Level 1:colcon.colcon_core.package_identification:_identify(.) by extension 'ignore'
[10.250s] Level 1:colcon.colcon_core.package_identification:_identify(.) by extension 'ignore_ament_install'
[10.250s] Level 1:colcon.colcon_core.package_identification:_identify(.) by extensions ['colcon_pkg']
[10.250s] Level 1:colcon.colcon_core.package_identification:_identify(.) by extension 'colcon_pkg'
[10.250s] Level 1:colcon.colcon_core.package_identification:_identify(.) by extensions ['colcon_meta']
[10.250s] Level 1:colcon.colcon_core.package_identification:_identify(.) by extension 'colcon_meta'
[10.250s] Level 1:colcon.colcon_core.package_identification:_identify(.) by extensions ['ros']
[10.250s] Level 1:colcon.colcon_core.package_identification:_identify(.) by extension 'ros'
[10.278s] Level 1:colcon.colcon_core.package_identification:_identify(.) by extensions ['cmake', 'python']
[10.278s] Level 1:colcon.colcon_core.package_identification:_identify(.) by extension 'cmake'
[10.278s] Level 1:colcon.colcon_core.package_identification:_identify(.) by extension 'python'
[10.278s] Level 1:colcon.colcon_core.package_identification:_identify(.) by extensions ['python_setup_py']
[10.278s] Level 1:colcon.colcon_core.package_identification:_identify(.) by extension 'python_setup_py'
[10.278s] Level 1:colcon.colcon_core.package_identification:_identify(build) by extensions ['ignore', 'ignore_ament_install']
[10.279s] Level 1:colcon.colcon_core.package_identification:_identify(build) by extension 'ignore'
[10.279s] Level 1:colcon.colcon_core.package_identification:_identify(build) ignored
[10.279s] Level 1:colcon.colcon_core.package_identification:_identify(install) by extensions ['ignore', 'ignore_ament_install']
[10.279s] Level 1:colcon.colcon_core.package_identification:_identify(install) by extension 'ignore'
[10.279s] Level 1:colcon.colcon_core.package_identification:_identify(install) ignored
[10.279s] Level 1:colcon.colcon_core.package_identification:_identify(log) by extensions ['ignore', 'ignore_ament_install']
[10.279s] Level 1:colcon.colcon_core.package_identification:_identify(log) by extension 'ignore'
[10.279s] Level 1:colcon.colcon_core.package_identification:_identify(log) ignored
[10.279s] Level 1:colcon.colcon_core.package_identification:_identify(src) by extensions ['ignore', 'ignore_ament_install']
[10.280s] Level 1:colcon.colcon_core.package_identification:_identify(src) by extension 'ignore'
[10.280s] Level 1:colcon.colcon_core.package_identification:_identify(src) by extension 'ignore_ament_install'
[10.280s] Level 1:colcon.colcon_core.package_identification:_identify(src) by extensions ['colcon_pkg']
[10.280s] Level 1:colcon.colcon_core.package_identification:_identify(src) by extension 'colcon_pkg'
[10.280s] Level 1:colcon.colcon_core.package_identification:_identify(src) by extensions ['colcon_meta']
[10.280s] Level 1:colcon.colcon_core.package_identification:_identify(src) by extension 'colcon_meta'
[10.280s] Level 1:colcon.colcon_core.package_identification:_identify(src) by extensions ['ros']
[10.280s] Level 1:colcon.colcon_core.package_identification:_identify(src) by extension 'ros'
[10.280s] Level 1:colcon.colcon_core.package_identification:_identify(src) by extensions ['cmake', 'python']
[10.280s] Level 1:colcon.colcon_core.package_identification:_identify(src) by extension 'cmake'
[10.280s] Level 1:colcon.colcon_core.package_identification:_identify(src) by extension 'python'
[10.280s] Level 1:colcon.colcon_core.package_identification:_identify(src) by extensions ['python_setup_py']
[10.280s] Level 1:colcon.colcon_core.package_identification:_identify(src) by extension 'python_setup_py'
[10.280s] Level 1:colcon.colcon_core.package_identification:_identify(src/collective_robotics) by extensions ['ignore', 'ignore_ament_install']
[10.281s] Level 1:colcon.colcon_core.package_identification:_identify(src/collective_robotics) by extension 'ignore'
[10.281s] Level 1:colcon.colcon_core.package_identification:_identify(src/collective_robotics) by extension 'ignore_ament_install'
[10.281s] Level 1:colcon.colcon_core.package_identification:_identify(src/collective_robotics) by extensions ['colcon_pkg']
[10.281s] Level 1:colcon.colcon_core.package_identification:_identify(src/collective_robotics) by extension 'colcon_pkg'
[10.281s] Level 1:colcon.colcon_core.package_identification:_identify(src/collective_robotics) by extensions ['colcon_meta']
[10.281s] Level 1:colcon.colcon_core.package_identification:_identify(src/collective_robotics) by extension 'colcon_meta'
[10.281s] Level 1:colcon.colcon_core.package_identification:_identify(src/collective_robotics) by extensions ['ros']
[10.281s] Level 1:colcon.colcon_core.package_identification:_identify(src/collective_robotics) by extension 'ros'
[10.324s] DEBUG:colcon.colcon_core.package_identification:Package 'src/collective_robotics' with type 'ros.ament_python' and name 'collective_robotics'
[10.324s] Level 1:colcon.colcon_core.package_identification:_identify(src/stage_ros2) by extensions ['ignore', 'ignore_ament_install']
[10.325s] Level 1:colcon.colcon_core.package_identification:_identify(src/stage_ros2) by extension 'ignore'
[10.325s] Level 1:colcon.colcon_core.package_identification:_identify(src/stage_ros2) by extension 'ignore_ament_install'
[10.325s] Level 1:colcon.colcon_core.package_identification:_identify(src/stage_ros2) by extensions ['colcon_pkg']
[10.326s] Level 1:colcon.colcon_core.package_identification:_identify(src/stage_ros2) by extension 'colcon_pkg'
[10.326s] Level 1:colcon.colcon_core.package_identification:_identify(src/stage_ros2) by extensions ['colcon_meta']
[10.326s] Level 1:colcon.colcon_core.package_identification:_identify(src/stage_ros2) by extension 'colcon_meta'
[10.326s] Level 1:colcon.colcon_core.package_identification:_identify(src/stage_ros2) by extensions ['ros']
[10.326s] Level 1:colcon.colcon_core.package_identification:_identify(src/stage_ros2) by extension 'ros'
[10.344s] DEBUG:colcon.colcon_core.package_identification:Package 'src/stage_ros2' with type 'ros.ament_cmake' and name 'stage_ros2'
[10.344s] Level 1:colcon.colcon_core.package_discovery:discover_packages(recursive) using defaults
[10.344s] Level 1:colcon.colcon_core.package_discovery:discover_packages(ignore) discover
[10.344s] Level 1:colcon.colcon_core.package_discovery:discover_packages(ignore) using defaults
[10.344s] Level 1:colcon.colcon_core.package_discovery:discover_packages(path) discover
[10.345s] Level 1:colcon.colcon_core.package_discovery:discover_packages(path) using defaults
[10.820s] Level 1:colcon.colcon_core.package_discovery:discover_packages(prefix_path) check parameters
[10.820s] Level 1:colcon.colcon_core.package_discovery:discover_packages(prefix_path) discover
[10.843s] DEBUG:colcon.colcon_installed_package_information.package_discovery:Found 2 installed packages in /home/ayushi/Collective_Robotics/A2/ros_work/install
[10.846s] DEBUG:colcon.colcon_installed_package_information.package_discovery:Found 392 installed packages in /opt/ros/humble
[10.850s] Level 1:colcon.colcon_core.package_discovery:discover_packages(prefix_path) using defaults
[11.047s] Level 5:colcon.colcon_core.verb:set package 'collective_robotics' build argument 'cmake_args' from command line to 'None'
[11.047s] Level 5:colcon.colcon_core.verb:set package 'collective_robotics' build argument 'cmake_target' from command line to 'None'
[11.047s] Level 5:colcon.colcon_core.verb:set package 'collective_robotics' build argument 'cmake_target_skip_unavailable' from command line to 'False'
[11.047s] Level 5:colcon.colcon_core.verb:set package 'collective_robotics' build argument 'cmake_clean_cache' from command line to 'False'
[11.047s] Level 5:colcon.colcon_core.verb:set package 'collective_robotics' build argument 'cmake_clean_first' from command line to 'False'
[11.047s] Level 5:colcon.colcon_core.verb:set package 'collective_robotics' build argument 'cmake_force_configure' from command line to 'False'
[11.047s] Level 5:colcon.colcon_core.verb:set package 'collective_robotics' build argument 'ament_cmake_args' from command line to 'None'
[11.047s] Level 5:colcon.colcon_core.verb:set package 'collective_robotics' build argument 'catkin_cmake_args' from command line to 'None'
[11.047s] Level 5:colcon.colcon_core.verb:set package 'collective_robotics' build argument 'catkin_skip_building_tests' from command line to 'False'
[11.047s] DEBUG:colcon.colcon_core.verb:Building package 'collective_robotics' with the following arguments: {'ament_cmake_args': None, 'build_base': '/home/ayushi/Collective_Robotics/A2/ros_work/build/collective_robotics', 'catkin_cmake_args': None, 'catkin_skip_building_tests': False, 'cmake_args': None, 'cmake_clean_cache': False, 'cmake_clean_first': False, 'cmake_force_configure': False, 'cmake_target': None, 'cmake_target_skip_unavailable': False, 'install_base': '/home/ayushi/Collective_Robotics/A2/ros_work/install/collective_robotics', 'merge_install': False, 'path': '/home/ayushi/Collective_Robotics/A2/ros_work/src/collective_robotics', 'symlink_install': True, 'test_result_base': None}
[11.048s] Level 5:colcon.colcon_core.verb:set package 'stage_ros2' build argument 'cmake_args' from command line to 'None'
[11.048s] Level 5:colcon.colcon_core.verb:set package 'stage_ros2' build argument 'cmake_target' from command line to 'None'
[11.048s] Level 5:colcon.colcon_core.verb:set package 'stage_ros2' build argument 'cmake_target_skip_unavailable' from command line to 'False'
[11.048s] Level 5:colcon.colcon_core.verb:set package 'stage_ros2' build argument 'cmake_clean_cache' from command line to 'False'
[11.048s] Level 5:colcon.colcon_core.verb:set package 'stage_ros2' build argument 'cmake_clean_first' from command line to 'False'
[11.048s] Level 5:colcon.colcon_core.verb:set package 'stage_ros2' build argument 'cmake_force_configure' from command line to 'False'
[11.048s] Level 5:colcon.colcon_core.verb:set package 'stage_ros2' build argument 'ament_cmake_args' from command line to 'None'
[11.048s] Level 5:colcon.colcon_core.verb:set package 'stage_ros2' build argument 'catkin_cmake_args' from command line to 'None'
[11.048s] Level 5:colcon.colcon_core.verb:set package 'stage_ros2' build argument 'catkin_skip_building_tests' from command line to 'False'
[11.048s] DEBUG:colcon.colcon_core.verb:Building package 'stage_ros2' with the following arguments: {'ament_cmake_args': None, 'build_base': '/home/ayushi/Collective_Robotics/A2/ros_work/build/stage_ros2', 'catkin_cmake_args': None, 'catkin_skip_building_tests': False, 'cmake_args': None, 'cmake_clean_cache': False, 'cmake_clean_first': False, 'cmake_force_configure': False, 'cmake_target': None, 'cmake_target_skip_unavailable': False, 'install_base': '/home/ayushi/Collective_Robotics/A2/ros_work/install/stage_ros2', 'merge_install': False, 'path': '/home/ayushi/Collective_Robotics/A2/ros_work/src/stage_ros2', 'symlink_install': True, 'test_result_base': None}
[11.048s] INFO:colcon.colcon_core.executor:Executing jobs using 'parallel' executor
[11.049s] DEBUG:colcon.colcon_parallel_executor.executor.parallel:run_until_complete
[11.049s] INFO:colcon.colcon_ros.task.ament_python.build:Building ROS package in '/home/ayushi/Collective_Robotics/A2/ros_work/src/collective_robotics' with build type 'ament_python'
[11.050s] Level 1:colcon.colcon_core.shell:create_environment_hook('collective_robotics', 'ament_prefix_path')
[11.133s] INFO:colcon.colcon_core.plugin_system:Skipping extension 'colcon_core.shell.bat': Not used on non-Windows systems
[11.134s] INFO:colcon.colcon_core.shell:Creating environment hook '/home/ayushi/Collective_Robotics/A2/ros_work/install/collective_robotics/share/collective_robotics/hook/ament_prefix_path.ps1'
[11.152s] INFO:colcon.colcon_core.shell:Creating environment descriptor '/home/ayushi/Collective_Robotics/A2/ros_work/install/collective_robotics/share/collective_robotics/hook/ament_prefix_path.dsv'
[11.165s] INFO:colcon.colcon_core.shell:Creating environment hook '/home/ayushi/Collective_Robotics/A2/ros_work/install/collective_robotics/share/collective_robotics/hook/ament_prefix_path.sh'
[11.170s] INFO:colcon.colcon_core.shell:Skip shell extension 'powershell' for command environment: Not usable outside of PowerShell
[11.170s] DEBUG:colcon.colcon_core.shell:Skip shell extension 'dsv' for command environment
[11.191s] INFO:colcon.colcon_ros.task.ament_cmake.build:Building ROS package in '/home/ayushi/Collective_Robotics/A2/ros_work/src/stage_ros2' with build type 'ament_cmake'
[11.192s] INFO:colcon.colcon_cmake.task.cmake.build:Building CMake package in '/home/ayushi/Collective_Robotics/A2/ros_work/src/stage_ros2'
[11.193s] INFO:colcon.colcon_core.shell:Skip shell extension 'powershell' for command environment: Not usable outside of PowerShell
[11.193s] DEBUG:colcon.colcon_core.shell:Skip shell extension 'dsv' for command environment
[11.635s] INFO:colcon.colcon_core.task.python.build:Building Python package in '/home/ayushi/Collective_Robotics/A2/ros_work/src/collective_robotics'
[11.635s] INFO:colcon.colcon_core.shell:Skip shell extension 'powershell' for command environment: Not usable outside of PowerShell
[11.635s] DEBUG:colcon.colcon_core.shell:Skip shell extension 'dsv' for command environment
[11.693s] DEBUG:colcon.colcon_core.event_handler.log_command:Invoking command in '/home/ayushi/Collective_Robotics/A2/ros_work/build/stage_ros2': CMAKE_PREFIX_PATH=${CMAKE_PREFIX_PATH}:/home/ayushi/Collective_Robotics/A2/ros_work/install/collective_robotics:/opt/ros/humble /usr/bin/cmake --build /home/ayushi/Collective_Robotics/A2/ros_work/build/stage_ros2 -- -j4 -l4
[15.608s] DEBUG:colcon.colcon_core.event_handler.log_command:Invoking command in '/home/ayushi/Collective_Robotics/A2/ros_work/build/collective_robotics': PYTHONPATH=/home/ayushi/Collective_Robotics/A2/ros_work/build/collective_robotics/prefix_override:/usr/lib/python3/dist-packages/colcon_core/task/python/colcon_distutils_commands:/home/ayushi/Collective_Robotics/A2/ros_work/install/collective_robotics/lib/python3.10/site-packages:${PYTHONPATH} /usr/bin/python3 -W ignore:setup.py install is deprecated -W ignore:easy_install command is deprecated setup.py develop --editable --build-directory /home/ayushi/Collective_Robotics/A2/ros_work/build/collective_robotics/build --no-deps symlink_data
[15.677s] DEBUG:colcon.colcon_core.event_handler.log_command:Invoked command in '/home/ayushi/Collective_Robotics/A2/ros_work/build/stage_ros2' returned '0': CMAKE_PREFIX_PATH=${CMAKE_PREFIX_PATH}:/home/ayushi/Collective_Robotics/A2/ros_work/install/collective_robotics:/opt/ros/humble /usr/bin/cmake --build /home/ayushi/Collective_Robotics/A2/ros_work/build/stage_ros2 -- -j4 -l4
[15.730s] DEBUG:colcon.colcon_core.event_handler.log_command:Invoking command in '/home/ayushi/Collective_Robotics/A2/ros_work/build/stage_ros2': CMAKE_PREFIX_PATH=${CMAKE_PREFIX_PATH}:/home/ayushi/Collective_Robotics/A2/ros_work/install/collective_robotics:/opt/ros/humble /usr/bin/cmake --install /home/ayushi/Collective_Robotics/A2/ros_work/build/stage_ros2
[15.960s] Level 1:colcon.colcon_core.environment:create_environment_scripts_only(stage_ros2)
[15.961s] DEBUG:colcon.colcon_core.event_handler.log_command:Invoked command in '/home/ayushi/Collective_Robotics/A2/ros_work/build/stage_ros2' returned '0': CMAKE_PREFIX_PATH=${CMAKE_PREFIX_PATH}:/home/ayushi/Collective_Robotics/A2/ros_work/install/collective_robotics:/opt/ros/humble /usr/bin/cmake --install /home/ayushi/Collective_Robotics/A2/ros_work/build/stage_ros2
[16.030s] Level 1:colcon.colcon_core.environment:checking '/home/ayushi/Collective_Robotics/A2/ros_work/install/stage_ros2' for CMake module files
[16.031s] Level 1:colcon.colcon_core.environment:checking '/home/ayushi/Collective_Robotics/A2/ros_work/install/stage_ros2' for CMake config files
[16.031s] Level 1:colcon.colcon_core.shell:create_environment_hook('stage_ros2', 'cmake_prefix_path')
[16.032s] INFO:colcon.colcon_core.shell:Creating environment hook '/home/ayushi/Collective_Robotics/A2/ros_work/install/stage_ros2/share/stage_ros2/hook/cmake_prefix_path.ps1'
[16.032s] INFO:colcon.colcon_core.shell:Creating environment descriptor '/home/ayushi/Collective_Robotics/A2/ros_work/install/stage_ros2/share/stage_ros2/hook/cmake_prefix_path.dsv'
[16.033s] INFO:colcon.colcon_core.shell:Creating environment hook '/home/ayushi/Collective_Robotics/A2/ros_work/install/stage_ros2/share/stage_ros2/hook/cmake_prefix_path.sh'
[16.034s] Level 1:colcon.colcon_core.environment:checking '/home/ayushi/Collective_Robotics/A2/ros_work/install/stage_ros2/lib'
[16.035s] Level 1:colcon.colcon_core.shell:create_environment_hook('stage_ros2', 'ld_library_path_lib')
[16.035s] INFO:colcon.colcon_core.shell:Creating environment hook '/home/ayushi/Collective_Robotics/A2/ros_work/install/stage_ros2/share/stage_ros2/hook/ld_library_path_lib.ps1'
[16.036s] INFO:colcon.colcon_core.shell:Creating environment descriptor '/home/ayushi/Collective_Robotics/A2/ros_work/install/stage_ros2/share/stage_ros2/hook/ld_library_path_lib.dsv'
[16.037s] INFO:colcon.colcon_core.shell:Creating environment hook '/home/ayushi/Collective_Robotics/A2/ros_work/install/stage_ros2/share/stage_ros2/hook/ld_library_path_lib.sh'
[16.037s] Level 1:colcon.colcon_core.environment:checking '/home/ayushi/Collective_Robotics/A2/ros_work/install/stage_ros2/bin'
[16.037s] Level 1:colcon.colcon_core.environment:checking '/home/ayushi/Collective_Robotics/A2/ros_work/install/stage_ros2/lib/pkgconfig/stage_ros2.pc'
[16.038s] Level 1:colcon.colcon_core.environment:checking '/home/ayushi/Collective_Robotics/A2/ros_work/install/stage_ros2/lib/python3.10/site-packages'
[16.039s] Level 1:colcon.colcon_core.environment:checking '/home/ayushi/Collective_Robotics/A2/ros_work/install/stage_ros2/bin'
[16.040s] INFO:colcon.colcon_core.shell:Creating package script '/home/ayushi/Collective_Robotics/A2/ros_work/install/stage_ros2/share/stage_ros2/package.ps1'
[16.055s] INFO:colcon.colcon_core.shell:Creating package descriptor '/home/ayushi/Collective_Robotics/A2/ros_work/install/stage_ros2/share/stage_ros2/package.dsv'
[16.068s] INFO:colcon.colcon_core.shell:Creating package script '/home/ayushi/Collective_Robotics/A2/ros_work/install/stage_ros2/share/stage_ros2/package.sh'
[16.069s] INFO:colcon.colcon_core.shell:Creating package script '/home/ayushi/Collective_Robotics/A2/ros_work/install/stage_ros2/share/stage_ros2/package.bash'
[16.081s] INFO:colcon.colcon_core.shell:Creating package script '/home/ayushi/Collective_Robotics/A2/ros_work/install/stage_ros2/share/stage_ros2/package.zsh'
[16.092s] Level 1:colcon.colcon_core.environment:create_file_with_runtime_dependencies(/home/ayushi/Collective_Robotics/A2/ros_work/install/stage_ros2/share/colcon-core/packages/stage_ros2)
[16.093s] Level 1:colcon.colcon_core.environment:create_environment_scripts_only(stage_ros2)
[16.094s] Level 1:colcon.colcon_core.environment:checking '/home/ayushi/Collective_Robotics/A2/ros_work/install/stage_ros2' for CMake module files
[16.094s] Level 1:colcon.colcon_core.environment:checking '/home/ayushi/Collective_Robotics/A2/ros_work/install/stage_ros2' for CMake config files
[16.095s] Level 1:colcon.colcon_core.shell:create_environment_hook('stage_ros2', 'cmake_prefix_path')
[16.095s] INFO:colcon.colcon_core.shell:Creating environment hook '/home/ayushi/Collective_Robotics/A2/ros_work/install/stage_ros2/share/stage_ros2/hook/cmake_prefix_path.ps1'
[16.096s] INFO:colcon.colcon_core.shell:Creating environment descriptor '/home/ayushi/Collective_Robotics/A2/ros_work/install/stage_ros2/share/stage_ros2/hook/cmake_prefix_path.dsv'
[16.096s] INFO:colcon.colcon_core.shell:Creating environment hook '/home/ayushi/Collective_Robotics/A2/ros_work/install/stage_ros2/share/stage_ros2/hook/cmake_prefix_path.sh'
[16.097s] Level 1:colcon.colcon_core.environment:checking '/home/ayushi/Collective_Robotics/A2/ros_work/install/stage_ros2/lib'
[16.097s] Level 1:colcon.colcon_core.shell:create_environment_hook('stage_ros2', 'ld_library_path_lib')
[16.098s] INFO:colcon.colcon_core.shell:Creating environment hook '/home/ayushi/Collective_Robotics/A2/ros_work/install/stage_ros2/share/stage_ros2/hook/ld_library_path_lib.ps1'
[16.098s] INFO:colcon.colcon_core.shell:Creating environment descriptor '/home/ayushi/Collective_Robotics/A2/ros_work/install/stage_ros2/share/stage_ros2/hook/ld_library_path_lib.dsv'
[16.098s] INFO:colcon.colcon_core.shell:Creating environment hook '/home/ayushi/Collective_Robotics/A2/ros_work/install/stage_ros2/share/stage_ros2/hook/ld_library_path_lib.sh'
[16.099s] Level 1:colcon.colcon_core.environment:checking '/home/ayushi/Collective_Robotics/A2/ros_work/install/stage_ros2/bin'
[16.099s] Level 1:colcon.colcon_core.environment:checking '/home/ayushi/Collective_Robotics/A2/ros_work/install/stage_ros2/lib/pkgconfig/stage_ros2.pc'
[16.099s] Level 1:colcon.colcon_core.environment:checking '/home/ayushi/Collective_Robotics/A2/ros_work/install/stage_ros2/lib/python3.10/site-packages'
[16.100s] Level 1:colcon.colcon_core.environment:checking '/home/ayushi/Collective_Robotics/A2/ros_work/install/stage_ros2/bin'
[16.100s] INFO:colcon.colcon_core.shell:Creating package script '/home/ayushi/Collective_Robotics/A2/ros_work/install/stage_ros2/share/stage_ros2/package.ps1'
[16.101s] INFO:colcon.colcon_core.shell:Creating package descriptor '/home/ayushi/Collective_Robotics/A2/ros_work/install/stage_ros2/share/stage_ros2/package.dsv'
[16.101s] INFO:colcon.colcon_core.shell:Creating package script '/home/ayushi/Collective_Robotics/A2/ros_work/install/stage_ros2/share/stage_ros2/package.sh'
[16.102s] INFO:colcon.colcon_core.shell:Creating package script '/home/ayushi/Collective_Robotics/A2/ros_work/install/stage_ros2/share/stage_ros2/package.bash'
[16.102s] INFO:colcon.colcon_core.shell:Creating package script '/home/ayushi/Collective_Robotics/A2/ros_work/install/stage_ros2/share/stage_ros2/package.zsh'
[16.103s] Level 1:colcon.colcon_core.environment:create_file_with_runtime_dependencies(/home/ayushi/Collective_Robotics/A2/ros_work/install/stage_ros2/share/colcon-core/packages/stage_ros2)
[16.592s] Level 1:colcon.colcon_core.shell:create_environment_hook('collective_robotics', 'pythonpath_develop')
[16.593s] INFO:colcon.colcon_core.shell:Creating environment hook '/home/ayushi/Collective_Robotics/A2/ros_work/build/collective_robotics/share/collective_robotics/hook/pythonpath_develop.ps1'
[16.594s] DEBUG:colcon.colcon_core.event_handler.log_command:Invoked command in '/home/ayushi/Collective_Robotics/A2/ros_work/build/collective_robotics' returned '0': PYTHONPATH=/home/ayushi/Collective_Robotics/A2/ros_work/build/collective_robotics/prefix_override:/usr/lib/python3/dist-packages/colcon_core/task/python/colcon_distutils_commands:/home/ayushi/Collective_Robotics/A2/ros_work/install/collective_robotics/lib/python3.10/site-packages:${PYTHONPATH} /usr/bin/python3 -W ignore:setup.py install is deprecated -W ignore:easy_install command is deprecated setup.py develop --editable --build-directory /home/ayushi/Collective_Robotics/A2/ros_work/build/collective_robotics/build --no-deps symlink_data
[16.594s] INFO:colcon.colcon_core.shell:Creating environment descriptor '/home/ayushi/Collective_Robotics/A2/ros_work/build/collective_robotics/share/collective_robotics/hook/pythonpath_develop.dsv'
[16.594s] INFO:colcon.colcon_core.shell:Creating environment hook '/home/ayushi/Collective_Robotics/A2/ros_work/build/collective_robotics/share/collective_robotics/hook/pythonpath_develop.sh'
[16.595s] Level 1:colcon.colcon_core.environment:checking '/home/ayushi/Collective_Robotics/A2/ros_work/install/collective_robotics' for CMake module files
[16.596s] Level 1:colcon.colcon_core.environment:checking '/home/ayushi/Collective_Robotics/A2/ros_work/install/collective_robotics' for CMake config files
[16.604s] Level 1:colcon.colcon_core.environment:checking '/home/ayushi/Collective_Robotics/A2/ros_work/install/collective_robotics/lib'
[16.604s] Level 1:colcon.colcon_core.environment:checking '/home/ayushi/Collective_Robotics/A2/ros_work/install/collective_robotics/bin'
[16.605s] Level 1:colcon.colcon_core.environment:checking '/home/ayushi/Collective_Robotics/A2/ros_work/install/collective_robotics/lib/pkgconfig/collective_robotics.pc'
[16.605s] Level 1:colcon.colcon_core.environment:checking '/home/ayushi/Collective_Robotics/A2/ros_work/install/collective_robotics/lib/python3.10/site-packages'
[16.605s] Level 1:colcon.colcon_core.shell:create_environment_hook('collective_robotics', 'pythonpath')
[16.606s] INFO:colcon.colcon_core.shell:Creating environment hook '/home/ayushi/Collective_Robotics/A2/ros_work/install/collective_robotics/share/collective_robotics/hook/pythonpath.ps1'
[16.608s] INFO:colcon.colcon_core.shell:Creating environment descriptor '/home/ayushi/Collective_Robotics/A2/ros_work/install/collective_robotics/share/collective_robotics/hook/pythonpath.dsv'
[16.610s] INFO:colcon.colcon_core.shell:Creating environment hook '/home/ayushi/Collective_Robotics/A2/ros_work/install/collective_robotics/share/collective_robotics/hook/pythonpath.sh'
[16.611s] Level 1:colcon.colcon_core.environment:checking '/home/ayushi/Collective_Robotics/A2/ros_work/install/collective_robotics/bin'
[16.611s] Level 1:colcon.colcon_core.environment:create_environment_scripts_only(collective_robotics)
[16.612s] INFO:colcon.colcon_core.shell:Creating package script '/home/ayushi/Collective_Robotics/A2/ros_work/install/collective_robotics/share/collective_robotics/package.ps1'
[16.613s] INFO:colcon.colcon_core.shell:Creating package descriptor '/home/ayushi/Collective_Robotics/A2/ros_work/install/collective_robotics/share/collective_robotics/package.dsv'
[16.614s] INFO:colcon.colcon_core.shell:Creating package script '/home/ayushi/Collective_Robotics/A2/ros_work/install/collective_robotics/share/collective_robotics/package.sh'
[16.615s] INFO:colcon.colcon_core.shell:Creating package script '/home/ayushi/Collective_Robotics/A2/ros_work/install/collective_robotics/share/collective_robotics/package.bash'
[16.616s] INFO:colcon.colcon_core.shell:Creating package script '/home/ayushi/Collective_Robotics/A2/ros_work/install/collective_robotics/share/collective_robotics/package.zsh'
[16.616s] Level 1:colcon.colcon_core.environment:create_file_with_runtime_dependencies(/home/ayushi/Collective_Robotics/A2/ros_work/install/collective_robotics/share/colcon-core/packages/collective_robotics)
[16.617s] DEBUG:colcon.colcon_parallel_executor.executor.parallel:closing loop
[16.617s] DEBUG:colcon.colcon_parallel_executor.executor.parallel:loop closed
[16.617s] DEBUG:colcon.colcon_parallel_executor.executor.parallel:run_until_complete finished with '0'
[16.617s] DEBUG:colcon.colcon_core.event_reactor:joining thread
[16.638s] INFO:colcon.colcon_core.plugin_system:Skipping extension 'colcon_notification.desktop_notification.terminal_notifier': Not used on non-Darwin systems
[16.638s] INFO:colcon.colcon_core.plugin_system:Skipping extension 'colcon_notification.desktop_notification.win32': Not used on non-Windows systems
[16.638s] INFO:colcon.colcon_notification.desktop_notification:Sending desktop notification using 'notify2'
[16.659s] DEBUG:colcon.colcon_core.event_reactor:joined thread
[16.659s] INFO:colcon.colcon_core.shell:Creating prefix script '/home/ayushi/Collective_Robotics/A2/ros_work/install/local_setup.ps1'
[16.676s] INFO:colcon.colcon_core.shell:Creating prefix util module '/home/ayushi/Collective_Robotics/A2/ros_work/install/_local_setup_util_ps1.py'
[16.691s] INFO:colcon.colcon_core.shell:Creating prefix chain script '/home/ayushi/Collective_Robotics/A2/ros_work/install/setup.ps1'
[16.693s] INFO:colcon.colcon_core.shell:Creating prefix script '/home/ayushi/Collective_Robotics/A2/ros_work/install/local_setup.sh'
[16.697s] INFO:colcon.colcon_core.shell:Creating prefix util module '/home/ayushi/Collective_Robotics/A2/ros_work/install/_local_setup_util_sh.py'
[16.698s] INFO:colcon.colcon_core.shell:Creating prefix chain script '/home/ayushi/Collective_Robotics/A2/ros_work/install/setup.sh'
[16.701s] INFO:colcon.colcon_core.shell:Creating prefix script '/home/ayushi/Collective_Robotics/A2/ros_work/install/local_setup.bash'
[16.723s] INFO:colcon.colcon_core.shell:Creating prefix chain script '/home/ayushi/Collective_Robotics/A2/ros_work/install/setup.bash'
[16.726s] INFO:colcon.colcon_core.shell:Creating prefix script '/home/ayushi/Collective_Robotics/A2/ros_work/install/local_setup.zsh'
[16.757s] INFO:colcon.colcon_core.shell:Creating prefix chain script '/home/ayushi/Collective_Robotics/A2/ros_work/install/setup.zsh'
