[3.595s] Invoking command in '/home/ayushi/Collective_Robotics/A2/ros_work/src/collective_robotics': PYTHONPATH=/home/ayushi/Collective_Robotics/A2/ros_work/build/collective_robotics/prefix_override:/usr/lib/python3/dist-packages/colcon_core/task/python/colcon_distutils_commands:/home/ayushi/Collective_Robotics/A2/ros_work/install/collective_robotics/lib/python3.10/site-packages:${PYTHONPATH} /usr/bin/python3 -W ignore:setup.py install is deprecated -W ignore:easy_install command is deprecated setup.py egg_info --egg-base ../../build/collective_robotics build --build-base /home/ayushi/Collective_Robotics/A2/ros_work/build/collective_robotics/build install --record /home/ayushi/Collective_Robotics/A2/ros_work/build/collective_robotics/install.log --single-version-externally-managed install_data
[4.481s] running egg_info
[4.527s] writing ../../build/collective_robotics/collective_robotics.egg-info/PKG-INFO
[4.527s] writing dependency_links to ../../build/collective_robotics/collective_robotics.egg-info/dependency_links.txt
[4.528s] writing entry points to ../../build/collective_robotics/collective_robotics.egg-info/entry_points.txt
[4.528s] writing requirements to ../../build/collective_robotics/collective_robotics.egg-info/requires.txt
[4.528s] writing top-level names to ../../build/collective_robotics/collective_robotics.egg-info/top_level.txt
[4.633s] reading manifest file '../../build/collective_robotics/collective_robotics.egg-info/SOURCES.txt'
[4.663s] adding license file 'LICENSE'
[4.665s] writing manifest file '../../build/collective_robotics/collective_robotics.egg-info/SOURCES.txt'
[4.665s] running build
[4.665s] running build_py
[4.667s] running install
[4.677s] running install_lib
[4.730s] running install_data
[4.730s] running install_egg_info
[4.771s] removing '/home/ayushi/Collective_Robotics/A2/ros_work/install/collective_robotics/lib/python3.10/site-packages/collective_robotics-0.0.0-py3.10.egg-info' (and everything under it)
[4.772s] Copying ../../build/collective_robotics/collective_robotics.egg-info to /home/ayushi/Collective_Robotics/A2/ros_work/install/collective_robotics/lib/python3.10/site-packages/collective_robotics-0.0.0-py3.10.egg-info
[4.793s] running install_scripts
[4.963s] Installing cleaning_bot script to /home/ayushi/Collective_Robotics/A2/ros_work/install/collective_robotics/lib/collective_robotics
[4.963s] Installing go_to_goal script to /home/ayushi/Collective_Robotics/A2/ros_work/install/collective_robotics/lib/collective_robotics
[4.963s] Installing multi_bot_task1_stop script to /home/ayushi/Collective_Robotics/A2/ros_work/install/collective_robotics/lib/collective_robotics
[4.963s] Installing multi_bot_task2_wait script to /home/ayushi/Collective_Robotics/A2/ros_work/install/collective_robotics/lib/collective_robotics
[4.964s] Installing multi_bot_task3_aggregate script to /home/ayushi/Collective_Robotics/A2/ros_work/install/collective_robotics/lib/collective_robotics
[4.964s] Installing navigation script to /home/ayushi/Collective_Robotics/A2/ros_work/install/collective_robotics/lib/collective_robotics
[4.964s] Installing obstacle_avoid script to /home/ayushi/Collective_Robotics/A2/ros_work/install/collective_robotics/lib/collective_robotics
[4.967s] Installing vacum_bot script to /home/ayushi/Collective_Robotics/A2/ros_work/install/collective_robotics/lib/collective_robotics
[4.967s] Installing wall_follower script to /home/ayushi/Collective_Robotics/A2/ros_work/install/collective_robotics/lib/collective_robotics
[4.968s] writing list of installed files to '/home/ayushi/Collective_Robotics/A2/ros_work/build/collective_robotics/install.log'
[5.059s] Invoked command in '/home/ayushi/Collective_Robotics/A2/ros_work/src/collective_robotics' returned '0': PYTHONPATH=/home/ayushi/Collective_Robotics/A2/ros_work/build/collective_robotics/prefix_override:/usr/lib/python3/dist-packages/colcon_core/task/python/colcon_distutils_commands:/home/ayushi/Collective_Robotics/A2/ros_work/install/collective_robotics/lib/python3.10/site-packages:${PYTHONPATH} /usr/bin/python3 -W ignore:setup.py install is deprecated -W ignore:easy_install command is deprecated setup.py egg_info --egg-base ../../build/collective_robotics build --build-base /home/ayushi/Collective_Robotics/A2/ros_work/build/collective_robotics/build install --record /home/ayushi/Collective_Robotics/A2/ros_work/build/collective_robotics/install.log --single-version-externally-managed install_data
