[0.405s] Invoking command in '/home/ayushi/Collective_Robotics/A2/ros_work/build/stage_ros2': CMAKE_PREFIX_PATH=${CMAKE_PREFIX_PATH}:/home/ayushi/Collective_Robotics/A2/ros_work/install/collective_robotics:/opt/ros/humble /usr/bin/cmake --build /home/ayushi/Collective_Robotics/A2/ros_work/build/stage_ros2 -- -j4 -l4
[0.487s] [ 71%] Built target stage_node
[0.524s] [100%] Built target stage_ros2
[0.540s] Invoked command in '/home/ayushi/Collective_Robotics/A2/ros_work/build/stage_ros2' returned '0': CMAKE_PREFIX_PATH=${CMAKE_PREFIX_PATH}:/home/ayushi/Collective_Robotics/A2/ros_work/install/collective_robotics:/opt/ros/humble /usr/bin/cmake --build /home/ayushi/Collective_Robotics/A2/ros_work/build/stage_ros2 -- -j4 -l4
[0.553s] Invoking command in '/home/ayushi/Collective_Robotics/A2/ros_work/build/stage_ros2': CMAKE_PREFIX_PATH=${CMAKE_PREFIX_PATH}:/home/ayushi/Collective_Robotics/A2/ros_work/install/collective_robotics:/opt/ros/humble /usr/bin/cmake --install /home/ayushi/Collective_Robotics/A2/ros_work/build/stage_ros2
[0.562s] -- Install configuration: ""
[0.563s] -- Execute custom install script
[0.563s] -- Up-to-date symlink: /home/ayushi/Collective_Robotics/A2/ros_work/install/stage_ros2/share/stage_ros2/environment/library_path.sh
[0.563s] -- Up-to-date symlink: /home/ayushi/Collective_Robotics/A2/ros_work/install/stage_ros2/share/stage_ros2/environment/library_path.dsv
[0.564s] -- Up-to-date symlink: /home/ayushi/Collective_Robotics/A2/ros_work/install/stage_ros2/share/stage_ros2//launch/demo.launch.py
[0.564s] -- Up-to-date symlink: /home/ayushi/Collective_Robotics/A2/ros_work/install/stage_ros2/share/stage_ros2//launch/f710.launch.py
[0.564s] -- Up-to-date symlink: /home/ayushi/Collective_Robotics/A2/ros_work/install/stage_ros2/share/stage_ros2//launch/rviz.launch.py
[0.565s] -- Up-to-date symlink: /home/ayushi/Collective_Robotics/A2/ros_work/install/stage_ros2/share/stage_ros2//launch/rviz_ns.launch.py
[0.565s] -- Up-to-date symlink: /home/ayushi/Collective_Robotics/A2/ros_work/install/stage_ros2/share/stage_ros2//launch/stage.launch.py
[0.566s] -- Up-to-date symlink: /home/ayushi/Collective_Robotics/A2/ros_work/install/stage_ros2/share/stage_ros2//world/bitmaps/cave.png
[0.566s] -- Up-to-date symlink: /home/ayushi/Collective_Robotics/A2/ros_work/install/stage_ros2/share/stage_ros2//world/bitmaps/empty.png
[0.566s] -- Up-to-date symlink: /home/ayushi/Collective_Robotics/A2/ros_work/install/stage_ros2/share/stage_ros2//world/bitmaps/hallway.pgm
[0.566s] -- Up-to-date symlink: /home/ayushi/Collective_Robotics/A2/ros_work/install/stage_ros2/share/stage_ros2//world/bitmaps/hallway.png
[0.566s] -- Up-to-date symlink: /home/ayushi/Collective_Robotics/A2/ros_work/install/stage_ros2/share/stage_ros2//world/bitmaps/line.png
[0.567s] -- Up-to-date symlink: /home/ayushi/Collective_Robotics/A2/ros_work/install/stage_ros2/share/stage_ros2//world/bitmaps/new_map.png
[0.567s] -- Up-to-date symlink: /home/ayushi/Collective_Robotics/A2/ros_work/install/stage_ros2/share/stage_ros2//world/bitmaps/new_maze.png
[0.567s] -- Up-to-date symlink: /home/ayushi/Collective_Robotics/A2/ros_work/install/stage_ros2/share/stage_ros2//world/bitmaps/straden.png
[0.567s] -- Up-to-date symlink: /home/ayushi/Collective_Robotics/A2/ros_work/install/stage_ros2/share/stage_ros2//world/bitmaps/warehouse008.pgm
[0.567s] -- Up-to-date symlink: /home/ayushi/Collective_Robotics/A2/ros_work/install/stage_ros2/share/stage_ros2//world/bitmaps/warehouse032.pgm
[0.568s] -- Up-to-date symlink: /home/ayushi/Collective_Robotics/A2/ros_work/install/stage_ros2/share/stage_ros2//world/bitmaps/warehouse200.pgm
[0.568s] -- Up-to-date symlink: /home/ayushi/Collective_Robotics/A2/ros_work/install/stage_ros2/share/stage_ros2//world/bitmaps/willow-full.pgm
[0.568s] -- Up-to-date symlink: /home/ayushi/Collective_Robotics/A2/ros_work/install/stage_ros2/share/stage_ros2//world/cave.world
[0.568s] -- Up-to-date symlink: /home/ayushi/Collective_Robotics/A2/ros_work/install/stage_ros2/share/stage_ros2//world/cave_multi.world
[0.569s] -- Up-to-date symlink: /home/ayushi/Collective_Robotics/A2/ros_work/install/stage_ros2/share/stage_ros2//world/cave_seven_robots.world
[0.569s] -- Up-to-date symlink: /home/ayushi/Collective_Robotics/A2/ros_work/install/stage_ros2/share/stage_ros2//world/cave_three_robots.world
[0.569s] -- Up-to-date symlink: /home/ayushi/Collective_Robotics/A2/ros_work/install/stage_ros2/share/stage_ros2//world/hallway.world
[0.569s] -- Up-to-date symlink: /home/ayushi/Collective_Robotics/A2/ros_work/install/stage_ros2/share/stage_ros2//world/include/pioneer2dx.inc
[0.569s] -- Up-to-date symlink: /home/ayushi/Collective_Robotics/A2/ros_work/install/stage_ros2/share/stage_ros2//world/include/robots.inc
[0.570s] -- Up-to-date symlink: /home/ayushi/Collective_Robotics/A2/ros_work/install/stage_ros2/share/stage_ros2//world/lines.world
[0.570s] -- Up-to-date symlink: /home/ayushi/Collective_Robotics/A2/ros_work/install/stage_ros2/share/stage_ros2//world/new_maze.world
[0.570s] -- Up-to-date symlink: /home/ayushi/Collective_Robotics/A2/ros_work/install/stage_ros2/share/stage_ros2//world/straden.world
[0.571s] -- Up-to-date symlink: /home/ayushi/Collective_Robotics/A2/ros_work/install/stage_ros2/share/stage_ros2//world/swarm10.world
[0.571s] -- Up-to-date symlink: /home/ayushi/Collective_Robotics/A2/ros_work/install/stage_ros2/share/stage_ros2//world/swarm20.world
[0.571s] -- Up-to-date symlink: /home/ayushi/Collective_Robotics/A2/ros_work/install/stage_ros2/share/stage_ros2//world/swarm20x.world
[0.571s] -- Up-to-date symlink: /home/ayushi/Collective_Robotics/A2/ros_work/install/stage_ros2/share/stage_ros2//world/swarm5.world
[0.571s] -- Up-to-date symlink: /home/ayushi/Collective_Robotics/A2/ros_work/install/stage_ros2/share/stage_ros2//world/swarm5x.world
[0.572s] -- Up-to-date symlink: /home/ayushi/Collective_Robotics/A2/ros_work/install/stage_ros2/share/stage_ros2//world/willow-four-erratics-multisensor.world
[0.572s] -- Up-to-date symlink: /home/ayushi/Collective_Robotics/A2/ros_work/install/stage_ros2/share/stage_ros2//config/rviz/cave.rviz
[0.572s] -- Up-to-date symlink: /home/ayushi/Collective_Robotics/A2/ros_work/install/stage_ros2/share/stage_ros2//config/rviz/cave_seven_robots.rviz
[0.573s] -- Up-to-date symlink: /home/ayushi/Collective_Robotics/A2/ros_work/install/stage_ros2/share/stage_ros2//config/rviz/cave_three_robots.rviz
[0.573s] -- Up-to-date symlink: /home/ayushi/Collective_Robotics/A2/ros_work/install/stage_ros2/share/stage_ros2//config/rviz/lines.rviz
[0.573s] -- Up-to-date symlink: /home/ayushi/Collective_Robotics/A2/ros_work/install/stage_ros2/share/stage_ros2//config/rviz/robot0.rviz
[0.573s] -- Up-to-date symlink: /home/ayushi/Collective_Robotics/A2/ros_work/install/stage_ros2/share/stage_ros2//config/rviz/robot_ns.rviz
[0.573s] -- Up-to-date symlink: /home/ayushi/Collective_Robotics/A2/ros_work/install/stage_ros2/share/stage_ros2//config/rviz/robot_ns_depth.rviz
[0.574s] -- Up-to-date symlink: /home/ayushi/Collective_Robotics/A2/ros_work/install/stage_ros2/share/stage_ros2//config/teleop_twist_joy/f710.config.yaml
[0.574s] -- Up-to-date symlink: /home/ayushi/Collective_Robotics/A2/ros_work/install/stage_ros2/lib/libstage_node.so
[0.574s] -- Up-to-date symlink: /home/ayushi/Collective_Robotics/A2/ros_work/install/stage_ros2/lib/stage_ros2/stage_ros2
[0.575s] -- Up-to-date symlink: /home/ayushi/Collective_Robotics/A2/ros_work/install/stage_ros2/share/ament_index/resource_index/package_run_dependencies/stage_ros2
[0.575s] -- Up-to-date symlink: /home/ayushi/Collective_Robotics/A2/ros_work/install/stage_ros2/share/ament_index/resource_index/parent_prefix_path/stage_ros2
[0.575s] -- Up-to-date symlink: /home/ayushi/Collective_Robotics/A2/ros_work/install/stage_ros2/share/stage_ros2/environment/ament_prefix_path.sh
[0.575s] -- Up-to-date symlink: /home/ayushi/Collective_Robotics/A2/ros_work/install/stage_ros2/share/stage_ros2/environment/ament_prefix_path.dsv
[0.576s] -- Up-to-date symlink: /home/ayushi/Collective_Robotics/A2/ros_work/install/stage_ros2/share/stage_ros2/environment/path.sh
[0.576s] -- Up-to-date symlink: /home/ayushi/Collective_Robotics/A2/ros_work/install/stage_ros2/share/stage_ros2/environment/path.dsv
[0.576s] -- Up-to-date symlink: /home/ayushi/Collective_Robotics/A2/ros_work/install/stage_ros2/share/stage_ros2/local_setup.bash
[0.576s] -- Up-to-date symlink: /home/ayushi/Collective_Robotics/A2/ros_work/install/stage_ros2/share/stage_ros2/local_setup.sh
[0.577s] -- Up-to-date symlink: /home/ayushi/Collective_Robotics/A2/ros_work/install/stage_ros2/share/stage_ros2/local_setup.zsh
[0.577s] -- Up-to-date symlink: /home/ayushi/Collective_Robotics/A2/ros_work/install/stage_ros2/share/stage_ros2/local_setup.dsv
[0.577s] -- Symlinking: /home/ayushi/Collective_Robotics/A2/ros_work/install/stage_ros2/share/stage_ros2/package.dsv
[0.589s] -- Up-to-date symlink: /home/ayushi/Collective_Robotics/A2/ros_work/install/stage_ros2/share/ament_index/resource_index/packages/stage_ros2
[0.589s] -- Up-to-date symlink: /home/ayushi/Collective_Robotics/A2/ros_work/install/stage_ros2/share/stage_ros2/cmake/stage_ros2Config.cmake
[0.589s] -- Up-to-date symlink: /home/ayushi/Collective_Robotics/A2/ros_work/install/stage_ros2/share/stage_ros2/cmake/stage_ros2Config-version.cmake
[0.589s] -- Up-to-date symlink: /home/ayushi/Collective_Robotics/A2/ros_work/install/stage_ros2/share/stage_ros2/package.xml
[0.592s] Invoked command in '/home/ayushi/Collective_Robotics/A2/ros_work/build/stage_ros2' returned '0': CMAKE_PREFIX_PATH=${CMAKE_PREFIX_PATH}:/home/ayushi/Collective_Robotics/A2/ros_work/install/collective_robotics:/opt/ros/humble /usr/bin/cmake --install /home/ayushi/Collective_Robotics/A2/ros_work/build/stage_ros2
