[0.025s] Invoking command in '/home/student/MAS/MAS_Program2024/MAS-Program/Collective_Robotics/ros_work/build/robile_gazebo': AMENT_PREFIX_PATH=/home/student/MAS/MAS_Program2024/MAS-Program/Collective_Robotics/ros_work/install/robile_description:${AMENT_PREFIX_PATH} CMAKE_PREFIX_PATH=/home/student/MAS/MAS_Program2024/MAS-Program/Collective_Robotics/ros_work/install/robile_description:/opt/ros/humble /usr/local/bin/cmake /home/student/MAS/MAS_Program2024/MAS-Program/Collective_Robotics/ros_work/src/robile_gazebo -DCMAKE_INSTALL_PREFIX=/home/student/MAS/MAS_Program2024/MAS-Program/Collective_Robotics/ros_work/install/robile_gazebo
[0.046s] -- Found ament_cmake: 1.3.11 (/opt/ros/humble/share/ament_cmake/cmake)
[0.501s] -- Override CMake install command with custom implementation using symlinks instead of copying resources
[0.515s] -- Found rclcpp: 16.0.12 (/opt/ros/humble/share/rclcpp/cmake)
[0.568s] -- Found rosidl_generator_c: 3.1.6 (/opt/ros/humble/share/rosidl_generator_c/cmake)
[0.577s] -- Found rosidl_adapter: 3.1.6 (/opt/ros/humble/share/rosidl_adapter/cmake)
[0.587s] -- Found rosidl_generator_cpp: 3.1.6 (/opt/ros/humble/share/rosidl_generator_cpp/cmake)
[0.603s] -- Using all available rosidl_typesupport_c: rosidl_typesupport_fastrtps_c;rosidl_typesupport_introspection_c
[0.621s] -- Using all available rosidl_typesupport_cpp: rosidl_typesupport_fastrtps_cpp;rosidl_typesupport_introspection_cpp
[0.684s] -- Found rmw_implementation_cmake: 6.1.2 (/opt/ros/humble/share/rmw_implementation_cmake/cmake)
[0.686s] -- Found rmw_fastrtps_cpp: 6.2.7 (/opt/ros/humble/share/rmw_fastrtps_cpp/cmake)
[0.897s] -- Using RMW implementation 'rmw_fastrtps_cpp' as default
[1.014s] [31mCMake Error at CMakeLists.txt:16 (find_package):
[1.014s]   By not providing "Findgazebo.cmake" in CMAKE_MODULE_PATH this project has
[1.015s]   asked CMake to find a package configuration file provided by "gazebo", but
[1.015s]   CMake did not find one.
[1.015s] 
[1.015s]   Could not find a package configuration file provided by "gazebo" with any
[1.015s]   of the following names:
[1.015s] 
[1.015s]     gazeboConfig.cmake
[1.015s]     gazebo-config.cmake
[1.016s] 
[1.016s]   Add the installation prefix of "gazebo" to CMAKE_PREFIX_PATH or set
[1.016s]   "gazebo_DIR" to a directory containing one of the above files.  If "gazebo"
[1.016s]   provides a separate development package or SDK, be sure it has been
[1.016s]   installed.
[1.016s] 
[1.016s] [0m
[1.016s] -- Configuring incomplete, errors occurred!
[1.029s] Invoked command in '/home/student/MAS/MAS_Program2024/MAS-Program/Collective_Robotics/ros_work/build/robile_gazebo' returned '1': AMENT_PREFIX_PATH=/home/student/MAS/MAS_Program2024/MAS-Program/Collective_Robotics/ros_work/install/robile_description:${AMENT_PREFIX_PATH} CMAKE_PREFIX_PATH=/home/student/MAS/MAS_Program2024/MAS-Program/Collective_Robotics/ros_work/install/robile_description:/opt/ros/humble /usr/local/bin/cmake /home/student/MAS/MAS_Program2024/MAS-Program/Collective_Robotics/ros_work/src/robile_gazebo -DCMAKE_INSTALL_PREFIX=/home/student/MAS/MAS_Program2024/MAS-Program/Collective_Robotics/ros_work/install/robile_gazebo
