[0.232s] DEBUG:colcon:Command line arguments: ['/usr/bin/colcon', 'build', '--symlink-install']
[0.233s] DEBUG:colcon:Parsed command line arguments: Namespace(log_base=None, log_level=None, verb_name='build', build_base='build', install_base='install', merge_install=False, symlink_install=True, test_result_base=None, continue_on_error=False, executor='parallel', parallel_workers=4, event_handlers=None, ignore_user_meta=False, metas=['./colcon.meta'], base_paths=['.'], packages_ignore=None, packages_ignore_regex=None, paths=None, packages_up_to=None, packages_up_to_regex=None, packages_above=None, packages_above_and_dependencies=None, packages_above_depth=None, packages_select_by_dep=None, packages_skip_by_dep=None, packages_skip_up_to=None, packages_select_build_failed=False, packages_skip_build_finished=False, packages_select_test_failures=False, packages_skip_test_passed=False, packages_select=None, packages_skip=None, packages_select_regex=None, packages_skip_regex=None, packages_start=None, packages_end=None, allow_overriding=[], cmake_args=None, cmake_target=None, cmake_target_skip_unavailable=False, cmake_clean_cache=False, cmake_clean_first=False, cmake_force_configure=False, ament_cmake_args=None, catkin_cmake_args=None, catkin_skip_building_tests=False, mixin_files=None, mixin=None, verb_parser=<colcon_mixin.mixin.mixin_argument.MixinArgumentDecorator object at 0x7e95edcf4370>, verb_extension=<colcon_core.verb.build.BuildVerb object at 0x7e95edcb7d60>, main=<bound method BuildVerb.main of <colcon_core.verb.build.BuildVerb object at 0x7e95edcb7d60>>, mixin_verb=('build',))
[0.484s] Level 1:colcon.colcon_core.package_discovery:discover_packages(colcon_meta) check parameters
[0.484s] Level 1:colcon.colcon_core.package_discovery:discover_packages(recursive) check parameters
[0.484s] Level 1:colcon.colcon_core.package_discovery:discover_packages(ignore) check parameters
[0.484s] Level 1:colcon.colcon_core.package_discovery:discover_packages(path) check parameters
[0.484s] Level 1:colcon.colcon_core.package_discovery:discover_packages(colcon_meta) discover
[0.484s] Level 1:colcon.colcon_core.package_discovery:discover_packages(recursive) discover
[0.484s] INFO:colcon.colcon_core.package_discovery:Crawling recursively for packages in '/home/ayushi/Collective_Robotics/A2/ros_work/src'
[0.484s] Level 1:colcon.colcon_core.package_identification:_identify(.) by extensions ['ignore', 'ignore_ament_install']
[0.485s] Level 1:colcon.colcon_core.package_identification:_identify(.) by extension 'ignore'
[0.485s] Level 1:colcon.colcon_core.package_identification:_identify(.) by extension 'ignore_ament_install'
[0.485s] Level 1:colcon.colcon_core.package_identification:_identify(.) by extensions ['colcon_pkg']
[0.485s] Level 1:colcon.colcon_core.package_identification:_identify(.) by extension 'colcon_pkg'
[0.485s] Level 1:colcon.colcon_core.package_identification:_identify(.) by extensions ['colcon_meta']
[0.485s] Level 1:colcon.colcon_core.package_identification:_identify(.) by extension 'colcon_meta'
[0.485s] Level 1:colcon.colcon_core.package_identification:_identify(.) by extensions ['ros']
[0.485s] Level 1:colcon.colcon_core.package_identification:_identify(.) by extension 'ros'
[0.507s] Level 1:colcon.colcon_core.package_identification:_identify(.) by extensions ['cmake', 'python']
[0.507s] Level 1:colcon.colcon_core.package_identification:_identify(.) by extension 'cmake'
[0.507s] Level 1:colcon.colcon_core.package_identification:_identify(.) by extension 'python'
[0.508s] Level 1:colcon.colcon_core.package_identification:_identify(.) by extensions ['python_setup_py']
[0.508s] Level 1:colcon.colcon_core.package_identification:_identify(.) by extension 'python_setup_py'
[0.508s] Level 1:colcon.colcon_core.package_identification:_identify(Robile) by extensions ['ignore', 'ignore_ament_install']
[0.508s] Level 1:colcon.colcon_core.package_identification:_identify(Robile) by extension 'ignore'
[0.508s] Level 1:colcon.colcon_core.package_identification:_identify(Robile) by extension 'ignore_ament_install'
[0.508s] Level 1:colcon.colcon_core.package_identification:_identify(Robile) by extensions ['colcon_pkg']
[0.508s] Level 1:colcon.colcon_core.package_identification:_identify(Robile) by extension 'colcon_pkg'
[0.508s] Level 1:colcon.colcon_core.package_identification:_identify(Robile) by extensions ['colcon_meta']
[0.508s] Level 1:colcon.colcon_core.package_identification:_identify(Robile) by extension 'colcon_meta'
[0.508s] Level 1:colcon.colcon_core.package_identification:_identify(Robile) by extensions ['ros']
[0.508s] Level 1:colcon.colcon_core.package_identification:_identify(Robile) by extension 'ros'
[0.508s] Level 1:colcon.colcon_core.package_identification:_identify(Robile) by extensions ['cmake', 'python']
[0.508s] Level 1:colcon.colcon_core.package_identification:_identify(Robile) by extension 'cmake'
[0.508s] Level 1:colcon.colcon_core.package_identification:_identify(Robile) by extension 'python'
[0.508s] Level 1:colcon.colcon_core.package_identification:_identify(Robile) by extensions ['python_setup_py']
[0.508s] Level 1:colcon.colcon_core.package_identification:_identify(Robile) by extension 'python_setup_py'
[0.509s] Level 1:colcon.colcon_core.package_identification:_identify(Stage) by extensions ['ignore', 'ignore_ament_install']
[0.509s] Level 1:colcon.colcon_core.package_identification:_identify(Stage) by extension 'ignore'
[0.509s] Level 1:colcon.colcon_core.package_identification:_identify(Stage) by extension 'ignore_ament_install'
[0.509s] Level 1:colcon.colcon_core.package_identification:_identify(Stage) by extensions ['colcon_pkg']
[0.509s] Level 1:colcon.colcon_core.package_identification:_identify(Stage) by extension 'colcon_pkg'
[0.509s] Level 1:colcon.colcon_core.package_identification:_identify(Stage) by extensions ['colcon_meta']
[0.509s] Level 1:colcon.colcon_core.package_identification:_identify(Stage) by extension 'colcon_meta'
[0.509s] Level 1:colcon.colcon_core.package_identification:_identify(Stage) by extensions ['ros']
[0.509s] Level 1:colcon.colcon_core.package_identification:_identify(Stage) by extension 'ros'
[0.509s] Level 1:colcon.colcon_core.package_identification:_identify(Stage) by extensions ['cmake', 'python']
[0.509s] Level 1:colcon.colcon_core.package_identification:_identify(Stage) by extension 'cmake'
[0.509s] Level 1:colcon.colcon_core.package_identification:_identify(Stage) by extension 'python'
[0.509s] Level 1:colcon.colcon_core.package_identification:_identify(Stage) by extensions ['python_setup_py']
[0.509s] Level 1:colcon.colcon_core.package_identification:_identify(Stage) by extension 'python_setup_py'
[0.509s] Level 1:colcon.colcon_core.package_identification:_identify(build) by extensions ['ignore', 'ignore_ament_install']
[0.509s] Level 1:colcon.colcon_core.package_identification:_identify(build) by extension 'ignore'
[0.510s] Level 1:colcon.colcon_core.package_identification:_identify(build) ignored
[0.510s] Level 1:colcon.colcon_core.package_identification:_identify(collective_robotics) by extensions ['ignore', 'ignore_ament_install']
[0.510s] Level 1:colcon.colcon_core.package_identification:_identify(collective_robotics) by extension 'ignore'
[0.510s] Level 1:colcon.colcon_core.package_identification:_identify(collective_robotics) by extension 'ignore_ament_install'
[0.510s] Level 1:colcon.colcon_core.package_identification:_identify(collective_robotics) by extensions ['colcon_pkg']
[0.510s] Level 1:colcon.colcon_core.package_identification:_identify(collective_robotics) by extension 'colcon_pkg'
[0.510s] Level 1:colcon.colcon_core.package_identification:_identify(collective_robotics) by extensions ['colcon_meta']
[0.510s] Level 1:colcon.colcon_core.package_identification:_identify(collective_robotics) by extension 'colcon_meta'
[0.510s] Level 1:colcon.colcon_core.package_identification:_identify(collective_robotics) by extensions ['ros']
[0.510s] Level 1:colcon.colcon_core.package_identification:_identify(collective_robotics) by extension 'ros'
[0.516s] DEBUG:colcon.colcon_core.package_identification:Package 'collective_robotics' with type 'ros.ament_python' and name 'collective_robotics'
[0.516s] Level 1:colcon.colcon_core.package_identification:_identify(install) by extensions ['ignore', 'ignore_ament_install']
[0.516s] Level 1:colcon.colcon_core.package_identification:_identify(install) by extension 'ignore'
[0.516s] Level 1:colcon.colcon_core.package_identification:_identify(install) ignored
[0.517s] Level 1:colcon.colcon_core.package_identification:_identify(log) by extensions ['ignore', 'ignore_ament_install']
[0.517s] Level 1:colcon.colcon_core.package_identification:_identify(log) by extension 'ignore'
[0.517s] Level 1:colcon.colcon_core.package_identification:_identify(log) ignored
[0.517s] Level 1:colcon.colcon_core.package_identification:_identify(robile_description) by extensions ['ignore', 'ignore_ament_install']
[0.517s] Level 1:colcon.colcon_core.package_identification:_identify(robile_description) by extension 'ignore'
[0.517s] Level 1:colcon.colcon_core.package_identification:_identify(robile_description) by extension 'ignore_ament_install'
[0.517s] Level 1:colcon.colcon_core.package_identification:_identify(robile_description) by extensions ['colcon_pkg']
[0.517s] Level 1:colcon.colcon_core.package_identification:_identify(robile_description) by extension 'colcon_pkg'
[0.517s] Level 1:colcon.colcon_core.package_identification:_identify(robile_description) by extensions ['colcon_meta']
[0.517s] Level 1:colcon.colcon_core.package_identification:_identify(robile_description) by extension 'colcon_meta'
[0.517s] Level 1:colcon.colcon_core.package_identification:_identify(robile_description) by extensions ['ros']
[0.517s] Level 1:colcon.colcon_core.package_identification:_identify(robile_description) by extension 'ros'
[0.517s] Level 1:colcon.colcon_core.package_identification:_identify(robile_description) by extensions ['cmake', 'python']
[0.517s] Level 1:colcon.colcon_core.package_identification:_identify(robile_description) by extension 'cmake'
[0.517s] Level 1:colcon.colcon_core.package_identification:_identify(robile_description) by extension 'python'
[0.517s] Level 1:colcon.colcon_core.package_identification:_identify(robile_description) by extensions ['python_setup_py']
[0.518s] Level 1:colcon.colcon_core.package_identification:_identify(robile_description) by extension 'python_setup_py'
[0.518s] Level 1:colcon.colcon_core.package_identification:_identify(robile_gazebo) by extensions ['ignore', 'ignore_ament_install']
[0.518s] Level 1:colcon.colcon_core.package_identification:_identify(robile_gazebo) by extension 'ignore'
[0.518s] Level 1:colcon.colcon_core.package_identification:_identify(robile_gazebo) by extension 'ignore_ament_install'
[0.518s] Level 1:colcon.colcon_core.package_identification:_identify(robile_gazebo) by extensions ['colcon_pkg']
[0.518s] Level 1:colcon.colcon_core.package_identification:_identify(robile_gazebo) by extension 'colcon_pkg'
[0.518s] Level 1:colcon.colcon_core.package_identification:_identify(robile_gazebo) by extensions ['colcon_meta']
[0.518s] Level 1:colcon.colcon_core.package_identification:_identify(robile_gazebo) by extension 'colcon_meta'
[0.518s] Level 1:colcon.colcon_core.package_identification:_identify(robile_gazebo) by extensions ['ros']
[0.518s] Level 1:colcon.colcon_core.package_identification:_identify(robile_gazebo) by extension 'ros'
[0.518s] Level 1:colcon.colcon_core.package_identification:_identify(robile_gazebo) by extensions ['cmake', 'python']
[0.518s] Level 1:colcon.colcon_core.package_identification:_identify(robile_gazebo) by extension 'cmake'
[0.518s] Level 1:colcon.colcon_core.package_identification:_identify(robile_gazebo) by extension 'python'
[0.518s] Level 1:colcon.colcon_core.package_identification:_identify(robile_gazebo) by extensions ['python_setup_py']
[0.518s] Level 1:colcon.colcon_core.package_identification:_identify(robile_gazebo) by extension 'python_setup_py'
[0.518s] Level 1:colcon.colcon_core.package_identification:_identify(robile_interfaces) by extensions ['ignore', 'ignore_ament_install']
[0.518s] Level 1:colcon.colcon_core.package_identification:_identify(robile_interfaces) by extension 'ignore'
[0.519s] Level 1:colcon.colcon_core.package_identification:_identify(robile_interfaces) by extension 'ignore_ament_install'
[0.519s] Level 1:colcon.colcon_core.package_identification:_identify(robile_interfaces) by extensions ['colcon_pkg']
[0.519s] Level 1:colcon.colcon_core.package_identification:_identify(robile_interfaces) by extension 'colcon_pkg'
[0.519s] Level 1:colcon.colcon_core.package_identification:_identify(robile_interfaces) by extensions ['colcon_meta']
[0.519s] Level 1:colcon.colcon_core.package_identification:_identify(robile_interfaces) by extension 'colcon_meta'
[0.519s] Level 1:colcon.colcon_core.package_identification:_identify(robile_interfaces) by extensions ['ros']
[0.519s] Level 1:colcon.colcon_core.package_identification:_identify(robile_interfaces) by extension 'ros'
[0.519s] Level 1:colcon.colcon_core.package_identification:_identify(robile_interfaces) by extensions ['cmake', 'python']
[0.519s] Level 1:colcon.colcon_core.package_identification:_identify(robile_interfaces) by extension 'cmake'
[0.519s] Level 1:colcon.colcon_core.package_identification:_identify(robile_interfaces) by extension 'python'
[0.519s] Level 1:colcon.colcon_core.package_identification:_identify(robile_interfaces) by extensions ['python_setup_py']
[0.519s] Level 1:colcon.colcon_core.package_identification:_identify(robile_interfaces) by extension 'python_setup_py'
[0.519s] Level 1:colcon.colcon_core.package_identification:_identify(robile_navigation) by extensions ['ignore', 'ignore_ament_install']
[0.519s] Level 1:colcon.colcon_core.package_identification:_identify(robile_navigation) by extension 'ignore'
[0.519s] Level 1:colcon.colcon_core.package_identification:_identify(robile_navigation) by extension 'ignore_ament_install'
[0.519s] Level 1:colcon.colcon_core.package_identification:_identify(robile_navigation) by extensions ['colcon_pkg']
[0.519s] Level 1:colcon.colcon_core.package_identification:_identify(robile_navigation) by extension 'colcon_pkg'
[0.519s] Level 1:colcon.colcon_core.package_identification:_identify(robile_navigation) by extensions ['colcon_meta']
[0.519s] Level 1:colcon.colcon_core.package_identification:_identify(robile_navigation) by extension 'colcon_meta'
[0.519s] Level 1:colcon.colcon_core.package_identification:_identify(robile_navigation) by extensions ['ros']
[0.520s] Level 1:colcon.colcon_core.package_identification:_identify(robile_navigation) by extension 'ros'
[0.520s] Level 1:colcon.colcon_core.package_identification:_identify(robile_navigation) by extensions ['cmake', 'python']
[0.520s] Level 1:colcon.colcon_core.package_identification:_identify(robile_navigation) by extension 'cmake'
[0.520s] Level 1:colcon.colcon_core.package_identification:_identify(robile_navigation) by extension 'python'
[0.520s] Level 1:colcon.colcon_core.package_identification:_identify(robile_navigation) by extensions ['python_setup_py']
[0.520s] Level 1:colcon.colcon_core.package_identification:_identify(robile_navigation) by extension 'python_setup_py'
[0.520s] Level 1:colcon.colcon_core.package_identification:_identify(stage_ros2) by extensions ['ignore', 'ignore_ament_install']
[0.520s] Level 1:colcon.colcon_core.package_identification:_identify(stage_ros2) by extension 'ignore'
[0.520s] Level 1:colcon.colcon_core.package_identification:_identify(stage_ros2) by extension 'ignore_ament_install'
[0.520s] Level 1:colcon.colcon_core.package_identification:_identify(stage_ros2) by extensions ['colcon_pkg']
[0.520s] Level 1:colcon.colcon_core.package_identification:_identify(stage_ros2) by extension 'colcon_pkg'
[0.520s] Level 1:colcon.colcon_core.package_identification:_identify(stage_ros2) by extensions ['colcon_meta']
[0.520s] Level 1:colcon.colcon_core.package_identification:_identify(stage_ros2) by extension 'colcon_meta'
[0.520s] Level 1:colcon.colcon_core.package_identification:_identify(stage_ros2) by extensions ['ros']
[0.520s] Level 1:colcon.colcon_core.package_identification:_identify(stage_ros2) by extension 'ros'
[0.521s] DEBUG:colcon.colcon_core.package_identification:Package 'stage_ros2' with type 'ros.ament_cmake' and name 'stage_ros2'
[0.521s] Level 1:colcon.colcon_core.package_discovery:discover_packages(recursive) using defaults
[0.522s] Level 1:colcon.colcon_core.package_discovery:discover_packages(ignore) discover
[0.522s] Level 1:colcon.colcon_core.package_discovery:discover_packages(ignore) using defaults
[0.522s] Level 1:colcon.colcon_core.package_discovery:discover_packages(path) discover
[0.522s] Level 1:colcon.colcon_core.package_discovery:discover_packages(path) using defaults
[0.555s] Level 1:colcon.colcon_core.package_discovery:discover_packages(prefix_path) check parameters
[0.555s] Level 1:colcon.colcon_core.package_discovery:discover_packages(prefix_path) discover
[0.558s] DEBUG:colcon.colcon_installed_package_information.package_discovery:Found 392 installed packages in /opt/ros/humble
[0.572s] Level 1:colcon.colcon_core.package_discovery:discover_packages(prefix_path) using defaults
[0.646s] Level 5:colcon.colcon_core.verb:set package 'collective_robotics' build argument 'cmake_args' from command line to 'None'
[0.646s] Level 5:colcon.colcon_core.verb:set package 'collective_robotics' build argument 'cmake_target' from command line to 'None'
[0.646s] Level 5:colcon.colcon_core.verb:set package 'collective_robotics' build argument 'cmake_target_skip_unavailable' from command line to 'False'
[0.647s] Level 5:colcon.colcon_core.verb:set package 'collective_robotics' build argument 'cmake_clean_cache' from command line to 'False'
[0.647s] Level 5:colcon.colcon_core.verb:set package 'collective_robotics' build argument 'cmake_clean_first' from command line to 'False'
[0.647s] Level 5:colcon.colcon_core.verb:set package 'collective_robotics' build argument 'cmake_force_configure' from command line to 'False'
[0.647s] Level 5:colcon.colcon_core.verb:set package 'collective_robotics' build argument 'ament_cmake_args' from command line to 'None'
[0.647s] Level 5:colcon.colcon_core.verb:set package 'collective_robotics' build argument 'catkin_cmake_args' from command line to 'None'
[0.647s] Level 5:colcon.colcon_core.verb:set package 'collective_robotics' build argument 'catkin_skip_building_tests' from command line to 'False'
[0.647s] DEBUG:colcon.colcon_core.verb:Building package 'collective_robotics' with the following arguments: {'ament_cmake_args': None, 'build_base': '/home/ayushi/Collective_Robotics/A2/ros_work/src/build/collective_robotics', 'catkin_cmake_args': None, 'catkin_skip_building_tests': False, 'cmake_args': None, 'cmake_clean_cache': False, 'cmake_clean_first': False, 'cmake_force_configure': False, 'cmake_target': None, 'cmake_target_skip_unavailable': False, 'install_base': '/home/ayushi/Collective_Robotics/A2/ros_work/src/install/collective_robotics', 'merge_install': False, 'path': '/home/ayushi/Collective_Robotics/A2/ros_work/src/collective_robotics', 'symlink_install': True, 'test_result_base': None}
[0.647s] Level 5:colcon.colcon_core.verb:set package 'stage_ros2' build argument 'cmake_args' from command line to 'None'
[0.647s] Level 5:colcon.colcon_core.verb:set package 'stage_ros2' build argument 'cmake_target' from command line to 'None'
[0.647s] Level 5:colcon.colcon_core.verb:set package 'stage_ros2' build argument 'cmake_target_skip_unavailable' from command line to 'False'
[0.647s] Level 5:colcon.colcon_core.verb:set package 'stage_ros2' build argument 'cmake_clean_cache' from command line to 'False'
[0.647s] Level 5:colcon.colcon_core.verb:set package 'stage_ros2' build argument 'cmake_clean_first' from command line to 'False'
[0.647s] Level 5:colcon.colcon_core.verb:set package 'stage_ros2' build argument 'cmake_force_configure' from command line to 'False'
[0.647s] Level 5:colcon.colcon_core.verb:set package 'stage_ros2' build argument 'ament_cmake_args' from command line to 'None'
[0.647s] Level 5:colcon.colcon_core.verb:set package 'stage_ros2' build argument 'catkin_cmake_args' from command line to 'None'
[0.647s] Level 5:colcon.colcon_core.verb:set package 'stage_ros2' build argument 'catkin_skip_building_tests' from command line to 'False'
[0.647s] DEBUG:colcon.colcon_core.verb:Building package 'stage_ros2' with the following arguments: {'ament_cmake_args': None, 'build_base': '/home/ayushi/Collective_Robotics/A2/ros_work/src/build/stage_ros2', 'catkin_cmake_args': None, 'catkin_skip_building_tests': False, 'cmake_args': None, 'cmake_clean_cache': False, 'cmake_clean_first': False, 'cmake_force_configure': False, 'cmake_target': None, 'cmake_target_skip_unavailable': False, 'install_base': '/home/ayushi/Collective_Robotics/A2/ros_work/src/install/stage_ros2', 'merge_install': False, 'path': '/home/ayushi/Collective_Robotics/A2/ros_work/src/stage_ros2', 'symlink_install': True, 'test_result_base': None}
[0.648s] INFO:colcon.colcon_core.executor:Executing jobs using 'parallel' executor
[0.649s] DEBUG:colcon.colcon_parallel_executor.executor.parallel:run_until_complete
[0.649s] INFO:colcon.colcon_ros.task.ament_python.build:Building ROS package in '/home/ayushi/Collective_Robotics/A2/ros_work/src/collective_robotics' with build type 'ament_python'
[0.649s] Level 1:colcon.colcon_core.shell:create_environment_hook('collective_robotics', 'ament_prefix_path')
[0.653s] INFO:colcon.colcon_core.plugin_system:Skipping extension 'colcon_core.shell.bat': Not used on non-Windows systems
[0.653s] INFO:colcon.colcon_core.shell:Creating environment hook '/home/ayushi/Collective_Robotics/A2/ros_work/src/install/collective_robotics/share/collective_robotics/hook/ament_prefix_path.ps1'
[0.654s] INFO:colcon.colcon_core.shell:Creating environment descriptor '/home/ayushi/Collective_Robotics/A2/ros_work/src/install/collective_robotics/share/collective_robotics/hook/ament_prefix_path.dsv'
[0.654s] INFO:colcon.colcon_core.shell:Creating environment hook '/home/ayushi/Collective_Robotics/A2/ros_work/src/install/collective_robotics/share/collective_robotics/hook/ament_prefix_path.sh'
[0.656s] INFO:colcon.colcon_core.shell:Skip shell extension 'powershell' for command environment: Not usable outside of PowerShell
[0.656s] DEBUG:colcon.colcon_core.shell:Skip shell extension 'dsv' for command environment
[0.665s] INFO:colcon.colcon_ros.task.ament_cmake.build:Building ROS package in '/home/ayushi/Collective_Robotics/A2/ros_work/src/stage_ros2' with build type 'ament_cmake'
[0.665s] INFO:colcon.colcon_cmake.task.cmake.build:Building CMake package in '/home/ayushi/Collective_Robotics/A2/ros_work/src/stage_ros2'
[0.666s] INFO:colcon.colcon_core.shell:Skip shell extension 'powershell' for command environment: Not usable outside of PowerShell
[0.666s] DEBUG:colcon.colcon_core.shell:Skip shell extension 'dsv' for command environment
[1.185s] INFO:colcon.colcon_core.task.python.build:Building Python package in '/home/ayushi/Collective_Robotics/A2/ros_work/src/collective_robotics'
[1.186s] INFO:colcon.colcon_core.shell:Skip shell extension 'powershell' for command environment: Not usable outside of PowerShell
[1.186s] DEBUG:colcon.colcon_core.shell:Skip shell extension 'dsv' for command environment
[1.199s] DEBUG:colcon.colcon_core.event_handler.log_command:Invoking command in '/home/ayushi/Collective_Robotics/A2/ros_work/src/build/stage_ros2': CMAKE_PREFIX_PATH=/opt/ros/humble /usr/bin/cmake /home/ayushi/Collective_Robotics/A2/ros_work/src/stage_ros2 -DAMENT_CMAKE_SYMLINK_INSTALL=1 -DCMAKE_INSTALL_PREFIX=/home/ayushi/Collective_Robotics/A2/ros_work/src/install/stage_ros2
[2.050s] DEBUG:colcon.colcon_core.event_handler.log_command:Invoked command in '/home/ayushi/Collective_Robotics/A2/ros_work/src/build/stage_ros2' returned '1': CMAKE_PREFIX_PATH=/opt/ros/humble /usr/bin/cmake /home/ayushi/Collective_Robotics/A2/ros_work/src/stage_ros2 -DAMENT_CMAKE_SYMLINK_INSTALL=1 -DCMAKE_INSTALL_PREFIX=/home/ayushi/Collective_Robotics/A2/ros_work/src/install/stage_ros2
[2.076s] Level 1:colcon.colcon_core.environment:create_environment_scripts_only(stage_ros2)
[2.079s] Level 1:colcon.colcon_core.environment:checking '/home/ayushi/Collective_Robotics/A2/ros_work/src/install/stage_ros2' for CMake module files
[2.080s] Level 1:colcon.colcon_core.environment:checking '/home/ayushi/Collective_Robotics/A2/ros_work/src/install/stage_ros2' for CMake config files
[2.083s] Level 1:colcon.colcon_core.environment:checking '/home/ayushi/Collective_Robotics/A2/ros_work/src/install/stage_ros2/bin'
[2.083s] Level 1:colcon.colcon_core.environment:checking '/home/ayushi/Collective_Robotics/A2/ros_work/src/install/stage_ros2/lib/pkgconfig/stage_ros2.pc'
[2.084s] Level 1:colcon.colcon_core.environment:checking '/home/ayushi/Collective_Robotics/A2/ros_work/src/install/stage_ros2/lib/python3.10/site-packages'
[2.084s] Level 1:colcon.colcon_core.environment:checking '/home/ayushi/Collective_Robotics/A2/ros_work/src/install/stage_ros2/bin'
[2.085s] INFO:colcon.colcon_core.shell:Creating package script '/home/ayushi/Collective_Robotics/A2/ros_work/src/install/stage_ros2/share/stage_ros2/package.ps1'
[2.086s] INFO:colcon.colcon_core.shell:Creating package descriptor '/home/ayushi/Collective_Robotics/A2/ros_work/src/install/stage_ros2/share/stage_ros2/package.dsv'
[2.086s] INFO:colcon.colcon_core.shell:Creating package script '/home/ayushi/Collective_Robotics/A2/ros_work/src/install/stage_ros2/share/stage_ros2/package.sh'
[2.087s] INFO:colcon.colcon_core.shell:Creating package script '/home/ayushi/Collective_Robotics/A2/ros_work/src/install/stage_ros2/share/stage_ros2/package.bash'
[2.088s] INFO:colcon.colcon_core.shell:Creating package script '/home/ayushi/Collective_Robotics/A2/ros_work/src/install/stage_ros2/share/stage_ros2/package.zsh'
[2.089s] Level 1:colcon.colcon_core.environment:create_file_with_runtime_dependencies(/home/ayushi/Collective_Robotics/A2/ros_work/src/install/stage_ros2/share/colcon-core/packages/stage_ros2)
[2.280s] DEBUG:colcon.colcon_parallel_executor.executor.parallel:closing loop
[2.281s] DEBUG:colcon.colcon_parallel_executor.executor.parallel:loop closed
[2.281s] DEBUG:colcon.colcon_parallel_executor.executor.parallel:run_until_complete finished with '1'
[2.281s] DEBUG:colcon.colcon_core.event_reactor:joining thread
[2.287s] INFO:colcon.colcon_core.plugin_system:Skipping extension 'colcon_notification.desktop_notification.terminal_notifier': Not used on non-Darwin systems
[2.288s] INFO:colcon.colcon_core.plugin_system:Skipping extension 'colcon_notification.desktop_notification.win32': Not used on non-Windows systems
[2.288s] INFO:colcon.colcon_notification.desktop_notification:Sending desktop notification using 'notify2'
[2.310s] DEBUG:colcon.colcon_core.event_reactor:joined thread
[2.310s] INFO:colcon.colcon_core.shell:Creating prefix script '/home/ayushi/Collective_Robotics/A2/ros_work/src/install/local_setup.ps1'
[2.312s] INFO:colcon.colcon_core.shell:Creating prefix util module '/home/ayushi/Collective_Robotics/A2/ros_work/src/install/_local_setup_util_ps1.py'
[2.321s] INFO:colcon.colcon_core.shell:Creating prefix chain script '/home/ayushi/Collective_Robotics/A2/ros_work/src/install/setup.ps1'
[2.322s] INFO:colcon.colcon_core.shell:Creating prefix script '/home/ayushi/Collective_Robotics/A2/ros_work/src/install/local_setup.sh'
[2.323s] INFO:colcon.colcon_core.shell:Creating prefix util module '/home/ayushi/Collective_Robotics/A2/ros_work/src/install/_local_setup_util_sh.py'
[2.324s] INFO:colcon.colcon_core.shell:Creating prefix chain script '/home/ayushi/Collective_Robotics/A2/ros_work/src/install/setup.sh'
[2.326s] INFO:colcon.colcon_core.shell:Creating prefix script '/home/ayushi/Collective_Robotics/A2/ros_work/src/install/local_setup.bash'
[2.327s] INFO:colcon.colcon_core.shell:Creating prefix chain script '/home/ayushi/Collective_Robotics/A2/ros_work/src/install/setup.bash'
[2.331s] INFO:colcon.colcon_core.shell:Creating prefix script '/home/ayushi/Collective_Robotics/A2/ros_work/src/install/local_setup.zsh'
[2.334s] INFO:colcon.colcon_core.shell:Creating prefix chain script '/home/ayushi/Collective_Robotics/A2/ros_work/src/install/setup.zsh'
