[1.152s] Invoking command in '/home/ayushi/Collective_Robotics/A2/ros_work/build/collective_robotics': PYTHONPATH=/home/ayushi/Collective_Robotics/A2/ros_work/build/collective_robotics/prefix_override:/usr/lib/python3/dist-packages/colcon_core/task/python/colcon_distutils_commands:/home/ayushi/Collective_Robotics/A2/ros_work/install/collective_robotics/lib/python3.10/site-packages:${PYTHONPATH} /usr/bin/python3 -W ignore:setup.py install is deprecated -W ignore:easy_install command is deprecated setup.py develop --editable --build-directory /home/ayushi/Collective_Robotics/A2/ros_work/build/collective_robotics/build --no-deps symlink_data
[1.564s] running develop
[1.852s] running egg_info
[1.872s] writing collective_robotics.egg-info/PKG-INFO
[1.872s] writing dependency_links to collective_robotics.egg-info/dependency_links.txt
[1.872s] writing entry points to collective_robotics.egg-info/entry_points.txt
[1.872s] writing requirements to collective_robotics.egg-info/requires.txt
[1.873s] writing top-level names to collective_robotics.egg-info/top_level.txt
[1.914s] reading manifest file 'collective_robotics.egg-info/SOURCES.txt'
[1.915s] writing manifest file 'collective_robotics.egg-info/SOURCES.txt'
[1.937s] running build_ext
[1.938s] Creating /home/ayushi/Collective_Robotics/A2/ros_work/install/collective_robotics/lib/python3.10/site-packages/collective-robotics.egg-link (link to .)
[1.939s] Installing cleaning_bot script to /home/ayushi/Collective_Robotics/A2/ros_work/install/collective_robotics/lib/collective_robotics
[1.939s] Installing move_to_goal script to /home/ayushi/Collective_Robotics/A2/ros_work/install/collective_robotics/lib/collective_robotics
[1.940s] Installing multi_bot_task1_stop script to /home/ayushi/Collective_Robotics/A2/ros_work/install/collective_robotics/lib/collective_robotics
[1.940s] Installing multi_bot_task2_wait script to /home/ayushi/Collective_Robotics/A2/ros_work/install/collective_robotics/lib/collective_robotics
[1.940s] Installing multi_bot_task3_aggregate script to /home/ayushi/Collective_Robotics/A2/ros_work/install/collective_robotics/lib/collective_robotics
[1.940s] Installing navigation script to /home/ayushi/Collective_Robotics/A2/ros_work/install/collective_robotics/lib/collective_robotics
[1.941s] Installing obstacle_avoid script to /home/ayushi/Collective_Robotics/A2/ros_work/install/collective_robotics/lib/collective_robotics
[1.941s] Installing random_turning script to /home/ayushi/Collective_Robotics/A2/ros_work/install/collective_robotics/lib/collective_robotics
[1.941s] Installing vacum_bot script to /home/ayushi/Collective_Robotics/A2/ros_work/install/collective_robotics/lib/collective_robotics
[1.941s] Installing wall_follower script to /home/ayushi/Collective_Robotics/A2/ros_work/install/collective_robotics/lib/collective_robotics
[1.941s] 
[1.941s] Installed /home/ayushi/Collective_Robotics/A2/ros_work/build/collective_robotics
[1.942s] running symlink_data
[1.982s] Invoked command in '/home/ayushi/Collective_Robotics/A2/ros_work/build/collective_robotics' returned '0': PYTHONPATH=/home/ayushi/Collective_Robotics/A2/ros_work/build/collective_robotics/prefix_override:/usr/lib/python3/dist-packages/colcon_core/task/python/colcon_distutils_commands:/home/ayushi/Collective_Robotics/A2/ros_work/install/collective_robotics/lib/python3.10/site-packages:${PYTHONPATH} /usr/bin/python3 -W ignore:setup.py install is deprecated -W ignore:easy_install command is deprecated setup.py develop --editable --build-directory /home/ayushi/Collective_Robotics/A2/ros_work/build/collective_robotics/build --no-deps symlink_data
