[2.859s] DEBUG:colcon:Command line arguments: ['/usr/bin/colcon', 'build', '--symlink-install']
[2.859s] DEBUG:colcon:Parsed command line arguments: Namespace(log_base=None, log_level=None, verb_name='build', build_base='build', install_base='install', merge_install=False, symlink_install=True, test_result_base=None, continue_on_error=False, executor='parallel', parallel_workers=4, event_handlers=None, ignore_user_meta=False, metas=['./colcon.meta'], base_paths=['.'], packages_ignore=None, packages_ignore_regex=None, paths=None, packages_up_to=None, packages_up_to_regex=None, packages_above=None, packages_above_and_dependencies=None, packages_above_depth=None, packages_select_by_dep=None, packages_skip_by_dep=None, packages_skip_up_to=None, packages_select_build_failed=False, packages_skip_build_finished=False, packages_select_test_failures=False, packages_skip_test_passed=False, packages_select=None, packages_skip=None, packages_select_regex=None, packages_skip_regex=None, packages_start=None, packages_end=None, allow_overriding=[], cmake_args=None, cmake_target=None, cmake_target_skip_unavailable=False, cmake_clean_cache=False, cmake_clean_first=False, cmake_force_configure=False, ament_cmake_args=None, catkin_cmake_args=None, catkin_skip_building_tests=False, mixin_files=None, mixin=None, verb_parser=<colcon_mixin.mixin.mixin_argument.MixinArgumentDecorator object at 0x7701ec9b8df0>, verb_extension=<colcon_core.verb.build.BuildVerb object at 0x7701ec9b8820>, main=<bound method BuildVerb.main of <colcon_core.verb.build.BuildVerb object at 0x7701ec9b8820>>, mixin_verb=('build',))
[5.742s] Level 1:colcon.colcon_core.package_discovery:discover_packages(colcon_meta) check parameters
[5.742s] Level 1:colcon.colcon_core.package_discovery:discover_packages(recursive) check parameters
[5.742s] Level 1:colcon.colcon_core.package_discovery:discover_packages(ignore) check parameters
[5.742s] Level 1:colcon.colcon_core.package_discovery:discover_packages(path) check parameters
[5.743s] Level 1:colcon.colcon_core.package_discovery:discover_packages(colcon_meta) discover
[5.743s] Level 1:colcon.colcon_core.package_discovery:discover_packages(recursive) discover
[5.744s] INFO:colcon.colcon_core.package_discovery:Crawling recursively for packages in '/home/ayushi/Collective_Robotics/A2/ros_work'
[5.744s] Level 1:colcon.colcon_core.package_identification:_identify(.) by extensions ['ignore', 'ignore_ament_install']
[5.745s] Level 1:colcon.colcon_core.package_identification:_identify(.) by extension 'ignore'
[5.745s] Level 1:colcon.colcon_core.package_identification:_identify(.) by extension 'ignore_ament_install'
[5.745s] Level 1:colcon.colcon_core.package_identification:_identify(.) by extensions ['colcon_pkg']
[5.746s] Level 1:colcon.colcon_core.package_identification:_identify(.) by extension 'colcon_pkg'
[5.746s] Level 1:colcon.colcon_core.package_identification:_identify(.) by extensions ['colcon_meta']
[5.746s] Level 1:colcon.colcon_core.package_identification:_identify(.) by extension 'colcon_meta'
[5.746s] Level 1:colcon.colcon_core.package_identification:_identify(.) by extensions ['ros']
[5.746s] Level 1:colcon.colcon_core.package_identification:_identify(.) by extension 'ros'
[5.839s] Level 1:colcon.colcon_core.package_identification:_identify(.) by extensions ['cmake', 'python']
[5.839s] Level 1:colcon.colcon_core.package_identification:_identify(.) by extension 'cmake'
[5.839s] Level 1:colcon.colcon_core.package_identification:_identify(.) by extension 'python'
[5.839s] Level 1:colcon.colcon_core.package_identification:_identify(.) by extensions ['python_setup_py']
[5.839s] Level 1:colcon.colcon_core.package_identification:_identify(.) by extension 'python_setup_py'
[5.839s] Level 1:colcon.colcon_core.package_identification:_identify(build) by extensions ['ignore', 'ignore_ament_install']
[5.840s] Level 1:colcon.colcon_core.package_identification:_identify(build) by extension 'ignore'
[5.840s] Level 1:colcon.colcon_core.package_identification:_identify(build) ignored
[5.840s] Level 1:colcon.colcon_core.package_identification:_identify(install) by extensions ['ignore', 'ignore_ament_install']
[5.840s] Level 1:colcon.colcon_core.package_identification:_identify(install) by extension 'ignore'
[5.840s] Level 1:colcon.colcon_core.package_identification:_identify(install) ignored
[5.840s] Level 1:colcon.colcon_core.package_identification:_identify(log) by extensions ['ignore', 'ignore_ament_install']
[5.840s] Level 1:colcon.colcon_core.package_identification:_identify(log) by extension 'ignore'
[5.840s] Level 1:colcon.colcon_core.package_identification:_identify(log) ignored
[5.841s] Level 1:colcon.colcon_core.package_identification:_identify(src) by extensions ['ignore', 'ignore_ament_install']
[5.841s] Level 1:colcon.colcon_core.package_identification:_identify(src) by extension 'ignore'
[5.841s] Level 1:colcon.colcon_core.package_identification:_identify(src) by extension 'ignore_ament_install'
[5.841s] Level 1:colcon.colcon_core.package_identification:_identify(src) by extensions ['colcon_pkg']
[5.841s] Level 1:colcon.colcon_core.package_identification:_identify(src) by extension 'colcon_pkg'
[5.841s] Level 1:colcon.colcon_core.package_identification:_identify(src) by extensions ['colcon_meta']
[5.841s] Level 1:colcon.colcon_core.package_identification:_identify(src) by extension 'colcon_meta'
[5.841s] Level 1:colcon.colcon_core.package_identification:_identify(src) by extensions ['ros']
[5.841s] Level 1:colcon.colcon_core.package_identification:_identify(src) by extension 'ros'
[5.841s] Level 1:colcon.colcon_core.package_identification:_identify(src) by extensions ['cmake', 'python']
[5.841s] Level 1:colcon.colcon_core.package_identification:_identify(src) by extension 'cmake'
[5.841s] Level 1:colcon.colcon_core.package_identification:_identify(src) by extension 'python'
[5.842s] Level 1:colcon.colcon_core.package_identification:_identify(src) by extensions ['python_setup_py']
[5.842s] Level 1:colcon.colcon_core.package_identification:_identify(src) by extension 'python_setup_py'
[5.842s] Level 1:colcon.colcon_core.package_identification:_identify(src/Stage) by extensions ['ignore', 'ignore_ament_install']
[5.842s] Level 1:colcon.colcon_core.package_identification:_identify(src/Stage) by extension 'ignore'
[5.842s] Level 1:colcon.colcon_core.package_identification:_identify(src/Stage) by extension 'ignore_ament_install'
[5.842s] Level 1:colcon.colcon_core.package_identification:_identify(src/Stage) by extensions ['colcon_pkg']
[5.842s] Level 1:colcon.colcon_core.package_identification:_identify(src/Stage) by extension 'colcon_pkg'
[5.842s] Level 1:colcon.colcon_core.package_identification:_identify(src/Stage) by extensions ['colcon_meta']
[5.842s] Level 1:colcon.colcon_core.package_identification:_identify(src/Stage) by extension 'colcon_meta'
[5.842s] Level 1:colcon.colcon_core.package_identification:_identify(src/Stage) by extensions ['ros']
[5.842s] Level 1:colcon.colcon_core.package_identification:_identify(src/Stage) by extension 'ros'
[5.842s] Level 1:colcon.colcon_core.package_identification:_identify(src/Stage) by extensions ['cmake', 'python']
[5.842s] Level 1:colcon.colcon_core.package_identification:_identify(src/Stage) by extension 'cmake'
[5.842s] Level 1:colcon.colcon_core.package_identification:_identify(src/Stage) by extension 'python'
[5.842s] Level 1:colcon.colcon_core.package_identification:_identify(src/Stage) by extensions ['python_setup_py']
[5.843s] Level 1:colcon.colcon_core.package_identification:_identify(src/Stage) by extension 'python_setup_py'
[5.843s] Level 1:colcon.colcon_core.package_identification:_identify(src/collective_robotics) by extensions ['ignore', 'ignore_ament_install']
[5.843s] Level 1:colcon.colcon_core.package_identification:_identify(src/collective_robotics) by extension 'ignore'
[5.843s] Level 1:colcon.colcon_core.package_identification:_identify(src/collective_robotics) by extension 'ignore_ament_install'
[5.843s] Level 1:colcon.colcon_core.package_identification:_identify(src/collective_robotics) by extensions ['colcon_pkg']
[5.843s] Level 1:colcon.colcon_core.package_identification:_identify(src/collective_robotics) by extension 'colcon_pkg'
[5.843s] Level 1:colcon.colcon_core.package_identification:_identify(src/collective_robotics) by extensions ['colcon_meta']
[5.843s] Level 1:colcon.colcon_core.package_identification:_identify(src/collective_robotics) by extension 'colcon_meta'
[5.843s] Level 1:colcon.colcon_core.package_identification:_identify(src/collective_robotics) by extensions ['ros']
[5.843s] Level 1:colcon.colcon_core.package_identification:_identify(src/collective_robotics) by extension 'ros'
[5.846s] DEBUG:colcon.colcon_core.package_identification:Package 'src/collective_robotics' with type 'ros.ament_python' and name 'collective_robotics'
[5.846s] Level 1:colcon.colcon_core.package_identification:_identify(src/stage_ros2) by extensions ['ignore', 'ignore_ament_install']
[5.847s] Level 1:colcon.colcon_core.package_identification:_identify(src/stage_ros2) by extension 'ignore'
[5.847s] Level 1:colcon.colcon_core.package_identification:_identify(src/stage_ros2) by extension 'ignore_ament_install'
[5.847s] Level 1:colcon.colcon_core.package_identification:_identify(src/stage_ros2) by extensions ['colcon_pkg']
[5.847s] Level 1:colcon.colcon_core.package_identification:_identify(src/stage_ros2) by extension 'colcon_pkg'
[5.847s] Level 1:colcon.colcon_core.package_identification:_identify(src/stage_ros2) by extensions ['colcon_meta']
[5.847s] Level 1:colcon.colcon_core.package_identification:_identify(src/stage_ros2) by extension 'colcon_meta'
[5.847s] Level 1:colcon.colcon_core.package_identification:_identify(src/stage_ros2) by extensions ['ros']
[5.847s] Level 1:colcon.colcon_core.package_identification:_identify(src/stage_ros2) by extension 'ros'
[5.848s] DEBUG:colcon.colcon_core.package_identification:Package 'src/stage_ros2' with type 'ros.ament_cmake' and name 'stage_ros2'
[5.848s] Level 1:colcon.colcon_core.package_discovery:discover_packages(recursive) using defaults
[5.848s] Level 1:colcon.colcon_core.package_discovery:discover_packages(ignore) discover
[5.848s] Level 1:colcon.colcon_core.package_discovery:discover_packages(ignore) using defaults
[5.848s] Level 1:colcon.colcon_core.package_discovery:discover_packages(path) discover
[5.848s] Level 1:colcon.colcon_core.package_discovery:discover_packages(path) using defaults
[6.015s] Level 1:colcon.colcon_core.package_discovery:discover_packages(prefix_path) check parameters
[6.015s] Level 1:colcon.colcon_core.package_discovery:discover_packages(prefix_path) discover
[6.017s] DEBUG:colcon.colcon_installed_package_information.package_discovery:Found 2 installed packages in /home/ayushi/Collective_Robotics/A2/ros_work/install
[6.019s] DEBUG:colcon.colcon_installed_package_information.package_discovery:Found 392 installed packages in /opt/ros/humble
[6.021s] Level 1:colcon.colcon_core.package_discovery:discover_packages(prefix_path) using defaults
[6.094s] Level 5:colcon.colcon_core.verb:set package 'collective_robotics' build argument 'cmake_args' from command line to 'None'
[6.094s] Level 5:colcon.colcon_core.verb:set package 'collective_robotics' build argument 'cmake_target' from command line to 'None'
[6.094s] Level 5:colcon.colcon_core.verb:set package 'collective_robotics' build argument 'cmake_target_skip_unavailable' from command line to 'False'
[6.094s] Level 5:colcon.colcon_core.verb:set package 'collective_robotics' build argument 'cmake_clean_cache' from command line to 'False'
[6.094s] Level 5:colcon.colcon_core.verb:set package 'collective_robotics' build argument 'cmake_clean_first' from command line to 'False'
[6.094s] Level 5:colcon.colcon_core.verb:set package 'collective_robotics' build argument 'cmake_force_configure' from command line to 'False'
[6.094s] Level 5:colcon.colcon_core.verb:set package 'collective_robotics' build argument 'ament_cmake_args' from command line to 'None'
[6.094s] Level 5:colcon.colcon_core.verb:set package 'collective_robotics' build argument 'catkin_cmake_args' from command line to 'None'
[6.094s] Level 5:colcon.colcon_core.verb:set package 'collective_robotics' build argument 'catkin_skip_building_tests' from command line to 'False'
[6.094s] DEBUG:colcon.colcon_core.verb:Building package 'collective_robotics' with the following arguments: {'ament_cmake_args': None, 'build_base': '/home/ayushi/Collective_Robotics/A2/ros_work/build/collective_robotics', 'catkin_cmake_args': None, 'catkin_skip_building_tests': False, 'cmake_args': None, 'cmake_clean_cache': False, 'cmake_clean_first': False, 'cmake_force_configure': False, 'cmake_target': None, 'cmake_target_skip_unavailable': False, 'install_base': '/home/ayushi/Collective_Robotics/A2/ros_work/install/collective_robotics', 'merge_install': False, 'path': '/home/ayushi/Collective_Robotics/A2/ros_work/src/collective_robotics', 'symlink_install': True, 'test_result_base': None}
[6.094s] Level 5:colcon.colcon_core.verb:set package 'stage_ros2' build argument 'cmake_args' from command line to 'None'
[6.094s] Level 5:colcon.colcon_core.verb:set package 'stage_ros2' build argument 'cmake_target' from command line to 'None'
[6.095s] Level 5:colcon.colcon_core.verb:set package 'stage_ros2' build argument 'cmake_target_skip_unavailable' from command line to 'False'
[6.095s] Level 5:colcon.colcon_core.verb:set package 'stage_ros2' build argument 'cmake_clean_cache' from command line to 'False'
[6.095s] Level 5:colcon.colcon_core.verb:set package 'stage_ros2' build argument 'cmake_clean_first' from command line to 'False'
[6.095s] Level 5:colcon.colcon_core.verb:set package 'stage_ros2' build argument 'cmake_force_configure' from command line to 'False'
[6.095s] Level 5:colcon.colcon_core.verb:set package 'stage_ros2' build argument 'ament_cmake_args' from command line to 'None'
[6.095s] Level 5:colcon.colcon_core.verb:set package 'stage_ros2' build argument 'catkin_cmake_args' from command line to 'None'
[6.095s] Level 5:colcon.colcon_core.verb:set package 'stage_ros2' build argument 'catkin_skip_building_tests' from command line to 'False'
[6.095s] DEBUG:colcon.colcon_core.verb:Building package 'stage_ros2' with the following arguments: {'ament_cmake_args': None, 'build_base': '/home/ayushi/Collective_Robotics/A2/ros_work/build/stage_ros2', 'catkin_cmake_args': None, 'catkin_skip_building_tests': False, 'cmake_args': None, 'cmake_clean_cache': False, 'cmake_clean_first': False, 'cmake_force_configure': False, 'cmake_target': None, 'cmake_target_skip_unavailable': False, 'install_base': '/home/ayushi/Collective_Robotics/A2/ros_work/install/stage_ros2', 'merge_install': False, 'path': '/home/ayushi/Collective_Robotics/A2/ros_work/src/stage_ros2', 'symlink_install': True, 'test_result_base': None}
[6.095s] INFO:colcon.colcon_core.executor:Executing jobs using 'parallel' executor
[6.096s] DEBUG:colcon.colcon_parallel_executor.executor.parallel:run_until_complete
[6.097s] INFO:colcon.colcon_ros.task.ament_python.build:Building ROS package in '/home/ayushi/Collective_Robotics/A2/ros_work/src/collective_robotics' with build type 'ament_python'
[6.097s] Level 1:colcon.colcon_core.shell:create_environment_hook('collective_robotics', 'ament_prefix_path')
[6.112s] INFO:colcon.colcon_core.plugin_system:Skipping extension 'colcon_core.shell.bat': Not used on non-Windows systems
[6.112s] INFO:colcon.colcon_core.shell:Creating environment hook '/home/ayushi/Collective_Robotics/A2/ros_work/install/collective_robotics/share/collective_robotics/hook/ament_prefix_path.ps1'
[6.113s] INFO:colcon.colcon_core.shell:Creating environment descriptor '/home/ayushi/Collective_Robotics/A2/ros_work/install/collective_robotics/share/collective_robotics/hook/ament_prefix_path.dsv'
[6.114s] INFO:colcon.colcon_core.shell:Creating environment hook '/home/ayushi/Collective_Robotics/A2/ros_work/install/collective_robotics/share/collective_robotics/hook/ament_prefix_path.sh'
[6.115s] INFO:colcon.colcon_core.shell:Skip shell extension 'powershell' for command environment: Not usable outside of PowerShell
[6.115s] DEBUG:colcon.colcon_core.shell:Skip shell extension 'dsv' for command environment
[6.120s] INFO:colcon.colcon_ros.task.ament_cmake.build:Building ROS package in '/home/ayushi/Collective_Robotics/A2/ros_work/src/stage_ros2' with build type 'ament_cmake'
[6.120s] INFO:colcon.colcon_cmake.task.cmake.build:Building CMake package in '/home/ayushi/Collective_Robotics/A2/ros_work/src/stage_ros2'
[6.120s] INFO:colcon.colcon_core.shell:Skip shell extension 'powershell' for command environment: Not usable outside of PowerShell
[6.120s] DEBUG:colcon.colcon_core.shell:Skip shell extension 'dsv' for command environment
[6.600s] INFO:colcon.colcon_core.task.python.build:Building Python package in '/home/ayushi/Collective_Robotics/A2/ros_work/src/collective_robotics'
[6.600s] INFO:colcon.colcon_core.shell:Skip shell extension 'powershell' for command environment: Not usable outside of PowerShell
[6.600s] DEBUG:colcon.colcon_core.shell:Skip shell extension 'dsv' for command environment
[6.610s] DEBUG:colcon.colcon_core.event_handler.log_command:Invoking command in '/home/ayushi/Collective_Robotics/A2/ros_work/build/stage_ros2': CMAKE_PREFIX_PATH=${CMAKE_PREFIX_PATH}:/home/ayushi/Collective_Robotics/A2/ros_work/install/collective_robotics:/opt/ros/humble /usr/bin/cmake --build /home/ayushi/Collective_Robotics/A2/ros_work/build/stage_ros2 -- -j4 -l4
[6.975s] DEBUG:colcon.colcon_core.event_handler.log_command:Invoked command in '/home/ayushi/Collective_Robotics/A2/ros_work/build/stage_ros2' returned '0': CMAKE_PREFIX_PATH=${CMAKE_PREFIX_PATH}:/home/ayushi/Collective_Robotics/A2/ros_work/install/collective_robotics:/opt/ros/humble /usr/bin/cmake --build /home/ayushi/Collective_Robotics/A2/ros_work/build/stage_ros2 -- -j4 -l4
[6.988s] DEBUG:colcon.colcon_core.event_handler.log_command:Invoking command in '/home/ayushi/Collective_Robotics/A2/ros_work/build/stage_ros2': CMAKE_PREFIX_PATH=${CMAKE_PREFIX_PATH}:/home/ayushi/Collective_Robotics/A2/ros_work/install/collective_robotics:/opt/ros/humble /usr/bin/cmake --install /home/ayushi/Collective_Robotics/A2/ros_work/build/stage_ros2
[7.030s] Level 1:colcon.colcon_core.environment:create_environment_scripts_only(stage_ros2)
[7.031s] DEBUG:colcon.colcon_core.event_handler.log_command:Invoked command in '/home/ayushi/Collective_Robotics/A2/ros_work/build/stage_ros2' returned '0': CMAKE_PREFIX_PATH=${CMAKE_PREFIX_PATH}:/home/ayushi/Collective_Robotics/A2/ros_work/install/collective_robotics:/opt/ros/humble /usr/bin/cmake --install /home/ayushi/Collective_Robotics/A2/ros_work/build/stage_ros2
[7.048s] Level 1:colcon.colcon_core.environment:checking '/home/ayushi/Collective_Robotics/A2/ros_work/install/stage_ros2' for CMake module files
[7.049s] Level 1:colcon.colcon_core.environment:checking '/home/ayushi/Collective_Robotics/A2/ros_work/install/stage_ros2' for CMake config files
[7.049s] Level 1:colcon.colcon_core.shell:create_environment_hook('stage_ros2', 'cmake_prefix_path')
[7.050s] INFO:colcon.colcon_core.shell:Creating environment hook '/home/ayushi/Collective_Robotics/A2/ros_work/install/stage_ros2/share/stage_ros2/hook/cmake_prefix_path.ps1'
[7.050s] INFO:colcon.colcon_core.shell:Creating environment descriptor '/home/ayushi/Collective_Robotics/A2/ros_work/install/stage_ros2/share/stage_ros2/hook/cmake_prefix_path.dsv'
[7.051s] INFO:colcon.colcon_core.shell:Creating environment hook '/home/ayushi/Collective_Robotics/A2/ros_work/install/stage_ros2/share/stage_ros2/hook/cmake_prefix_path.sh'
[7.052s] Level 1:colcon.colcon_core.environment:checking '/home/ayushi/Collective_Robotics/A2/ros_work/install/stage_ros2/lib'
[7.053s] Level 1:colcon.colcon_core.shell:create_environment_hook('stage_ros2', 'ld_library_path_lib')
[7.053s] INFO:colcon.colcon_core.shell:Creating environment hook '/home/ayushi/Collective_Robotics/A2/ros_work/install/stage_ros2/share/stage_ros2/hook/ld_library_path_lib.ps1'
[7.054s] INFO:colcon.colcon_core.shell:Creating environment descriptor '/home/ayushi/Collective_Robotics/A2/ros_work/install/stage_ros2/share/stage_ros2/hook/ld_library_path_lib.dsv'
[7.054s] INFO:colcon.colcon_core.shell:Creating environment hook '/home/ayushi/Collective_Robotics/A2/ros_work/install/stage_ros2/share/stage_ros2/hook/ld_library_path_lib.sh'
[7.055s] Level 1:colcon.colcon_core.environment:checking '/home/ayushi/Collective_Robotics/A2/ros_work/install/stage_ros2/bin'
[7.055s] Level 1:colcon.colcon_core.environment:checking '/home/ayushi/Collective_Robotics/A2/ros_work/install/stage_ros2/lib/pkgconfig/stage_ros2.pc'
[7.056s] Level 1:colcon.colcon_core.environment:checking '/home/ayushi/Collective_Robotics/A2/ros_work/install/stage_ros2/lib/python3.10/site-packages'
[7.056s] Level 1:colcon.colcon_core.environment:checking '/home/ayushi/Collective_Robotics/A2/ros_work/install/stage_ros2/bin'
[7.057s] INFO:colcon.colcon_core.shell:Creating package script '/home/ayushi/Collective_Robotics/A2/ros_work/install/stage_ros2/share/stage_ros2/package.ps1'
[7.058s] INFO:colcon.colcon_core.shell:Creating package descriptor '/home/ayushi/Collective_Robotics/A2/ros_work/install/stage_ros2/share/stage_ros2/package.dsv'
[7.060s] INFO:colcon.colcon_core.shell:Creating package script '/home/ayushi/Collective_Robotics/A2/ros_work/install/stage_ros2/share/stage_ros2/package.sh'
[7.092s] INFO:colcon.colcon_core.shell:Creating package script '/home/ayushi/Collective_Robotics/A2/ros_work/install/stage_ros2/share/stage_ros2/package.bash'
[7.093s] INFO:colcon.colcon_core.shell:Creating package script '/home/ayushi/Collective_Robotics/A2/ros_work/install/stage_ros2/share/stage_ros2/package.zsh'
[7.094s] Level 1:colcon.colcon_core.environment:create_file_with_runtime_dependencies(/home/ayushi/Collective_Robotics/A2/ros_work/install/stage_ros2/share/colcon-core/packages/stage_ros2)
[7.095s] Level 1:colcon.colcon_core.environment:create_environment_scripts_only(stage_ros2)
[7.095s] Level 1:colcon.colcon_core.environment:checking '/home/ayushi/Collective_Robotics/A2/ros_work/install/stage_ros2' for CMake module files
[7.095s] Level 1:colcon.colcon_core.environment:checking '/home/ayushi/Collective_Robotics/A2/ros_work/install/stage_ros2' for CMake config files
[7.096s] Level 1:colcon.colcon_core.shell:create_environment_hook('stage_ros2', 'cmake_prefix_path')
[7.096s] INFO:colcon.colcon_core.shell:Creating environment hook '/home/ayushi/Collective_Robotics/A2/ros_work/install/stage_ros2/share/stage_ros2/hook/cmake_prefix_path.ps1'
[7.097s] INFO:colcon.colcon_core.shell:Creating environment descriptor '/home/ayushi/Collective_Robotics/A2/ros_work/install/stage_ros2/share/stage_ros2/hook/cmake_prefix_path.dsv'
[7.097s] INFO:colcon.colcon_core.shell:Creating environment hook '/home/ayushi/Collective_Robotics/A2/ros_work/install/stage_ros2/share/stage_ros2/hook/cmake_prefix_path.sh'
[7.098s] Level 1:colcon.colcon_core.environment:checking '/home/ayushi/Collective_Robotics/A2/ros_work/install/stage_ros2/lib'
[7.098s] Level 1:colcon.colcon_core.shell:create_environment_hook('stage_ros2', 'ld_library_path_lib')
[7.098s] INFO:colcon.colcon_core.shell:Creating environment hook '/home/ayushi/Collective_Robotics/A2/ros_work/install/stage_ros2/share/stage_ros2/hook/ld_library_path_lib.ps1'
[7.099s] INFO:colcon.colcon_core.shell:Creating environment descriptor '/home/ayushi/Collective_Robotics/A2/ros_work/install/stage_ros2/share/stage_ros2/hook/ld_library_path_lib.dsv'
[7.100s] INFO:colcon.colcon_core.shell:Creating environment hook '/home/ayushi/Collective_Robotics/A2/ros_work/install/stage_ros2/share/stage_ros2/hook/ld_library_path_lib.sh'
[7.100s] Level 1:colcon.colcon_core.environment:checking '/home/ayushi/Collective_Robotics/A2/ros_work/install/stage_ros2/bin'
[7.101s] Level 1:colcon.colcon_core.environment:checking '/home/ayushi/Collective_Robotics/A2/ros_work/install/stage_ros2/lib/pkgconfig/stage_ros2.pc'
[7.101s] Level 1:colcon.colcon_core.environment:checking '/home/ayushi/Collective_Robotics/A2/ros_work/install/stage_ros2/lib/python3.10/site-packages'
[7.101s] Level 1:colcon.colcon_core.environment:checking '/home/ayushi/Collective_Robotics/A2/ros_work/install/stage_ros2/bin'
[7.102s] INFO:colcon.colcon_core.shell:Creating package script '/home/ayushi/Collective_Robotics/A2/ros_work/install/stage_ros2/share/stage_ros2/package.ps1'
[7.103s] INFO:colcon.colcon_core.shell:Creating package descriptor '/home/ayushi/Collective_Robotics/A2/ros_work/install/stage_ros2/share/stage_ros2/package.dsv'
[7.103s] INFO:colcon.colcon_core.shell:Creating package script '/home/ayushi/Collective_Robotics/A2/ros_work/install/stage_ros2/share/stage_ros2/package.sh'
[7.104s] INFO:colcon.colcon_core.shell:Creating package script '/home/ayushi/Collective_Robotics/A2/ros_work/install/stage_ros2/share/stage_ros2/package.bash'
[7.104s] INFO:colcon.colcon_core.shell:Creating package script '/home/ayushi/Collective_Robotics/A2/ros_work/install/stage_ros2/share/stage_ros2/package.zsh'
[7.105s] Level 1:colcon.colcon_core.environment:create_file_with_runtime_dependencies(/home/ayushi/Collective_Robotics/A2/ros_work/install/stage_ros2/share/colcon-core/packages/stage_ros2)
[7.775s] DEBUG:colcon.colcon_core.event_handler.log_command:Invoking command in '/home/ayushi/Collective_Robotics/A2/ros_work/build/collective_robotics': PYTHONPATH=/home/ayushi/Collective_Robotics/A2/ros_work/build/collective_robotics/prefix_override:/usr/lib/python3/dist-packages/colcon_core/task/python/colcon_distutils_commands:/home/ayushi/Collective_Robotics/A2/ros_work/install/collective_robotics/lib/python3.10/site-packages:${PYTHONPATH} /usr/bin/python3 -W ignore:setup.py install is deprecated -W ignore:easy_install command is deprecated setup.py develop --editable --build-directory /home/ayushi/Collective_Robotics/A2/ros_work/build/collective_robotics/build --no-deps symlink_data
[8.661s] Level 1:colcon.colcon_core.shell:create_environment_hook('collective_robotics', 'pythonpath_develop')
[8.662s] INFO:colcon.colcon_core.shell:Creating environment hook '/home/ayushi/Collective_Robotics/A2/ros_work/build/collective_robotics/share/collective_robotics/hook/pythonpath_develop.ps1'
[8.662s] DEBUG:colcon.colcon_core.event_handler.log_command:Invoked command in '/home/ayushi/Collective_Robotics/A2/ros_work/build/collective_robotics' returned '0': PYTHONPATH=/home/ayushi/Collective_Robotics/A2/ros_work/build/collective_robotics/prefix_override:/usr/lib/python3/dist-packages/colcon_core/task/python/colcon_distutils_commands:/home/ayushi/Collective_Robotics/A2/ros_work/install/collective_robotics/lib/python3.10/site-packages:${PYTHONPATH} /usr/bin/python3 -W ignore:setup.py install is deprecated -W ignore:easy_install command is deprecated setup.py develop --editable --build-directory /home/ayushi/Collective_Robotics/A2/ros_work/build/collective_robotics/build --no-deps symlink_data
[8.663s] INFO:colcon.colcon_core.shell:Creating environment descriptor '/home/ayushi/Collective_Robotics/A2/ros_work/build/collective_robotics/share/collective_robotics/hook/pythonpath_develop.dsv'
[8.663s] INFO:colcon.colcon_core.shell:Creating environment hook '/home/ayushi/Collective_Robotics/A2/ros_work/build/collective_robotics/share/collective_robotics/hook/pythonpath_develop.sh'
[8.664s] Level 1:colcon.colcon_core.environment:checking '/home/ayushi/Collective_Robotics/A2/ros_work/install/collective_robotics' for CMake module files
[8.665s] Level 1:colcon.colcon_core.environment:checking '/home/ayushi/Collective_Robotics/A2/ros_work/install/collective_robotics' for CMake config files
[8.685s] Level 1:colcon.colcon_core.environment:checking '/home/ayushi/Collective_Robotics/A2/ros_work/install/collective_robotics/lib'
[8.685s] Level 1:colcon.colcon_core.environment:checking '/home/ayushi/Collective_Robotics/A2/ros_work/install/collective_robotics/bin'
[8.686s] Level 1:colcon.colcon_core.environment:checking '/home/ayushi/Collective_Robotics/A2/ros_work/install/collective_robotics/lib/pkgconfig/collective_robotics.pc'
[8.686s] Level 1:colcon.colcon_core.environment:checking '/home/ayushi/Collective_Robotics/A2/ros_work/install/collective_robotics/lib/python3.10/site-packages'
[8.687s] Level 1:colcon.colcon_core.shell:create_environment_hook('collective_robotics', 'pythonpath')
[8.687s] INFO:colcon.colcon_core.shell:Creating environment hook '/home/ayushi/Collective_Robotics/A2/ros_work/install/collective_robotics/share/collective_robotics/hook/pythonpath.ps1'
[8.688s] INFO:colcon.colcon_core.shell:Creating environment descriptor '/home/ayushi/Collective_Robotics/A2/ros_work/install/collective_robotics/share/collective_robotics/hook/pythonpath.dsv'
[8.690s] INFO:colcon.colcon_core.shell:Creating environment hook '/home/ayushi/Collective_Robotics/A2/ros_work/install/collective_robotics/share/collective_robotics/hook/pythonpath.sh'
[8.691s] Level 1:colcon.colcon_core.environment:checking '/home/ayushi/Collective_Robotics/A2/ros_work/install/collective_robotics/bin'
[8.692s] Level 1:colcon.colcon_core.environment:create_environment_scripts_only(collective_robotics)
[8.692s] INFO:colcon.colcon_core.shell:Creating package script '/home/ayushi/Collective_Robotics/A2/ros_work/install/collective_robotics/share/collective_robotics/package.ps1'
[8.694s] INFO:colcon.colcon_core.shell:Creating package descriptor '/home/ayushi/Collective_Robotics/A2/ros_work/install/collective_robotics/share/collective_robotics/package.dsv'
[8.695s] INFO:colcon.colcon_core.shell:Creating package script '/home/ayushi/Collective_Robotics/A2/ros_work/install/collective_robotics/share/collective_robotics/package.sh'
[8.696s] INFO:colcon.colcon_core.shell:Creating package script '/home/ayushi/Collective_Robotics/A2/ros_work/install/collective_robotics/share/collective_robotics/package.bash'
[8.697s] INFO:colcon.colcon_core.shell:Creating package script '/home/ayushi/Collective_Robotics/A2/ros_work/install/collective_robotics/share/collective_robotics/package.zsh'
[8.698s] Level 1:colcon.colcon_core.environment:create_file_with_runtime_dependencies(/home/ayushi/Collective_Robotics/A2/ros_work/install/collective_robotics/share/colcon-core/packages/collective_robotics)
[8.698s] DEBUG:colcon.colcon_parallel_executor.executor.parallel:closing loop
[8.698s] DEBUG:colcon.colcon_parallel_executor.executor.parallel:loop closed
[8.698s] DEBUG:colcon.colcon_parallel_executor.executor.parallel:run_until_complete finished with '0'
[8.699s] DEBUG:colcon.colcon_core.event_reactor:joining thread
[8.705s] INFO:colcon.colcon_core.plugin_system:Skipping extension 'colcon_notification.desktop_notification.terminal_notifier': Not used on non-Darwin systems
[8.705s] INFO:colcon.colcon_core.plugin_system:Skipping extension 'colcon_notification.desktop_notification.win32': Not used on non-Windows systems
[8.705s] INFO:colcon.colcon_notification.desktop_notification:Sending desktop notification using 'notify2'
[8.724s] DEBUG:colcon.colcon_core.event_reactor:joined thread
[8.725s] INFO:colcon.colcon_core.shell:Creating prefix script '/home/ayushi/Collective_Robotics/A2/ros_work/install/local_setup.ps1'
[8.726s] INFO:colcon.colcon_core.shell:Creating prefix util module '/home/ayushi/Collective_Robotics/A2/ros_work/install/_local_setup_util_ps1.py'
[8.728s] INFO:colcon.colcon_core.shell:Creating prefix chain script '/home/ayushi/Collective_Robotics/A2/ros_work/install/setup.ps1'
[8.735s] INFO:colcon.colcon_core.shell:Creating prefix script '/home/ayushi/Collective_Robotics/A2/ros_work/install/local_setup.sh'
[8.736s] INFO:colcon.colcon_core.shell:Creating prefix util module '/home/ayushi/Collective_Robotics/A2/ros_work/install/_local_setup_util_sh.py'
[8.737s] INFO:colcon.colcon_core.shell:Creating prefix chain script '/home/ayushi/Collective_Robotics/A2/ros_work/install/setup.sh'
[8.739s] INFO:colcon.colcon_core.shell:Creating prefix script '/home/ayushi/Collective_Robotics/A2/ros_work/install/local_setup.bash'
[8.741s] INFO:colcon.colcon_core.shell:Creating prefix chain script '/home/ayushi/Collective_Robotics/A2/ros_work/install/setup.bash'
[8.744s] INFO:colcon.colcon_core.shell:Creating prefix script '/home/ayushi/Collective_Robotics/A2/ros_work/install/local_setup.zsh'
[8.745s] INFO:colcon.colcon_core.shell:Creating prefix chain script '/home/ayushi/Collective_Robotics/A2/ros_work/install/setup.zsh'
