[0.274s] DEBUG:colcon:Command line arguments: ['/usr/bin/colcon', 'build']
[0.274s] DEBUG:colcon:Parsed command line arguments: Namespace(log_base=None, log_level=None, verb_name='build', build_base='build', install_base='install', merge_install=False, symlink_install=False, test_result_base=None, continue_on_error=False, executor='parallel', parallel_workers=4, event_handlers=None, ignore_user_meta=False, metas=['./colcon.meta'], base_paths=['.'], packages_ignore=None, packages_ignore_regex=None, paths=None, packages_up_to=None, packages_up_to_regex=None, packages_above=None, packages_above_and_dependencies=None, packages_above_depth=None, packages_select_by_dep=None, packages_skip_by_dep=None, packages_skip_up_to=None, packages_select_build_failed=False, packages_skip_build_finished=False, packages_select_test_failures=False, packages_skip_test_passed=False, packages_select=None, packages_skip=None, packages_select_regex=None, packages_skip_regex=None, packages_start=None, packages_end=None, allow_overriding=[], cmake_args=None, cmake_target=None, cmake_target_skip_unavailable=False, cmake_clean_cache=False, cmake_clean_first=False, cmake_force_configure=False, ament_cmake_args=None, catkin_cmake_args=None, catkin_skip_building_tests=False, mixin_files=None, mixin=None, verb_parser=<colcon_mixin.mixin.mixin_argument.MixinArgumentDecorator object at 0x7cbbc9704d90>, verb_extension=<colcon_core.verb.build.BuildVerb object at 0x7cbbc97047c0>, main=<bound method BuildVerb.main of <colcon_core.verb.build.BuildVerb object at 0x7cbbc97047c0>>, mixin_verb=('build',))
[0.611s] Level 1:colcon.colcon_core.package_discovery:discover_packages(colcon_meta) check parameters
[0.611s] Level 1:colcon.colcon_core.package_discovery:discover_packages(recursive) check parameters
[0.612s] Level 1:colcon.colcon_core.package_discovery:discover_packages(ignore) check parameters
[0.612s] Level 1:colcon.colcon_core.package_discovery:discover_packages(path) check parameters
[0.612s] Level 1:colcon.colcon_core.package_discovery:discover_packages(colcon_meta) discover
[0.612s] Level 1:colcon.colcon_core.package_discovery:discover_packages(recursive) discover
[0.612s] INFO:colcon.colcon_core.package_discovery:Crawling recursively for packages in '/home/ayushi/Collective_Robotics/A2/ros_work'
[0.612s] Level 1:colcon.colcon_core.package_identification:_identify(.) by extensions ['ignore', 'ignore_ament_install']
[0.613s] Level 1:colcon.colcon_core.package_identification:_identify(.) by extension 'ignore'
[0.613s] Level 1:colcon.colcon_core.package_identification:_identify(.) by extension 'ignore_ament_install'
[0.613s] Level 1:colcon.colcon_core.package_identification:_identify(.) by extensions ['colcon_pkg']
[0.613s] Level 1:colcon.colcon_core.package_identification:_identify(.) by extension 'colcon_pkg'
[0.613s] Level 1:colcon.colcon_core.package_identification:_identify(.) by extensions ['colcon_meta']
[0.613s] Level 1:colcon.colcon_core.package_identification:_identify(.) by extension 'colcon_meta'
[0.613s] Level 1:colcon.colcon_core.package_identification:_identify(.) by extensions ['ros']
[0.613s] Level 1:colcon.colcon_core.package_identification:_identify(.) by extension 'ros'
[0.640s] Level 1:colcon.colcon_core.package_identification:_identify(.) by extensions ['cmake', 'python']
[0.640s] Level 1:colcon.colcon_core.package_identification:_identify(.) by extension 'cmake'
[0.640s] Level 1:colcon.colcon_core.package_identification:_identify(.) by extension 'python'
[0.640s] Level 1:colcon.colcon_core.package_identification:_identify(.) by extensions ['python_setup_py']
[0.640s] Level 1:colcon.colcon_core.package_identification:_identify(.) by extension 'python_setup_py'
[0.640s] Level 1:colcon.colcon_core.package_identification:_identify(build) by extensions ['ignore', 'ignore_ament_install']
[0.640s] Level 1:colcon.colcon_core.package_identification:_identify(build) by extension 'ignore'
[0.640s] Level 1:colcon.colcon_core.package_identification:_identify(build) ignored
[0.640s] Level 1:colcon.colcon_core.package_identification:_identify(install) by extensions ['ignore', 'ignore_ament_install']
[0.640s] Level 1:colcon.colcon_core.package_identification:_identify(install) by extension 'ignore'
[0.640s] Level 1:colcon.colcon_core.package_identification:_identify(install) ignored
[0.641s] Level 1:colcon.colcon_core.package_identification:_identify(log) by extensions ['ignore', 'ignore_ament_install']
[0.641s] Level 1:colcon.colcon_core.package_identification:_identify(log) by extension 'ignore'
[0.641s] Level 1:colcon.colcon_core.package_identification:_identify(log) ignored
[0.641s] Level 1:colcon.colcon_core.package_identification:_identify(src) by extensions ['ignore', 'ignore_ament_install']
[0.641s] Level 1:colcon.colcon_core.package_identification:_identify(src) by extension 'ignore'
[0.641s] Level 1:colcon.colcon_core.package_identification:_identify(src) by extension 'ignore_ament_install'
[0.641s] Level 1:colcon.colcon_core.package_identification:_identify(src) by extensions ['colcon_pkg']
[0.641s] Level 1:colcon.colcon_core.package_identification:_identify(src) by extension 'colcon_pkg'
[0.641s] Level 1:colcon.colcon_core.package_identification:_identify(src) by extensions ['colcon_meta']
[0.641s] Level 1:colcon.colcon_core.package_identification:_identify(src) by extension 'colcon_meta'
[0.641s] Level 1:colcon.colcon_core.package_identification:_identify(src) by extensions ['ros']
[0.641s] Level 1:colcon.colcon_core.package_identification:_identify(src) by extension 'ros'
[0.641s] Level 1:colcon.colcon_core.package_identification:_identify(src) by extensions ['cmake', 'python']
[0.641s] Level 1:colcon.colcon_core.package_identification:_identify(src) by extension 'cmake'
[0.641s] Level 1:colcon.colcon_core.package_identification:_identify(src) by extension 'python'
[0.641s] Level 1:colcon.colcon_core.package_identification:_identify(src) by extensions ['python_setup_py']
[0.642s] Level 1:colcon.colcon_core.package_identification:_identify(src) by extension 'python_setup_py'
[0.642s] Level 1:colcon.colcon_core.package_identification:_identify(src/Stage) by extensions ['ignore', 'ignore_ament_install']
[0.642s] Level 1:colcon.colcon_core.package_identification:_identify(src/Stage) by extension 'ignore'
[0.642s] Level 1:colcon.colcon_core.package_identification:_identify(src/Stage) by extension 'ignore_ament_install'
[0.642s] Level 1:colcon.colcon_core.package_identification:_identify(src/Stage) by extensions ['colcon_pkg']
[0.642s] Level 1:colcon.colcon_core.package_identification:_identify(src/Stage) by extension 'colcon_pkg'
[0.642s] Level 1:colcon.colcon_core.package_identification:_identify(src/Stage) by extensions ['colcon_meta']
[0.642s] Level 1:colcon.colcon_core.package_identification:_identify(src/Stage) by extension 'colcon_meta'
[0.642s] Level 1:colcon.colcon_core.package_identification:_identify(src/Stage) by extensions ['ros']
[0.642s] Level 1:colcon.colcon_core.package_identification:_identify(src/Stage) by extension 'ros'
[0.642s] Level 1:colcon.colcon_core.package_identification:_identify(src/Stage) by extensions ['cmake', 'python']
[0.642s] Level 1:colcon.colcon_core.package_identification:_identify(src/Stage) by extension 'cmake'
[0.643s] Level 1:colcon.colcon_core.package_identification:_identify(src/Stage) by extension 'python'
[0.643s] Level 1:colcon.colcon_core.package_identification:_identify(src/Stage) by extensions ['python_setup_py']
[0.643s] Level 1:colcon.colcon_core.package_identification:_identify(src/Stage) by extension 'python_setup_py'
[0.643s] Level 1:colcon.colcon_core.package_identification:_identify(src/build) by extensions ['ignore', 'ignore_ament_install']
[0.643s] Level 1:colcon.colcon_core.package_identification:_identify(src/build) by extension 'ignore'
[0.643s] Level 1:colcon.colcon_core.package_identification:_identify(src/build) ignored
[0.644s] Level 1:colcon.colcon_core.package_identification:_identify(src/collective_robotics) by extensions ['ignore', 'ignore_ament_install']
[0.644s] Level 1:colcon.colcon_core.package_identification:_identify(src/collective_robotics) by extension 'ignore'
[0.644s] Level 1:colcon.colcon_core.package_identification:_identify(src/collective_robotics) by extension 'ignore_ament_install'
[0.644s] Level 1:colcon.colcon_core.package_identification:_identify(src/collective_robotics) by extensions ['colcon_pkg']
[0.644s] Level 1:colcon.colcon_core.package_identification:_identify(src/collective_robotics) by extension 'colcon_pkg'
[0.644s] Level 1:colcon.colcon_core.package_identification:_identify(src/collective_robotics) by extensions ['colcon_meta']
[0.645s] Level 1:colcon.colcon_core.package_identification:_identify(src/collective_robotics) by extension 'colcon_meta'
[0.645s] Level 1:colcon.colcon_core.package_identification:_identify(src/collective_robotics) by extensions ['ros']
[0.645s] Level 1:colcon.colcon_core.package_identification:_identify(src/collective_robotics) by extension 'ros'
[0.650s] DEBUG:colcon.colcon_core.package_identification:Package 'src/collective_robotics' with type 'ros.ament_python' and name 'collective_robotics'
[0.650s] Level 1:colcon.colcon_core.package_identification:_identify(src/install) by extensions ['ignore', 'ignore_ament_install']
[0.650s] Level 1:colcon.colcon_core.package_identification:_identify(src/install) by extension 'ignore'
[0.651s] Level 1:colcon.colcon_core.package_identification:_identify(src/install) ignored
[0.651s] Level 1:colcon.colcon_core.package_identification:_identify(src/log) by extensions ['ignore', 'ignore_ament_install']
[0.651s] Level 1:colcon.colcon_core.package_identification:_identify(src/log) by extension 'ignore'
[0.651s] Level 1:colcon.colcon_core.package_identification:_identify(src/log) ignored
[0.651s] Level 1:colcon.colcon_core.package_identification:_identify(src/stage_ros2) by extensions ['ignore', 'ignore_ament_install']
[0.651s] Level 1:colcon.colcon_core.package_identification:_identify(src/stage_ros2) by extension 'ignore'
[0.651s] Level 1:colcon.colcon_core.package_identification:_identify(src/stage_ros2) by extension 'ignore_ament_install'
[0.651s] Level 1:colcon.colcon_core.package_identification:_identify(src/stage_ros2) by extensions ['colcon_pkg']
[0.651s] Level 1:colcon.colcon_core.package_identification:_identify(src/stage_ros2) by extension 'colcon_pkg'
[0.651s] Level 1:colcon.colcon_core.package_identification:_identify(src/stage_ros2) by extensions ['colcon_meta']
[0.651s] Level 1:colcon.colcon_core.package_identification:_identify(src/stage_ros2) by extension 'colcon_meta'
[0.651s] Level 1:colcon.colcon_core.package_identification:_identify(src/stage_ros2) by extensions ['ros']
[0.651s] Level 1:colcon.colcon_core.package_identification:_identify(src/stage_ros2) by extension 'ros'
[0.652s] DEBUG:colcon.colcon_core.package_identification:Package 'src/stage_ros2' with type 'ros.ament_cmake' and name 'stage_ros2'
[0.653s] Level 1:colcon.colcon_core.package_discovery:discover_packages(recursive) using defaults
[0.653s] Level 1:colcon.colcon_core.package_discovery:discover_packages(ignore) discover
[0.653s] Level 1:colcon.colcon_core.package_discovery:discover_packages(ignore) using defaults
[0.653s] Level 1:colcon.colcon_core.package_discovery:discover_packages(path) discover
[0.653s] Level 1:colcon.colcon_core.package_discovery:discover_packages(path) using defaults
[0.716s] Level 1:colcon.colcon_core.package_discovery:discover_packages(prefix_path) check parameters
[0.716s] Level 1:colcon.colcon_core.package_discovery:discover_packages(prefix_path) discover
[0.722s] DEBUG:colcon.colcon_installed_package_information.package_discovery:Found 2 installed packages in /home/ayushi/Collective_Robotics/A2/ros_work/install
[0.730s] DEBUG:colcon.colcon_installed_package_information.package_discovery:Found 392 installed packages in /opt/ros/humble
[0.737s] Level 1:colcon.colcon_core.package_discovery:discover_packages(prefix_path) using defaults
[0.925s] Level 5:colcon.colcon_core.verb:set package 'collective_robotics' build argument 'cmake_args' from command line to 'None'
[0.926s] Level 5:colcon.colcon_core.verb:set package 'collective_robotics' build argument 'cmake_target' from command line to 'None'
[0.927s] Level 5:colcon.colcon_core.verb:set package 'collective_robotics' build argument 'cmake_target_skip_unavailable' from command line to 'False'
[0.928s] Level 5:colcon.colcon_core.verb:set package 'collective_robotics' build argument 'cmake_clean_cache' from command line to 'False'
[0.929s] Level 5:colcon.colcon_core.verb:set package 'collective_robotics' build argument 'cmake_clean_first' from command line to 'False'
[0.930s] Level 5:colcon.colcon_core.verb:set package 'collective_robotics' build argument 'cmake_force_configure' from command line to 'False'
[0.930s] Level 5:colcon.colcon_core.verb:set package 'collective_robotics' build argument 'ament_cmake_args' from command line to 'None'
[0.931s] Level 5:colcon.colcon_core.verb:set package 'collective_robotics' build argument 'catkin_cmake_args' from command line to 'None'
[0.931s] Level 5:colcon.colcon_core.verb:set package 'collective_robotics' build argument 'catkin_skip_building_tests' from command line to 'False'
[0.931s] DEBUG:colcon.colcon_core.verb:Building package 'collective_robotics' with the following arguments: {'ament_cmake_args': None, 'build_base': '/home/ayushi/Collective_Robotics/A2/ros_work/build/collective_robotics', 'catkin_cmake_args': None, 'catkin_skip_building_tests': False, 'cmake_args': None, 'cmake_clean_cache': False, 'cmake_clean_first': False, 'cmake_force_configure': False, 'cmake_target': None, 'cmake_target_skip_unavailable': False, 'install_base': '/home/ayushi/Collective_Robotics/A2/ros_work/install/collective_robotics', 'merge_install': False, 'path': '/home/ayushi/Collective_Robotics/A2/ros_work/src/collective_robotics', 'symlink_install': False, 'test_result_base': None}
[0.932s] Level 5:colcon.colcon_core.verb:set package 'stage_ros2' build argument 'cmake_args' from command line to 'None'
[0.932s] Level 5:colcon.colcon_core.verb:set package 'stage_ros2' build argument 'cmake_target' from command line to 'None'
[0.932s] Level 5:colcon.colcon_core.verb:set package 'stage_ros2' build argument 'cmake_target_skip_unavailable' from command line to 'False'
[0.932s] Level 5:colcon.colcon_core.verb:set package 'stage_ros2' build argument 'cmake_clean_cache' from command line to 'False'
[0.932s] Level 5:colcon.colcon_core.verb:set package 'stage_ros2' build argument 'cmake_clean_first' from command line to 'False'
[0.932s] Level 5:colcon.colcon_core.verb:set package 'stage_ros2' build argument 'cmake_force_configure' from command line to 'False'
[0.932s] Level 5:colcon.colcon_core.verb:set package 'stage_ros2' build argument 'ament_cmake_args' from command line to 'None'
[0.932s] Level 5:colcon.colcon_core.verb:set package 'stage_ros2' build argument 'catkin_cmake_args' from command line to 'None'
[0.932s] Level 5:colcon.colcon_core.verb:set package 'stage_ros2' build argument 'catkin_skip_building_tests' from command line to 'False'
[0.932s] DEBUG:colcon.colcon_core.verb:Building package 'stage_ros2' with the following arguments: {'ament_cmake_args': None, 'build_base': '/home/ayushi/Collective_Robotics/A2/ros_work/build/stage_ros2', 'catkin_cmake_args': None, 'catkin_skip_building_tests': False, 'cmake_args': None, 'cmake_clean_cache': False, 'cmake_clean_first': False, 'cmake_force_configure': False, 'cmake_target': None, 'cmake_target_skip_unavailable': False, 'install_base': '/home/ayushi/Collective_Robotics/A2/ros_work/install/stage_ros2', 'merge_install': False, 'path': '/home/ayushi/Collective_Robotics/A2/ros_work/src/stage_ros2', 'symlink_install': False, 'test_result_base': None}
[0.933s] INFO:colcon.colcon_core.executor:Executing jobs using 'parallel' executor
[0.936s] DEBUG:colcon.colcon_parallel_executor.executor.parallel:run_until_complete
[0.936s] INFO:colcon.colcon_ros.task.ament_python.build:Building ROS package in '/home/ayushi/Collective_Robotics/A2/ros_work/src/collective_robotics' with build type 'ament_python'
[0.936s] Level 1:colcon.colcon_core.shell:create_environment_hook('collective_robotics', 'ament_prefix_path')
[0.942s] INFO:colcon.colcon_core.plugin_system:Skipping extension 'colcon_core.shell.bat': Not used on non-Windows systems
[0.943s] INFO:colcon.colcon_core.shell:Creating environment hook '/home/ayushi/Collective_Robotics/A2/ros_work/install/collective_robotics/share/collective_robotics/hook/ament_prefix_path.ps1'
[0.944s] INFO:colcon.colcon_core.shell:Creating environment descriptor '/home/ayushi/Collective_Robotics/A2/ros_work/install/collective_robotics/share/collective_robotics/hook/ament_prefix_path.dsv'
[0.949s] INFO:colcon.colcon_core.shell:Creating environment hook '/home/ayushi/Collective_Robotics/A2/ros_work/install/collective_robotics/share/collective_robotics/hook/ament_prefix_path.sh'
[0.952s] INFO:colcon.colcon_core.shell:Skip shell extension 'powershell' for command environment: Not usable outside of PowerShell
[0.952s] DEBUG:colcon.colcon_core.shell:Skip shell extension 'dsv' for command environment
[0.978s] INFO:colcon.colcon_ros.task.ament_cmake.build:Building ROS package in '/home/ayushi/Collective_Robotics/A2/ros_work/src/stage_ros2' with build type 'ament_cmake'
[0.978s] INFO:colcon.colcon_cmake.task.cmake.build:Building CMake package in '/home/ayushi/Collective_Robotics/A2/ros_work/src/stage_ros2'
[0.979s] INFO:colcon.colcon_core.shell:Skip shell extension 'powershell' for command environment: Not usable outside of PowerShell
[0.981s] DEBUG:colcon.colcon_core.shell:Skip shell extension 'dsv' for command environment
[2.024s] INFO:colcon.colcon_core.task.python.build:Building Python package in '/home/ayushi/Collective_Robotics/A2/ros_work/src/collective_robotics'
[2.025s] INFO:colcon.colcon_core.shell:Skip shell extension 'powershell' for command environment: Not usable outside of PowerShell
[2.025s] DEBUG:colcon.colcon_core.shell:Skip shell extension 'dsv' for command environment
[2.043s] DEBUG:colcon.colcon_core.event_handler.log_command:Invoking command in '/home/ayushi/Collective_Robotics/A2/ros_work/build/stage_ros2': CMAKE_PREFIX_PATH=${CMAKE_PREFIX_PATH}:/home/ayushi/Collective_Robotics/A2/ros_work/install/collective_robotics:/opt/ros/humble /usr/bin/cmake --build /home/ayushi/Collective_Robotics/A2/ros_work/build/stage_ros2 -- -j4 -l4
[2.371s] DEBUG:colcon.colcon_core.event_handler.log_command:Invoked command in '/home/ayushi/Collective_Robotics/A2/ros_work/build/stage_ros2' returned '0': CMAKE_PREFIX_PATH=${CMAKE_PREFIX_PATH}:/home/ayushi/Collective_Robotics/A2/ros_work/install/collective_robotics:/opt/ros/humble /usr/bin/cmake --build /home/ayushi/Collective_Robotics/A2/ros_work/build/stage_ros2 -- -j4 -l4
[2.418s] DEBUG:colcon.colcon_core.event_handler.log_command:Invoking command in '/home/ayushi/Collective_Robotics/A2/ros_work/build/stage_ros2': CMAKE_PREFIX_PATH=${CMAKE_PREFIX_PATH}:/home/ayushi/Collective_Robotics/A2/ros_work/install/collective_robotics:/opt/ros/humble /usr/bin/cmake --install /home/ayushi/Collective_Robotics/A2/ros_work/build/stage_ros2
[2.544s] Level 1:colcon.colcon_core.environment:create_environment_scripts_only(stage_ros2)
[2.544s] DEBUG:colcon.colcon_core.event_handler.log_command:Invoked command in '/home/ayushi/Collective_Robotics/A2/ros_work/build/stage_ros2' returned '0': CMAKE_PREFIX_PATH=${CMAKE_PREFIX_PATH}:/home/ayushi/Collective_Robotics/A2/ros_work/install/collective_robotics:/opt/ros/humble /usr/bin/cmake --install /home/ayushi/Collective_Robotics/A2/ros_work/build/stage_ros2
[2.552s] Level 1:colcon.colcon_core.environment:checking '/home/ayushi/Collective_Robotics/A2/ros_work/install/stage_ros2' for CMake module files
[2.553s] Level 1:colcon.colcon_core.environment:checking '/home/ayushi/Collective_Robotics/A2/ros_work/install/stage_ros2' for CMake config files
[2.554s] Level 1:colcon.colcon_core.shell:create_environment_hook('stage_ros2', 'cmake_prefix_path')
[2.555s] INFO:colcon.colcon_core.shell:Creating environment hook '/home/ayushi/Collective_Robotics/A2/ros_work/install/stage_ros2/share/stage_ros2/hook/cmake_prefix_path.ps1'
[2.556s] INFO:colcon.colcon_core.shell:Creating environment descriptor '/home/ayushi/Collective_Robotics/A2/ros_work/install/stage_ros2/share/stage_ros2/hook/cmake_prefix_path.dsv'
[2.557s] INFO:colcon.colcon_core.shell:Creating environment hook '/home/ayushi/Collective_Robotics/A2/ros_work/install/stage_ros2/share/stage_ros2/hook/cmake_prefix_path.sh'
[2.560s] Level 1:colcon.colcon_core.environment:checking '/home/ayushi/Collective_Robotics/A2/ros_work/install/stage_ros2/lib'
[2.560s] Level 1:colcon.colcon_core.shell:create_environment_hook('stage_ros2', 'ld_library_path_lib')
[2.561s] INFO:colcon.colcon_core.shell:Creating environment hook '/home/ayushi/Collective_Robotics/A2/ros_work/install/stage_ros2/share/stage_ros2/hook/ld_library_path_lib.ps1'
[2.562s] INFO:colcon.colcon_core.shell:Creating environment descriptor '/home/ayushi/Collective_Robotics/A2/ros_work/install/stage_ros2/share/stage_ros2/hook/ld_library_path_lib.dsv'
[2.562s] INFO:colcon.colcon_core.shell:Creating environment hook '/home/ayushi/Collective_Robotics/A2/ros_work/install/stage_ros2/share/stage_ros2/hook/ld_library_path_lib.sh'
[2.563s] Level 1:colcon.colcon_core.environment:checking '/home/ayushi/Collective_Robotics/A2/ros_work/install/stage_ros2/bin'
[2.563s] Level 1:colcon.colcon_core.environment:checking '/home/ayushi/Collective_Robotics/A2/ros_work/install/stage_ros2/lib/pkgconfig/stage_ros2.pc'
[2.564s] Level 1:colcon.colcon_core.environment:checking '/home/ayushi/Collective_Robotics/A2/ros_work/install/stage_ros2/lib/python3.10/site-packages'
[2.568s] Level 1:colcon.colcon_core.environment:checking '/home/ayushi/Collective_Robotics/A2/ros_work/install/stage_ros2/bin'
[2.572s] INFO:colcon.colcon_core.shell:Creating package script '/home/ayushi/Collective_Robotics/A2/ros_work/install/stage_ros2/share/stage_ros2/package.ps1'
[2.576s] INFO:colcon.colcon_core.shell:Creating package descriptor '/home/ayushi/Collective_Robotics/A2/ros_work/install/stage_ros2/share/stage_ros2/package.dsv'
[2.579s] INFO:colcon.colcon_core.shell:Creating package script '/home/ayushi/Collective_Robotics/A2/ros_work/install/stage_ros2/share/stage_ros2/package.sh'
[2.581s] INFO:colcon.colcon_core.shell:Creating package script '/home/ayushi/Collective_Robotics/A2/ros_work/install/stage_ros2/share/stage_ros2/package.bash'
[2.586s] INFO:colcon.colcon_core.shell:Creating package script '/home/ayushi/Collective_Robotics/A2/ros_work/install/stage_ros2/share/stage_ros2/package.zsh'
[2.589s] Level 1:colcon.colcon_core.environment:create_file_with_runtime_dependencies(/home/ayushi/Collective_Robotics/A2/ros_work/install/stage_ros2/share/colcon-core/packages/stage_ros2)
[2.590s] Level 1:colcon.colcon_core.environment:create_environment_scripts_only(stage_ros2)
[2.591s] Level 1:colcon.colcon_core.environment:checking '/home/ayushi/Collective_Robotics/A2/ros_work/install/stage_ros2' for CMake module files
[2.593s] Level 1:colcon.colcon_core.environment:checking '/home/ayushi/Collective_Robotics/A2/ros_work/install/stage_ros2' for CMake config files
[2.593s] Level 1:colcon.colcon_core.shell:create_environment_hook('stage_ros2', 'cmake_prefix_path')
[2.594s] INFO:colcon.colcon_core.shell:Creating environment hook '/home/ayushi/Collective_Robotics/A2/ros_work/install/stage_ros2/share/stage_ros2/hook/cmake_prefix_path.ps1'
[2.598s] INFO:colcon.colcon_core.shell:Creating environment descriptor '/home/ayushi/Collective_Robotics/A2/ros_work/install/stage_ros2/share/stage_ros2/hook/cmake_prefix_path.dsv'
[2.601s] INFO:colcon.colcon_core.shell:Creating environment hook '/home/ayushi/Collective_Robotics/A2/ros_work/install/stage_ros2/share/stage_ros2/hook/cmake_prefix_path.sh'
[2.605s] Level 1:colcon.colcon_core.environment:checking '/home/ayushi/Collective_Robotics/A2/ros_work/install/stage_ros2/lib'
[2.607s] Level 1:colcon.colcon_core.shell:create_environment_hook('stage_ros2', 'ld_library_path_lib')
[2.609s] INFO:colcon.colcon_core.shell:Creating environment hook '/home/ayushi/Collective_Robotics/A2/ros_work/install/stage_ros2/share/stage_ros2/hook/ld_library_path_lib.ps1'
[2.610s] INFO:colcon.colcon_core.shell:Creating environment descriptor '/home/ayushi/Collective_Robotics/A2/ros_work/install/stage_ros2/share/stage_ros2/hook/ld_library_path_lib.dsv'
[2.610s] INFO:colcon.colcon_core.shell:Creating environment hook '/home/ayushi/Collective_Robotics/A2/ros_work/install/stage_ros2/share/stage_ros2/hook/ld_library_path_lib.sh'
[2.611s] Level 1:colcon.colcon_core.environment:checking '/home/ayushi/Collective_Robotics/A2/ros_work/install/stage_ros2/bin'
[2.611s] Level 1:colcon.colcon_core.environment:checking '/home/ayushi/Collective_Robotics/A2/ros_work/install/stage_ros2/lib/pkgconfig/stage_ros2.pc'
[2.612s] Level 1:colcon.colcon_core.environment:checking '/home/ayushi/Collective_Robotics/A2/ros_work/install/stage_ros2/lib/python3.10/site-packages'
[2.612s] Level 1:colcon.colcon_core.environment:checking '/home/ayushi/Collective_Robotics/A2/ros_work/install/stage_ros2/bin'
[2.613s] INFO:colcon.colcon_core.shell:Creating package script '/home/ayushi/Collective_Robotics/A2/ros_work/install/stage_ros2/share/stage_ros2/package.ps1'
[2.616s] INFO:colcon.colcon_core.shell:Creating package descriptor '/home/ayushi/Collective_Robotics/A2/ros_work/install/stage_ros2/share/stage_ros2/package.dsv'
[2.619s] INFO:colcon.colcon_core.shell:Creating package script '/home/ayushi/Collective_Robotics/A2/ros_work/install/stage_ros2/share/stage_ros2/package.sh'
[2.620s] INFO:colcon.colcon_core.shell:Creating package script '/home/ayushi/Collective_Robotics/A2/ros_work/install/stage_ros2/share/stage_ros2/package.bash'
[2.621s] INFO:colcon.colcon_core.shell:Creating package script '/home/ayushi/Collective_Robotics/A2/ros_work/install/stage_ros2/share/stage_ros2/package.zsh'
[2.622s] Level 1:colcon.colcon_core.environment:create_file_with_runtime_dependencies(/home/ayushi/Collective_Robotics/A2/ros_work/install/stage_ros2/share/colcon-core/packages/stage_ros2)
[3.824s] DEBUG:colcon.colcon_core.event_handler.log_command:Invoking command in '/home/ayushi/Collective_Robotics/A2/ros_work/src/collective_robotics': PYTHONPATH=/home/ayushi/Collective_Robotics/A2/ros_work/build/collective_robotics/prefix_override:/usr/lib/python3/dist-packages/colcon_core/task/python/colcon_distutils_commands:/home/ayushi/Collective_Robotics/A2/ros_work/install/collective_robotics/lib/python3.10/site-packages:${PYTHONPATH} /usr/bin/python3 -W ignore:setup.py install is deprecated -W ignore:easy_install command is deprecated setup.py egg_info --egg-base ../../build/collective_robotics build --build-base /home/ayushi/Collective_Robotics/A2/ros_work/build/collective_robotics/build install --record /home/ayushi/Collective_Robotics/A2/ros_work/build/collective_robotics/install.log --single-version-externally-managed install_data
[5.262s] Level 1:colcon.colcon_core.environment:checking '/home/ayushi/Collective_Robotics/A2/ros_work/install/collective_robotics' for CMake module files
[5.265s] DEBUG:colcon.colcon_core.event_handler.log_command:Invoked command in '/home/ayushi/Collective_Robotics/A2/ros_work/src/collective_robotics' returned '0': PYTHONPATH=/home/ayushi/Collective_Robotics/A2/ros_work/build/collective_robotics/prefix_override:/usr/lib/python3/dist-packages/colcon_core/task/python/colcon_distutils_commands:/home/ayushi/Collective_Robotics/A2/ros_work/install/collective_robotics/lib/python3.10/site-packages:${PYTHONPATH} /usr/bin/python3 -W ignore:setup.py install is deprecated -W ignore:easy_install command is deprecated setup.py egg_info --egg-base ../../build/collective_robotics build --build-base /home/ayushi/Collective_Robotics/A2/ros_work/build/collective_robotics/build install --record /home/ayushi/Collective_Robotics/A2/ros_work/build/collective_robotics/install.log --single-version-externally-managed install_data
[5.265s] Level 1:colcon.colcon_core.environment:checking '/home/ayushi/Collective_Robotics/A2/ros_work/install/collective_robotics' for CMake config files
[5.266s] Level 1:colcon.colcon_core.environment:checking '/home/ayushi/Collective_Robotics/A2/ros_work/install/collective_robotics/lib'
[5.267s] Level 1:colcon.colcon_core.environment:checking '/home/ayushi/Collective_Robotics/A2/ros_work/install/collective_robotics/bin'
[5.267s] Level 1:colcon.colcon_core.environment:checking '/home/ayushi/Collective_Robotics/A2/ros_work/install/collective_robotics/lib/pkgconfig/collective_robotics.pc'
[5.267s] Level 1:colcon.colcon_core.environment:checking '/home/ayushi/Collective_Robotics/A2/ros_work/install/collective_robotics/lib/python3.10/site-packages'
[5.267s] Level 1:colcon.colcon_core.shell:create_environment_hook('collective_robotics', 'pythonpath')
[5.268s] INFO:colcon.colcon_core.shell:Creating environment hook '/home/ayushi/Collective_Robotics/A2/ros_work/install/collective_robotics/share/collective_robotics/hook/pythonpath.ps1'
[5.268s] INFO:colcon.colcon_core.shell:Creating environment descriptor '/home/ayushi/Collective_Robotics/A2/ros_work/install/collective_robotics/share/collective_robotics/hook/pythonpath.dsv'
[5.269s] INFO:colcon.colcon_core.shell:Creating environment hook '/home/ayushi/Collective_Robotics/A2/ros_work/install/collective_robotics/share/collective_robotics/hook/pythonpath.sh'
[5.270s] Level 1:colcon.colcon_core.environment:checking '/home/ayushi/Collective_Robotics/A2/ros_work/install/collective_robotics/bin'
[5.270s] Level 1:colcon.colcon_core.environment:create_environment_scripts_only(collective_robotics)
[5.270s] INFO:colcon.colcon_core.shell:Creating package script '/home/ayushi/Collective_Robotics/A2/ros_work/install/collective_robotics/share/collective_robotics/package.ps1'
[5.271s] INFO:colcon.colcon_core.shell:Creating package descriptor '/home/ayushi/Collective_Robotics/A2/ros_work/install/collective_robotics/share/collective_robotics/package.dsv'
[5.272s] INFO:colcon.colcon_core.shell:Creating package script '/home/ayushi/Collective_Robotics/A2/ros_work/install/collective_robotics/share/collective_robotics/package.sh'
[5.272s] INFO:colcon.colcon_core.shell:Creating package script '/home/ayushi/Collective_Robotics/A2/ros_work/install/collective_robotics/share/collective_robotics/package.bash'
[5.273s] INFO:colcon.colcon_core.shell:Creating package script '/home/ayushi/Collective_Robotics/A2/ros_work/install/collective_robotics/share/collective_robotics/package.zsh'
[5.274s] Level 1:colcon.colcon_core.environment:create_file_with_runtime_dependencies(/home/ayushi/Collective_Robotics/A2/ros_work/install/collective_robotics/share/colcon-core/packages/collective_robotics)
[5.274s] DEBUG:colcon.colcon_parallel_executor.executor.parallel:closing loop
[5.275s] DEBUG:colcon.colcon_parallel_executor.executor.parallel:loop closed
[5.275s] DEBUG:colcon.colcon_parallel_executor.executor.parallel:run_until_complete finished with '0'
[5.275s] DEBUG:colcon.colcon_core.event_reactor:joining thread
[5.287s] INFO:colcon.colcon_core.plugin_system:Skipping extension 'colcon_notification.desktop_notification.terminal_notifier': Not used on non-Darwin systems
[5.287s] INFO:colcon.colcon_core.plugin_system:Skipping extension 'colcon_notification.desktop_notification.win32': Not used on non-Windows systems
[5.288s] INFO:colcon.colcon_notification.desktop_notification:Sending desktop notification using 'notify2'
[5.310s] DEBUG:colcon.colcon_core.event_reactor:joined thread
[5.311s] INFO:colcon.colcon_core.shell:Creating prefix script '/home/ayushi/Collective_Robotics/A2/ros_work/install/local_setup.ps1'
[5.313s] INFO:colcon.colcon_core.shell:Creating prefix util module '/home/ayushi/Collective_Robotics/A2/ros_work/install/_local_setup_util_ps1.py'
[5.318s] INFO:colcon.colcon_core.shell:Creating prefix chain script '/home/ayushi/Collective_Robotics/A2/ros_work/install/setup.ps1'
[5.321s] INFO:colcon.colcon_core.shell:Creating prefix script '/home/ayushi/Collective_Robotics/A2/ros_work/install/local_setup.sh'
[5.323s] INFO:colcon.colcon_core.shell:Creating prefix util module '/home/ayushi/Collective_Robotics/A2/ros_work/install/_local_setup_util_sh.py'
[5.331s] INFO:colcon.colcon_core.shell:Creating prefix chain script '/home/ayushi/Collective_Robotics/A2/ros_work/install/setup.sh'
[5.335s] INFO:colcon.colcon_core.shell:Creating prefix script '/home/ayushi/Collective_Robotics/A2/ros_work/install/local_setup.bash'
[5.336s] INFO:colcon.colcon_core.shell:Creating prefix chain script '/home/ayushi/Collective_Robotics/A2/ros_work/install/setup.bash'
[5.338s] INFO:colcon.colcon_core.shell:Creating prefix script '/home/ayushi/Collective_Robotics/A2/ros_work/install/local_setup.zsh'
[5.341s] INFO:colcon.colcon_core.shell:Creating prefix chain script '/home/ayushi/Collective_Robotics/A2/ros_work/install/setup.zsh'
