[4.428s] Invoking command in '/home/student/MAS/MAS_Program2024/MAS-Program/Collective_Robotics/ros_work/build/robile_reach_goal': PYTHONPATH=/home/student/MAS/MAS_Program2024/MAS-Program/Collective_Robotics/ros_work/build/robile_reach_goal/prefix_override:/usr/lib/python3/dist-packages/colcon_core/task/python/colcon_distutils_commands:/home/student/MAS/MAS_Program2024/MAS-Program/Collective_Robotics/ros_work/install/robile_reach_goal/lib/python3.10/site-packages:${PYTHONPATH} /usr/bin/python3 -W ignore:setup.py install is deprecated -W ignore:easy_install command is deprecated setup.py develop --editable --build-directory /home/student/MAS/MAS_Program2024/MAS-Program/Collective_Robotics/ros_work/build/robile_reach_goal/build --no-deps symlink_data
[6.452s] running develop
[8.136s] running egg_info
[8.138s] creating robile_reach_goal.egg-info
[8.155s] writing robile_reach_goal.egg-info/PKG-INFO
[8.156s] writing dependency_links to robile_reach_goal.egg-info/dependency_links.txt
[8.156s] writing entry points to robile_reach_goal.egg-info/entry_points.txt
[8.157s] writing requirements to robile_reach_goal.egg-info/requires.txt
[8.157s] writing top-level names to robile_reach_goal.egg-info/top_level.txt
[8.158s] writing manifest file 'robile_reach_goal.egg-info/SOURCES.txt'
[8.163s] reading manifest file 'robile_reach_goal.egg-info/SOURCES.txt'
[8.165s] writing manifest file 'robile_reach_goal.egg-info/SOURCES.txt'
[8.179s] running build_ext
[8.180s] Creating /home/student/MAS/MAS_Program2024/MAS-Program/Collective_Robotics/ros_work/install/robile_reach_goal/lib/python3.10/site-packages/robile-reach-goal.egg-link (link to .)
[8.183s] Installing robile_reach_goal script to /home/student/MAS/MAS_Program2024/MAS-Program/Collective_Robotics/ros_work/install/robile_reach_goal/lib/robile_reach_goal
[8.184s] 
[8.184s] Installed /home/student/MAS/MAS_Program2024/MAS-Program/Collective_Robotics/ros_work/build/robile_reach_goal
[8.191s] running symlink_data
[8.191s] creating /home/student/MAS/MAS_Program2024/MAS-Program/Collective_Robotics/ros_work/install/robile_reach_goal/share/ament_index
[8.192s] creating /home/student/MAS/MAS_Program2024/MAS-Program/Collective_Robotics/ros_work/install/robile_reach_goal/share/ament_index/resource_index
[8.192s] creating /home/student/MAS/MAS_Program2024/MAS-Program/Collective_Robotics/ros_work/install/robile_reach_goal/share/ament_index/resource_index/packages
[8.203s] symbolically linking /home/student/MAS/MAS_Program2024/MAS-Program/Collective_Robotics/ros_work/build/robile_reach_goal/resource/robile_reach_goal -> /home/student/MAS/MAS_Program2024/MAS-Program/Collective_Robotics/ros_work/install/robile_reach_goal/share/ament_index/resource_index/packages
[8.204s] symbolically linking /home/student/MAS/MAS_Program2024/MAS-Program/Collective_Robotics/ros_work/build/robile_reach_goal/package.xml -> /home/student/MAS/MAS_Program2024/MAS-Program/Collective_Robotics/ros_work/install/robile_reach_goal/share/robile_reach_goal
[8.476s] Invoked command in '/home/student/MAS/MAS_Program2024/MAS-Program/Collective_Robotics/ros_work/build/robile_reach_goal' returned '0': PYTHONPATH=/home/student/MAS/MAS_Program2024/MAS-Program/Collective_Robotics/ros_work/build/robile_reach_goal/prefix_override:/usr/lib/python3/dist-packages/colcon_core/task/python/colcon_distutils_commands:/home/student/MAS/MAS_Program2024/MAS-Program/Collective_Robotics/ros_work/install/robile_reach_goal/lib/python3.10/site-packages:${PYTHONPATH} /usr/bin/python3 -W ignore:setup.py install is deprecated -W ignore:easy_install command is deprecated setup.py develop --editable --build-directory /home/student/MAS/MAS_Program2024/MAS-Program/Collective_Robotics/ros_work/build/robile_reach_goal/build --no-deps symlink_data
