[2.085s] Invoking command in '/home/student/MAS/MAS_Program2024/MAS-Program/Collective_Robotics/ros_work/src/collective_robotics': PYTHONPATH=/home/student/MAS/MAS_Program2024/MAS-Program/Collective_Robotics/ros_work/build/collective_robotics/prefix_override:/usr/lib/python3/dist-packages/colcon_core/task/python/colcon_distutils_commands:/home/student/MAS/MAS_Program2024/MAS-Program/Collective_Robotics/ros_work/install/collective_robotics/lib/python3.10/site-packages:${PYTHONPATH} /usr/bin/python3 -W ignore:setup.py install is deprecated -W ignore:easy_install command is deprecated setup.py egg_info --egg-base ../../build/collective_robotics build --build-base /home/student/MAS/MAS_Program2024/MAS-Program/Collective_Robotics/ros_work/build/collective_robotics/build install --record /home/student/MAS/MAS_Program2024/MAS-Program/Collective_Robotics/ros_work/build/collective_robotics/install.log --single-version-externally-managed install_data
[2.998s] running egg_info
[2.999s] creating ../../build/collective_robotics/collective_robotics.egg-info
[2.999s] writing ../../build/collective_robotics/collective_robotics.egg-info/PKG-INFO
[3.000s] writing dependency_links to ../../build/collective_robotics/collective_robotics.egg-info/dependency_links.txt
[3.000s] writing entry points to ../../build/collective_robotics/collective_robotics.egg-info/entry_points.txt
[3.000s] writing requirements to ../../build/collective_robotics/collective_robotics.egg-info/requires.txt
[3.000s] writing top-level names to ../../build/collective_robotics/collective_robotics.egg-info/top_level.txt
[3.001s] writing manifest file '../../build/collective_robotics/collective_robotics.egg-info/SOURCES.txt'
[3.005s] reading manifest file '../../build/collective_robotics/collective_robotics.egg-info/SOURCES.txt'
[3.005s] adding license file 'LICENSE'
[3.007s] writing manifest file '../../build/collective_robotics/collective_robotics.egg-info/SOURCES.txt'
[3.007s] running build
[3.007s] running build_py
[3.008s] creating /home/student/MAS/MAS_Program2024/MAS-Program/Collective_Robotics/ros_work/build/collective_robotics/build
[3.008s] creating /home/student/MAS/MAS_Program2024/MAS-Program/Collective_Robotics/ros_work/build/collective_robotics/build/lib
[3.008s] creating /home/student/MAS/MAS_Program2024/MAS-Program/Collective_Robotics/ros_work/build/collective_robotics/build/lib/collective_robotics
[3.008s] copying collective_robotics/__init__.py -> /home/student/MAS/MAS_Program2024/MAS-Program/Collective_Robotics/ros_work/build/collective_robotics/build/lib/collective_robotics
[3.008s] running install
[3.008s] running install_lib
[3.010s] creating /home/student/MAS/MAS_Program2024/MAS-Program/Collective_Robotics/ros_work/install/collective_robotics/lib/python3.10/site-packages/collective_robotics
[3.011s] copying /home/student/MAS/MAS_Program2024/MAS-Program/Collective_Robotics/ros_work/build/collective_robotics/build/lib/collective_robotics/__init__.py -> /home/student/MAS/MAS_Program2024/MAS-Program/Collective_Robotics/ros_work/install/collective_robotics/lib/python3.10/site-packages/collective_robotics
[3.012s] byte-compiling /home/student/MAS/MAS_Program2024/MAS-Program/Collective_Robotics/ros_work/install/collective_robotics/lib/python3.10/site-packages/collective_robotics/__init__.py to __init__.cpython-310.pyc
[3.012s] running install_data
[3.012s] creating /home/student/MAS/MAS_Program2024/MAS-Program/Collective_Robotics/ros_work/install/collective_robotics/share/ament_index
[3.012s] creating /home/student/MAS/MAS_Program2024/MAS-Program/Collective_Robotics/ros_work/install/collective_robotics/share/ament_index/resource_index
[3.013s] creating /home/student/MAS/MAS_Program2024/MAS-Program/Collective_Robotics/ros_work/install/collective_robotics/share/ament_index/resource_index/packages
[3.013s] copying resource/collective_robotics -> /home/student/MAS/MAS_Program2024/MAS-Program/Collective_Robotics/ros_work/install/collective_robotics/share/ament_index/resource_index/packages
[3.013s] copying package.xml -> /home/student/MAS/MAS_Program2024/MAS-Program/Collective_Robotics/ros_work/install/collective_robotics/share/collective_robotics
[3.013s] running install_egg_info
[3.017s] Copying ../../build/collective_robotics/collective_robotics.egg-info to /home/student/MAS/MAS_Program2024/MAS-Program/Collective_Robotics/ros_work/install/collective_robotics/lib/python3.10/site-packages/collective_robotics-0.0.0-py3.10.egg-info
[3.019s] running install_scripts
[3.065s] writing list of installed files to '/home/student/MAS/MAS_Program2024/MAS-Program/Collective_Robotics/ros_work/build/collective_robotics/install.log'
[3.134s] Invoked command in '/home/student/MAS/MAS_Program2024/MAS-Program/Collective_Robotics/ros_work/src/collective_robotics' returned '0': PYTHONPATH=/home/student/MAS/MAS_Program2024/MAS-Program/Collective_Robotics/ros_work/build/collective_robotics/prefix_override:/usr/lib/python3/dist-packages/colcon_core/task/python/colcon_distutils_commands:/home/student/MAS/MAS_Program2024/MAS-Program/Collective_Robotics/ros_work/install/collective_robotics/lib/python3.10/site-packages:${PYTHONPATH} /usr/bin/python3 -W ignore:setup.py install is deprecated -W ignore:easy_install command is deprecated setup.py egg_info --egg-base ../../build/collective_robotics build --build-base /home/student/MAS/MAS_Program2024/MAS-Program/Collective_Robotics/ros_work/build/collective_robotics/build install --record /home/student/MAS/MAS_Program2024/MAS-Program/Collective_Robotics/ros_work/build/collective_robotics/install.log --single-version-externally-managed install_data
