[0.027s] Invoking command in '/home/student/MAS/MAS_Program2024/MAS-Program/Collective_Robotics/ros_work/build/robile_gazebo': AMENT_PREFIX_PATH=/home/student/MAS/MAS_Program2024/MAS-Program/Collective_Robotics/ros_work/install/robile_description:${AMENT_PREFIX_PATH} CMAKE_PREFIX_PATH=/home/student/MAS/MAS_Program2024/MAS-Program/Collective_Robotics/ros_work/install/robile_description:/opt/ros/humble /usr/local/bin/cmake /home/student/MAS/MAS_Program2024/MAS-Program/Collective_Robotics/ros_work/src/robile_gazebo -DAMENT_CMAKE_SYMLINK_INSTALL=1 -DCMAKE_INSTALL_PREFIX=/home/student/MAS/MAS_Program2024/MAS-Program/Collective_Robotics/ros_work/install/robile_gazebo
[0.047s] -- Found ament_cmake: 1.3.11 (/opt/ros/humble/share/ament_cmake/cmake)
[0.508s] -- Override CMake install command with custom implementation using symlinks instead of copying resources
[0.528s] -- Found rclcpp: 16.0.12 (/opt/ros/humble/share/rclcpp/cmake)
[0.642s] -- Found rosidl_generator_c: 3.1.6 (/opt/ros/humble/share/rosidl_generator_c/cmake)
[0.650s] -- Found rosidl_adapter: 3.1.6 (/opt/ros/humble/share/rosidl_adapter/cmake)
[0.669s] -- Found rosidl_generator_cpp: 3.1.6 (/opt/ros/humble/share/rosidl_generator_cpp/cmake)
[0.703s] -- Using all available rosidl_typesupport_c: rosidl_typesupport_fastrtps_c;rosidl_typesupport_introspection_c
[0.741s] -- Using all available rosidl_typesupport_cpp: rosidl_typesupport_fastrtps_cpp;rosidl_typesupport_introspection_cpp
[0.839s] -- Found rmw_implementation_cmake: 6.1.2 (/opt/ros/humble/share/rmw_implementation_cmake/cmake)
[0.842s] -- Found rmw_fastrtps_cpp: 6.2.7 (/opt/ros/humble/share/rmw_fastrtps_cpp/cmake)
[1.150s] -- Using RMW implementation 'rmw_fastrtps_cpp' as default
[1.315s] [33mCMake Warning (dev) at /usr/local/share/cmake-3.30/Modules/FindPackageHandleStandardArgs.cmake:441 (message):
[1.315s]   The package name passed to `find_package_handle_standard_args` (PkgConfig)
[1.315s]   does not match the name of the calling package (gazebo).  This can lead to
[1.316s]   problems in calling code that expects `find_package` result variables
[1.316s]   (e.g., `_FOUND`) to follow a certain pattern.
[1.316s] Call Stack (most recent call first):
[1.316s]   /usr/local/share/cmake-3.30/Modules/FindPkgConfig.cmake:114 (find_package_handle_standard_args)
[1.317s]   /usr/lib/x86_64-linux-gnu/cmake/gazebo/gazebo-config.cmake:72 (include)
[1.317s]   CMakeLists.txt:16 (find_package)
[1.317s] This warning is for project developers.  Use -Wno-dev to suppress it.
[1.317s] [0m
[1.318s] -- Found PkgConfig: /usr/bin/pkg-config (found version "0.29.2")
[1.322s] -- Checking for module 'bullet>=2.82'
[1.344s] --   Found bullet, version 3.05
[1.565s] -- Found fcl: /usr/include (found suitable version "0.7.0", minimum required is "0.5.0")
[1.651s] -- Found assimp: /usr/include (found version "5.2.0")
[1.652s] [33mCMake Warning (dev) at /usr/share/dart/cmake/DARTFindBoost.cmake:20 (find_package):
[1.652s]   Policy CMP0167 is not set: The FindBoost module is removed.  Run "cmake
[1.652s]   --help-policy CMP0167" for policy details.  Use the cmake_policy command to
[1.652s]   set the policy and suppress this warning.
[1.652s] 
[1.652s] Call Stack (most recent call first):
[1.653s]   /usr/share/dart/cmake/dart_dartComponent.cmake:6 (include)
[1.653s]   /usr/share/dart/cmake/DARTConfig.cmake:73 (include)
[1.653s]   /usr/share/dart/cmake/DARTConfig.cmake:133 (dart_traverse_components)
[1.653s]   /usr/share/dart/cmake/DARTConfig.cmake:181 (dart_package_init)
[1.653s]   /usr/lib/x86_64-linux-gnu/cmake/gazebo/gazebo-config.cmake:166 (find_package)
[1.653s]   CMakeLists.txt:16 (find_package)
[1.653s] This warning is for project developers.  Use -Wno-dev to suppress it.
[1.653s] [0m
[1.686s] -- Found DART: /usr/include (Required is at least version "6.6") found components: dart
[1.718s] [33mCMake Warning (dev) at /usr/lib/x86_64-linux-gnu/cmake/gazebo/gazebo-config.cmake:197 (find_package):
[1.727s]   Policy CMP0167 is not set: The FindBoost module is removed.  Run "cmake
[1.728s]   --help-policy CMP0167" for policy details.  Use the cmake_policy command to
[1.728s]   set the policy and suppress this warning.
[1.728s] 
[1.729s] Call Stack (most recent call first):
[1.729s]   CMakeLists.txt:16 (find_package)
[1.729s] This warning is for project developers.  Use -Wno-dev to suppress it.
[1.729s] [0m
[1.777s] -- Found Boost: /usr/lib/x86_64-linux-gnu/cmake/Boost-1.74.0/BoostConfig.cmake (found suitable version "1.74.0", minimum required is "1.40.0") found components: thread system filesystem program_options regex iostreams date_time
[1.831s] -- Found Protobuf: /usr/lib/x86_64-linux-gnu/libprotobuf.so (found version "3.12.4")
[1.841s] -- Looking for ignition-math6 -- found version 6.15.1
[1.857s] -- Searching for dependencies of ignition-math6
[1.861s] -- Looking for OGRE...
[1.862s] -- OGRE_PREFIX_WATCH changed.
[1.871s] -- Checking for module 'OGRE'
[1.889s] --   Found OGRE, version 1.9.0
[1.940s] -- Found Ogre Ghadamon (1.9.0)
[1.973s] -- Found OGRE: optimized;/usr/lib/x86_64-linux-gnu/libOgreMain.so;debug;/usr/lib/x86_64-linux-gnu/libOgreMain.so
[1.973s] [33mCMake Warning (dev) at /usr/share/OGRE/cmake/modules/FindOGRE.cmake:309 (find_package):
[1.973s]   Policy CMP0167 is not set: The FindBoost module is removed.  Run "cmake
[1.973s]   --help-policy CMP0167" for policy details.  Use the cmake_policy command to
[1.973s]   set the policy and suppress this warning.
[1.974s] 
[1.974s] Call Stack (most recent call first):
[1.974s]   /usr/lib/x86_64-linux-gnu/cmake/gazebo/gazebo-config.cmake:213 (find_package)
[1.974s]   CMakeLists.txt:16 (find_package)
[1.974s] This warning is for project developers.  Use -Wno-dev to suppress it.
[1.974s] [0m
[1.984s] [33mCMake Warning (dev) at /usr/share/OGRE/cmake/modules/FindOGRE.cmake:318 (find_package):
[1.984s]   Policy CMP0167 is not set: The FindBoost module is removed.  Run "cmake
[1.984s]   --help-policy CMP0167" for policy details.  Use the cmake_policy command to
[1.984s]   set the policy and suppress this warning.
[1.984s] 
[1.984s] Call Stack (most recent call first):
[1.984s]   /usr/lib/x86_64-linux-gnu/cmake/gazebo/gazebo-config.cmake:213 (find_package)
[1.985s]   CMakeLists.txt:16 (find_package)
[1.985s] This warning is for project developers.  Use -Wno-dev to suppress it.
[1.985s] [0m
[1.993s] -- Looking for OGRE_Paging...
[2.028s] -- Found OGRE_Paging: optimized;/usr/lib/x86_64-linux-gnu/libOgrePaging.so;debug;/usr/lib/x86_64-linux-gnu/libOgrePaging.so
[2.029s] -- Looking for OGRE_Terrain...
[2.057s] -- Found OGRE_Terrain: optimized;/usr/lib/x86_64-linux-gnu/libOgreTerrain.so;debug;/usr/lib/x86_64-linux-gnu/libOgreTerrain.so
[2.057s] -- Looking for OGRE_Property...
[2.075s] -- Found OGRE_Property: optimized;/usr/lib/x86_64-linux-gnu/libOgreProperty.so;debug;/usr/lib/x86_64-linux-gnu/libOgreProperty.so
[2.075s] -- Looking for OGRE_RTShaderSystem...
[2.097s] -- Found OGRE_RTShaderSystem: optimized;/usr/lib/x86_64-linux-gnu/libOgreRTShaderSystem.so;debug;/usr/lib/x86_64-linux-gnu/libOgreRTShaderSystem.so
[2.097s] -- Looking for OGRE_Volume...
[2.130s] -- Found OGRE_Volume: optimized;/usr/lib/x86_64-linux-gnu/libOgreVolume.so;debug;/usr/lib/x86_64-linux-gnu/libOgreVolume.so
[2.130s] -- Looking for OGRE_Overlay...
[2.160s] -- Found OGRE_Overlay: optimized;/usr/lib/x86_64-linux-gnu/libOgreOverlay.so;debug;/usr/lib/x86_64-linux-gnu/libOgreOverlay.so
[2.568s] -- Looking for ignition-math6 -- found version 6.15.1
[2.572s] -- Looking for ignition-transport8 -- found version 8.2.1
[2.573s] -- Searching for dependencies of ignition-transport8
[2.598s] -- Found Protobuf: /usr/lib/x86_64-linux-gnu/libprotobuf.so (found suitable version "3.12.4", minimum required is "3")
[2.619s] -- Config-file not installed for ZeroMQ -- checking for pkg-config
[2.630s] -- Checking for module 'libzmq >= 4'
[2.645s] --   Found libzmq, version 4.3.4
[2.685s] -- Found ZeroMQ: TRUE (Required is at least version "4")
[2.693s] -- Checking for module 'uuid'
[2.706s] --   Found uuid, version 2.37.2
[2.749s] -- Found UUID: TRUE
[2.754s] -- Looking for ignition-msgs5 -- found version 5.8.1
[2.755s] -- Searching for dependencies of ignition-msgs5
[2.792s] -- Looking for ignition-math6 -- found version 6.15.1
[2.800s] -- Checking for module 'tinyxml2'
[2.819s] --   Found tinyxml2, version 9.0.0
[2.861s] -- Looking for ignition-msgs5 -- found version 5.8.1
[2.866s] -- Looking for ignition-common3 -- found version 3.14.0
[2.867s] -- Searching for dependencies of ignition-common3
[2.867s] -- Looking for dlfcn.h - found
[2.870s] -- Looking for libdl - found
[2.873s] -- Found DL: TRUE
[2.891s] -- Found tinyobjloader: /usr/lib/x86_64-linux-gnu/cmake/tinyobjloader/tinyobjloader-config.cmake (found version "2.0.0")
[2.892s] -- Searching for <ignition-common3> component [graphics]
[2.895s] -- Looking for ignition-common3-graphics -- found version 3.14.0
[2.896s] -- Searching for dependencies of ignition-common3-graphics
[2.896s] -- Looking for ignition-math6 -- found version 6.15.1
[2.902s] -- Looking for ignition-fuel_tools4 -- found version 4.4.0
[2.902s] -- Searching for dependencies of ignition-fuel_tools4
[3.001s] -- Found CURL: /usr/lib/x86_64-linux-gnu/libcurl.so (found version "7.81.0")
[3.006s] [0mCMake Deprecation Warning at /usr/lib/x86_64-linux-gnu/cmake/jsoncpp/jsoncppConfig.cmake:2 (cmake_policy):
[3.006s]   Compatibility with CMake < 3.5 will be removed from a future version of
[3.006s]   CMake.
[3.007s] 
[3.007s]   Update the VERSION argument <min> value or use a ...<max> suffix to tell
[3.007s]   CMake that the project does not need compatibility with older versions.
[3.007s] Call Stack (most recent call first):
[3.007s]   /usr/share/cmake/ignition-cmake2/cmake2/FindJSONCPP.cmake:34 (find_package)
[3.007s]   /usr/lib/x86_64-linux-gnu/cmake/ignition-fuel_tools4/ignition-fuel_tools4-config.cmake:94 (find_package)
[3.008s]   /usr/lib/x86_64-linux-gnu/cmake/gazebo/gazebo-config.cmake:251 (find_package)
[3.008s]   CMakeLists.txt:16 (find_package)
[3.008s] 
[3.008s] [0m
[3.015s] -- Checking for module 'jsoncpp'
[3.032s] --   Found jsoncpp, version 1.9.5
[3.073s] -- Found JSONCPP: TRUE
[3.084s] -- Checking for module 'libzip'
[3.100s] --   Found libzip, version 1.7.3
[3.143s] -- Found ZIP: TRUE
[3.144s] -- Looking for ignition-common3 -- found version 3.14.0
[3.146s] -- Looking for ignition-math6 -- found version 6.15.1
[3.147s] -- Looking for ignition-msgs5 -- found version 5.8.1
[3.155s] -- Found gazebo_ros_pkgs: 3.9.0 (/opt/ros/humble/share/gazebo_ros_pkgs/cmake)
[3.157s] -- Found geometry_msgs: 4.8.0 (/opt/ros/humble/share/geometry_msgs/cmake)
[3.182s] -- Found nav_msgs: 4.8.0 (/opt/ros/humble/share/nav_msgs/cmake)
[3.215s] -- Found sensor_msgs: 4.8.0 (/opt/ros/humble/share/sensor_msgs/cmake)
[3.259s] -- Found tf2: 0.25.12 (/opt/ros/humble/share/tf2/cmake)
[3.365s] -- Configuring done (3.3s)
[3.374s] -- Generating done (0.0s)
[3.376s] -- Build files have been written to: /home/student/MAS/MAS_Program2024/MAS-Program/Collective_Robotics/ros_work/build/robile_gazebo
[3.390s] Invoked command in '/home/student/MAS/MAS_Program2024/MAS-Program/Collective_Robotics/ros_work/build/robile_gazebo' returned '0': AMENT_PREFIX_PATH=/home/student/MAS/MAS_Program2024/MAS-Program/Collective_Robotics/ros_work/install/robile_description:${AMENT_PREFIX_PATH} CMAKE_PREFIX_PATH=/home/student/MAS/MAS_Program2024/MAS-Program/Collective_Robotics/ros_work/install/robile_description:/opt/ros/humble /usr/local/bin/cmake /home/student/MAS/MAS_Program2024/MAS-Program/Collective_Robotics/ros_work/src/robile_gazebo -DAMENT_CMAKE_SYMLINK_INSTALL=1 -DCMAKE_INSTALL_PREFIX=/home/student/MAS/MAS_Program2024/MAS-Program/Collective_Robotics/ros_work/install/robile_gazebo
[3.393s] Invoking command in '/home/student/MAS/MAS_Program2024/MAS-Program/Collective_Robotics/ros_work/build/robile_gazebo': AMENT_PREFIX_PATH=/home/student/MAS/MAS_Program2024/MAS-Program/Collective_Robotics/ros_work/install/robile_description:${AMENT_PREFIX_PATH} CMAKE_PREFIX_PATH=/home/student/MAS/MAS_Program2024/MAS-Program/Collective_Robotics/ros_work/install/robile_description:/opt/ros/humble /usr/local/bin/cmake --build /home/student/MAS/MAS_Program2024/MAS-Program/Collective_Robotics/ros_work/build/robile_gazebo -- -j4 -l4
[3.420s] Invoked command in '/home/student/MAS/MAS_Program2024/MAS-Program/Collective_Robotics/ros_work/build/robile_gazebo' returned '0': AMENT_PREFIX_PATH=/home/student/MAS/MAS_Program2024/MAS-Program/Collective_Robotics/ros_work/install/robile_description:${AMENT_PREFIX_PATH} CMAKE_PREFIX_PATH=/home/student/MAS/MAS_Program2024/MAS-Program/Collective_Robotics/ros_work/install/robile_description:/opt/ros/humble /usr/local/bin/cmake --build /home/student/MAS/MAS_Program2024/MAS-Program/Collective_Robotics/ros_work/build/robile_gazebo -- -j4 -l4
[3.424s] Invoking command in '/home/student/MAS/MAS_Program2024/MAS-Program/Collective_Robotics/ros_work/build/robile_gazebo': AMENT_PREFIX_PATH=/home/student/MAS/MAS_Program2024/MAS-Program/Collective_Robotics/ros_work/install/robile_description:${AMENT_PREFIX_PATH} CMAKE_PREFIX_PATH=/home/student/MAS/MAS_Program2024/MAS-Program/Collective_Robotics/ros_work/install/robile_description:/opt/ros/humble /usr/local/bin/cmake --install /home/student/MAS/MAS_Program2024/MAS-Program/Collective_Robotics/ros_work/build/robile_gazebo
[3.430s] -- Install configuration: ""
[3.431s] -- Execute custom install script
[3.432s] -- Symlinking: /home/student/MAS/MAS_Program2024/MAS-Program/Collective_Robotics/ros_work/install/robile_gazebo/share/robile_gazebo//config/doxygen/Doxyfile.in
[3.439s] -- Symlinking: /home/student/MAS/MAS_Program2024/MAS-Program/Collective_Robotics/ros_work/install/robile_gazebo/share/robile_gazebo//config/rviz/robile.rviz
[3.444s] -- Symlinking: /home/student/MAS/MAS_Program2024/MAS-Program/Collective_Robotics/ros_work/install/robile_gazebo/share/robile_gazebo//config/rviz/robile_foxy_nav.rviz
[3.449s] -- Symlinking: /home/student/MAS/MAS_Program2024/MAS-Program/Collective_Robotics/ros_work/install/robile_gazebo/share/robile_gazebo//config/rviz/robile_rolling.rviz
[3.454s] -- Symlinking: /home/student/MAS/MAS_Program2024/MAS-Program/Collective_Robotics/ros_work/install/robile_gazebo/share/robile_gazebo//launch/gazebo_4_wheel.launch.py
[3.459s] -- Symlinking: /home/student/MAS/MAS_Program2024/MAS-Program/Collective_Robotics/ros_work/install/robile_gazebo/share/robile_gazebo//worlds/closed_walls.world
[3.463s] -- Symlinking: /home/student/MAS/MAS_Program2024/MAS-Program/Collective_Robotics/ros_work/install/robile_gazebo/share/robile_gazebo//worlds/potential_field_gazebo.world
[3.468s] -- Symlinking: /home/student/MAS/MAS_Program2024/MAS-Program/Collective_Robotics/ros_work/install/robile_gazebo/share/ament_index/resource_index/package_run_dependencies/robile_gazebo
[3.475s] -- Symlinking: /home/student/MAS/MAS_Program2024/MAS-Program/Collective_Robotics/ros_work/install/robile_gazebo/share/ament_index/resource_index/parent_prefix_path/robile_gazebo
[3.480s] -- Symlinking: /home/student/MAS/MAS_Program2024/MAS-Program/Collective_Robotics/ros_work/install/robile_gazebo/share/robile_gazebo/environment/ament_prefix_path.sh
[3.484s] -- Symlinking: /home/student/MAS/MAS_Program2024/MAS-Program/Collective_Robotics/ros_work/install/robile_gazebo/share/robile_gazebo/environment/ament_prefix_path.dsv
[3.489s] -- Symlinking: /home/student/MAS/MAS_Program2024/MAS-Program/Collective_Robotics/ros_work/install/robile_gazebo/share/robile_gazebo/environment/path.sh
[3.493s] -- Symlinking: /home/student/MAS/MAS_Program2024/MAS-Program/Collective_Robotics/ros_work/install/robile_gazebo/share/robile_gazebo/environment/path.dsv
[3.498s] -- Symlinking: /home/student/MAS/MAS_Program2024/MAS-Program/Collective_Robotics/ros_work/install/robile_gazebo/share/robile_gazebo/local_setup.bash
[3.503s] -- Symlinking: /home/student/MAS/MAS_Program2024/MAS-Program/Collective_Robotics/ros_work/install/robile_gazebo/share/robile_gazebo/local_setup.sh
[3.508s] -- Symlinking: /home/student/MAS/MAS_Program2024/MAS-Program/Collective_Robotics/ros_work/install/robile_gazebo/share/robile_gazebo/local_setup.zsh
[3.512s] -- Symlinking: /home/student/MAS/MAS_Program2024/MAS-Program/Collective_Robotics/ros_work/install/robile_gazebo/share/robile_gazebo/local_setup.dsv
[3.517s] -- Symlinking: /home/student/MAS/MAS_Program2024/MAS-Program/Collective_Robotics/ros_work/install/robile_gazebo/share/robile_gazebo/package.dsv
[3.522s] -- Symlinking: /home/student/MAS/MAS_Program2024/MAS-Program/Collective_Robotics/ros_work/install/robile_gazebo/share/ament_index/resource_index/packages/robile_gazebo
[3.527s] -- Symlinking: /home/student/MAS/MAS_Program2024/MAS-Program/Collective_Robotics/ros_work/install/robile_gazebo/share/robile_gazebo/cmake/ament_cmake_export_include_directories-extras.cmake
[3.535s] -- Symlinking: /home/student/MAS/MAS_Program2024/MAS-Program/Collective_Robotics/ros_work/install/robile_gazebo/share/robile_gazebo/cmake/robile_gazeboConfig.cmake
[3.542s] -- Symlinking: /home/student/MAS/MAS_Program2024/MAS-Program/Collective_Robotics/ros_work/install/robile_gazebo/share/robile_gazebo/cmake/robile_gazeboConfig-version.cmake
[3.548s] -- Symlinking: /home/student/MAS/MAS_Program2024/MAS-Program/Collective_Robotics/ros_work/install/robile_gazebo/share/robile_gazebo/package.xml
[3.555s] Invoked command in '/home/student/MAS/MAS_Program2024/MAS-Program/Collective_Robotics/ros_work/build/robile_gazebo' returned '0': AMENT_PREFIX_PATH=/home/student/MAS/MAS_Program2024/MAS-Program/Collective_Robotics/ros_work/install/robile_description:${AMENT_PREFIX_PATH} CMAKE_PREFIX_PATH=/home/student/MAS/MAS_Program2024/MAS-Program/Collective_Robotics/ros_work/install/robile_description:/opt/ros/humble /usr/local/bin/cmake --install /home/student/MAS/MAS_Program2024/MAS-Program/Collective_Robotics/ros_work/build/robile_gazebo
