[0.017s] Invoking command in '/home/student/MAS/MAS_Program2024/MAS-Program/Collective_Robotics/ros_work/build/robile_navigation': AMENT_PREFIX_PATH=/home/student/MAS/MAS_Program2024/MAS-Program/Collective_Robotics/ros_work/install/robile_interfaces:${AMENT_PREFIX_PATH} CMAKE_PREFIX_PATH=/home/student/MAS/MAS_Program2024/MAS-Program/Collective_Robotics/ros_work/install/robile_interfaces:/opt/ros/humble LD_LIBRARY_PATH=/home/student/MAS/MAS_Program2024/MAS-Program/Collective_Robotics/ros_work/install/robile_interfaces/lib:${LD_LIBRARY_PATH} PYTHONPATH=/home/student/MAS/MAS_Program2024/MAS-Program/Collective_Robotics/ros_work/install/robile_interfaces/local/lib/python3.10/dist-packages:${PYTHONPATH} /usr/local/bin/cmake /home/student/MAS/MAS_Program2024/MAS-Program/Collective_Robotics/ros_work/src/robile_navigation -DAMENT_CMAKE_SYMLINK_INSTALL=1 -DCMAKE_INSTALL_PREFIX=/home/student/MAS/MAS_Program2024/MAS-Program/Collective_Robotics/ros_work/install/robile_navigation
[0.053s] -- Found ament_cmake: 1.3.11 (/opt/ros/humble/share/ament_cmake/cmake)
[0.429s] -- Override CMake install command with custom implementation using symlinks instead of copying resources
[0.445s] -- Found rclcpp: 16.0.12 (/opt/ros/humble/share/rclcpp/cmake)
[0.519s] -- Found rosidl_generator_c: 3.1.6 (/opt/ros/humble/share/rosidl_generator_c/cmake)
[0.526s] -- Found rosidl_adapter: 3.1.6 (/opt/ros/humble/share/rosidl_adapter/cmake)
[0.540s] -- Found rosidl_generator_cpp: 3.1.6 (/opt/ros/humble/share/rosidl_generator_cpp/cmake)
[0.567s] -- Using all available rosidl_typesupport_c: rosidl_typesupport_fastrtps_c;rosidl_typesupport_introspection_c
[0.600s] -- Using all available rosidl_typesupport_cpp: rosidl_typesupport_fastrtps_cpp;rosidl_typesupport_introspection_cpp
[0.690s] -- Found rmw_implementation_cmake: 6.1.2 (/opt/ros/humble/share/rmw_implementation_cmake/cmake)
[0.693s] -- Found rmw_fastrtps_cpp: 6.2.7 (/opt/ros/humble/share/rmw_fastrtps_cpp/cmake)
[0.890s] -- Using RMW implementation 'rmw_fastrtps_cpp' as default
[0.985s] -- Found rclpy: 3.3.16 (/opt/ros/humble/share/rclpy/cmake)
[0.986s] -- Found nav_msgs: 4.8.0 (/opt/ros/humble/share/nav_msgs/cmake)
[1.076s] -- Found robile_interfaces: 0.0.0 (/home/student/MAS/MAS_Program2024/MAS-Program/Collective_Robotics/ros_work/install/robile_interfaces/share/robile_interfaces/cmake)
[1.121s] -- Found ament_lint_auto: 0.12.12 (/opt/ros/humble/share/ament_lint_auto/cmake)
[1.311s] -- Added test 'flake8' to check Python code syntax and style conventions
[1.313s] -- Added test 'lint_cmake' to check CMake code style
[1.315s] -- Added test 'pep257' to check Python code against some of the docstring style conventions in PEP 257
[1.322s] -- Added test 'xmllint' to check XML markup files
[1.325s] -- Configuring done (1.3s)
[1.339s] -- Generating done (0.0s)
[1.341s] -- Build files have been written to: /home/student/MAS/MAS_Program2024/MAS-Program/Collective_Robotics/ros_work/build/robile_navigation
[1.354s] Invoked command in '/home/student/MAS/MAS_Program2024/MAS-Program/Collective_Robotics/ros_work/build/robile_navigation' returned '0': AMENT_PREFIX_PATH=/home/student/MAS/MAS_Program2024/MAS-Program/Collective_Robotics/ros_work/install/robile_interfaces:${AMENT_PREFIX_PATH} CMAKE_PREFIX_PATH=/home/student/MAS/MAS_Program2024/MAS-Program/Collective_Robotics/ros_work/install/robile_interfaces:/opt/ros/humble LD_LIBRARY_PATH=/home/student/MAS/MAS_Program2024/MAS-Program/Collective_Robotics/ros_work/install/robile_interfaces/lib:${LD_LIBRARY_PATH} PYTHONPATH=/home/student/MAS/MAS_Program2024/MAS-Program/Collective_Robotics/ros_work/install/robile_interfaces/local/lib/python3.10/dist-packages:${PYTHONPATH} /usr/local/bin/cmake /home/student/MAS/MAS_Program2024/MAS-Program/Collective_Robotics/ros_work/src/robile_navigation -DAMENT_CMAKE_SYMLINK_INSTALL=1 -DCMAKE_INSTALL_PREFIX=/home/student/MAS/MAS_Program2024/MAS-Program/Collective_Robotics/ros_work/install/robile_navigation
[1.356s] Invoking command in '/home/student/MAS/MAS_Program2024/MAS-Program/Collective_Robotics/ros_work/build/robile_navigation': AMENT_PREFIX_PATH=/home/student/MAS/MAS_Program2024/MAS-Program/Collective_Robotics/ros_work/install/robile_interfaces:${AMENT_PREFIX_PATH} CMAKE_PREFIX_PATH=/home/student/MAS/MAS_Program2024/MAS-Program/Collective_Robotics/ros_work/install/robile_interfaces:/opt/ros/humble LD_LIBRARY_PATH=/home/student/MAS/MAS_Program2024/MAS-Program/Collective_Robotics/ros_work/install/robile_interfaces/lib:${LD_LIBRARY_PATH} PYTHONPATH=/home/student/MAS/MAS_Program2024/MAS-Program/Collective_Robotics/ros_work/install/robile_interfaces/local/lib/python3.10/dist-packages:${PYTHONPATH} /usr/local/bin/cmake --build /home/student/MAS/MAS_Program2024/MAS-Program/Collective_Robotics/ros_work/build/robile_navigation -- -j4 -l4
[1.396s] Built target ament_cmake_python_symlink_robile_navigation
[1.870s] running egg_info
[1.871s] creating robile_navigation.egg-info
[1.871s] writing robile_navigation.egg-info/PKG-INFO
[1.872s] writing dependency_links to robile_navigation.egg-info/dependency_links.txt
[1.872s] writing top-level names to robile_navigation.egg-info/top_level.txt
[1.872s] writing manifest file 'robile_navigation.egg-info/SOURCES.txt'
[1.875s] reading manifest file 'robile_navigation.egg-info/SOURCES.txt'
[1.876s] writing manifest file 'robile_navigation.egg-info/SOURCES.txt'
[1.914s] Built target ament_cmake_python_build_robile_navigation_egg
[1.920s] Invoked command in '/home/student/MAS/MAS_Program2024/MAS-Program/Collective_Robotics/ros_work/build/robile_navigation' returned '0': AMENT_PREFIX_PATH=/home/student/MAS/MAS_Program2024/MAS-Program/Collective_Robotics/ros_work/install/robile_interfaces:${AMENT_PREFIX_PATH} CMAKE_PREFIX_PATH=/home/student/MAS/MAS_Program2024/MAS-Program/Collective_Robotics/ros_work/install/robile_interfaces:/opt/ros/humble LD_LIBRARY_PATH=/home/student/MAS/MAS_Program2024/MAS-Program/Collective_Robotics/ros_work/install/robile_interfaces/lib:${LD_LIBRARY_PATH} PYTHONPATH=/home/student/MAS/MAS_Program2024/MAS-Program/Collective_Robotics/ros_work/install/robile_interfaces/local/lib/python3.10/dist-packages:${PYTHONPATH} /usr/local/bin/cmake --build /home/student/MAS/MAS_Program2024/MAS-Program/Collective_Robotics/ros_work/build/robile_navigation -- -j4 -l4
[1.922s] Invoking command in '/home/student/MAS/MAS_Program2024/MAS-Program/Collective_Robotics/ros_work/build/robile_navigation': AMENT_PREFIX_PATH=/home/student/MAS/MAS_Program2024/MAS-Program/Collective_Robotics/ros_work/install/robile_interfaces:${AMENT_PREFIX_PATH} CMAKE_PREFIX_PATH=/home/student/MAS/MAS_Program2024/MAS-Program/Collective_Robotics/ros_work/install/robile_interfaces:/opt/ros/humble LD_LIBRARY_PATH=/home/student/MAS/MAS_Program2024/MAS-Program/Collective_Robotics/ros_work/install/robile_interfaces/lib:${LD_LIBRARY_PATH} PYTHONPATH=/home/student/MAS/MAS_Program2024/MAS-Program/Collective_Robotics/ros_work/install/robile_interfaces/local/lib/python3.10/dist-packages:${PYTHONPATH} /usr/local/bin/cmake --install /home/student/MAS/MAS_Program2024/MAS-Program/Collective_Robotics/ros_work/build/robile_navigation
[1.927s] -- Install configuration: ""
[1.927s] -- Execute custom install script
[1.928s] -- Symlinking: /home/student/MAS/MAS_Program2024/MAS-Program/Collective_Robotics/ros_work/install/robile_navigation/share/robile_navigation/launch/landmark_based_localisation.launch.py
[1.932s] -- Symlinking: /home/student/MAS/MAS_Program2024/MAS-Program/Collective_Robotics/ros_work/install/robile_navigation/share/robile_navigation/launch/localization.launch.py
[1.937s] -- Symlinking: /home/student/MAS/MAS_Program2024/MAS-Program/Collective_Robotics/ros_work/install/robile_navigation/share/robile_navigation/launch/navigation.launch.py
[1.941s] -- Symlinking: /home/student/MAS/MAS_Program2024/MAS-Program/Collective_Robotics/ros_work/install/robile_navigation/share/robile_navigation/launch/online_async.launch.py
[1.945s] -- Symlinking: /home/student/MAS/MAS_Program2024/MAS-Program/Collective_Robotics/ros_work/install/robile_navigation/share/robile_navigation/launch/robile_nav2_bringup.launch.py
[1.950s] -- Symlinking: /home/student/MAS/MAS_Program2024/MAS-Program/Collective_Robotics/ros_work/install/robile_navigation/share/robile_navigation/config/amcl_config.yaml
[1.954s] -- Symlinking: /home/student/MAS/MAS_Program2024/MAS-Program/Collective_Robotics/ros_work/install/robile_navigation/share/robile_navigation/config/mapper_params_online_async.yaml
[1.959s] -- Symlinking: /home/student/MAS/MAS_Program2024/MAS-Program/Collective_Robotics/ros_work/install/robile_navigation/share/robile_navigation/config/nav2_params.yaml
[1.963s] -- Symlinking: /home/student/MAS/MAS_Program2024/MAS-Program/Collective_Robotics/ros_work/install/robile_navigation/share/robile_navigation/config/robile_nav_params.yaml
[1.967s] -- Symlinking: /home/student/MAS/MAS_Program2024/MAS-Program/Collective_Robotics/ros_work/install/robile_navigation/share/robile_navigation/config/robile_ros2_nav.rviz
[1.972s] -- Symlinking: /home/student/MAS/MAS_Program2024/MAS-Program/Collective_Robotics/ros_work/install/robile_navigation/share/robile_navigation/config/smacPlannerLattice.json
[1.976s] -- Symlinking: /home/student/MAS/MAS_Program2024/MAS-Program/Collective_Robotics/ros_work/install/robile_navigation/share/robile_navigation/maps/closed_walls_map.pgm
[1.981s] -- Symlinking: /home/student/MAS/MAS_Program2024/MAS-Program/Collective_Robotics/ros_work/install/robile_navigation/share/robile_navigation/maps/closed_walls_map.yaml
[1.986s] -- Symlinking: /home/student/MAS/MAS_Program2024/MAS-Program/Collective_Robotics/ros_work/install/robile_navigation/share/robile_navigation/maps/map.pgm
[1.993s] -- Symlinking: /home/student/MAS/MAS_Program2024/MAS-Program/Collective_Robotics/ros_work/install/robile_navigation/share/robile_navigation/maps/map.yaml
[1.998s] -- Symlinking: /home/student/MAS/MAS_Program2024/MAS-Program/Collective_Robotics/ros_work/install/robile_navigation/share/robile_navigation/environment/pythonpath.sh
[2.002s] -- Symlinking: /home/student/MAS/MAS_Program2024/MAS-Program/Collective_Robotics/ros_work/install/robile_navigation/share/robile_navigation/environment/pythonpath.dsv
[2.007s] -- Symlinking: /home/student/MAS/MAS_Program2024/MAS-Program/Collective_Robotics/ros_work/install/robile_navigation/local/lib/python3.10/dist-packages/robile_navigation-0.0.0-py3.10.egg-info/PKG-INFO
[2.011s] -- Symlinking: /home/student/MAS/MAS_Program2024/MAS-Program/Collective_Robotics/ros_work/install/robile_navigation/local/lib/python3.10/dist-packages/robile_navigation-0.0.0-py3.10.egg-info/SOURCES.txt
[2.016s] -- Symlinking: /home/student/MAS/MAS_Program2024/MAS-Program/Collective_Robotics/ros_work/install/robile_navigation/local/lib/python3.10/dist-packages/robile_navigation-0.0.0-py3.10.egg-info/dependency_links.txt
[2.020s] -- Symlinking: /home/student/MAS/MAS_Program2024/MAS-Program/Collective_Robotics/ros_work/install/robile_navigation/local/lib/python3.10/dist-packages/robile_navigation-0.0.0-py3.10.egg-info/top_level.txt
[2.025s] -- Symlinking: /home/student/MAS/MAS_Program2024/MAS-Program/Collective_Robotics/ros_work/install/robile_navigation/local/lib/python3.10/dist-packages/robile_navigation/__init__.py
[2.029s] -- Symlinking: /home/student/MAS/MAS_Program2024/MAS-Program/Collective_Robotics/ros_work/install/robile_navigation/lib/robile_navigation/robile_rfid_tag_finder.py
[2.034s] -- Symlinking: /home/student/MAS/MAS_Program2024/MAS-Program/Collective_Robotics/ros_work/install/robile_navigation/share/ament_index/resource_index/package_run_dependencies/robile_navigation
[2.038s] -- Symlinking: /home/student/MAS/MAS_Program2024/MAS-Program/Collective_Robotics/ros_work/install/robile_navigation/share/ament_index/resource_index/parent_prefix_path/robile_navigation
[2.043s] -- Symlinking: /home/student/MAS/MAS_Program2024/MAS-Program/Collective_Robotics/ros_work/install/robile_navigation/share/robile_navigation/environment/ament_prefix_path.sh
[2.047s] -- Symlinking: /home/student/MAS/MAS_Program2024/MAS-Program/Collective_Robotics/ros_work/install/robile_navigation/share/robile_navigation/environment/ament_prefix_path.dsv
[2.052s] -- Symlinking: /home/student/MAS/MAS_Program2024/MAS-Program/Collective_Robotics/ros_work/install/robile_navigation/share/robile_navigation/environment/path.sh
[2.056s] -- Symlinking: /home/student/MAS/MAS_Program2024/MAS-Program/Collective_Robotics/ros_work/install/robile_navigation/share/robile_navigation/environment/path.dsv
[2.060s] -- Symlinking: /home/student/MAS/MAS_Program2024/MAS-Program/Collective_Robotics/ros_work/install/robile_navigation/share/robile_navigation/local_setup.bash
[2.065s] -- Symlinking: /home/student/MAS/MAS_Program2024/MAS-Program/Collective_Robotics/ros_work/install/robile_navigation/share/robile_navigation/local_setup.sh
[2.069s] -- Symlinking: /home/student/MAS/MAS_Program2024/MAS-Program/Collective_Robotics/ros_work/install/robile_navigation/share/robile_navigation/local_setup.zsh
[2.074s] -- Symlinking: /home/student/MAS/MAS_Program2024/MAS-Program/Collective_Robotics/ros_work/install/robile_navigation/share/robile_navigation/local_setup.dsv
[2.078s] -- Symlinking: /home/student/MAS/MAS_Program2024/MAS-Program/Collective_Robotics/ros_work/install/robile_navigation/share/robile_navigation/package.dsv
[2.083s] -- Symlinking: /home/student/MAS/MAS_Program2024/MAS-Program/Collective_Robotics/ros_work/install/robile_navigation/share/ament_index/resource_index/packages/robile_navigation
[2.089s] -- Symlinking: /home/student/MAS/MAS_Program2024/MAS-Program/Collective_Robotics/ros_work/install/robile_navigation/share/robile_navigation/cmake/robile_navigationConfig.cmake
[2.095s] -- Symlinking: /home/student/MAS/MAS_Program2024/MAS-Program/Collective_Robotics/ros_work/install/robile_navigation/share/robile_navigation/cmake/robile_navigationConfig-version.cmake
[2.100s] -- Symlinking: /home/student/MAS/MAS_Program2024/MAS-Program/Collective_Robotics/ros_work/install/robile_navigation/share/robile_navigation/package.xml
[2.142s] Listing '/home/student/MAS/MAS_Program2024/MAS-Program/Collective_Robotics/ros_work/install/robile_navigation/local/lib/python3.10/dist-packages/robile_navigation'...
[2.142s] Compiling '/home/student/MAS/MAS_Program2024/MAS-Program/Collective_Robotics/ros_work/install/robile_navigation/local/lib/python3.10/dist-packages/robile_navigation/__init__.py'...
[2.150s] Invoked command in '/home/student/MAS/MAS_Program2024/MAS-Program/Collective_Robotics/ros_work/build/robile_navigation' returned '0': AMENT_PREFIX_PATH=/home/student/MAS/MAS_Program2024/MAS-Program/Collective_Robotics/ros_work/install/robile_interfaces:${AMENT_PREFIX_PATH} CMAKE_PREFIX_PATH=/home/student/MAS/MAS_Program2024/MAS-Program/Collective_Robotics/ros_work/install/robile_interfaces:/opt/ros/humble LD_LIBRARY_PATH=/home/student/MAS/MAS_Program2024/MAS-Program/Collective_Robotics/ros_work/install/robile_interfaces/lib:${LD_LIBRARY_PATH} PYTHONPATH=/home/student/MAS/MAS_Program2024/MAS-Program/Collective_Robotics/ros_work/install/robile_interfaces/local/lib/python3.10/dist-packages:${PYTHONPATH} /usr/local/bin/cmake --install /home/student/MAS/MAS_Program2024/MAS-Program/Collective_Robotics/ros_work/build/robile_navigation
