[2.843s] Invoking command in '/home/ayushi/Collective_Robotics/A2/ros_work/src/build/collective_robotics': PYTHONPATH=/home/ayushi/Collective_Robotics/A2/ros_work/src/build/collective_robotics/prefix_override:/usr/lib/python3/dist-packages/colcon_core/task/python/colcon_distutils_commands:/home/ayushi/Collective_Robotics/A2/ros_work/src/install/collective_robotics/lib/python3.10/site-packages:${PYTHONPATH} /usr/bin/python3 -W ignore:setup.py install is deprecated -W ignore:easy_install command is deprecated setup.py develop --editable --build-directory /home/ayushi/Collective_Robotics/A2/ros_work/src/build/collective_robotics/build --no-deps symlink_data
[3.591s] running develop
[3.999s] running egg_info
[4.043s] writing collective_robotics.egg-info/PKG-INFO
[4.045s] writing dependency_links to collective_robotics.egg-info/dependency_links.txt
[4.045s] writing entry points to collective_robotics.egg-info/entry_points.txt
[4.045s] writing requirements to collective_robotics.egg-info/requires.txt
[4.045s] writing top-level names to collective_robotics.egg-info/top_level.txt
[4.099s] reading manifest file 'collective_robotics.egg-info/SOURCES.txt'
[4.100s] writing manifest file 'collective_robotics.egg-info/SOURCES.txt'
[4.128s] running build_ext
[4.128s] Creating /home/ayushi/Collective_Robotics/A2/ros_work/src/install/collective_robotics/lib/python3.10/site-packages/collective-robotics.egg-link (link to .)
[4.129s] Installing go_to_goal script to /home/ayushi/Collective_Robotics/A2/ros_work/src/install/collective_robotics/lib/collective_robotics
[4.130s] Installing multi_bot_task1_stop script to /home/ayushi/Collective_Robotics/A2/ros_work/src/install/collective_robotics/lib/collective_robotics
[4.130s] Installing multi_bot_task2_wait script to /home/ayushi/Collective_Robotics/A2/ros_work/src/install/collective_robotics/lib/collective_robotics
[4.130s] Installing multi_bot_task3_aggregate script to /home/ayushi/Collective_Robotics/A2/ros_work/src/install/collective_robotics/lib/collective_robotics
[4.130s] Installing navigation script to /home/ayushi/Collective_Robotics/A2/ros_work/src/install/collective_robotics/lib/collective_robotics
[4.130s] Installing obstacle_avoid script to /home/ayushi/Collective_Robotics/A2/ros_work/src/install/collective_robotics/lib/collective_robotics
[4.130s] Installing vacum_bot script to /home/ayushi/Collective_Robotics/A2/ros_work/src/install/collective_robotics/lib/collective_robotics
[4.131s] Installing wall_follower script to /home/ayushi/Collective_Robotics/A2/ros_work/src/install/collective_robotics/lib/collective_robotics
[4.131s] 
[4.131s] Installed /home/ayushi/Collective_Robotics/A2/ros_work/src/build/collective_robotics
[4.131s] running symlink_data
[4.202s] Invoked command in '/home/ayushi/Collective_Robotics/A2/ros_work/src/build/collective_robotics' returned '0': PYTHONPATH=/home/ayushi/Collective_Robotics/A2/ros_work/src/build/collective_robotics/prefix_override:/usr/lib/python3/dist-packages/colcon_core/task/python/colcon_distutils_commands:/home/ayushi/Collective_Robotics/A2/ros_work/src/install/collective_robotics/lib/python3.10/site-packages:${PYTHONPATH} /usr/bin/python3 -W ignore:setup.py install is deprecated -W ignore:easy_install command is deprecated setup.py develop --editable --build-directory /home/ayushi/Collective_Robotics/A2/ros_work/src/build/collective_robotics/build --no-deps symlink_data
