[1.196s] Invoking command in '/home/ayushi/Collective_Robotics/A2/ros_work/src/collective_robotics': PYTHONPATH=/home/ayushi/Collective_Robotics/A2/ros_work/build/collective_robotics/prefix_override:/usr/lib/python3/dist-packages/colcon_core/task/python/colcon_distutils_commands:/home/ayushi/Collective_Robotics/A2/ros_work/install/collective_robotics/lib/python3.10/site-packages:${PYTHONPATH} /usr/bin/python3 -W ignore:setup.py install is deprecated -W ignore:easy_install command is deprecated setup.py egg_info --egg-base ../../build/collective_robotics build --build-base /home/ayushi/Collective_Robotics/A2/ros_work/build/collective_robotics/build install --record /home/ayushi/Collective_Robotics/A2/ros_work/build/collective_robotics/install.log --single-version-externally-managed install_data
[1.637s] running egg_info
[1.658s] writing ../../build/collective_robotics/collective_robotics.egg-info/PKG-INFO
[1.658s] writing dependency_links to ../../build/collective_robotics/collective_robotics.egg-info/dependency_links.txt
[1.658s] writing entry points to ../../build/collective_robotics/collective_robotics.egg-info/entry_points.txt
[1.659s] writing requirements to ../../build/collective_robotics/collective_robotics.egg-info/requires.txt
[1.659s] writing top-level names to ../../build/collective_robotics/collective_robotics.egg-info/top_level.txt
[1.701s] reading manifest file '../../build/collective_robotics/collective_robotics.egg-info/SOURCES.txt'
[1.701s] adding license file 'LICENSE'
[1.702s] writing manifest file '../../build/collective_robotics/collective_robotics.egg-info/SOURCES.txt'
[1.703s] running build
[1.703s] running build_py
[1.704s] running install
[1.710s] running install_lib
[1.732s] running install_data
[1.733s] running install_egg_info
[1.756s] removing '/home/ayushi/Collective_Robotics/A2/ros_work/install/collective_robotics/lib/python3.10/site-packages/collective_robotics-0.0.0-py3.10.egg-info' (and everything under it)
[1.756s] Copying ../../build/collective_robotics/collective_robotics.egg-info to /home/ayushi/Collective_Robotics/A2/ros_work/install/collective_robotics/lib/python3.10/site-packages/collective_robotics-0.0.0-py3.10.egg-info
[1.758s] running install_scripts
[1.842s] Installing cleaning_bot script to /home/ayushi/Collective_Robotics/A2/ros_work/install/collective_robotics/lib/collective_robotics
[1.842s] Installing go_to_goal script to /home/ayushi/Collective_Robotics/A2/ros_work/install/collective_robotics/lib/collective_robotics
[1.842s] Installing multi_bot_task1_stop script to /home/ayushi/Collective_Robotics/A2/ros_work/install/collective_robotics/lib/collective_robotics
[1.842s] Installing multi_bot_task2_wait script to /home/ayushi/Collective_Robotics/A2/ros_work/install/collective_robotics/lib/collective_robotics
[1.842s] Installing multi_bot_task3_aggregate script to /home/ayushi/Collective_Robotics/A2/ros_work/install/collective_robotics/lib/collective_robotics
[1.843s] Installing navigation script to /home/ayushi/Collective_Robotics/A2/ros_work/install/collective_robotics/lib/collective_robotics
[1.843s] Installing obstacle_avoid script to /home/ayushi/Collective_Robotics/A2/ros_work/install/collective_robotics/lib/collective_robotics
[1.843s] Installing vacum_bot script to /home/ayushi/Collective_Robotics/A2/ros_work/install/collective_robotics/lib/collective_robotics
[1.843s] Installing wall_follower script to /home/ayushi/Collective_Robotics/A2/ros_work/install/collective_robotics/lib/collective_robotics
[1.844s] writing list of installed files to '/home/ayushi/Collective_Robotics/A2/ros_work/build/collective_robotics/install.log'
[1.881s] Invoked command in '/home/ayushi/Collective_Robotics/A2/ros_work/src/collective_robotics' returned '0': PYTHONPATH=/home/ayushi/Collective_Robotics/A2/ros_work/build/collective_robotics/prefix_override:/usr/lib/python3/dist-packages/colcon_core/task/python/colcon_distutils_commands:/home/ayushi/Collective_Robotics/A2/ros_work/install/collective_robotics/lib/python3.10/site-packages:${PYTHONPATH} /usr/bin/python3 -W ignore:setup.py install is deprecated -W ignore:easy_install command is deprecated setup.py egg_info --egg-base ../../build/collective_robotics build --build-base /home/ayushi/Collective_Robotics/A2/ros_work/build/collective_robotics/build install --record /home/ayushi/Collective_Robotics/A2/ros_work/build/collective_robotics/install.log --single-version-externally-managed install_data
