[1.831s] Invoking command in '/home/ayushi/Collective_Robotics/A2/ros_work/src/build/collective_robotics': PYTHONPATH=/home/ayushi/Collective_Robotics/A2/ros_work/src/build/collective_robotics/prefix_override:/usr/lib/python3/dist-packages/colcon_core/task/python/colcon_distutils_commands:/home/ayushi/Collective_Robotics/A2/ros_work/src/install/collective_robotics/lib/python3.10/site-packages:${PYTHONPATH} /usr/bin/python3 -W ignore:setup.py install is deprecated -W ignore:easy_install command is deprecated setup.py develop --editable --build-directory /home/ayushi/Collective_Robotics/A2/ros_work/src/build/collective_robotics/build --no-deps symlink_data
[2.498s] running develop
[2.971s] running egg_info
[3.008s] writing collective_robotics.egg-info/PKG-INFO
[3.009s] writing dependency_links to collective_robotics.egg-info/dependency_links.txt
[3.009s] writing entry points to collective_robotics.egg-info/entry_points.txt
[3.009s] writing requirements to collective_robotics.egg-info/requires.txt
[3.009s] writing top-level names to collective_robotics.egg-info/top_level.txt
[3.080s] reading manifest file 'collective_robotics.egg-info/SOURCES.txt'
[3.081s] writing manifest file 'collective_robotics.egg-info/SOURCES.txt'
[3.105s] running build_ext
[3.105s] Creating /home/ayushi/Collective_Robotics/A2/ros_work/src/install/collective_robotics/lib/python3.10/site-packages/collective-robotics.egg-link (link to .)
[3.106s] Installing go_to_goal script to /home/ayushi/Collective_Robotics/A2/ros_work/src/install/collective_robotics/lib/collective_robotics
[3.106s] Installing multi_bot_task1_stop script to /home/ayushi/Collective_Robotics/A2/ros_work/src/install/collective_robotics/lib/collective_robotics
[3.106s] Installing multi_bot_task2_wait script to /home/ayushi/Collective_Robotics/A2/ros_work/src/install/collective_robotics/lib/collective_robotics
[3.107s] Installing multi_bot_task3_aggregate script to /home/ayushi/Collective_Robotics/A2/ros_work/src/install/collective_robotics/lib/collective_robotics
[3.107s] Installing navigation script to /home/ayushi/Collective_Robotics/A2/ros_work/src/install/collective_robotics/lib/collective_robotics
[3.107s] Installing obstacle_avoid script to /home/ayushi/Collective_Robotics/A2/ros_work/src/install/collective_robotics/lib/collective_robotics
[3.107s] Installing vacum_bot script to /home/ayushi/Collective_Robotics/A2/ros_work/src/install/collective_robotics/lib/collective_robotics
[3.107s] Installing wall_follower script to /home/ayushi/Collective_Robotics/A2/ros_work/src/install/collective_robotics/lib/collective_robotics
[3.108s] 
[3.108s] Installed /home/ayushi/Collective_Robotics/A2/ros_work/src/build/collective_robotics
[3.108s] running symlink_data
[3.176s] Invoked command in '/home/ayushi/Collective_Robotics/A2/ros_work/src/build/collective_robotics' returned '0': PYTHONPATH=/home/ayushi/Collective_Robotics/A2/ros_work/src/build/collective_robotics/prefix_override:/usr/lib/python3/dist-packages/colcon_core/task/python/colcon_distutils_commands:/home/ayushi/Collective_Robotics/A2/ros_work/src/install/collective_robotics/lib/python3.10/site-packages:${PYTHONPATH} /usr/bin/python3 -W ignore:setup.py install is deprecated -W ignore:easy_install command is deprecated setup.py develop --editable --build-directory /home/ayushi/Collective_Robotics/A2/ros_work/src/build/collective_robotics/build --no-deps symlink_data
