running develop
running egg_info
creating robile_bringup.egg-info
writing robile_bringup.egg-info/PKG-INFO
writing dependency_links to robile_bringup.egg-info/dependency_links.txt
writing entry points to robile_bringup.egg-info/entry_points.txt
writing requirements to robile_bringup.egg-info/requires.txt
writing top-level names to robile_bringup.egg-info/top_level.txt
writing manifest file 'robile_bringup.egg-info/SOURCES.txt'
reading manifest file 'robile_bringup.egg-info/SOURCES.txt'
writing manifest file 'robile_bringup.egg-info/SOURCES.txt'
running build_ext
Creating /home/student/MAS/MAS_Program2024/MAS-Program/Collective_Robotics/ros_work/install/robile_bringup/lib/python3.10/site-packages/robile-bringup.egg-link (link to .)

Installed /home/student/MAS/MAS_Program2024/MAS-Program/Collective_Robotics/ros_work/build/robile_bringup
running symlink_data
creating /home/student/MAS/MAS_Program2024/MAS-Program/Collective_Robotics/ros_work/install/robile_bringup/share/ament_index
creating /home/student/MAS/MAS_Program2024/MAS-Program/Collective_Robotics/ros_work/install/robile_bringup/share/ament_index/resource_index
creating /home/student/MAS/MAS_Program2024/MAS-Program/Collective_Robotics/ros_work/install/robile_bringup/share/ament_index/resource_index/packages
symbolically linking /home/student/MAS/MAS_Program2024/MAS-Program/Collective_Robotics/ros_work/build/robile_bringup/resource/robile_bringup -> /home/student/MAS/MAS_Program2024/MAS-Program/Collective_Robotics/ros_work/install/robile_bringup/share/ament_index/resource_index/packages
symbolically linking /home/student/MAS/MAS_Program2024/MAS-Program/Collective_Robotics/ros_work/build/robile_bringup/package.xml -> /home/student/MAS/MAS_Program2024/MAS-Program/Collective_Robotics/ros_work/install/robile_bringup/share/robile_bringup
symbolically linking /home/student/MAS/MAS_Program2024/MAS-Program/Collective_Robotics/ros_work/build/robile_bringup/launch/robot.launch.py -> /home/student/MAS/MAS_Program2024/MAS-Program/Collective_Robotics/ros_work/install/robile_bringup/share/robile_bringup
