[2.464s] Invoking command in '/home/student/MAS/MAS_Program2024/MAS-Program/Collective_Robotics/ros_work/build/robile_bringup': PYTHONPATH=/home/student/MAS/MAS_Program2024/MAS-Program/Collective_Robotics/ros_work/build/robile_bringup/prefix_override:/usr/lib/python3/dist-packages/colcon_core/task/python/colcon_distutils_commands:/home/student/MAS/MAS_Program2024/MAS-Program/Collective_Robotics/ros_work/install/robile_bringup/lib/python3.10/site-packages:${PYTHONPATH} /usr/bin/python3 -W ignore:setup.py install is deprecated -W ignore:easy_install command is deprecated setup.py develop --editable --build-directory /home/student/MAS/MAS_Program2024/MAS-Program/Collective_Robotics/ros_work/build/robile_bringup/build --no-deps symlink_data
[4.010s] running develop
[5.460s] running egg_info
[5.460s] creating robile_bringup.egg-info
[5.460s] writing robile_bringup.egg-info/PKG-INFO
[5.461s] writing dependency_links to robile_bringup.egg-info/dependency_links.txt
[5.461s] writing entry points to robile_bringup.egg-info/entry_points.txt
[5.461s] writing requirements to robile_bringup.egg-info/requires.txt
[5.462s] writing top-level names to robile_bringup.egg-info/top_level.txt
[5.462s] writing manifest file 'robile_bringup.egg-info/SOURCES.txt'
[5.476s] reading manifest file 'robile_bringup.egg-info/SOURCES.txt'
[5.476s] writing manifest file 'robile_bringup.egg-info/SOURCES.txt'
[5.477s] running build_ext
[5.477s] Creating /home/student/MAS/MAS_Program2024/MAS-Program/Collective_Robotics/ros_work/install/robile_bringup/lib/python3.10/site-packages/robile-bringup.egg-link (link to .)
[5.482s] 
[5.482s] Installed /home/student/MAS/MAS_Program2024/MAS-Program/Collective_Robotics/ros_work/build/robile_bringup
[5.482s] running symlink_data
[5.483s] creating /home/student/MAS/MAS_Program2024/MAS-Program/Collective_Robotics/ros_work/install/robile_bringup/share/ament_index
[5.483s] creating /home/student/MAS/MAS_Program2024/MAS-Program/Collective_Robotics/ros_work/install/robile_bringup/share/ament_index/resource_index
[5.483s] creating /home/student/MAS/MAS_Program2024/MAS-Program/Collective_Robotics/ros_work/install/robile_bringup/share/ament_index/resource_index/packages
[5.483s] symbolically linking /home/student/MAS/MAS_Program2024/MAS-Program/Collective_Robotics/ros_work/build/robile_bringup/resource/robile_bringup -> /home/student/MAS/MAS_Program2024/MAS-Program/Collective_Robotics/ros_work/install/robile_bringup/share/ament_index/resource_index/packages
[5.484s] symbolically linking /home/student/MAS/MAS_Program2024/MAS-Program/Collective_Robotics/ros_work/build/robile_bringup/package.xml -> /home/student/MAS/MAS_Program2024/MAS-Program/Collective_Robotics/ros_work/install/robile_bringup/share/robile_bringup
[5.484s] symbolically linking /home/student/MAS/MAS_Program2024/MAS-Program/Collective_Robotics/ros_work/build/robile_bringup/launch/robot.launch.py -> /home/student/MAS/MAS_Program2024/MAS-Program/Collective_Robotics/ros_work/install/robile_bringup/share/robile_bringup
[5.794s] Invoked command in '/home/student/MAS/MAS_Program2024/MAS-Program/Collective_Robotics/ros_work/build/robile_bringup' returned '0': PYTHONPATH=/home/student/MAS/MAS_Program2024/MAS-Program/Collective_Robotics/ros_work/build/robile_bringup/prefix_override:/usr/lib/python3/dist-packages/colcon_core/task/python/colcon_distutils_commands:/home/student/MAS/MAS_Program2024/MAS-Program/Collective_Robotics/ros_work/install/robile_bringup/lib/python3.10/site-packages:${PYTHONPATH} /usr/bin/python3 -W ignore:setup.py install is deprecated -W ignore:easy_install command is deprecated setup.py develop --editable --build-directory /home/student/MAS/MAS_Program2024/MAS-Program/Collective_Robotics/ros_work/build/robile_bringup/build --no-deps symlink_data
