[0.517s] Invoking command in '/home/ayushi/Collective_Robotics/A2/ros_work/build/stage_ros2': CMAKE_PREFIX_PATH=${CMAKE_PREFIX_PATH}:/home/ayushi/Collective_Robotics/A2/ros_work/install/collective_robotics:/opt/ros/humble /usr/bin/cmake --build /home/ayushi/Collective_Robotics/A2/ros_work/build/stage_ros2 -- -j4 -l4
[0.605s] [ 71%] Built target stage_node
[0.647s] [100%] Built target stage_ros2
[0.662s] Invoked command in '/home/ayushi/Collective_Robotics/A2/ros_work/build/stage_ros2' returned '0': CMAKE_PREFIX_PATH=${CMAKE_PREFIX_PATH}:/home/ayushi/Collective_Robotics/A2/ros_work/install/collective_robotics:/opt/ros/humble /usr/bin/cmake --build /home/ayushi/Collective_Robotics/A2/ros_work/build/stage_ros2 -- -j4 -l4
[0.676s] Invoking command in '/home/ayushi/Collective_Robotics/A2/ros_work/build/stage_ros2': CMAKE_PREFIX_PATH=${CMAKE_PREFIX_PATH}:/home/ayushi/Collective_Robotics/A2/ros_work/install/collective_robotics:/opt/ros/humble /usr/bin/cmake --install /home/ayushi/Collective_Robotics/A2/ros_work/build/stage_ros2
[0.684s] -- Install configuration: ""
[0.685s] -- Execute custom install script
[0.685s] -- Up-to-date symlink: /home/ayushi/Collective_Robotics/A2/ros_work/install/stage_ros2/share/stage_ros2/environment/library_path.sh
[0.685s] -- Up-to-date symlink: /home/ayushi/Collective_Robotics/A2/ros_work/install/stage_ros2/share/stage_ros2/environment/library_path.dsv
[0.686s] -- Up-to-date symlink: /home/ayushi/Collective_Robotics/A2/ros_work/install/stage_ros2/share/stage_ros2//launch/demo.launch.py
[0.686s] -- Up-to-date symlink: /home/ayushi/Collective_Robotics/A2/ros_work/install/stage_ros2/share/stage_ros2//launch/f710.launch.py
[0.687s] -- Up-to-date symlink: /home/ayushi/Collective_Robotics/A2/ros_work/install/stage_ros2/share/stage_ros2//launch/rviz.launch.py
[0.687s] -- Up-to-date symlink: /home/ayushi/Collective_Robotics/A2/ros_work/install/stage_ros2/share/stage_ros2//launch/rviz_ns.launch.py
[0.687s] -- Up-to-date symlink: /home/ayushi/Collective_Robotics/A2/ros_work/install/stage_ros2/share/stage_ros2//launch/stage.launch.py
[0.688s] -- Up-to-date symlink: /home/ayushi/Collective_Robotics/A2/ros_work/install/stage_ros2/share/stage_ros2//world/bitmaps/cave.png
[0.688s] -- Up-to-date symlink: /home/ayushi/Collective_Robotics/A2/ros_work/install/stage_ros2/share/stage_ros2//world/bitmaps/hallway.pgm
[0.688s] -- Up-to-date symlink: /home/ayushi/Collective_Robotics/A2/ros_work/install/stage_ros2/share/stage_ros2//world/bitmaps/hallway.png
[0.689s] -- Up-to-date symlink: /home/ayushi/Collective_Robotics/A2/ros_work/install/stage_ros2/share/stage_ros2//world/bitmaps/line.png
[0.689s] -- Up-to-date symlink: /home/ayushi/Collective_Robotics/A2/ros_work/install/stage_ros2/share/stage_ros2//world/bitmaps/new_map.png
[0.689s] -- Up-to-date symlink: /home/ayushi/Collective_Robotics/A2/ros_work/install/stage_ros2/share/stage_ros2//world/bitmaps/straden.png
[0.689s] -- Up-to-date symlink: /home/ayushi/Collective_Robotics/A2/ros_work/install/stage_ros2/share/stage_ros2//world/bitmaps/warehouse008.pgm
[0.690s] -- Up-to-date symlink: /home/ayushi/Collective_Robotics/A2/ros_work/install/stage_ros2/share/stage_ros2//world/bitmaps/warehouse032.pgm
[0.690s] -- Up-to-date symlink: /home/ayushi/Collective_Robotics/A2/ros_work/install/stage_ros2/share/stage_ros2//world/bitmaps/warehouse200.pgm
[0.690s] -- Up-to-date symlink: /home/ayushi/Collective_Robotics/A2/ros_work/install/stage_ros2/share/stage_ros2//world/bitmaps/willow-full.pgm
[0.690s] -- Up-to-date symlink: /home/ayushi/Collective_Robotics/A2/ros_work/install/stage_ros2/share/stage_ros2//world/cave.world
[0.690s] -- Up-to-date symlink: /home/ayushi/Collective_Robotics/A2/ros_work/install/stage_ros2/share/stage_ros2//world/cave_multi.world
[0.691s] -- Up-to-date symlink: /home/ayushi/Collective_Robotics/A2/ros_work/install/stage_ros2/share/stage_ros2//world/cave_seven_robots.world
[0.691s] -- Up-to-date symlink: /home/ayushi/Collective_Robotics/A2/ros_work/install/stage_ros2/share/stage_ros2//world/cave_three_robots.world
[0.691s] -- Up-to-date symlink: /home/ayushi/Collective_Robotics/A2/ros_work/install/stage_ros2/share/stage_ros2//world/hallway.world
[0.691s] -- Up-to-date symlink: /home/ayushi/Collective_Robotics/A2/ros_work/install/stage_ros2/share/stage_ros2//world/include/pioneer2dx.inc
[0.692s] -- Up-to-date symlink: /home/ayushi/Collective_Robotics/A2/ros_work/install/stage_ros2/share/stage_ros2//world/include/robots.inc
[0.692s] -- Up-to-date symlink: /home/ayushi/Collective_Robotics/A2/ros_work/install/stage_ros2/share/stage_ros2//world/lines.world
[0.693s] -- Up-to-date symlink: /home/ayushi/Collective_Robotics/A2/ros_work/install/stage_ros2/share/stage_ros2//world/new.world
[0.693s] -- Up-to-date symlink: /home/ayushi/Collective_Robotics/A2/ros_work/install/stage_ros2/share/stage_ros2//world/straden.world
[0.693s] -- Up-to-date symlink: /home/ayushi/Collective_Robotics/A2/ros_work/install/stage_ros2/share/stage_ros2//world/willow-four-erratics-multisensor.world
[0.693s] -- Up-to-date symlink: /home/ayushi/Collective_Robotics/A2/ros_work/install/stage_ros2/share/stage_ros2//config/rviz/cave.rviz
[0.693s] -- Up-to-date symlink: /home/ayushi/Collective_Robotics/A2/ros_work/install/stage_ros2/share/stage_ros2//config/rviz/cave_seven_robots.rviz
[0.693s] -- Up-to-date symlink: /home/ayushi/Collective_Robotics/A2/ros_work/install/stage_ros2/share/stage_ros2//config/rviz/cave_three_robots.rviz
[0.694s] -- Up-to-date symlink: /home/ayushi/Collective_Robotics/A2/ros_work/install/stage_ros2/share/stage_ros2//config/rviz/lines.rviz
[0.694s] -- Up-to-date symlink: /home/ayushi/Collective_Robotics/A2/ros_work/install/stage_ros2/share/stage_ros2//config/rviz/robot0.rviz
[0.694s] -- Up-to-date symlink: /home/ayushi/Collective_Robotics/A2/ros_work/install/stage_ros2/share/stage_ros2//config/rviz/robot_ns.rviz
[0.694s] -- Up-to-date symlink: /home/ayushi/Collective_Robotics/A2/ros_work/install/stage_ros2/share/stage_ros2//config/rviz/robot_ns_depth.rviz
[0.694s] -- Up-to-date symlink: /home/ayushi/Collective_Robotics/A2/ros_work/install/stage_ros2/share/stage_ros2//config/teleop_twist_joy/f710.config.yaml
[0.695s] -- Up-to-date symlink: /home/ayushi/Collective_Robotics/A2/ros_work/install/stage_ros2/lib/libstage_node.so
[0.696s] -- Up-to-date symlink: /home/ayushi/Collective_Robotics/A2/ros_work/install/stage_ros2/lib/stage_ros2/stage_ros2
[0.697s] -- Up-to-date symlink: /home/ayushi/Collective_Robotics/A2/ros_work/install/stage_ros2/share/ament_index/resource_index/package_run_dependencies/stage_ros2
[0.697s] -- Up-to-date symlink: /home/ayushi/Collective_Robotics/A2/ros_work/install/stage_ros2/share/ament_index/resource_index/parent_prefix_path/stage_ros2
[0.698s] -- Up-to-date symlink: /home/ayushi/Collective_Robotics/A2/ros_work/install/stage_ros2/share/stage_ros2/environment/ament_prefix_path.sh
[0.699s] -- Up-to-date symlink: /home/ayushi/Collective_Robotics/A2/ros_work/install/stage_ros2/share/stage_ros2/environment/ament_prefix_path.dsv
[0.699s] -- Up-to-date symlink: /home/ayushi/Collective_Robotics/A2/ros_work/install/stage_ros2/share/stage_ros2/environment/path.sh
[0.700s] -- Up-to-date symlink: /home/ayushi/Collective_Robotics/A2/ros_work/install/stage_ros2/share/stage_ros2/environment/path.dsv
[0.701s] -- Up-to-date symlink: /home/ayushi/Collective_Robotics/A2/ros_work/install/stage_ros2/share/stage_ros2/local_setup.bash
[0.702s] -- Up-to-date symlink: /home/ayushi/Collective_Robotics/A2/ros_work/install/stage_ros2/share/stage_ros2/local_setup.sh
[0.702s] -- Up-to-date symlink: /home/ayushi/Collective_Robotics/A2/ros_work/install/stage_ros2/share/stage_ros2/local_setup.zsh
[0.703s] -- Up-to-date symlink: /home/ayushi/Collective_Robotics/A2/ros_work/install/stage_ros2/share/stage_ros2/local_setup.dsv
[0.704s] -- Symlinking: /home/ayushi/Collective_Robotics/A2/ros_work/install/stage_ros2/share/stage_ros2/package.dsv
[0.722s] -- Up-to-date symlink: /home/ayushi/Collective_Robotics/A2/ros_work/install/stage_ros2/share/ament_index/resource_index/packages/stage_ros2
[0.722s] -- Up-to-date symlink: /home/ayushi/Collective_Robotics/A2/ros_work/install/stage_ros2/share/stage_ros2/cmake/stage_ros2Config.cmake
[0.723s] -- Up-to-date symlink: /home/ayushi/Collective_Robotics/A2/ros_work/install/stage_ros2/share/stage_ros2/cmake/stage_ros2Config-version.cmake
[0.723s] -- Up-to-date symlink: /home/ayushi/Collective_Robotics/A2/ros_work/install/stage_ros2/share/stage_ros2/package.xml
[0.733s] Invoked command in '/home/ayushi/Collective_Robotics/A2/ros_work/build/stage_ros2' returned '0': CMAKE_PREFIX_PATH=${CMAKE_PREFIX_PATH}:/home/ayushi/Collective_Robotics/A2/ros_work/install/collective_robotics:/opt/ros/humble /usr/bin/cmake --install /home/ayushi/Collective_Robotics/A2/ros_work/build/stage_ros2
