[0.095s] Invoking command in '/home/student/MAS/MAS_Program2024/MAS-Program/Collective_Robotics/ros_work/build/robile_navigation': CMAKE_PREFIX_PATH=/home/student/MAS/MAS_Program2024/MAS-Program/Collective_Robotics/ros_work/install/robile_interfaces:/home/student/MAS/MAS_Program2024/MAS-Program/Collective_Robotics/ros_work/install/robile_navigation:/home/student/MAS/MAS_Program2024/MAS-Program/Collective_Robotics/ros_work/install/robile_gazebo:/home/student/MAS/MAS_Program2024/MAS-Program/Collective_Robotics/ros_work/install/robile_description:/home/student/MAS/MAS_Program2024/MAS-Program/Collective_Robotics/ros_work/install/Stage:/home/student/MAS/MAS_Program2024/MAS-Program/Collective_Robotics/ros_work/install/robile_reach_goal:/home/student/MAS/MAS_Program2024/MAS-Program/Collective_Robotics/ros_work/install/robile_control_simple:/home/student/MAS/MAS_Program2024/MAS-Program/Collective_Robotics/ros_work/install/robile_bringup:/home/student/MAS/MAS_Program2024/MAS-Program/Collective_Robotics/ros_work/install/collective_robotics:/opt/ros/humble /usr/local/bin/cmake --build /home/student/MAS/MAS_Program2024/MAS-Program/Collective_Robotics/ros_work/build/robile_navigation -- -j4 -l4
[0.179s] Built target ament_cmake_python_symlink_robile_navigation
[0.998s] running egg_info
[1.000s] writing robile_navigation.egg-info/PKG-INFO
[1.000s] writing dependency_links to robile_navigation.egg-info/dependency_links.txt
[1.001s] writing top-level names to robile_navigation.egg-info/top_level.txt
[1.012s] reading manifest file 'robile_navigation.egg-info/SOURCES.txt'
[1.024s] writing manifest file 'robile_navigation.egg-info/SOURCES.txt'
[1.068s] Built target ament_cmake_python_build_robile_navigation_egg
[1.075s] Invoked command in '/home/student/MAS/MAS_Program2024/MAS-Program/Collective_Robotics/ros_work/build/robile_navigation' returned '0': CMAKE_PREFIX_PATH=/home/student/MAS/MAS_Program2024/MAS-Program/Collective_Robotics/ros_work/install/robile_interfaces:/home/student/MAS/MAS_Program2024/MAS-Program/Collective_Robotics/ros_work/install/robile_navigation:/home/student/MAS/MAS_Program2024/MAS-Program/Collective_Robotics/ros_work/install/robile_gazebo:/home/student/MAS/MAS_Program2024/MAS-Program/Collective_Robotics/ros_work/install/robile_description:/home/student/MAS/MAS_Program2024/MAS-Program/Collective_Robotics/ros_work/install/Stage:/home/student/MAS/MAS_Program2024/MAS-Program/Collective_Robotics/ros_work/install/robile_reach_goal:/home/student/MAS/MAS_Program2024/MAS-Program/Collective_Robotics/ros_work/install/robile_control_simple:/home/student/MAS/MAS_Program2024/MAS-Program/Collective_Robotics/ros_work/install/robile_bringup:/home/student/MAS/MAS_Program2024/MAS-Program/Collective_Robotics/ros_work/install/collective_robotics:/opt/ros/humble /usr/local/bin/cmake --build /home/student/MAS/MAS_Program2024/MAS-Program/Collective_Robotics/ros_work/build/robile_navigation -- -j4 -l4
[1.078s] Invoking command in '/home/student/MAS/MAS_Program2024/MAS-Program/Collective_Robotics/ros_work/build/robile_navigation': CMAKE_PREFIX_PATH=/home/student/MAS/MAS_Program2024/MAS-Program/Collective_Robotics/ros_work/install/robile_interfaces:/home/student/MAS/MAS_Program2024/MAS-Program/Collective_Robotics/ros_work/install/robile_navigation:/home/student/MAS/MAS_Program2024/MAS-Program/Collective_Robotics/ros_work/install/robile_gazebo:/home/student/MAS/MAS_Program2024/MAS-Program/Collective_Robotics/ros_work/install/robile_description:/home/student/MAS/MAS_Program2024/MAS-Program/Collective_Robotics/ros_work/install/Stage:/home/student/MAS/MAS_Program2024/MAS-Program/Collective_Robotics/ros_work/install/robile_reach_goal:/home/student/MAS/MAS_Program2024/MAS-Program/Collective_Robotics/ros_work/install/robile_control_simple:/home/student/MAS/MAS_Program2024/MAS-Program/Collective_Robotics/ros_work/install/robile_bringup:/home/student/MAS/MAS_Program2024/MAS-Program/Collective_Robotics/ros_work/install/collective_robotics:/opt/ros/humble /usr/local/bin/cmake --install /home/student/MAS/MAS_Program2024/MAS-Program/Collective_Robotics/ros_work/build/robile_navigation
[1.083s] -- Install configuration: ""
[1.083s] -- Execute custom install script
[1.085s] -- Up-to-date symlink: /home/student/MAS/MAS_Program2024/MAS-Program/Collective_Robotics/ros_work/install/robile_navigation/share/robile_navigation/launch/landmark_based_localisation.launch.py
[1.085s] -- Up-to-date symlink: /home/student/MAS/MAS_Program2024/MAS-Program/Collective_Robotics/ros_work/install/robile_navigation/share/robile_navigation/launch/localization.launch.py
[1.086s] -- Up-to-date symlink: /home/student/MAS/MAS_Program2024/MAS-Program/Collective_Robotics/ros_work/install/robile_navigation/share/robile_navigation/launch/navigation.launch.py
[1.086s] -- Up-to-date symlink: /home/student/MAS/MAS_Program2024/MAS-Program/Collective_Robotics/ros_work/install/robile_navigation/share/robile_navigation/launch/online_async.launch.py
[1.086s] -- Up-to-date symlink: /home/student/MAS/MAS_Program2024/MAS-Program/Collective_Robotics/ros_work/install/robile_navigation/share/robile_navigation/launch/robile_nav2_bringup.launch.py
[1.088s] -- Up-to-date symlink: /home/student/MAS/MAS_Program2024/MAS-Program/Collective_Robotics/ros_work/install/robile_navigation/share/robile_navigation/config/amcl_config.yaml
[1.088s] -- Up-to-date symlink: /home/student/MAS/MAS_Program2024/MAS-Program/Collective_Robotics/ros_work/install/robile_navigation/share/robile_navigation/config/mapper_params_online_async.yaml
[1.088s] -- Up-to-date symlink: /home/student/MAS/MAS_Program2024/MAS-Program/Collective_Robotics/ros_work/install/robile_navigation/share/robile_navigation/config/nav2_params.yaml
[1.089s] -- Up-to-date symlink: /home/student/MAS/MAS_Program2024/MAS-Program/Collective_Robotics/ros_work/install/robile_navigation/share/robile_navigation/config/robile_nav_params.yaml
[1.089s] -- Up-to-date symlink: /home/student/MAS/MAS_Program2024/MAS-Program/Collective_Robotics/ros_work/install/robile_navigation/share/robile_navigation/config/robile_ros2_nav.rviz
[1.090s] -- Up-to-date symlink: /home/student/MAS/MAS_Program2024/MAS-Program/Collective_Robotics/ros_work/install/robile_navigation/share/robile_navigation/config/smacPlannerLattice.json
[1.090s] -- Up-to-date symlink: /home/student/MAS/MAS_Program2024/MAS-Program/Collective_Robotics/ros_work/install/robile_navigation/share/robile_navigation/maps/closed_walls_map.pgm
[1.091s] -- Up-to-date symlink: /home/student/MAS/MAS_Program2024/MAS-Program/Collective_Robotics/ros_work/install/robile_navigation/share/robile_navigation/maps/closed_walls_map.yaml
[1.091s] -- Up-to-date symlink: /home/student/MAS/MAS_Program2024/MAS-Program/Collective_Robotics/ros_work/install/robile_navigation/share/robile_navigation/maps/map.pgm
[1.092s] -- Up-to-date symlink: /home/student/MAS/MAS_Program2024/MAS-Program/Collective_Robotics/ros_work/install/robile_navigation/share/robile_navigation/maps/map.yaml
[1.092s] -- Up-to-date symlink: /home/student/MAS/MAS_Program2024/MAS-Program/Collective_Robotics/ros_work/install/robile_navigation/share/robile_navigation/environment/pythonpath.sh
[1.093s] -- Up-to-date symlink: /home/student/MAS/MAS_Program2024/MAS-Program/Collective_Robotics/ros_work/install/robile_navigation/share/robile_navigation/environment/pythonpath.dsv
[1.093s] -- Up-to-date symlink: /home/student/MAS/MAS_Program2024/MAS-Program/Collective_Robotics/ros_work/install/robile_navigation/local/lib/python3.10/dist-packages/robile_navigation-0.0.0-py3.10.egg-info/PKG-INFO
[1.094s] -- Up-to-date symlink: /home/student/MAS/MAS_Program2024/MAS-Program/Collective_Robotics/ros_work/install/robile_navigation/local/lib/python3.10/dist-packages/robile_navigation-0.0.0-py3.10.egg-info/SOURCES.txt
[1.094s] -- Up-to-date symlink: /home/student/MAS/MAS_Program2024/MAS-Program/Collective_Robotics/ros_work/install/robile_navigation/local/lib/python3.10/dist-packages/robile_navigation-0.0.0-py3.10.egg-info/dependency_links.txt
[1.094s] -- Up-to-date symlink: /home/student/MAS/MAS_Program2024/MAS-Program/Collective_Robotics/ros_work/install/robile_navigation/local/lib/python3.10/dist-packages/robile_navigation-0.0.0-py3.10.egg-info/top_level.txt
[1.095s] -- Up-to-date symlink: /home/student/MAS/MAS_Program2024/MAS-Program/Collective_Robotics/ros_work/install/robile_navigation/local/lib/python3.10/dist-packages/robile_navigation/__init__.py
[1.096s] -- Up-to-date symlink: /home/student/MAS/MAS_Program2024/MAS-Program/Collective_Robotics/ros_work/install/robile_navigation/lib/robile_navigation/robile_rfid_tag_finder.py
[1.096s] -- Up-to-date symlink: /home/student/MAS/MAS_Program2024/MAS-Program/Collective_Robotics/ros_work/install/robile_navigation/share/ament_index/resource_index/package_run_dependencies/robile_navigation
[1.097s] -- Up-to-date symlink: /home/student/MAS/MAS_Program2024/MAS-Program/Collective_Robotics/ros_work/install/robile_navigation/share/ament_index/resource_index/parent_prefix_path/robile_navigation
[1.097s] -- Up-to-date symlink: /home/student/MAS/MAS_Program2024/MAS-Program/Collective_Robotics/ros_work/install/robile_navigation/share/robile_navigation/environment/ament_prefix_path.sh
[1.098s] -- Up-to-date symlink: /home/student/MAS/MAS_Program2024/MAS-Program/Collective_Robotics/ros_work/install/robile_navigation/share/robile_navigation/environment/ament_prefix_path.dsv
[1.098s] -- Up-to-date symlink: /home/student/MAS/MAS_Program2024/MAS-Program/Collective_Robotics/ros_work/install/robile_navigation/share/robile_navigation/environment/path.sh
[1.098s] -- Up-to-date symlink: /home/student/MAS/MAS_Program2024/MAS-Program/Collective_Robotics/ros_work/install/robile_navigation/share/robile_navigation/environment/path.dsv
[1.099s] -- Up-to-date symlink: /home/student/MAS/MAS_Program2024/MAS-Program/Collective_Robotics/ros_work/install/robile_navigation/share/robile_navigation/local_setup.bash
[1.099s] -- Up-to-date symlink: /home/student/MAS/MAS_Program2024/MAS-Program/Collective_Robotics/ros_work/install/robile_navigation/share/robile_navigation/local_setup.sh
[1.100s] -- Up-to-date symlink: /home/student/MAS/MAS_Program2024/MAS-Program/Collective_Robotics/ros_work/install/robile_navigation/share/robile_navigation/local_setup.zsh
[1.100s] -- Up-to-date symlink: /home/student/MAS/MAS_Program2024/MAS-Program/Collective_Robotics/ros_work/install/robile_navigation/share/robile_navigation/local_setup.dsv
[1.100s] -- Symlinking: /home/student/MAS/MAS_Program2024/MAS-Program/Collective_Robotics/ros_work/install/robile_navigation/share/robile_navigation/package.dsv
[1.105s] -- Up-to-date symlink: /home/student/MAS/MAS_Program2024/MAS-Program/Collective_Robotics/ros_work/install/robile_navigation/share/ament_index/resource_index/packages/robile_navigation
[1.106s] -- Up-to-date symlink: /home/student/MAS/MAS_Program2024/MAS-Program/Collective_Robotics/ros_work/install/robile_navigation/share/robile_navigation/cmake/robile_navigationConfig.cmake
[1.106s] -- Up-to-date symlink: /home/student/MAS/MAS_Program2024/MAS-Program/Collective_Robotics/ros_work/install/robile_navigation/share/robile_navigation/cmake/robile_navigationConfig-version.cmake
[1.107s] -- Up-to-date symlink: /home/student/MAS/MAS_Program2024/MAS-Program/Collective_Robotics/ros_work/install/robile_navigation/share/robile_navigation/package.xml
[1.157s] Listing '/home/student/MAS/MAS_Program2024/MAS-Program/Collective_Robotics/ros_work/install/robile_navigation/local/lib/python3.10/dist-packages/robile_navigation'...
[1.169s] Invoked command in '/home/student/MAS/MAS_Program2024/MAS-Program/Collective_Robotics/ros_work/build/robile_navigation' returned '0': CMAKE_PREFIX_PATH=/home/student/MAS/MAS_Program2024/MAS-Program/Collective_Robotics/ros_work/install/robile_interfaces:/home/student/MAS/MAS_Program2024/MAS-Program/Collective_Robotics/ros_work/install/robile_navigation:/home/student/MAS/MAS_Program2024/MAS-Program/Collective_Robotics/ros_work/install/robile_gazebo:/home/student/MAS/MAS_Program2024/MAS-Program/Collective_Robotics/ros_work/install/robile_description:/home/student/MAS/MAS_Program2024/MAS-Program/Collective_Robotics/ros_work/install/Stage:/home/student/MAS/MAS_Program2024/MAS-Program/Collective_Robotics/ros_work/install/robile_reach_goal:/home/student/MAS/MAS_Program2024/MAS-Program/Collective_Robotics/ros_work/install/robile_control_simple:/home/student/MAS/MAS_Program2024/MAS-Program/Collective_Robotics/ros_work/install/robile_bringup:/home/student/MAS/MAS_Program2024/MAS-Program/Collective_Robotics/ros_work/install/collective_robotics:/opt/ros/humble /usr/local/bin/cmake --install /home/student/MAS/MAS_Program2024/MAS-Program/Collective_Robotics/ros_work/build/robile_navigation
