[2.936s] Invoking command in '/home/ayushi/Collective_Robotics/A2/ros_work/src/build/collective_robotics': PYTHONPATH=/home/ayushi/Collective_Robotics/A2/ros_work/src/build/collective_robotics/prefix_override:/usr/lib/python3/dist-packages/colcon_core/task/python/colcon_distutils_commands:/home/ayushi/Collective_Robotics/A2/ros_work/src/install/collective_robotics/lib/python3.10/site-packages:${PYTHONPATH} /usr/bin/python3 -W ignore:setup.py install is deprecated -W ignore:easy_install command is deprecated setup.py develop --editable --build-directory /home/ayushi/Collective_Robotics/A2/ros_work/src/build/collective_robotics/build --no-deps symlink_data
[3.519s] running develop
[3.984s] running egg_info
[3.984s] creating collective_robotics.egg-info
[4.016s] writing collective_robotics.egg-info/PKG-INFO
[4.016s] writing dependency_links to collective_robotics.egg-info/dependency_links.txt
[4.017s] writing entry points to collective_robotics.egg-info/entry_points.txt
[4.017s] writing requirements to collective_robotics.egg-info/requires.txt
[4.017s] writing top-level names to collective_robotics.egg-info/top_level.txt
[4.017s] writing manifest file 'collective_robotics.egg-info/SOURCES.txt'
[4.095s] reading manifest file 'collective_robotics.egg-info/SOURCES.txt'
[4.097s] writing manifest file 'collective_robotics.egg-info/SOURCES.txt'
[4.137s] running build_ext
[4.138s] Creating /home/ayushi/Collective_Robotics/A2/ros_work/src/install/collective_robotics/lib/python3.10/site-packages/collective-robotics.egg-link (link to .)
[4.140s] Installing go_to_goal script to /home/ayushi/Collective_Robotics/A2/ros_work/src/install/collective_robotics/lib/collective_robotics
[4.141s] Installing multi_bot_task1_stop script to /home/ayushi/Collective_Robotics/A2/ros_work/src/install/collective_robotics/lib/collective_robotics
[4.141s] Installing multi_bot_task2_wait script to /home/ayushi/Collective_Robotics/A2/ros_work/src/install/collective_robotics/lib/collective_robotics
[4.141s] Installing multi_bot_task3_aggregate script to /home/ayushi/Collective_Robotics/A2/ros_work/src/install/collective_robotics/lib/collective_robotics
[4.142s] Installing navigation script to /home/ayushi/Collective_Robotics/A2/ros_work/src/install/collective_robotics/lib/collective_robotics
[4.142s] Installing obstacle_avoid script to /home/ayushi/Collective_Robotics/A2/ros_work/src/install/collective_robotics/lib/collective_robotics
[4.142s] Installing vacum_bot script to /home/ayushi/Collective_Robotics/A2/ros_work/src/install/collective_robotics/lib/collective_robotics
[4.142s] Installing wall_follower script to /home/ayushi/Collective_Robotics/A2/ros_work/src/install/collective_robotics/lib/collective_robotics
[4.142s] 
[4.143s] Installed /home/ayushi/Collective_Robotics/A2/ros_work/src/build/collective_robotics
[4.143s] running symlink_data
[4.143s] creating /home/ayushi/Collective_Robotics/A2/ros_work/src/install/collective_robotics/share/ament_index
[4.143s] creating /home/ayushi/Collective_Robotics/A2/ros_work/src/install/collective_robotics/share/ament_index/resource_index
[4.143s] creating /home/ayushi/Collective_Robotics/A2/ros_work/src/install/collective_robotics/share/ament_index/resource_index/packages
[4.144s] symbolically linking /home/ayushi/Collective_Robotics/A2/ros_work/src/build/collective_robotics/resource/collective_robotics -> /home/ayushi/Collective_Robotics/A2/ros_work/src/install/collective_robotics/share/ament_index/resource_index/packages
[4.144s] symbolically linking /home/ayushi/Collective_Robotics/A2/ros_work/src/build/collective_robotics/package.xml -> /home/ayushi/Collective_Robotics/A2/ros_work/src/install/collective_robotics/share/collective_robotics
[4.145s] creating /home/ayushi/Collective_Robotics/A2/ros_work/src/install/collective_robotics/share/collective_robotics/launch
[4.145s] symbolically linking /home/ayushi/Collective_Robotics/A2/ros_work/src/build/collective_robotics/launch/multi_robot_behavior_wait.launch.py -> /home/ayushi/Collective_Robotics/A2/ros_work/src/install/collective_robotics/share/collective_robotics/launch
[4.146s] symbolically linking /home/ayushi/Collective_Robotics/A2/ros_work/src/build/collective_robotics/launch/multi_robot_swarm_aggregate.launch.py -> /home/ayushi/Collective_Robotics/A2/ros_work/src/install/collective_robotics/share/collective_robotics/launch
[4.146s] symbolically linking /home/ayushi/Collective_Robotics/A2/ros_work/src/build/collective_robotics/launch/multi_robot_behavior.launch.py -> /home/ayushi/Collective_Robotics/A2/ros_work/src/install/collective_robotics/share/collective_robotics/launch
[4.214s] Invoked command in '/home/ayushi/Collective_Robotics/A2/ros_work/src/build/collective_robotics' returned '0': PYTHONPATH=/home/ayushi/Collective_Robotics/A2/ros_work/src/build/collective_robotics/prefix_override:/usr/lib/python3/dist-packages/colcon_core/task/python/colcon_distutils_commands:/home/ayushi/Collective_Robotics/A2/ros_work/src/install/collective_robotics/lib/python3.10/site-packages:${PYTHONPATH} /usr/bin/python3 -W ignore:setup.py install is deprecated -W ignore:easy_install command is deprecated setup.py develop --editable --build-directory /home/ayushi/Collective_Robotics/A2/ros_work/src/build/collective_robotics/build --no-deps symlink_data
