[  0%] Built target ament_cmake_python_symlink_robile_interfaces
[  2%] Built target robile_interfaces__cpp
[ 12%] Built target robile_interfaces__rosidl_generator_c
[ 23%] Built target robile_interfaces__rosidl_typesupport_cpp
[ 43%] Built target robile_interfaces__rosidl_typesupport_introspection_cpp
[ 43%] Built target robile_interfaces__rosidl_typesupport_fastrtps_cpp
[ 53%] Built target robile_interfaces__rosidl_typesupport_fastrtps_c
[ 64%] Built target robile_interfaces__rosidl_typesupport_c
[ 74%] Built target robile_interfaces__rosidl_typesupport_introspection_c
[ 74%] Built target robile_interfaces
[ 76%] Built target robile_interfaces__py
[ 84%] Built target robile_interfaces__rosidl_generator_py
[ 89%] Built target robile_interfaces__rosidl_typesupport_c__pyext
[ 94%] Built target robile_interfaces__rosidl_typesupport_fastrtps_c__pyext
[100%] Built target robile_interfaces__rosidl_typesupport_introspection_c__pyext
running egg_info
writing robile_interfaces.egg-info/PKG-INFO
writing dependency_links to robile_interfaces.egg-info/dependency_links.txt
writing top-level names to robile_interfaces.egg-info/top_level.txt
reading manifest file 'robile_interfaces.egg-info/SOURCES.txt'
writing manifest file 'robile_interfaces.egg-info/SOURCES.txt'
[100%] Built target ament_cmake_python_build_robile_interfaces_egg
