[0.039s] Invoking command in '/home/student/MAS/MAS_Program2024/MAS-Program/Collective_Robotics/ros_work/build/robile_interfaces': CMAKE_PREFIX_PATH=${CMAKE_PREFIX_PATH}:/home/student/MAS/MAS_Program2024/MAS-Program/Collective_Robotics/ros_work/install/robile_reach_goal:/home/student/MAS/MAS_Program2024/MAS-Program/Collective_Robotics/ros_work/install/robile_control_simple:/home/student/MAS/MAS_Program2024/MAS-Program/Collective_Robotics/ros_work/install/robile_bringup:/home/student/MAS/MAS_Program2024/MAS-Program/Collective_Robotics/ros_work/install/collective_robotics:/opt/ros/humble /usr/local/bin/cmake --build /home/student/MAS/MAS_Program2024/MAS-Program/Collective_Robotics/ros_work/build/robile_interfaces -- -j4 -l4
[1.018s] [  0%] Built target ament_cmake_python_symlink_robile_interfaces
[1.019s] [  2%] Built target robile_interfaces__cpp
[1.019s] [ 12%] Built target robile_interfaces__rosidl_generator_c
[1.020s] [ 23%] Built target robile_interfaces__rosidl_typesupport_cpp
[1.020s] [ 43%] Built target robile_interfaces__rosidl_typesupport_introspection_cpp
[1.020s] [ 43%] Built target robile_interfaces__rosidl_typesupport_fastrtps_cpp
[1.020s] [ 53%] Built target robile_interfaces__rosidl_typesupport_fastrtps_c
[1.020s] [ 64%] Built target robile_interfaces__rosidl_typesupport_c
[1.020s] [ 74%] Built target robile_interfaces__rosidl_typesupport_introspection_c
[1.020s] [ 74%] Built target robile_interfaces
[1.020s] [ 76%] Built target robile_interfaces__py
[1.021s] [ 84%] Built target robile_interfaces__rosidl_generator_py
[1.021s] [ 89%] Built target robile_interfaces__rosidl_typesupport_c__pyext
[1.021s] [ 94%] Built target robile_interfaces__rosidl_typesupport_fastrtps_c__pyext
[1.021s] [100%] Built target robile_interfaces__rosidl_typesupport_introspection_c__pyext
[1.021s] running egg_info
[1.021s] writing robile_interfaces.egg-info/PKG-INFO
[1.021s] writing dependency_links to robile_interfaces.egg-info/dependency_links.txt
[1.021s] writing top-level names to robile_interfaces.egg-info/top_level.txt
[1.022s] reading manifest file 'robile_interfaces.egg-info/SOURCES.txt'
[1.022s] writing manifest file 'robile_interfaces.egg-info/SOURCES.txt'
[1.022s] [100%] Built target ament_cmake_python_build_robile_interfaces_egg
[1.035s] Invoked command in '/home/student/MAS/MAS_Program2024/MAS-Program/Collective_Robotics/ros_work/build/robile_interfaces' returned '0': CMAKE_PREFIX_PATH=${CMAKE_PREFIX_PATH}:/home/student/MAS/MAS_Program2024/MAS-Program/Collective_Robotics/ros_work/install/robile_reach_goal:/home/student/MAS/MAS_Program2024/MAS-Program/Collective_Robotics/ros_work/install/robile_control_simple:/home/student/MAS/MAS_Program2024/MAS-Program/Collective_Robotics/ros_work/install/robile_bringup:/home/student/MAS/MAS_Program2024/MAS-Program/Collective_Robotics/ros_work/install/collective_robotics:/opt/ros/humble /usr/local/bin/cmake --build /home/student/MAS/MAS_Program2024/MAS-Program/Collective_Robotics/ros_work/build/robile_interfaces -- -j4 -l4
[1.039s] Invoking command in '/home/student/MAS/MAS_Program2024/MAS-Program/Collective_Robotics/ros_work/build/robile_interfaces': CMAKE_PREFIX_PATH=${CMAKE_PREFIX_PATH}:/home/student/MAS/MAS_Program2024/MAS-Program/Collective_Robotics/ros_work/install/robile_reach_goal:/home/student/MAS/MAS_Program2024/MAS-Program/Collective_Robotics/ros_work/install/robile_control_simple:/home/student/MAS/MAS_Program2024/MAS-Program/Collective_Robotics/ros_work/install/robile_bringup:/home/student/MAS/MAS_Program2024/MAS-Program/Collective_Robotics/ros_work/install/collective_robotics:/opt/ros/humble /usr/local/bin/cmake --install /home/student/MAS/MAS_Program2024/MAS-Program/Collective_Robotics/ros_work/build/robile_interfaces
