[0.449s] Invoking command in '/home/ayushi/Collective_Robotics/A2/ros_work/build/stage_ros2': CMAKE_PREFIX_PATH=${CMAKE_PREFIX_PATH}:/home/ayushi/Collective_Robotics/A2/ros_work/install/collective_robotics:/opt/ros/humble /usr/bin/cmake --build /home/ayushi/Collective_Robotics/A2/ros_work/build/stage_ros2 -- -j4 -l4
[0.527s] [ 71%] Built target stage_node
[0.562s] [100%] Built target stage_ros2
[0.577s] Invoked command in '/home/ayushi/Collective_Robotics/A2/ros_work/build/stage_ros2' returned '0': CMAKE_PREFIX_PATH=${CMAKE_PREFIX_PATH}:/home/ayushi/Collective_Robotics/A2/ros_work/install/collective_robotics:/opt/ros/humble /usr/bin/cmake --build /home/ayushi/Collective_Robotics/A2/ros_work/build/stage_ros2 -- -j4 -l4
[0.590s] Invoking command in '/home/ayushi/Collective_Robotics/A2/ros_work/build/stage_ros2': CMAKE_PREFIX_PATH=${CMAKE_PREFIX_PATH}:/home/ayushi/Collective_Robotics/A2/ros_work/install/collective_robotics:/opt/ros/humble /usr/bin/cmake --install /home/ayushi/Collective_Robotics/A2/ros_work/build/stage_ros2
[0.599s] -- Install configuration: ""
[0.600s] -- Execute custom install script
[0.600s] -- Up-to-date symlink: /home/ayushi/Collective_Robotics/A2/ros_work/install/stage_ros2/share/stage_ros2/environment/library_path.sh
[0.600s] -- Up-to-date symlink: /home/ayushi/Collective_Robotics/A2/ros_work/install/stage_ros2/share/stage_ros2/environment/library_path.dsv
[0.601s] -- Up-to-date symlink: /home/ayushi/Collective_Robotics/A2/ros_work/install/stage_ros2/share/stage_ros2//launch/demo.launch.py
[0.604s] -- Up-to-date symlink: /home/ayushi/Collective_Robotics/A2/ros_work/install/stage_ros2/share/stage_ros2//launch/f710.launch.py
[0.604s] -- Up-to-date symlink: /home/ayushi/Collective_Robotics/A2/ros_work/install/stage_ros2/share/stage_ros2//launch/rviz.launch.py
[0.604s] -- Up-to-date symlink: /home/ayushi/Collective_Robotics/A2/ros_work/install/stage_ros2/share/stage_ros2//launch/rviz_ns.launch.py
[0.605s] -- Up-to-date symlink: /home/ayushi/Collective_Robotics/A2/ros_work/install/stage_ros2/share/stage_ros2//launch/stage.launch.py
[0.605s] -- Up-to-date symlink: /home/ayushi/Collective_Robotics/A2/ros_work/install/stage_ros2/share/stage_ros2//world/bitmaps/cave.png
[0.605s] -- Up-to-date symlink: /home/ayushi/Collective_Robotics/A2/ros_work/install/stage_ros2/share/stage_ros2//world/bitmaps/hallway.pgm
[0.605s] -- Up-to-date symlink: /home/ayushi/Collective_Robotics/A2/ros_work/install/stage_ros2/share/stage_ros2//world/bitmaps/hallway.png
[0.605s] -- Up-to-date symlink: /home/ayushi/Collective_Robotics/A2/ros_work/install/stage_ros2/share/stage_ros2//world/bitmaps/line.png
[0.606s] -- Up-to-date symlink: /home/ayushi/Collective_Robotics/A2/ros_work/install/stage_ros2/share/stage_ros2//world/bitmaps/new_map.png
[0.606s] -- Up-to-date symlink: /home/ayushi/Collective_Robotics/A2/ros_work/install/stage_ros2/share/stage_ros2//world/bitmaps/new_maze.png
[0.606s] -- Up-to-date symlink: /home/ayushi/Collective_Robotics/A2/ros_work/install/stage_ros2/share/stage_ros2//world/bitmaps/straden.png
[0.606s] -- Up-to-date symlink: /home/ayushi/Collective_Robotics/A2/ros_work/install/stage_ros2/share/stage_ros2//world/bitmaps/warehouse008.pgm
[0.606s] -- Up-to-date symlink: /home/ayushi/Collective_Robotics/A2/ros_work/install/stage_ros2/share/stage_ros2//world/bitmaps/warehouse032.pgm
[0.607s] -- Up-to-date symlink: /home/ayushi/Collective_Robotics/A2/ros_work/install/stage_ros2/share/stage_ros2//world/bitmaps/warehouse200.pgm
[0.607s] -- Up-to-date symlink: /home/ayushi/Collective_Robotics/A2/ros_work/install/stage_ros2/share/stage_ros2//world/bitmaps/willow-full.pgm
[0.607s] -- Up-to-date symlink: /home/ayushi/Collective_Robotics/A2/ros_work/install/stage_ros2/share/stage_ros2//world/cave.world
[0.607s] -- Up-to-date symlink: /home/ayushi/Collective_Robotics/A2/ros_work/install/stage_ros2/share/stage_ros2//world/cave_multi.world
[0.608s] -- Up-to-date symlink: /home/ayushi/Collective_Robotics/A2/ros_work/install/stage_ros2/share/stage_ros2//world/cave_seven_robots.world
[0.608s] -- Up-to-date symlink: /home/ayushi/Collective_Robotics/A2/ros_work/install/stage_ros2/share/stage_ros2//world/cave_three_robots.world
[0.608s] -- Up-to-date symlink: /home/ayushi/Collective_Robotics/A2/ros_work/install/stage_ros2/share/stage_ros2//world/hallway.world
[0.608s] -- Up-to-date symlink: /home/ayushi/Collective_Robotics/A2/ros_work/install/stage_ros2/share/stage_ros2//world/include/pioneer2dx.inc
[0.608s] -- Up-to-date symlink: /home/ayushi/Collective_Robotics/A2/ros_work/install/stage_ros2/share/stage_ros2//world/include/robots.inc
[0.609s] -- Up-to-date symlink: /home/ayushi/Collective_Robotics/A2/ros_work/install/stage_ros2/share/stage_ros2//world/lines.world
[0.609s] -- Up-to-date symlink: /home/ayushi/Collective_Robotics/A2/ros_work/install/stage_ros2/share/stage_ros2//world/new_maze.world
[0.609s] -- Up-to-date symlink: /home/ayushi/Collective_Robotics/A2/ros_work/install/stage_ros2/share/stage_ros2//world/straden.world
[0.609s] -- Up-to-date symlink: /home/ayushi/Collective_Robotics/A2/ros_work/install/stage_ros2/share/stage_ros2//world/swarm20.world
[0.609s] -- Up-to-date symlink: /home/ayushi/Collective_Robotics/A2/ros_work/install/stage_ros2/share/stage_ros2//world/swarm5.world
[0.609s] -- Up-to-date symlink: /home/ayushi/Collective_Robotics/A2/ros_work/install/stage_ros2/share/stage_ros2//world/willow-four-erratics-multisensor.world
[0.610s] -- Up-to-date symlink: /home/ayushi/Collective_Robotics/A2/ros_work/install/stage_ros2/share/stage_ros2//config/rviz/cave.rviz
[0.610s] -- Up-to-date symlink: /home/ayushi/Collective_Robotics/A2/ros_work/install/stage_ros2/share/stage_ros2//config/rviz/cave_seven_robots.rviz
[0.610s] -- Up-to-date symlink: /home/ayushi/Collective_Robotics/A2/ros_work/install/stage_ros2/share/stage_ros2//config/rviz/cave_three_robots.rviz
[0.610s] -- Up-to-date symlink: /home/ayushi/Collective_Robotics/A2/ros_work/install/stage_ros2/share/stage_ros2//config/rviz/lines.rviz
[0.611s] -- Up-to-date symlink: /home/ayushi/Collective_Robotics/A2/ros_work/install/stage_ros2/share/stage_ros2//config/rviz/robot0.rviz
[0.611s] -- Up-to-date symlink: /home/ayushi/Collective_Robotics/A2/ros_work/install/stage_ros2/share/stage_ros2//config/rviz/robot_ns.rviz
[0.611s] -- Up-to-date symlink: /home/ayushi/Collective_Robotics/A2/ros_work/install/stage_ros2/share/stage_ros2//config/rviz/robot_ns_depth.rviz
[0.612s] -- Up-to-date symlink: /home/ayushi/Collective_Robotics/A2/ros_work/install/stage_ros2/share/stage_ros2//config/teleop_twist_joy/f710.config.yaml
[0.612s] -- Up-to-date symlink: /home/ayushi/Collective_Robotics/A2/ros_work/install/stage_ros2/lib/libstage_node.so
[0.612s] -- Up-to-date symlink: /home/ayushi/Collective_Robotics/A2/ros_work/install/stage_ros2/lib/stage_ros2/stage_ros2
[0.613s] -- Up-to-date symlink: /home/ayushi/Collective_Robotics/A2/ros_work/install/stage_ros2/share/ament_index/resource_index/package_run_dependencies/stage_ros2
[0.613s] -- Up-to-date symlink: /home/ayushi/Collective_Robotics/A2/ros_work/install/stage_ros2/share/ament_index/resource_index/parent_prefix_path/stage_ros2
[0.614s] -- Up-to-date symlink: /home/ayushi/Collective_Robotics/A2/ros_work/install/stage_ros2/share/stage_ros2/environment/ament_prefix_path.sh
[0.614s] -- Up-to-date symlink: /home/ayushi/Collective_Robotics/A2/ros_work/install/stage_ros2/share/stage_ros2/environment/ament_prefix_path.dsv
[0.614s] -- Up-to-date symlink: /home/ayushi/Collective_Robotics/A2/ros_work/install/stage_ros2/share/stage_ros2/environment/path.sh
[0.614s] -- Up-to-date symlink: /home/ayushi/Collective_Robotics/A2/ros_work/install/stage_ros2/share/stage_ros2/environment/path.dsv
[0.615s] -- Up-to-date symlink: /home/ayushi/Collective_Robotics/A2/ros_work/install/stage_ros2/share/stage_ros2/local_setup.bash
[0.615s] -- Up-to-date symlink: /home/ayushi/Collective_Robotics/A2/ros_work/install/stage_ros2/share/stage_ros2/local_setup.sh
[0.616s] -- Up-to-date symlink: /home/ayushi/Collective_Robotics/A2/ros_work/install/stage_ros2/share/stage_ros2/local_setup.zsh
[0.616s] -- Up-to-date symlink: /home/ayushi/Collective_Robotics/A2/ros_work/install/stage_ros2/share/stage_ros2/local_setup.dsv
[0.616s] -- Symlinking: /home/ayushi/Collective_Robotics/A2/ros_work/install/stage_ros2/share/stage_ros2/package.dsv
[0.629s] -- Up-to-date symlink: /home/ayushi/Collective_Robotics/A2/ros_work/install/stage_ros2/share/ament_index/resource_index/packages/stage_ros2
[0.629s] -- Up-to-date symlink: /home/ayushi/Collective_Robotics/A2/ros_work/install/stage_ros2/share/stage_ros2/cmake/stage_ros2Config.cmake
[0.629s] -- Up-to-date symlink: /home/ayushi/Collective_Robotics/A2/ros_work/install/stage_ros2/share/stage_ros2/cmake/stage_ros2Config-version.cmake
[0.630s] -- Up-to-date symlink: /home/ayushi/Collective_Robotics/A2/ros_work/install/stage_ros2/share/stage_ros2/package.xml
[0.633s] Invoked command in '/home/ayushi/Collective_Robotics/A2/ros_work/build/stage_ros2' returned '0': CMAKE_PREFIX_PATH=${CMAKE_PREFIX_PATH}:/home/ayushi/Collective_Robotics/A2/ros_work/install/collective_robotics:/opt/ros/humble /usr/bin/cmake --install /home/ayushi/Collective_Robotics/A2/ros_work/build/stage_ros2
