[0.270s] DEBUG:colcon:Command line arguments: ['/usr/bin/colcon', 'build', '--symlink-install']
[0.270s] DEBUG:colcon:Parsed command line arguments: Namespace(log_base=None, log_level=None, verb_name='build', build_base='build', install_base='install', merge_install=False, symlink_install=True, test_result_base=None, continue_on_error=False, executor='parallel', parallel_workers=4, event_handlers=None, ignore_user_meta=False, metas=['./colcon.meta'], base_paths=['.'], packages_ignore=None, packages_ignore_regex=None, paths=None, packages_up_to=None, packages_up_to_regex=None, packages_above=None, packages_above_and_dependencies=None, packages_above_depth=None, packages_select_by_dep=None, packages_skip_by_dep=None, packages_skip_up_to=None, packages_select_build_failed=False, packages_skip_build_finished=False, packages_select_test_failures=False, packages_skip_test_passed=False, packages_select=None, packages_skip=None, packages_select_regex=None, packages_skip_regex=None, packages_start=None, packages_end=None, allow_overriding=[], cmake_args=None, cmake_target=None, cmake_target_skip_unavailable=False, cmake_clean_cache=False, cmake_clean_first=False, cmake_force_configure=False, ament_cmake_args=None, catkin_cmake_args=None, catkin_skip_building_tests=False, mixin_files=None, mixin=None, verb_parser=<colcon_mixin.mixin.mixin_argument.MixinArgumentDecorator object at 0x7f82be63b9d0>, verb_extension=<colcon_core.verb.build.BuildVerb object at 0x7f82be5f1db0>, main=<bound method BuildVerb.main of <colcon_core.verb.build.BuildVerb object at 0x7f82be5f1db0>>, mixin_verb=('build',))
[0.936s] Level 1:colcon.colcon_core.package_discovery:discover_packages(colcon_meta) check parameters
[0.936s] Level 1:colcon.colcon_core.package_discovery:discover_packages(recursive) check parameters
[0.936s] Level 1:colcon.colcon_core.package_discovery:discover_packages(ignore) check parameters
[0.936s] Level 1:colcon.colcon_core.package_discovery:discover_packages(path) check parameters
[0.936s] Level 1:colcon.colcon_core.package_discovery:discover_packages(colcon_meta) discover
[0.936s] Level 1:colcon.colcon_core.package_discovery:discover_packages(recursive) discover
[0.936s] INFO:colcon.colcon_core.package_discovery:Crawling recursively for packages in '/home/student/MAS/MAS_Program2024/MAS-Program/Collective_Robotics/ros_work'
[0.936s] Level 1:colcon.colcon_core.package_identification:_identify(.) by extensions ['ignore', 'ignore_ament_install']
[0.937s] Level 1:colcon.colcon_core.package_identification:_identify(.) by extension 'ignore'
[0.937s] Level 1:colcon.colcon_core.package_identification:_identify(.) by extension 'ignore_ament_install'
[0.937s] Level 1:colcon.colcon_core.package_identification:_identify(.) by extensions ['colcon_pkg']
[0.937s] Level 1:colcon.colcon_core.package_identification:_identify(.) by extension 'colcon_pkg'
[0.937s] Level 1:colcon.colcon_core.package_identification:_identify(.) by extensions ['colcon_meta']
[0.937s] Level 1:colcon.colcon_core.package_identification:_identify(.) by extension 'colcon_meta'
[0.937s] Level 1:colcon.colcon_core.package_identification:_identify(.) by extensions ['ros']
[0.937s] Level 1:colcon.colcon_core.package_identification:_identify(.) by extension 'ros'
[0.966s] Level 1:colcon.colcon_core.package_identification:_identify(.) by extensions ['cmake', 'python']
[0.966s] Level 1:colcon.colcon_core.package_identification:_identify(.) by extension 'cmake'
[0.966s] Level 1:colcon.colcon_core.package_identification:_identify(.) by extension 'python'
[0.966s] Level 1:colcon.colcon_core.package_identification:_identify(.) by extensions ['python_setup_py']
[0.966s] Level 1:colcon.colcon_core.package_identification:_identify(.) by extension 'python_setup_py'
[0.967s] Level 1:colcon.colcon_core.package_identification:_identify(build) by extensions ['ignore', 'ignore_ament_install']
[0.967s] Level 1:colcon.colcon_core.package_identification:_identify(build) by extension 'ignore'
[0.967s] Level 1:colcon.colcon_core.package_identification:_identify(build) ignored
[0.967s] Level 1:colcon.colcon_core.package_identification:_identify(install) by extensions ['ignore', 'ignore_ament_install']
[0.967s] Level 1:colcon.colcon_core.package_identification:_identify(install) by extension 'ignore'
[0.967s] Level 1:colcon.colcon_core.package_identification:_identify(install) ignored
[0.968s] Level 1:colcon.colcon_core.package_identification:_identify(log) by extensions ['ignore', 'ignore_ament_install']
[0.968s] Level 1:colcon.colcon_core.package_identification:_identify(log) by extension 'ignore'
[0.968s] Level 1:colcon.colcon_core.package_identification:_identify(log) ignored
[0.968s] Level 1:colcon.colcon_core.package_identification:_identify(src) by extensions ['ignore', 'ignore_ament_install']
[0.968s] Level 1:colcon.colcon_core.package_identification:_identify(src) by extension 'ignore'
[0.968s] Level 1:colcon.colcon_core.package_identification:_identify(src) by extension 'ignore_ament_install'
[0.968s] Level 1:colcon.colcon_core.package_identification:_identify(src) by extensions ['colcon_pkg']
[0.968s] Level 1:colcon.colcon_core.package_identification:_identify(src) by extension 'colcon_pkg'
[0.968s] Level 1:colcon.colcon_core.package_identification:_identify(src) by extensions ['colcon_meta']
[0.969s] Level 1:colcon.colcon_core.package_identification:_identify(src) by extension 'colcon_meta'
[0.969s] Level 1:colcon.colcon_core.package_identification:_identify(src) by extensions ['ros']
[0.969s] Level 1:colcon.colcon_core.package_identification:_identify(src) by extension 'ros'
[0.969s] Level 1:colcon.colcon_core.package_identification:_identify(src) by extensions ['cmake', 'python']
[0.969s] Level 1:colcon.colcon_core.package_identification:_identify(src) by extension 'cmake'
[0.969s] Level 1:colcon.colcon_core.package_identification:_identify(src) by extension 'python'
[0.969s] Level 1:colcon.colcon_core.package_identification:_identify(src) by extensions ['python_setup_py']
[0.969s] Level 1:colcon.colcon_core.package_identification:_identify(src) by extension 'python_setup_py'
[0.969s] Level 1:colcon.colcon_core.package_identification:_identify(src/Robile) by extensions ['ignore', 'ignore_ament_install']
[0.970s] Level 1:colcon.colcon_core.package_identification:_identify(src/Robile) by extension 'ignore'
[0.970s] Level 1:colcon.colcon_core.package_identification:_identify(src/Robile) by extension 'ignore_ament_install'
[0.970s] Level 1:colcon.colcon_core.package_identification:_identify(src/Robile) by extensions ['colcon_pkg']
[0.970s] Level 1:colcon.colcon_core.package_identification:_identify(src/Robile) by extension 'colcon_pkg'
[0.970s] Level 1:colcon.colcon_core.package_identification:_identify(src/Robile) by extensions ['colcon_meta']
[0.970s] Level 1:colcon.colcon_core.package_identification:_identify(src/Robile) by extension 'colcon_meta'
[0.970s] Level 1:colcon.colcon_core.package_identification:_identify(src/Robile) by extensions ['ros']
[0.970s] Level 1:colcon.colcon_core.package_identification:_identify(src/Robile) by extension 'ros'
[0.971s] Level 1:colcon.colcon_core.package_identification:_identify(src/Robile) by extensions ['cmake', 'python']
[0.971s] Level 1:colcon.colcon_core.package_identification:_identify(src/Robile) by extension 'cmake'
[0.971s] Level 1:colcon.colcon_core.package_identification:_identify(src/Robile) by extension 'python'
[0.971s] Level 1:colcon.colcon_core.package_identification:_identify(src/Robile) by extensions ['python_setup_py']
[0.971s] Level 1:colcon.colcon_core.package_identification:_identify(src/Robile) by extension 'python_setup_py'
[0.971s] Level 1:colcon.colcon_core.package_identification:_identify(src/Robile/docs) by extensions ['ignore', 'ignore_ament_install']
[0.972s] Level 1:colcon.colcon_core.package_identification:_identify(src/Robile/docs) by extension 'ignore'
[0.972s] Level 1:colcon.colcon_core.package_identification:_identify(src/Robile/docs) ignored
[0.972s] Level 1:colcon.colcon_core.package_identification:_identify(src/Robile/robile_bringup) by extensions ['ignore', 'ignore_ament_install']
[0.972s] Level 1:colcon.colcon_core.package_identification:_identify(src/Robile/robile_bringup) by extension 'ignore'
[0.972s] Level 1:colcon.colcon_core.package_identification:_identify(src/Robile/robile_bringup) by extension 'ignore_ament_install'
[0.972s] Level 1:colcon.colcon_core.package_identification:_identify(src/Robile/robile_bringup) by extensions ['colcon_pkg']
[0.972s] Level 1:colcon.colcon_core.package_identification:_identify(src/Robile/robile_bringup) by extension 'colcon_pkg'
[0.972s] Level 1:colcon.colcon_core.package_identification:_identify(src/Robile/robile_bringup) by extensions ['colcon_meta']
[0.972s] Level 1:colcon.colcon_core.package_identification:_identify(src/Robile/robile_bringup) by extension 'colcon_meta'
[0.973s] Level 1:colcon.colcon_core.package_identification:_identify(src/Robile/robile_bringup) by extensions ['ros']
[0.973s] Level 1:colcon.colcon_core.package_identification:_identify(src/Robile/robile_bringup) by extension 'ros'
[0.979s] DEBUG:colcon.colcon_core.package_identification:Package 'src/Robile/robile_bringup' with type 'ros.ament_python' and name 'robile_bringup'
[0.979s] Level 1:colcon.colcon_core.package_identification:_identify(src/Robile/robile_demos) by extensions ['ignore', 'ignore_ament_install']
[0.979s] Level 1:colcon.colcon_core.package_identification:_identify(src/Robile/robile_demos) by extension 'ignore'
[0.979s] Level 1:colcon.colcon_core.package_identification:_identify(src/Robile/robile_demos) by extension 'ignore_ament_install'
[0.979s] Level 1:colcon.colcon_core.package_identification:_identify(src/Robile/robile_demos) by extensions ['colcon_pkg']
[0.979s] Level 1:colcon.colcon_core.package_identification:_identify(src/Robile/robile_demos) by extension 'colcon_pkg'
[0.979s] Level 1:colcon.colcon_core.package_identification:_identify(src/Robile/robile_demos) by extensions ['colcon_meta']
[0.979s] Level 1:colcon.colcon_core.package_identification:_identify(src/Robile/robile_demos) by extension 'colcon_meta'
[0.980s] Level 1:colcon.colcon_core.package_identification:_identify(src/Robile/robile_demos) by extensions ['ros']
[0.980s] Level 1:colcon.colcon_core.package_identification:_identify(src/Robile/robile_demos) by extension 'ros'
[0.980s] Level 1:colcon.colcon_core.package_identification:_identify(src/Robile/robile_demos) by extensions ['cmake', 'python']
[0.980s] Level 1:colcon.colcon_core.package_identification:_identify(src/Robile/robile_demos) by extension 'cmake'
[0.980s] Level 1:colcon.colcon_core.package_identification:_identify(src/Robile/robile_demos) by extension 'python'
[0.980s] Level 1:colcon.colcon_core.package_identification:_identify(src/Robile/robile_demos) by extensions ['python_setup_py']
[0.980s] Level 1:colcon.colcon_core.package_identification:_identify(src/Robile/robile_demos) by extension 'python_setup_py'
[0.980s] Level 1:colcon.colcon_core.package_identification:_identify(src/Robile/robile_demos/robile_control_simple) by extensions ['ignore', 'ignore_ament_install']
[0.980s] Level 1:colcon.colcon_core.package_identification:_identify(src/Robile/robile_demos/robile_control_simple) by extension 'ignore'
[0.981s] Level 1:colcon.colcon_core.package_identification:_identify(src/Robile/robile_demos/robile_control_simple) by extension 'ignore_ament_install'
[0.981s] Level 1:colcon.colcon_core.package_identification:_identify(src/Robile/robile_demos/robile_control_simple) by extensions ['colcon_pkg']
[0.981s] Level 1:colcon.colcon_core.package_identification:_identify(src/Robile/robile_demos/robile_control_simple) by extension 'colcon_pkg'
[0.981s] Level 1:colcon.colcon_core.package_identification:_identify(src/Robile/robile_demos/robile_control_simple) by extensions ['colcon_meta']
[0.981s] Level 1:colcon.colcon_core.package_identification:_identify(src/Robile/robile_demos/robile_control_simple) by extension 'colcon_meta'
[0.981s] Level 1:colcon.colcon_core.package_identification:_identify(src/Robile/robile_demos/robile_control_simple) by extensions ['ros']
[0.981s] Level 1:colcon.colcon_core.package_identification:_identify(src/Robile/robile_demos/robile_control_simple) by extension 'ros'
[0.983s] DEBUG:colcon.colcon_core.package_identification:Package 'src/Robile/robile_demos/robile_control_simple' with type 'ros.ament_python' and name 'robile_control_simple'
[0.983s] Level 1:colcon.colcon_core.package_identification:_identify(src/Robile/robile_demos/robile_reach_goal) by extensions ['ignore', 'ignore_ament_install']
[0.983s] Level 1:colcon.colcon_core.package_identification:_identify(src/Robile/robile_demos/robile_reach_goal) by extension 'ignore'
[0.984s] Level 1:colcon.colcon_core.package_identification:_identify(src/Robile/robile_demos/robile_reach_goal) by extension 'ignore_ament_install'
[0.984s] Level 1:colcon.colcon_core.package_identification:_identify(src/Robile/robile_demos/robile_reach_goal) by extensions ['colcon_pkg']
[0.984s] Level 1:colcon.colcon_core.package_identification:_identify(src/Robile/robile_demos/robile_reach_goal) by extension 'colcon_pkg'
[0.984s] Level 1:colcon.colcon_core.package_identification:_identify(src/Robile/robile_demos/robile_reach_goal) by extensions ['colcon_meta']
[0.984s] Level 1:colcon.colcon_core.package_identification:_identify(src/Robile/robile_demos/robile_reach_goal) by extension 'colcon_meta'
[0.984s] Level 1:colcon.colcon_core.package_identification:_identify(src/Robile/robile_demos/robile_reach_goal) by extensions ['ros']
[0.984s] Level 1:colcon.colcon_core.package_identification:_identify(src/Robile/robile_demos/robile_reach_goal) by extension 'ros'
[0.986s] DEBUG:colcon.colcon_core.package_identification:Package 'src/Robile/robile_demos/robile_reach_goal' with type 'ros.ament_python' and name 'robile_reach_goal'
[0.986s] Level 1:colcon.colcon_core.package_identification:_identify(src/Robile/worksheets) by extensions ['ignore', 'ignore_ament_install']
[0.986s] Level 1:colcon.colcon_core.package_identification:_identify(src/Robile/worksheets) by extension 'ignore'
[0.986s] Level 1:colcon.colcon_core.package_identification:_identify(src/Robile/worksheets) by extension 'ignore_ament_install'
[0.986s] Level 1:colcon.colcon_core.package_identification:_identify(src/Robile/worksheets) by extensions ['colcon_pkg']
[0.986s] Level 1:colcon.colcon_core.package_identification:_identify(src/Robile/worksheets) by extension 'colcon_pkg'
[0.986s] Level 1:colcon.colcon_core.package_identification:_identify(src/Robile/worksheets) by extensions ['colcon_meta']
[0.986s] Level 1:colcon.colcon_core.package_identification:_identify(src/Robile/worksheets) by extension 'colcon_meta'
[0.987s] Level 1:colcon.colcon_core.package_identification:_identify(src/Robile/worksheets) by extensions ['ros']
[0.987s] Level 1:colcon.colcon_core.package_identification:_identify(src/Robile/worksheets) by extension 'ros'
[0.987s] Level 1:colcon.colcon_core.package_identification:_identify(src/Robile/worksheets) by extensions ['cmake', 'python']
[0.987s] Level 1:colcon.colcon_core.package_identification:_identify(src/Robile/worksheets) by extension 'cmake'
[0.987s] Level 1:colcon.colcon_core.package_identification:_identify(src/Robile/worksheets) by extension 'python'
[0.987s] Level 1:colcon.colcon_core.package_identification:_identify(src/Robile/worksheets) by extensions ['python_setup_py']
[0.987s] Level 1:colcon.colcon_core.package_identification:_identify(src/Robile/worksheets) by extension 'python_setup_py'
[0.987s] Level 1:colcon.colcon_core.package_identification:_identify(src/Robile/worksheets/bitmaps) by extensions ['ignore', 'ignore_ament_install']
[0.988s] Level 1:colcon.colcon_core.package_identification:_identify(src/Robile/worksheets/bitmaps) by extension 'ignore'
[0.988s] Level 1:colcon.colcon_core.package_identification:_identify(src/Robile/worksheets/bitmaps) by extension 'ignore_ament_install'
[0.988s] Level 1:colcon.colcon_core.package_identification:_identify(src/Robile/worksheets/bitmaps) by extensions ['colcon_pkg']
[0.988s] Level 1:colcon.colcon_core.package_identification:_identify(src/Robile/worksheets/bitmaps) by extension 'colcon_pkg'
[0.988s] Level 1:colcon.colcon_core.package_identification:_identify(src/Robile/worksheets/bitmaps) by extensions ['colcon_meta']
[0.988s] Level 1:colcon.colcon_core.package_identification:_identify(src/Robile/worksheets/bitmaps) by extension 'colcon_meta'
[0.988s] Level 1:colcon.colcon_core.package_identification:_identify(src/Robile/worksheets/bitmaps) by extensions ['ros']
[0.988s] Level 1:colcon.colcon_core.package_identification:_identify(src/Robile/worksheets/bitmaps) by extension 'ros'
[0.988s] Level 1:colcon.colcon_core.package_identification:_identify(src/Robile/worksheets/bitmaps) by extensions ['cmake', 'python']
[0.989s] Level 1:colcon.colcon_core.package_identification:_identify(src/Robile/worksheets/bitmaps) by extension 'cmake'
[0.989s] Level 1:colcon.colcon_core.package_identification:_identify(src/Robile/worksheets/bitmaps) by extension 'python'
[0.989s] Level 1:colcon.colcon_core.package_identification:_identify(src/Robile/worksheets/bitmaps) by extensions ['python_setup_py']
[0.989s] Level 1:colcon.colcon_core.package_identification:_identify(src/Robile/worksheets/bitmaps) by extension 'python_setup_py'
[0.989s] Level 1:colcon.colcon_core.package_identification:_identify(src/Robile/worksheets/worksheet01) by extensions ['ignore', 'ignore_ament_install']
[0.989s] Level 1:colcon.colcon_core.package_identification:_identify(src/Robile/worksheets/worksheet01) by extension 'ignore'
[0.989s] Level 1:colcon.colcon_core.package_identification:_identify(src/Robile/worksheets/worksheet01) by extension 'ignore_ament_install'
[0.989s] Level 1:colcon.colcon_core.package_identification:_identify(src/Robile/worksheets/worksheet01) by extensions ['colcon_pkg']
[0.989s] Level 1:colcon.colcon_core.package_identification:_identify(src/Robile/worksheets/worksheet01) by extension 'colcon_pkg'
[0.990s] Level 1:colcon.colcon_core.package_identification:_identify(src/Robile/worksheets/worksheet01) by extensions ['colcon_meta']
[0.990s] Level 1:colcon.colcon_core.package_identification:_identify(src/Robile/worksheets/worksheet01) by extension 'colcon_meta'
[0.990s] Level 1:colcon.colcon_core.package_identification:_identify(src/Robile/worksheets/worksheet01) by extensions ['ros']
[0.990s] Level 1:colcon.colcon_core.package_identification:_identify(src/Robile/worksheets/worksheet01) by extension 'ros'
[0.990s] Level 1:colcon.colcon_core.package_identification:_identify(src/Robile/worksheets/worksheet01) by extensions ['cmake', 'python']
[0.990s] Level 1:colcon.colcon_core.package_identification:_identify(src/Robile/worksheets/worksheet01) by extension 'cmake'
[0.990s] Level 1:colcon.colcon_core.package_identification:_identify(src/Robile/worksheets/worksheet01) by extension 'python'
[0.990s] Level 1:colcon.colcon_core.package_identification:_identify(src/Robile/worksheets/worksheet01) by extensions ['python_setup_py']
[0.990s] Level 1:colcon.colcon_core.package_identification:_identify(src/Robile/worksheets/worksheet01) by extension 'python_setup_py'
[0.991s] Level 1:colcon.colcon_core.package_identification:_identify(src/Robile/worksheets/worksheet02) by extensions ['ignore', 'ignore_ament_install']
[0.991s] Level 1:colcon.colcon_core.package_identification:_identify(src/Robile/worksheets/worksheet02) by extension 'ignore'
[0.991s] Level 1:colcon.colcon_core.package_identification:_identify(src/Robile/worksheets/worksheet02) by extension 'ignore_ament_install'
[0.991s] Level 1:colcon.colcon_core.package_identification:_identify(src/Robile/worksheets/worksheet02) by extensions ['colcon_pkg']
[0.991s] Level 1:colcon.colcon_core.package_identification:_identify(src/Robile/worksheets/worksheet02) by extension 'colcon_pkg'
[0.991s] Level 1:colcon.colcon_core.package_identification:_identify(src/Robile/worksheets/worksheet02) by extensions ['colcon_meta']
[0.991s] Level 1:colcon.colcon_core.package_identification:_identify(src/Robile/worksheets/worksheet02) by extension 'colcon_meta'
[0.991s] Level 1:colcon.colcon_core.package_identification:_identify(src/Robile/worksheets/worksheet02) by extensions ['ros']
[0.991s] Level 1:colcon.colcon_core.package_identification:_identify(src/Robile/worksheets/worksheet02) by extension 'ros'
[0.992s] Level 1:colcon.colcon_core.package_identification:_identify(src/Robile/worksheets/worksheet02) by extensions ['cmake', 'python']
[0.992s] Level 1:colcon.colcon_core.package_identification:_identify(src/Robile/worksheets/worksheet02) by extension 'cmake'
[0.992s] Level 1:colcon.colcon_core.package_identification:_identify(src/Robile/worksheets/worksheet02) by extension 'python'
[0.992s] Level 1:colcon.colcon_core.package_identification:_identify(src/Robile/worksheets/worksheet02) by extensions ['python_setup_py']
[0.992s] Level 1:colcon.colcon_core.package_identification:_identify(src/Robile/worksheets/worksheet02) by extension 'python_setup_py'
[0.992s] Level 1:colcon.colcon_core.package_identification:_identify(src/Stage) by extensions ['ignore', 'ignore_ament_install']
[0.992s] Level 1:colcon.colcon_core.package_identification:_identify(src/Stage) by extension 'ignore'
[0.992s] Level 1:colcon.colcon_core.package_identification:_identify(src/Stage) by extension 'ignore_ament_install'
[0.993s] Level 1:colcon.colcon_core.package_identification:_identify(src/Stage) by extensions ['colcon_pkg']
[0.993s] Level 1:colcon.colcon_core.package_identification:_identify(src/Stage) by extension 'colcon_pkg'
[0.993s] Level 1:colcon.colcon_core.package_identification:_identify(src/Stage) by extensions ['colcon_meta']
[0.993s] Level 1:colcon.colcon_core.package_identification:_identify(src/Stage) by extension 'colcon_meta'
[0.993s] Level 1:colcon.colcon_core.package_identification:_identify(src/Stage) by extensions ['ros']
[0.993s] Level 1:colcon.colcon_core.package_identification:_identify(src/Stage) by extension 'ros'
[0.993s] Level 1:colcon.colcon_core.package_identification:_identify(src/Stage) by extensions ['cmake', 'python']
[0.993s] Level 1:colcon.colcon_core.package_identification:_identify(src/Stage) by extension 'cmake'
[1.007s] Level 1:colcon.colcon_core.package_identification:_identify(src/Stage) by extension 'python'
[1.007s] DEBUG:colcon.colcon_core.package_identification:Package 'src/Stage' with type 'cmake' and name 'Stage'
[1.007s] Level 1:colcon.colcon_core.package_identification:_identify(src/collective_robotics) by extensions ['ignore', 'ignore_ament_install']
[1.007s] Level 1:colcon.colcon_core.package_identification:_identify(src/collective_robotics) by extension 'ignore'
[1.007s] Level 1:colcon.colcon_core.package_identification:_identify(src/collective_robotics) by extension 'ignore_ament_install'
[1.008s] Level 1:colcon.colcon_core.package_identification:_identify(src/collective_robotics) by extensions ['colcon_pkg']
[1.008s] Level 1:colcon.colcon_core.package_identification:_identify(src/collective_robotics) by extension 'colcon_pkg'
[1.008s] Level 1:colcon.colcon_core.package_identification:_identify(src/collective_robotics) by extensions ['colcon_meta']
[1.008s] Level 1:colcon.colcon_core.package_identification:_identify(src/collective_robotics) by extension 'colcon_meta'
[1.008s] Level 1:colcon.colcon_core.package_identification:_identify(src/collective_robotics) by extensions ['ros']
[1.008s] Level 1:colcon.colcon_core.package_identification:_identify(src/collective_robotics) by extension 'ros'
[1.010s] DEBUG:colcon.colcon_core.package_identification:Package 'src/collective_robotics' with type 'ros.ament_python' and name 'collective_robotics'
[1.011s] Level 1:colcon.colcon_core.package_identification:_identify(src/robile_description) by extensions ['ignore', 'ignore_ament_install']
[1.011s] Level 1:colcon.colcon_core.package_identification:_identify(src/robile_description) by extension 'ignore'
[1.011s] Level 1:colcon.colcon_core.package_identification:_identify(src/robile_description) by extension 'ignore_ament_install'
[1.011s] Level 1:colcon.colcon_core.package_identification:_identify(src/robile_description) by extensions ['colcon_pkg']
[1.011s] Level 1:colcon.colcon_core.package_identification:_identify(src/robile_description) by extension 'colcon_pkg'
[1.011s] Level 1:colcon.colcon_core.package_identification:_identify(src/robile_description) by extensions ['colcon_meta']
[1.011s] Level 1:colcon.colcon_core.package_identification:_identify(src/robile_description) by extension 'colcon_meta'
[1.011s] Level 1:colcon.colcon_core.package_identification:_identify(src/robile_description) by extensions ['ros']
[1.011s] Level 1:colcon.colcon_core.package_identification:_identify(src/robile_description) by extension 'ros'
[1.013s] DEBUG:colcon.colcon_core.package_identification:Package 'src/robile_description' with type 'ros.ament_cmake' and name 'robile_description'
[1.013s] Level 1:colcon.colcon_core.package_identification:_identify(src/robile_gazebo) by extensions ['ignore', 'ignore_ament_install']
[1.013s] Level 1:colcon.colcon_core.package_identification:_identify(src/robile_gazebo) by extension 'ignore'
[1.013s] Level 1:colcon.colcon_core.package_identification:_identify(src/robile_gazebo) by extension 'ignore_ament_install'
[1.014s] Level 1:colcon.colcon_core.package_identification:_identify(src/robile_gazebo) by extensions ['colcon_pkg']
[1.014s] Level 1:colcon.colcon_core.package_identification:_identify(src/robile_gazebo) by extension 'colcon_pkg'
[1.014s] Level 1:colcon.colcon_core.package_identification:_identify(src/robile_gazebo) by extensions ['colcon_meta']
[1.014s] Level 1:colcon.colcon_core.package_identification:_identify(src/robile_gazebo) by extension 'colcon_meta'
[1.014s] Level 1:colcon.colcon_core.package_identification:_identify(src/robile_gazebo) by extensions ['ros']
[1.014s] Level 1:colcon.colcon_core.package_identification:_identify(src/robile_gazebo) by extension 'ros'
[1.018s] DEBUG:colcon.colcon_core.package_identification:Package 'src/robile_gazebo' with type 'ros.ament_cmake' and name 'robile_gazebo'
[1.019s] Level 1:colcon.colcon_core.package_identification:_identify(src/robile_interfaces) by extensions ['ignore', 'ignore_ament_install']
[1.019s] Level 1:colcon.colcon_core.package_identification:_identify(src/robile_interfaces) by extension 'ignore'
[1.019s] Level 1:colcon.colcon_core.package_identification:_identify(src/robile_interfaces) by extension 'ignore_ament_install'
[1.019s] Level 1:colcon.colcon_core.package_identification:_identify(src/robile_interfaces) by extensions ['colcon_pkg']
[1.019s] Level 1:colcon.colcon_core.package_identification:_identify(src/robile_interfaces) by extension 'colcon_pkg'
[1.019s] Level 1:colcon.colcon_core.package_identification:_identify(src/robile_interfaces) by extensions ['colcon_meta']
[1.019s] Level 1:colcon.colcon_core.package_identification:_identify(src/robile_interfaces) by extension 'colcon_meta'
[1.019s] Level 1:colcon.colcon_core.package_identification:_identify(src/robile_interfaces) by extensions ['ros']
[1.020s] Level 1:colcon.colcon_core.package_identification:_identify(src/robile_interfaces) by extension 'ros'
[1.021s] DEBUG:colcon.colcon_core.package_identification:Package 'src/robile_interfaces' with type 'ros.ament_cmake' and name 'robile_interfaces'
[1.022s] Level 1:colcon.colcon_core.package_identification:_identify(src/robile_navigation) by extensions ['ignore', 'ignore_ament_install']
[1.022s] Level 1:colcon.colcon_core.package_identification:_identify(src/robile_navigation) by extension 'ignore'
[1.022s] Level 1:colcon.colcon_core.package_identification:_identify(src/robile_navigation) by extension 'ignore_ament_install'
[1.022s] Level 1:colcon.colcon_core.package_identification:_identify(src/robile_navigation) by extensions ['colcon_pkg']
[1.022s] Level 1:colcon.colcon_core.package_identification:_identify(src/robile_navigation) by extension 'colcon_pkg'
[1.022s] Level 1:colcon.colcon_core.package_identification:_identify(src/robile_navigation) by extensions ['colcon_meta']
[1.022s] Level 1:colcon.colcon_core.package_identification:_identify(src/robile_navigation) by extension 'colcon_meta'
[1.022s] Level 1:colcon.colcon_core.package_identification:_identify(src/robile_navigation) by extensions ['ros']
[1.023s] Level 1:colcon.colcon_core.package_identification:_identify(src/robile_navigation) by extension 'ros'
[1.025s] DEBUG:colcon.colcon_core.package_identification:Package 'src/robile_navigation' with type 'ros.ament_cmake' and name 'robile_navigation'
[1.025s] Level 1:colcon.colcon_core.package_identification:_identify(src/stage_ros2) by extensions ['ignore', 'ignore_ament_install']
[1.025s] Level 1:colcon.colcon_core.package_identification:_identify(src/stage_ros2) by extension 'ignore'
[1.025s] Level 1:colcon.colcon_core.package_identification:_identify(src/stage_ros2) by extension 'ignore_ament_install'
[1.025s] Level 1:colcon.colcon_core.package_identification:_identify(src/stage_ros2) by extensions ['colcon_pkg']
[1.025s] Level 1:colcon.colcon_core.package_identification:_identify(src/stage_ros2) by extension 'colcon_pkg'
[1.026s] Level 1:colcon.colcon_core.package_identification:_identify(src/stage_ros2) by extensions ['colcon_meta']
[1.026s] Level 1:colcon.colcon_core.package_identification:_identify(src/stage_ros2) by extension 'colcon_meta'
[1.026s] Level 1:colcon.colcon_core.package_identification:_identify(src/stage_ros2) by extensions ['ros']
[1.026s] Level 1:colcon.colcon_core.package_identification:_identify(src/stage_ros2) by extension 'ros'
[1.028s] DEBUG:colcon.colcon_core.package_identification:Package 'src/stage_ros2' with type 'ros.ament_cmake' and name 'stage_ros2'
[1.028s] Level 1:colcon.colcon_core.package_discovery:discover_packages(recursive) using defaults
[1.028s] Level 1:colcon.colcon_core.package_discovery:discover_packages(ignore) discover
[1.029s] Level 1:colcon.colcon_core.package_discovery:discover_packages(ignore) using defaults
[1.029s] Level 1:colcon.colcon_core.package_discovery:discover_packages(path) discover
[1.029s] Level 1:colcon.colcon_core.package_discovery:discover_packages(path) using defaults
[1.070s] Level 1:colcon.colcon_core.package_discovery:discover_packages(prefix_path) check parameters
[1.070s] Level 1:colcon.colcon_core.package_discovery:discover_packages(prefix_path) discover
[1.074s] DEBUG:colcon.colcon_installed_package_information.package_discovery:Found 10 installed packages in /home/student/MAS/MAS_Program2024/MAS-Program/Collective_Robotics/ros_work/install
[1.077s] DEBUG:colcon.colcon_installed_package_information.package_discovery:Found 404 installed packages in /opt/ros/humble
[1.080s] Level 1:colcon.colcon_core.package_discovery:discover_packages(prefix_path) using defaults
[1.157s] Level 5:colcon.colcon_core.verb:set package 'Stage' build argument 'cmake_args' from command line to 'None'
[1.157s] Level 5:colcon.colcon_core.verb:set package 'Stage' build argument 'cmake_target' from command line to 'None'
[1.157s] Level 5:colcon.colcon_core.verb:set package 'Stage' build argument 'cmake_target_skip_unavailable' from command line to 'False'
[1.157s] Level 5:colcon.colcon_core.verb:set package 'Stage' build argument 'cmake_clean_cache' from command line to 'False'
[1.157s] Level 5:colcon.colcon_core.verb:set package 'Stage' build argument 'cmake_clean_first' from command line to 'False'
[1.157s] Level 5:colcon.colcon_core.verb:set package 'Stage' build argument 'cmake_force_configure' from command line to 'False'
[1.157s] Level 5:colcon.colcon_core.verb:set package 'Stage' build argument 'ament_cmake_args' from command line to 'None'
[1.157s] Level 5:colcon.colcon_core.verb:set package 'Stage' build argument 'catkin_cmake_args' from command line to 'None'
[1.157s] Level 5:colcon.colcon_core.verb:set package 'Stage' build argument 'catkin_skip_building_tests' from command line to 'False'
[1.157s] DEBUG:colcon.colcon_core.verb:Building package 'Stage' with the following arguments: {'ament_cmake_args': None, 'build_base': '/home/student/MAS/MAS_Program2024/MAS-Program/Collective_Robotics/ros_work/build/Stage', 'catkin_cmake_args': None, 'catkin_skip_building_tests': False, 'cmake_args': None, 'cmake_clean_cache': False, 'cmake_clean_first': False, 'cmake_force_configure': False, 'cmake_target': None, 'cmake_target_skip_unavailable': False, 'install_base': '/home/student/MAS/MAS_Program2024/MAS-Program/Collective_Robotics/ros_work/install/Stage', 'merge_install': False, 'path': '/home/student/MAS/MAS_Program2024/MAS-Program/Collective_Robotics/ros_work/src/Stage', 'symlink_install': True, 'test_result_base': None}
[1.158s] Level 5:colcon.colcon_core.verb:set package 'collective_robotics' build argument 'cmake_args' from command line to 'None'
[1.158s] Level 5:colcon.colcon_core.verb:set package 'collective_robotics' build argument 'cmake_target' from command line to 'None'
[1.158s] Level 5:colcon.colcon_core.verb:set package 'collective_robotics' build argument 'cmake_target_skip_unavailable' from command line to 'False'
[1.158s] Level 5:colcon.colcon_core.verb:set package 'collective_robotics' build argument 'cmake_clean_cache' from command line to 'False'
[1.158s] Level 5:colcon.colcon_core.verb:set package 'collective_robotics' build argument 'cmake_clean_first' from command line to 'False'
[1.158s] Level 5:colcon.colcon_core.verb:set package 'collective_robotics' build argument 'cmake_force_configure' from command line to 'False'
[1.158s] Level 5:colcon.colcon_core.verb:set package 'collective_robotics' build argument 'ament_cmake_args' from command line to 'None'
[1.158s] Level 5:colcon.colcon_core.verb:set package 'collective_robotics' build argument 'catkin_cmake_args' from command line to 'None'
[1.158s] Level 5:colcon.colcon_core.verb:set package 'collective_robotics' build argument 'catkin_skip_building_tests' from command line to 'False'
[1.158s] DEBUG:colcon.colcon_core.verb:Building package 'collective_robotics' with the following arguments: {'ament_cmake_args': None, 'build_base': '/home/student/MAS/MAS_Program2024/MAS-Program/Collective_Robotics/ros_work/build/collective_robotics', 'catkin_cmake_args': None, 'catkin_skip_building_tests': False, 'cmake_args': None, 'cmake_clean_cache': False, 'cmake_clean_first': False, 'cmake_force_configure': False, 'cmake_target': None, 'cmake_target_skip_unavailable': False, 'install_base': '/home/student/MAS/MAS_Program2024/MAS-Program/Collective_Robotics/ros_work/install/collective_robotics', 'merge_install': False, 'path': '/home/student/MAS/MAS_Program2024/MAS-Program/Collective_Robotics/ros_work/src/collective_robotics', 'symlink_install': True, 'test_result_base': None}
[1.158s] Level 5:colcon.colcon_core.verb:set package 'robile_bringup' build argument 'cmake_args' from command line to 'None'
[1.158s] Level 5:colcon.colcon_core.verb:set package 'robile_bringup' build argument 'cmake_target' from command line to 'None'
[1.158s] Level 5:colcon.colcon_core.verb:set package 'robile_bringup' build argument 'cmake_target_skip_unavailable' from command line to 'False'
[1.158s] Level 5:colcon.colcon_core.verb:set package 'robile_bringup' build argument 'cmake_clean_cache' from command line to 'False'
[1.159s] Level 5:colcon.colcon_core.verb:set package 'robile_bringup' build argument 'cmake_clean_first' from command line to 'False'
[1.159s] Level 5:colcon.colcon_core.verb:set package 'robile_bringup' build argument 'cmake_force_configure' from command line to 'False'
[1.159s] Level 5:colcon.colcon_core.verb:set package 'robile_bringup' build argument 'ament_cmake_args' from command line to 'None'
[1.159s] Level 5:colcon.colcon_core.verb:set package 'robile_bringup' build argument 'catkin_cmake_args' from command line to 'None'
[1.159s] Level 5:colcon.colcon_core.verb:set package 'robile_bringup' build argument 'catkin_skip_building_tests' from command line to 'False'
[1.159s] DEBUG:colcon.colcon_core.verb:Building package 'robile_bringup' with the following arguments: {'ament_cmake_args': None, 'build_base': '/home/student/MAS/MAS_Program2024/MAS-Program/Collective_Robotics/ros_work/build/robile_bringup', 'catkin_cmake_args': None, 'catkin_skip_building_tests': False, 'cmake_args': None, 'cmake_clean_cache': False, 'cmake_clean_first': False, 'cmake_force_configure': False, 'cmake_target': None, 'cmake_target_skip_unavailable': False, 'install_base': '/home/student/MAS/MAS_Program2024/MAS-Program/Collective_Robotics/ros_work/install/robile_bringup', 'merge_install': False, 'path': '/home/student/MAS/MAS_Program2024/MAS-Program/Collective_Robotics/ros_work/src/Robile/robile_bringup', 'symlink_install': True, 'test_result_base': None}
[1.159s] Level 5:colcon.colcon_core.verb:set package 'robile_control_simple' build argument 'cmake_args' from command line to 'None'
[1.159s] Level 5:colcon.colcon_core.verb:set package 'robile_control_simple' build argument 'cmake_target' from command line to 'None'
[1.159s] Level 5:colcon.colcon_core.verb:set package 'robile_control_simple' build argument 'cmake_target_skip_unavailable' from command line to 'False'
[1.159s] Level 5:colcon.colcon_core.verb:set package 'robile_control_simple' build argument 'cmake_clean_cache' from command line to 'False'
[1.159s] Level 5:colcon.colcon_core.verb:set package 'robile_control_simple' build argument 'cmake_clean_first' from command line to 'False'
[1.159s] Level 5:colcon.colcon_core.verb:set package 'robile_control_simple' build argument 'cmake_force_configure' from command line to 'False'
[1.159s] Level 5:colcon.colcon_core.verb:set package 'robile_control_simple' build argument 'ament_cmake_args' from command line to 'None'
[1.159s] Level 5:colcon.colcon_core.verb:set package 'robile_control_simple' build argument 'catkin_cmake_args' from command line to 'None'
[1.159s] Level 5:colcon.colcon_core.verb:set package 'robile_control_simple' build argument 'catkin_skip_building_tests' from command line to 'False'
[1.159s] DEBUG:colcon.colcon_core.verb:Building package 'robile_control_simple' with the following arguments: {'ament_cmake_args': None, 'build_base': '/home/student/MAS/MAS_Program2024/MAS-Program/Collective_Robotics/ros_work/build/robile_control_simple', 'catkin_cmake_args': None, 'catkin_skip_building_tests': False, 'cmake_args': None, 'cmake_clean_cache': False, 'cmake_clean_first': False, 'cmake_force_configure': False, 'cmake_target': None, 'cmake_target_skip_unavailable': False, 'install_base': '/home/student/MAS/MAS_Program2024/MAS-Program/Collective_Robotics/ros_work/install/robile_control_simple', 'merge_install': False, 'path': '/home/student/MAS/MAS_Program2024/MAS-Program/Collective_Robotics/ros_work/src/Robile/robile_demos/robile_control_simple', 'symlink_install': True, 'test_result_base': None}
[1.160s] Level 5:colcon.colcon_core.verb:set package 'robile_description' build argument 'cmake_args' from command line to 'None'
[1.160s] Level 5:colcon.colcon_core.verb:set package 'robile_description' build argument 'cmake_target' from command line to 'None'
[1.160s] Level 5:colcon.colcon_core.verb:set package 'robile_description' build argument 'cmake_target_skip_unavailable' from command line to 'False'
[1.160s] Level 5:colcon.colcon_core.verb:set package 'robile_description' build argument 'cmake_clean_cache' from command line to 'False'
[1.160s] Level 5:colcon.colcon_core.verb:set package 'robile_description' build argument 'cmake_clean_first' from command line to 'False'
[1.160s] Level 5:colcon.colcon_core.verb:set package 'robile_description' build argument 'cmake_force_configure' from command line to 'False'
[1.160s] Level 5:colcon.colcon_core.verb:set package 'robile_description' build argument 'ament_cmake_args' from command line to 'None'
[1.160s] Level 5:colcon.colcon_core.verb:set package 'robile_description' build argument 'catkin_cmake_args' from command line to 'None'
[1.160s] Level 5:colcon.colcon_core.verb:set package 'robile_description' build argument 'catkin_skip_building_tests' from command line to 'False'
[1.160s] DEBUG:colcon.colcon_core.verb:Building package 'robile_description' with the following arguments: {'ament_cmake_args': None, 'build_base': '/home/student/MAS/MAS_Program2024/MAS-Program/Collective_Robotics/ros_work/build/robile_description', 'catkin_cmake_args': None, 'catkin_skip_building_tests': False, 'cmake_args': None, 'cmake_clean_cache': False, 'cmake_clean_first': False, 'cmake_force_configure': False, 'cmake_target': None, 'cmake_target_skip_unavailable': False, 'install_base': '/home/student/MAS/MAS_Program2024/MAS-Program/Collective_Robotics/ros_work/install/robile_description', 'merge_install': False, 'path': '/home/student/MAS/MAS_Program2024/MAS-Program/Collective_Robotics/ros_work/src/robile_description', 'symlink_install': True, 'test_result_base': None}
[1.160s] Level 5:colcon.colcon_core.verb:set package 'robile_interfaces' build argument 'cmake_args' from command line to 'None'
[1.160s] Level 5:colcon.colcon_core.verb:set package 'robile_interfaces' build argument 'cmake_target' from command line to 'None'
[1.161s] Level 5:colcon.colcon_core.verb:set package 'robile_interfaces' build argument 'cmake_target_skip_unavailable' from command line to 'False'
[1.161s] Level 5:colcon.colcon_core.verb:set package 'robile_interfaces' build argument 'cmake_clean_cache' from command line to 'False'
[1.161s] Level 5:colcon.colcon_core.verb:set package 'robile_interfaces' build argument 'cmake_clean_first' from command line to 'False'
[1.161s] Level 5:colcon.colcon_core.verb:set package 'robile_interfaces' build argument 'cmake_force_configure' from command line to 'False'
[1.161s] Level 5:colcon.colcon_core.verb:set package 'robile_interfaces' build argument 'ament_cmake_args' from command line to 'None'
[1.161s] Level 5:colcon.colcon_core.verb:set package 'robile_interfaces' build argument 'catkin_cmake_args' from command line to 'None'
[1.161s] Level 5:colcon.colcon_core.verb:set package 'robile_interfaces' build argument 'catkin_skip_building_tests' from command line to 'False'
[1.161s] DEBUG:colcon.colcon_core.verb:Building package 'robile_interfaces' with the following arguments: {'ament_cmake_args': None, 'build_base': '/home/student/MAS/MAS_Program2024/MAS-Program/Collective_Robotics/ros_work/build/robile_interfaces', 'catkin_cmake_args': None, 'catkin_skip_building_tests': False, 'cmake_args': None, 'cmake_clean_cache': False, 'cmake_clean_first': False, 'cmake_force_configure': False, 'cmake_target': None, 'cmake_target_skip_unavailable': False, 'install_base': '/home/student/MAS/MAS_Program2024/MAS-Program/Collective_Robotics/ros_work/install/robile_interfaces', 'merge_install': False, 'path': '/home/student/MAS/MAS_Program2024/MAS-Program/Collective_Robotics/ros_work/src/robile_interfaces', 'symlink_install': True, 'test_result_base': None}
[1.161s] Level 5:colcon.colcon_core.verb:set package 'robile_reach_goal' build argument 'cmake_args' from command line to 'None'
[1.161s] Level 5:colcon.colcon_core.verb:set package 'robile_reach_goal' build argument 'cmake_target' from command line to 'None'
[1.161s] Level 5:colcon.colcon_core.verb:set package 'robile_reach_goal' build argument 'cmake_target_skip_unavailable' from command line to 'False'
[1.161s] Level 5:colcon.colcon_core.verb:set package 'robile_reach_goal' build argument 'cmake_clean_cache' from command line to 'False'
[1.161s] Level 5:colcon.colcon_core.verb:set package 'robile_reach_goal' build argument 'cmake_clean_first' from command line to 'False'
[1.162s] Level 5:colcon.colcon_core.verb:set package 'robile_reach_goal' build argument 'cmake_force_configure' from command line to 'False'
[1.162s] Level 5:colcon.colcon_core.verb:set package 'robile_reach_goal' build argument 'ament_cmake_args' from command line to 'None'
[1.162s] Level 5:colcon.colcon_core.verb:set package 'robile_reach_goal' build argument 'catkin_cmake_args' from command line to 'None'
[1.162s] Level 5:colcon.colcon_core.verb:set package 'robile_reach_goal' build argument 'catkin_skip_building_tests' from command line to 'False'
[1.162s] DEBUG:colcon.colcon_core.verb:Building package 'robile_reach_goal' with the following arguments: {'ament_cmake_args': None, 'build_base': '/home/student/MAS/MAS_Program2024/MAS-Program/Collective_Robotics/ros_work/build/robile_reach_goal', 'catkin_cmake_args': None, 'catkin_skip_building_tests': False, 'cmake_args': None, 'cmake_clean_cache': False, 'cmake_clean_first': False, 'cmake_force_configure': False, 'cmake_target': None, 'cmake_target_skip_unavailable': False, 'install_base': '/home/student/MAS/MAS_Program2024/MAS-Program/Collective_Robotics/ros_work/install/robile_reach_goal', 'merge_install': False, 'path': '/home/student/MAS/MAS_Program2024/MAS-Program/Collective_Robotics/ros_work/src/Robile/robile_demos/robile_reach_goal', 'symlink_install': True, 'test_result_base': None}
[1.163s] Level 5:colcon.colcon_core.verb:set package 'robile_gazebo' build argument 'cmake_args' from command line to 'None'
[1.163s] Level 5:colcon.colcon_core.verb:set package 'robile_gazebo' build argument 'cmake_target' from command line to 'None'
[1.163s] Level 5:colcon.colcon_core.verb:set package 'robile_gazebo' build argument 'cmake_target_skip_unavailable' from command line to 'False'
[1.163s] Level 5:colcon.colcon_core.verb:set package 'robile_gazebo' build argument 'cmake_clean_cache' from command line to 'False'
[1.163s] Level 5:colcon.colcon_core.verb:set package 'robile_gazebo' build argument 'cmake_clean_first' from command line to 'False'
[1.163s] Level 5:colcon.colcon_core.verb:set package 'robile_gazebo' build argument 'cmake_force_configure' from command line to 'False'
[1.163s] Level 5:colcon.colcon_core.verb:set package 'robile_gazebo' build argument 'ament_cmake_args' from command line to 'None'
[1.163s] Level 5:colcon.colcon_core.verb:set package 'robile_gazebo' build argument 'catkin_cmake_args' from command line to 'None'
[1.163s] Level 5:colcon.colcon_core.verb:set package 'robile_gazebo' build argument 'catkin_skip_building_tests' from command line to 'False'
[1.163s] DEBUG:colcon.colcon_core.verb:Building package 'robile_gazebo' with the following arguments: {'ament_cmake_args': None, 'build_base': '/home/student/MAS/MAS_Program2024/MAS-Program/Collective_Robotics/ros_work/build/robile_gazebo', 'catkin_cmake_args': None, 'catkin_skip_building_tests': False, 'cmake_args': None, 'cmake_clean_cache': False, 'cmake_clean_first': False, 'cmake_force_configure': False, 'cmake_target': None, 'cmake_target_skip_unavailable': False, 'install_base': '/home/student/MAS/MAS_Program2024/MAS-Program/Collective_Robotics/ros_work/install/robile_gazebo', 'merge_install': False, 'path': '/home/student/MAS/MAS_Program2024/MAS-Program/Collective_Robotics/ros_work/src/robile_gazebo', 'symlink_install': True, 'test_result_base': None}
[1.164s] Level 5:colcon.colcon_core.verb:set package 'robile_navigation' build argument 'cmake_args' from command line to 'None'
[1.164s] Level 5:colcon.colcon_core.verb:set package 'robile_navigation' build argument 'cmake_target' from command line to 'None'
[1.164s] Level 5:colcon.colcon_core.verb:set package 'robile_navigation' build argument 'cmake_target_skip_unavailable' from command line to 'False'
[1.164s] Level 5:colcon.colcon_core.verb:set package 'robile_navigation' build argument 'cmake_clean_cache' from command line to 'False'
[1.164s] Level 5:colcon.colcon_core.verb:set package 'robile_navigation' build argument 'cmake_clean_first' from command line to 'False'
[1.164s] Level 5:colcon.colcon_core.verb:set package 'robile_navigation' build argument 'cmake_force_configure' from command line to 'False'
[1.164s] Level 5:colcon.colcon_core.verb:set package 'robile_navigation' build argument 'ament_cmake_args' from command line to 'None'
[1.164s] Level 5:colcon.colcon_core.verb:set package 'robile_navigation' build argument 'catkin_cmake_args' from command line to 'None'
[1.164s] Level 5:colcon.colcon_core.verb:set package 'robile_navigation' build argument 'catkin_skip_building_tests' from command line to 'False'
[1.164s] DEBUG:colcon.colcon_core.verb:Building package 'robile_navigation' with the following arguments: {'ament_cmake_args': None, 'build_base': '/home/student/MAS/MAS_Program2024/MAS-Program/Collective_Robotics/ros_work/build/robile_navigation', 'catkin_cmake_args': None, 'catkin_skip_building_tests': False, 'cmake_args': None, 'cmake_clean_cache': False, 'cmake_clean_first': False, 'cmake_force_configure': False, 'cmake_target': None, 'cmake_target_skip_unavailable': False, 'install_base': '/home/student/MAS/MAS_Program2024/MAS-Program/Collective_Robotics/ros_work/install/robile_navigation', 'merge_install': False, 'path': '/home/student/MAS/MAS_Program2024/MAS-Program/Collective_Robotics/ros_work/src/robile_navigation', 'symlink_install': True, 'test_result_base': None}
[1.165s] Level 5:colcon.colcon_core.verb:set package 'stage_ros2' build argument 'cmake_args' from command line to 'None'
[1.165s] Level 5:colcon.colcon_core.verb:set package 'stage_ros2' build argument 'cmake_target' from command line to 'None'
[1.165s] Level 5:colcon.colcon_core.verb:set package 'stage_ros2' build argument 'cmake_target_skip_unavailable' from command line to 'False'
[1.165s] Level 5:colcon.colcon_core.verb:set package 'stage_ros2' build argument 'cmake_clean_cache' from command line to 'False'
[1.165s] Level 5:colcon.colcon_core.verb:set package 'stage_ros2' build argument 'cmake_clean_first' from command line to 'False'
[1.165s] Level 5:colcon.colcon_core.verb:set package 'stage_ros2' build argument 'cmake_force_configure' from command line to 'False'
[1.165s] Level 5:colcon.colcon_core.verb:set package 'stage_ros2' build argument 'ament_cmake_args' from command line to 'None'
[1.165s] Level 5:colcon.colcon_core.verb:set package 'stage_ros2' build argument 'catkin_cmake_args' from command line to 'None'
[1.165s] Level 5:colcon.colcon_core.verb:set package 'stage_ros2' build argument 'catkin_skip_building_tests' from command line to 'False'
[1.165s] DEBUG:colcon.colcon_core.verb:Building package 'stage_ros2' with the following arguments: {'ament_cmake_args': None, 'build_base': '/home/student/MAS/MAS_Program2024/MAS-Program/Collective_Robotics/ros_work/build/stage_ros2', 'catkin_cmake_args': None, 'catkin_skip_building_tests': False, 'cmake_args': None, 'cmake_clean_cache': False, 'cmake_clean_first': False, 'cmake_force_configure': False, 'cmake_target': None, 'cmake_target_skip_unavailable': False, 'install_base': '/home/student/MAS/MAS_Program2024/MAS-Program/Collective_Robotics/ros_work/install/stage_ros2', 'merge_install': False, 'path': '/home/student/MAS/MAS_Program2024/MAS-Program/Collective_Robotics/ros_work/src/stage_ros2', 'symlink_install': True, 'test_result_base': None}
[1.165s] INFO:colcon.colcon_core.executor:Executing jobs using 'parallel' executor
[1.166s] DEBUG:colcon.colcon_parallel_executor.executor.parallel:run_until_complete
[1.167s] INFO:colcon.colcon_cmake.task.cmake.build:Building CMake package in '/home/student/MAS/MAS_Program2024/MAS-Program/Collective_Robotics/ros_work/src/Stage'
[1.173s] INFO:colcon.colcon_core.plugin_system:Skipping extension 'colcon_core.shell.bat': Not used on non-Windows systems
[1.173s] INFO:colcon.colcon_core.shell:Skip shell extension 'powershell' for command environment: Not usable outside of PowerShell
[1.173s] DEBUG:colcon.colcon_core.shell:Skip shell extension 'dsv' for command environment
[1.179s] INFO:colcon.colcon_ros.task.ament_cmake.build:Building ROS package in '/home/student/MAS/MAS_Program2024/MAS-Program/Collective_Robotics/ros_work/src/robile_description' with build type 'ament_cmake'
[1.179s] INFO:colcon.colcon_cmake.task.cmake.build:Building CMake package in '/home/student/MAS/MAS_Program2024/MAS-Program/Collective_Robotics/ros_work/src/robile_description'
[1.180s] INFO:colcon.colcon_core.shell:Skip shell extension 'powershell' for command environment: Not usable outside of PowerShell
[1.180s] DEBUG:colcon.colcon_core.shell:Skip shell extension 'dsv' for command environment
[1.189s] INFO:colcon.colcon_ros.task.ament_cmake.build:Building ROS package in '/home/student/MAS/MAS_Program2024/MAS-Program/Collective_Robotics/ros_work/src/robile_interfaces' with build type 'ament_cmake'
[1.189s] INFO:colcon.colcon_cmake.task.cmake.build:Building CMake package in '/home/student/MAS/MAS_Program2024/MAS-Program/Collective_Robotics/ros_work/src/robile_interfaces'
[1.189s] INFO:colcon.colcon_core.shell:Skip shell extension 'powershell' for command environment: Not usable outside of PowerShell
[1.189s] DEBUG:colcon.colcon_core.shell:Skip shell extension 'dsv' for command environment
[1.203s] INFO:colcon.colcon_ros.task.ament_python.build:Building ROS package in '/home/student/MAS/MAS_Program2024/MAS-Program/Collective_Robotics/ros_work/src/collective_robotics' with build type 'ament_python'
[1.204s] Level 1:colcon.colcon_core.shell:create_environment_hook('collective_robotics', 'ament_prefix_path')
[1.204s] INFO:colcon.colcon_core.shell:Creating environment hook '/home/student/MAS/MAS_Program2024/MAS-Program/Collective_Robotics/ros_work/install/collective_robotics/share/collective_robotics/hook/ament_prefix_path.ps1'
[1.206s] INFO:colcon.colcon_core.shell:Creating environment descriptor '/home/student/MAS/MAS_Program2024/MAS-Program/Collective_Robotics/ros_work/install/collective_robotics/share/collective_robotics/hook/ament_prefix_path.dsv'
[1.208s] INFO:colcon.colcon_core.shell:Creating environment hook '/home/student/MAS/MAS_Program2024/MAS-Program/Collective_Robotics/ros_work/install/collective_robotics/share/collective_robotics/hook/ament_prefix_path.sh'
[1.210s] INFO:colcon.colcon_core.shell:Skip shell extension 'powershell' for command environment: Not usable outside of PowerShell
[1.210s] DEBUG:colcon.colcon_core.shell:Skip shell extension 'dsv' for command environment
[1.222s] DEBUG:colcon.colcon_core.event_handler.log_command:Invoking command in '/home/student/MAS/MAS_Program2024/MAS-Program/Collective_Robotics/ros_work/build/Stage': /usr/local/bin/cmake /home/student/MAS/MAS_Program2024/MAS-Program/Collective_Robotics/ros_work/src/Stage -DCMAKE_INSTALL_PREFIX=/home/student/MAS/MAS_Program2024/MAS-Program/Collective_Robotics/ros_work/install/Stage
[1.235s] DEBUG:colcon.colcon_core.event_handler.log_command:Invoking command in '/home/student/MAS/MAS_Program2024/MAS-Program/Collective_Robotics/ros_work/build/robile_description': CMAKE_PREFIX_PATH=${CMAKE_PREFIX_PATH}:/home/student/MAS/MAS_Program2024/MAS-Program/Collective_Robotics/ros_work/install/robile_reach_goal:/home/student/MAS/MAS_Program2024/MAS-Program/Collective_Robotics/ros_work/install/robile_control_simple:/home/student/MAS/MAS_Program2024/MAS-Program/Collective_Robotics/ros_work/install/robile_bringup:/home/student/MAS/MAS_Program2024/MAS-Program/Collective_Robotics/ros_work/install/collective_robotics:/opt/ros/humble /usr/local/bin/cmake /home/student/MAS/MAS_Program2024/MAS-Program/Collective_Robotics/ros_work/src/robile_description -DAMENT_CMAKE_SYMLINK_INSTALL=1 -DCMAKE_INSTALL_PREFIX=/home/student/MAS/MAS_Program2024/MAS-Program/Collective_Robotics/ros_work/install/robile_description
[1.244s] DEBUG:colcon.colcon_core.event_handler.log_command:Invoking command in '/home/student/MAS/MAS_Program2024/MAS-Program/Collective_Robotics/ros_work/build/robile_interfaces': CMAKE_PREFIX_PATH=${CMAKE_PREFIX_PATH}:/home/student/MAS/MAS_Program2024/MAS-Program/Collective_Robotics/ros_work/install/robile_reach_goal:/home/student/MAS/MAS_Program2024/MAS-Program/Collective_Robotics/ros_work/install/robile_control_simple:/home/student/MAS/MAS_Program2024/MAS-Program/Collective_Robotics/ros_work/install/robile_bringup:/home/student/MAS/MAS_Program2024/MAS-Program/Collective_Robotics/ros_work/install/collective_robotics:/opt/ros/humble /usr/local/bin/cmake /home/student/MAS/MAS_Program2024/MAS-Program/Collective_Robotics/ros_work/src/robile_interfaces -DAMENT_CMAKE_SYMLINK_INSTALL=1 -DCMAKE_INSTALL_PREFIX=/home/student/MAS/MAS_Program2024/MAS-Program/Collective_Robotics/ros_work/install/robile_interfaces
[2.284s] INFO:colcon.colcon_core.task.python.build:Building Python package in '/home/student/MAS/MAS_Program2024/MAS-Program/Collective_Robotics/ros_work/src/collective_robotics'
[2.285s] INFO:colcon.colcon_core.shell:Skip shell extension 'powershell' for command environment: Not usable outside of PowerShell
[2.285s] DEBUG:colcon.colcon_core.shell:Skip shell extension 'dsv' for command environment
[2.294s] DEBUG:colcon.colcon_core.event_handler.log_command:Invoked command in '/home/student/MAS/MAS_Program2024/MAS-Program/Collective_Robotics/ros_work/build/robile_description' returned '0': CMAKE_PREFIX_PATH=${CMAKE_PREFIX_PATH}:/home/student/MAS/MAS_Program2024/MAS-Program/Collective_Robotics/ros_work/install/robile_reach_goal:/home/student/MAS/MAS_Program2024/MAS-Program/Collective_Robotics/ros_work/install/robile_control_simple:/home/student/MAS/MAS_Program2024/MAS-Program/Collective_Robotics/ros_work/install/robile_bringup:/home/student/MAS/MAS_Program2024/MAS-Program/Collective_Robotics/ros_work/install/collective_robotics:/opt/ros/humble /usr/local/bin/cmake /home/student/MAS/MAS_Program2024/MAS-Program/Collective_Robotics/ros_work/src/robile_description -DAMENT_CMAKE_SYMLINK_INSTALL=1 -DCMAKE_INSTALL_PREFIX=/home/student/MAS/MAS_Program2024/MAS-Program/Collective_Robotics/ros_work/install/robile_description
[2.298s] DEBUG:colcon.colcon_core.event_handler.log_command:Invoking command in '/home/student/MAS/MAS_Program2024/MAS-Program/Collective_Robotics/ros_work/build/robile_description': CMAKE_PREFIX_PATH=${CMAKE_PREFIX_PATH}:/home/student/MAS/MAS_Program2024/MAS-Program/Collective_Robotics/ros_work/install/robile_reach_goal:/home/student/MAS/MAS_Program2024/MAS-Program/Collective_Robotics/ros_work/install/robile_control_simple:/home/student/MAS/MAS_Program2024/MAS-Program/Collective_Robotics/ros_work/install/robile_bringup:/home/student/MAS/MAS_Program2024/MAS-Program/Collective_Robotics/ros_work/install/collective_robotics:/opt/ros/humble /usr/local/bin/cmake --build /home/student/MAS/MAS_Program2024/MAS-Program/Collective_Robotics/ros_work/build/robile_description -- -j4 -l4
[2.304s] DEBUG:colcon.colcon_core.event_handler.log_command:Invoked command in '/home/student/MAS/MAS_Program2024/MAS-Program/Collective_Robotics/ros_work/build/Stage' returned '1': /usr/local/bin/cmake /home/student/MAS/MAS_Program2024/MAS-Program/Collective_Robotics/ros_work/src/Stage -DCMAKE_INSTALL_PREFIX=/home/student/MAS/MAS_Program2024/MAS-Program/Collective_Robotics/ros_work/install/Stage
[5.396s] DEBUG:colcon.colcon_parallel_executor.executor.parallel:closing loop
[5.396s] DEBUG:colcon.colcon_parallel_executor.executor.parallel:loop closed
[5.396s] DEBUG:colcon.colcon_parallel_executor.executor.parallel:run_until_complete finished with '1'
[5.396s] DEBUG:colcon.colcon_core.event_reactor:joining thread
[5.413s] INFO:colcon.colcon_core.plugin_system:Skipping extension 'colcon_notification.desktop_notification.terminal_notifier': Not used on non-Darwin systems
[5.413s] INFO:colcon.colcon_core.plugin_system:Skipping extension 'colcon_notification.desktop_notification.win32': Not used on non-Windows systems
[5.413s] INFO:colcon.colcon_notification.desktop_notification:Sending desktop notification using 'notify2'
[5.815s] DEBUG:colcon.colcon_core.event_reactor:joined thread
[5.816s] INFO:colcon.colcon_core.shell:Creating prefix script '/home/student/MAS/MAS_Program2024/MAS-Program/Collective_Robotics/ros_work/install/local_setup.ps1'
[5.820s] INFO:colcon.colcon_core.shell:Creating prefix util module '/home/student/MAS/MAS_Program2024/MAS-Program/Collective_Robotics/ros_work/install/_local_setup_util_ps1.py'
[5.822s] INFO:colcon.colcon_core.shell:Creating prefix chain script '/home/student/MAS/MAS_Program2024/MAS-Program/Collective_Robotics/ros_work/install/setup.ps1'
[5.825s] INFO:colcon.colcon_core.shell:Creating prefix script '/home/student/MAS/MAS_Program2024/MAS-Program/Collective_Robotics/ros_work/install/local_setup.sh'
[5.825s] INFO:colcon.colcon_core.shell:Creating prefix util module '/home/student/MAS/MAS_Program2024/MAS-Program/Collective_Robotics/ros_work/install/_local_setup_util_sh.py'
[5.826s] INFO:colcon.colcon_core.shell:Creating prefix chain script '/home/student/MAS/MAS_Program2024/MAS-Program/Collective_Robotics/ros_work/install/setup.sh'
[5.828s] INFO:colcon.colcon_core.shell:Creating prefix script '/home/student/MAS/MAS_Program2024/MAS-Program/Collective_Robotics/ros_work/install/local_setup.bash'
[5.829s] INFO:colcon.colcon_core.shell:Creating prefix chain script '/home/student/MAS/MAS_Program2024/MAS-Program/Collective_Robotics/ros_work/install/setup.bash'
[5.831s] INFO:colcon.colcon_core.shell:Creating prefix script '/home/student/MAS/MAS_Program2024/MAS-Program/Collective_Robotics/ros_work/install/local_setup.zsh'
[5.832s] INFO:colcon.colcon_core.shell:Creating prefix chain script '/home/student/MAS/MAS_Program2024/MAS-Program/Collective_Robotics/ros_work/install/setup.zsh'
