[1.181s] Invoking command in '/home/ayushi/Collective_Robotics/A2/ros_work/build/collective_robotics': PYTHONPATH=/home/ayushi/Collective_Robotics/A2/ros_work/build/collective_robotics/prefix_override:/usr/lib/python3/dist-packages/colcon_core/task/python/colcon_distutils_commands:/home/ayushi/Collective_Robotics/A2/ros_work/install/collective_robotics/lib/python3.10/site-packages:${PYTHONPATH} /usr/bin/python3 -W ignore:setup.py install is deprecated -W ignore:easy_install command is deprecated setup.py develop --editable --build-directory /home/ayushi/Collective_Robotics/A2/ros_work/build/collective_robotics/build --no-deps symlink_data
[1.673s] running develop
[2.008s] running egg_info
[2.009s] creating collective_robotics.egg-info
[2.029s] writing collective_robotics.egg-info/PKG-INFO
[2.030s] writing dependency_links to collective_robotics.egg-info/dependency_links.txt
[2.030s] writing entry points to collective_robotics.egg-info/entry_points.txt
[2.030s] writing requirements to collective_robotics.egg-info/requires.txt
[2.031s] writing top-level names to collective_robotics.egg-info/top_level.txt
[2.031s] writing manifest file 'collective_robotics.egg-info/SOURCES.txt'
[2.077s] reading manifest file 'collective_robotics.egg-info/SOURCES.txt'
[2.078s] writing manifest file 'collective_robotics.egg-info/SOURCES.txt'
[2.103s] running build_ext
[2.103s] Creating /home/ayushi/Collective_Robotics/A2/ros_work/install/collective_robotics/lib/python3.10/site-packages/collective-robotics.egg-link (link to .)
[2.105s] Installing cleaning_bot script to /home/ayushi/Collective_Robotics/A2/ros_work/install/collective_robotics/lib/collective_robotics
[2.105s] Installing go_to_goal script to /home/ayushi/Collective_Robotics/A2/ros_work/install/collective_robotics/lib/collective_robotics
[2.105s] Installing multi_bot_task1_stop script to /home/ayushi/Collective_Robotics/A2/ros_work/install/collective_robotics/lib/collective_robotics
[2.105s] Installing multi_bot_task2_wait script to /home/ayushi/Collective_Robotics/A2/ros_work/install/collective_robotics/lib/collective_robotics
[2.106s] Installing multi_bot_task3_aggregate script to /home/ayushi/Collective_Robotics/A2/ros_work/install/collective_robotics/lib/collective_robotics
[2.106s] Installing navigation script to /home/ayushi/Collective_Robotics/A2/ros_work/install/collective_robotics/lib/collective_robotics
[2.106s] Installing obstacle_avoid script to /home/ayushi/Collective_Robotics/A2/ros_work/install/collective_robotics/lib/collective_robotics
[2.106s] Installing vacum_bot script to /home/ayushi/Collective_Robotics/A2/ros_work/install/collective_robotics/lib/collective_robotics
[2.106s] Installing wall_follower script to /home/ayushi/Collective_Robotics/A2/ros_work/install/collective_robotics/lib/collective_robotics
[2.107s] 
[2.107s] Installed /home/ayushi/Collective_Robotics/A2/ros_work/build/collective_robotics
[2.107s] running symlink_data
[2.107s] creating /home/ayushi/Collective_Robotics/A2/ros_work/install/collective_robotics/share/ament_index
[2.108s] creating /home/ayushi/Collective_Robotics/A2/ros_work/install/collective_robotics/share/ament_index/resource_index
[2.108s] creating /home/ayushi/Collective_Robotics/A2/ros_work/install/collective_robotics/share/ament_index/resource_index/packages
[2.108s] symbolically linking /home/ayushi/Collective_Robotics/A2/ros_work/build/collective_robotics/resource/collective_robotics -> /home/ayushi/Collective_Robotics/A2/ros_work/install/collective_robotics/share/ament_index/resource_index/packages
[2.108s] symbolically linking /home/ayushi/Collective_Robotics/A2/ros_work/build/collective_robotics/package.xml -> /home/ayushi/Collective_Robotics/A2/ros_work/install/collective_robotics/share/collective_robotics
[2.109s] creating /home/ayushi/Collective_Robotics/A2/ros_work/install/collective_robotics/share/collective_robotics/launch
[2.109s] symbolically linking /home/ayushi/Collective_Robotics/A2/ros_work/build/collective_robotics/launch/multi_robot_behavior_wait.launch.py -> /home/ayushi/Collective_Robotics/A2/ros_work/install/collective_robotics/share/collective_robotics/launch
[2.109s] symbolically linking /home/ayushi/Collective_Robotics/A2/ros_work/build/collective_robotics/launch/multi_robot_swarm_aggregate.launch.py -> /home/ayushi/Collective_Robotics/A2/ros_work/install/collective_robotics/share/collective_robotics/launch
[2.109s] symbolically linking /home/ayushi/Collective_Robotics/A2/ros_work/build/collective_robotics/launch/multi_robot_behavior.launch.py -> /home/ayushi/Collective_Robotics/A2/ros_work/install/collective_robotics/share/collective_robotics/launch
[2.160s] Invoked command in '/home/ayushi/Collective_Robotics/A2/ros_work/build/collective_robotics' returned '0': PYTHONPATH=/home/ayushi/Collective_Robotics/A2/ros_work/build/collective_robotics/prefix_override:/usr/lib/python3/dist-packages/colcon_core/task/python/colcon_distutils_commands:/home/ayushi/Collective_Robotics/A2/ros_work/install/collective_robotics/lib/python3.10/site-packages:${PYTHONPATH} /usr/bin/python3 -W ignore:setup.py install is deprecated -W ignore:easy_install command is deprecated setup.py develop --editable --build-directory /home/ayushi/Collective_Robotics/A2/ros_work/build/collective_robotics/build --no-deps symlink_data
