-- The C compiler identification is GNU 11.4.0
-- The CXX compiler identification is GNU 11.4.0
-- Detecting C compiler ABI info
-- Detecting C compiler ABI info - done
-- Check for working C compiler: /usr/bin/cc - skipped
-- Detecting C compile features
-- Detecting C compile features - done
-- Detecting CXX compiler ABI info
-- Detecting CXX compiler ABI info - done
-- Check for working CXX compiler: /usr/bin/c++ - skipped
-- Detecting CXX compile features
-- Detecting CXX compile features - done
-- Stage version 4.3.0
-- Operating system is Linux
-- Installing Libraries to /home/student/MAS/MAS_Program2024/MAS-Program/Collective_Robotics/ros_work/install/Stage/lib
-- Installing Plugins to /home/student/MAS/MAS_Program2024/MAS-Program/Collective_Robotics/ros_work/install/Stage/lib/Stage-4.3
-- Build type RELEASE
-- Checking for libtool
-- Checking for required libraries...
-- Found JPEG: /usr/lib/x86_64-linux-gnu/libjpeg.so (found version "80")
-- Found ZLIB: /usr/lib/x86_64-linux-gnu/libz.so (found version "1.2.11")
-- Found PNG: /usr/lib/x86_64-linux-gnu/libpng.so (found version "1.6.37")
-- Found OpenGL: /usr/lib/x86_64-linux-gnu/libOpenGL.so
-- Found X11: /usr/include
-- Looking for XOpenDisplay in /usr/lib/x86_64-linux-gnu/libX11.so;/usr/lib/x86_64-linux-gnu/libXext.so
-- Looking for XOpenDisplay in /usr/lib/x86_64-linux-gnu/libX11.so;/usr/lib/x86_64-linux-gnu/libXext.so - found
-- Looking for gethostbyname
-- Looking for gethostbyname - found
-- Looking for connect
-- Looking for connect - found
-- Looking for remove
-- Looking for remove - found
-- Looking for shmat
-- Looking for shmat - found
-- Looking for IceConnectionNumber in ICE
-- Looking for IceConnectionNumber in ICE - found
-- Found FLTK: fltk_images;fltk_forms;fltk_gl;/usr/lib/x86_64-linux-gnu/libGL.so;fltk
-- Checking for optional libraries...
-- Installation path CMAKE_INSTALL_PREFIX=/home/student/MAS/MAS_Program2024/MAS-Program/Collective_Robotics/ros_work/install/Stage
-- Configuring libstage
-- Found PkgConfig: /usr/bin/pkg-config (found version "0.29.2")
-- Checking for one of the modules 'playercore>=2.1.0'
--   * Player not detected. If Player is installed but not detected, check your PKG_CONFIG_PATH.
-- Configuring done (2.2s)
-- Generating done (0.1s)
-- Build files have been written to: /home/student/MAS/MAS_Program2024/MAS-Program/Collective_Robotics/ros_work/build/Stage
[  1%] [32mBuilding CXX object libstage/CMakeFiles/stage.dir/block.cc.o[0m
[  3%] [32mBuilding CXX object libstage/CMakeFiles/stage.dir/camera.cc.o[0m
[  5%] [32mBuilding CXX object libstage/CMakeFiles/stage.dir/blockgroup.cc.o[0m
[  6%] [32mBuilding CXX object libstage/CMakeFiles/stage.dir/color.cc.o[0m
[  8%] [32mBuilding CXX object libstage/CMakeFiles/stage.dir/file_manager.cc.o[0m
[ 10%] [32mBuilding CXX object libstage/CMakeFiles/stage.dir/gl.cc.o[0m
[ 11%] [32mBuilding CXX object libstage/CMakeFiles/stage.dir/logentry.cc.o[0m
[ 13%] [32mBuilding CXX object libstage/CMakeFiles/stage.dir/model.cc.o[0m
[ 15%] [32mBuilding CXX object libstage/CMakeFiles/stage.dir/model_actuator.cc.o[0m
[ 16%] [32mBuilding CXX object libstage/CMakeFiles/stage.dir/model_blinkenlight.cc.o[0m
[ 18%] [32mBuilding CXX object libstage/CMakeFiles/stage.dir/model_blobfinder.cc.o[0m
[ 20%] [32mBuilding CXX object libstage/CMakeFiles/stage.dir/model_bumper.cc.o[0m
[ 22%] [32mBuilding CXX object libstage/CMakeFiles/stage.dir/model_callbacks.cc.o[0m
[ 23%] [32mBuilding CXX object libstage/CMakeFiles/stage.dir/model_camera.cc.o[0m
[ 25%] [32mBuilding CXX object libstage/CMakeFiles/stage.dir/model_draw.cc.o[0m
[ 27%] [32mBuilding CXX object libstage/CMakeFiles/stage.dir/model_fiducial.cc.o[0m
[ 28%] [32mBuilding CXX object libstage/CMakeFiles/stage.dir/model_gripper.cc.o[0m
[ 30%] [32mBuilding CXX object libstage/CMakeFiles/stage.dir/model_lightindicator.cc.o[0m
[ 32%] [32mBuilding CXX object libstage/CMakeFiles/stage.dir/model_position.cc.o[0m
[ 33%] [32mBuilding CXX object libstage/CMakeFiles/stage.dir/model_ranger.cc.o[0m
[ 35%] [32mBuilding CXX object libstage/CMakeFiles/stage.dir/option.cc.o[0m
[ 37%] [32mBuilding CXX object libstage/CMakeFiles/stage.dir/powerpack.cc.o[0m
[ 38%] [32mBuilding CXX object libstage/CMakeFiles/stage.dir/region.cc.o[0m
[ 40%] [32mBuilding CXX object libstage/CMakeFiles/stage.dir/stage.cc.o[0m
[ 42%] [32mBuilding CXX object libstage/CMakeFiles/stage.dir/texture_manager.cc.o[0m
[ 44%] [32mBuilding CXX object libstage/CMakeFiles/stage.dir/typetable.cc.o[0m
[ 45%] [32mBuilding CXX object libstage/CMakeFiles/stage.dir/world.cc.o[0m
[ 47%] [32mBuilding CXX object libstage/CMakeFiles/stage.dir/worldfile.cc.o[0m
[ 49%] [32mBuilding CXX object libstage/CMakeFiles/stage.dir/canvas.cc.o[0m
[ 50%] [32mBuilding CXX object libstage/CMakeFiles/stage.dir/options_dlg.cc.o[0m
[ 52%] [32mBuilding CXX object libstage/CMakeFiles/stage.dir/vis_strip.cc.o[0m
[ 54%] [32mBuilding CXX object libstage/CMakeFiles/stage.dir/worldgui.cc.o[0m
[ 55%] [32mBuilding CXX object libstage/CMakeFiles/stage.dir/ancestor.cc.o[0m
[ 57%] [32m[1mLinking CXX shared library libstage.so[0m
[ 57%] Built target stage
[ 59%] [32mBuilding CXX object examples/ctrl/CMakeFiles/fasr.dir/fasr.cc.o[0m
[ 61%] [32mBuilding CXX object libstage/CMakeFiles/stagebinary.dir/main.cc.o[0m
[ 62%] [32mBuilding CXX object examples/ctrl/CMakeFiles/sink.dir/sink.cc.o[0m
[ 64%] [32mBuilding CXX object examples/ctrl/CMakeFiles/source.dir/source.cc.o[0m
[ 66%] [32m[1mLinking CXX executable stage[0m
[ 67%] [32m[1mLinking CXX shared module source.so[0m
[ 69%] [32m[1mLinking CXX shared module fasr.so[0m
[ 71%] [32m[1mLinking CXX shared module sink.so[0m
[ 71%] Built target source
[ 71%] Built target fasr
[ 72%] [32mBuilding CXX object examples/ctrl/CMakeFiles/wander.dir/wander.cc.o[0m
[ 72%] Built target stagebinary
[ 74%] [32mBuilding CXX object examples/ctrl/CMakeFiles/pioneer_flocking.dir/pioneer_flocking.cc.o[0m
[ 76%] [32mBuilding CXX object examples/ctrl/CMakeFiles/rasterize.dir/rasterize.cc.o[0m
[ 76%] Built target sink
[ 77%] [32mBuilding CXX object examples/ctrl/CMakeFiles/lasernoise.dir/lasernoise.cc.o[0m
[ 79%] [32m[1mLinking CXX shared module pioneer_flocking.so[0m
[ 81%] [32m[1mLinking CXX shared module rasterize.so[0m
[ 83%] [32m[1mLinking CXX shared module lasernoise.so[0m
[ 83%] Built target rasterize
[ 83%] Built target pioneer_flocking
[ 84%] [32mBuilding CXX object examples/ctrl/CMakeFiles/dynamic.dir/dynamic.cc.o[0m
[ 86%] [32mBuilding CXX object examples/ctrl/CMakeFiles/fasr2.dir/fasr2.cc.o[0m
[ 86%] Built target lasernoise
[ 88%] [32m[1mLinking CXX shared module wander.so[0m
[ 89%] [32mBuilding CXX object worlds/benchmark/CMakeFiles/expand_swarm.dir/expand_swarm.cc.o[0m
[ 89%] Built target wander
[ 91%] [32mBuilding CXX object worlds/benchmark/CMakeFiles/expand_pioneer.dir/expand_pioneer.cc.o[0m
[ 93%] [32m[1mLinking CXX shared module dynamic.so[0m
[ 94%] [32m[1mLinking CXX shared module expand_swarm.so[0m
[ 94%] Built target dynamic
[ 96%] [32mBuilding CXX object examples/ctrl/CMakeFiles/fasr2.dir/astar/findpath.cpp.o[0m
[ 98%] [32m[1mLinking CXX shared module expand_pioneer.so[0m
[ 98%] Built target expand_swarm
[ 98%] Built target expand_pioneer
[100%] [32m[1mLinking CXX shared module fasr2.so[0m
[100%] Built target fasr2
