[0.034s] Invoking command in '/home/student/MAS/MAS_Program2024/MAS-Program/Collective_Robotics/ros_work/build/Stage': /usr/local/bin/cmake /home/student/MAS/MAS_Program2024/MAS-Program/Collective_Robotics/ros_work/src/stage_ros2 -DCMAKE_INSTALL_PREFIX=/home/student/MAS/MAS_Program2024/MAS-Program/Collective_Robotics/ros_work/install/Stage
[0.039s] [0mCMake Deprecation Warning at CMakeLists.txt:1 (cmake_minimum_required):
[0.056s]   Compatibility with CMake < 3.5 will be removed from a future version of
[0.056s]   CMake.
[0.056s] 
[0.056s]   Update the VERSION argument <min> value or use a ...<max> suffix to tell
[0.056s]   CMake that the project does not need compatibility with older versions.
[0.056s] 
[0.056s] [0m
[0.162s] -- The C compiler identification is GNU 11.4.0
[0.291s] -- The CXX compiler identification is GNU 11.4.0
[0.320s] -- Detecting C compiler ABI info
[0.456s] -- Detecting C compiler ABI info - done
[0.501s] -- Check for working C compiler: /usr/bin/cc - skipped
[0.502s] -- Detecting C compile features
[0.503s] -- Detecting C compile features - done
[0.515s] -- Detecting CXX compiler ABI info
[0.664s] -- Detecting CXX compiler ABI info - done
[0.703s] -- Check for working CXX compiler: /usr/bin/c++ - skipped
[0.704s] -- Detecting CXX compile features
[0.706s] -- Detecting CXX compile features - done
[0.709s] -- Stage version 4.3.0
[0.710s] -- Operating system is Linux
[0.710s] -- Installing Libraries to /home/student/MAS/MAS_Program2024/MAS-Program/Collective_Robotics/ros_work/install/Stage/lib
[0.711s] -- Installing Plugins to /home/student/MAS/MAS_Program2024/MAS-Program/Collective_Robotics/ros_work/install/Stage/lib/Stage-4.3
[0.712s] -- Build type RELEASE
[0.713s] -- Checking for libtool
[0.737s] -- Checking for required libraries...
[0.785s] -- Found JPEG: /usr/lib/x86_64-linux-gnu/libjpeg.so (found version "80")
[0.842s] -- Found ZLIB: /usr/lib/x86_64-linux-gnu/libz.so (found version "1.2.11")
[0.934s] -- Found PNG: /usr/lib/x86_64-linux-gnu/libpng.so (found version "1.6.37")
[0.965s] [33mCMake Warning (dev) at /usr/local/share/cmake-3.30/Modules/FindOpenGL.cmake:415 (message):
[0.965s]   Policy CMP0072 is not set: FindOpenGL prefers GLVND by default when
[0.966s]   available.  Run "cmake --help-policy CMP0072" for policy details.  Use the
[0.966s]   cmake_policy command to set the policy and suppress this warning.
[0.966s] 
[0.966s]   FindOpenGL found both a legacy GL library:
[0.966s] 
[0.966s]     OPENGL_gl_LIBRARY: /usr/lib/x86_64-linux-gnu/libGL.so
[0.967s] 
[0.967s]   and GLVND libraries for OpenGL and GLX:
[0.967s] 
[0.967s]     OPENGL_opengl_LIBRARY: /usr/lib/x86_64-linux-gnu/libOpenGL.so
[0.967s]     OPENGL_glx_LIBRARY: /usr/lib/x86_64-linux-gnu/libGLX.so
[0.967s] 
[0.967s]   OpenGL_GL_PREFERENCE has not been set to "GLVND" or "LEGACY", so for
[0.968s]   compatibility with CMake 3.10 and below the legacy GL library will be used.
[0.968s] Call Stack (most recent call first):
[0.968s]   /usr/local/share/cmake-3.30/Modules/FindFLTK.cmake:87 (find_package)
[0.968s]   CMakeLists.txt:100 (find_package)
[0.968s] This warning is for project developers.  Use -Wno-dev to suppress it.
[0.969s] [0m
[0.971s] -- Found OpenGL: /usr/lib/x86_64-linux-gnu/libOpenGL.so
[1.385s] -- Found X11: /usr/include
[1.386s] -- Looking for XOpenDisplay in /usr/lib/x86_64-linux-gnu/libX11.so;/usr/lib/x86_64-linux-gnu/libXext.so
[1.531s] -- Looking for XOpenDisplay in /usr/lib/x86_64-linux-gnu/libX11.so;/usr/lib/x86_64-linux-gnu/libXext.so - found
[1.532s] -- Looking for gethostbyname
[1.653s] -- Looking for gethostbyname - found
[1.654s] -- Looking for connect
[1.783s] -- Looking for connect - found
[1.784s] -- Looking for remove
[1.921s] -- Looking for remove - found
[1.921s] -- Looking for shmat
[2.070s] -- Looking for shmat - found
[2.070s] -- Looking for IceConnectionNumber in ICE
[2.174s] -- Looking for IceConnectionNumber in ICE - found
[2.239s] -- Found FLTK: fltk_images;fltk_forms;fltk_gl;/usr/lib/x86_64-linux-gnu/libGL.so;fltk
[2.242s] -- Checking for optional libraries...
[2.243s] -- Installation path CMAKE_INSTALL_PREFIX=/home/student/MAS/MAS_Program2024/MAS-Program/Collective_Robotics/ros_work/install/Stage
[2.244s] -- Configuring libstage
[2.256s] -- Found PkgConfig: /usr/bin/pkg-config (found version "0.29.2")
[2.256s] -- Checking for one of the modules 'playercore>=2.1.0'
[2.260s] --   * Player not detected. If Player is installed but not detected, check your PKG_CONFIG_PATH.
[2.277s] -- Configuring done (2.2s)
[2.349s] -- Generating done (0.1s)
[2.357s] -- Build files have been written to: /home/student/MAS/MAS_Program2024/MAS-Program/Collective_Robotics/ros_work/build/Stage
[2.565s] Invoked command in '/home/student/MAS/MAS_Program2024/MAS-Program/Collective_Robotics/ros_work/build/Stage' returned '0': /usr/local/bin/cmake /home/student/MAS/MAS_Program2024/MAS-Program/Collective_Robotics/ros_work/src/stage_ros2 -DCMAKE_INSTALL_PREFIX=/home/student/MAS/MAS_Program2024/MAS-Program/Collective_Robotics/ros_work/install/Stage
[2.568s] Invoking command in '/home/student/MAS/MAS_Program2024/MAS-Program/Collective_Robotics/ros_work/build/Stage': /usr/local/bin/cmake --build /home/student/MAS/MAS_Program2024/MAS-Program/Collective_Robotics/ros_work/build/Stage -- -j4 -l4
[2.614s] [  1%] [32mBuilding CXX object libstage/CMakeFiles/stage.dir/block.cc.o[0m
[2.650s] [  3%] [32mBuilding CXX object libstage/CMakeFiles/stage.dir/camera.cc.o[0m
[2.654s] [  5%] [32mBuilding CXX object libstage/CMakeFiles/stage.dir/blockgroup.cc.o[0m
[2.656s] [  6%] [32mBuilding CXX object libstage/CMakeFiles/stage.dir/color.cc.o[0m
[6.284s] [  8%] [32mBuilding CXX object libstage/CMakeFiles/stage.dir/file_manager.cc.o[0m
[6.540s] [ 10%] [32mBuilding CXX object libstage/CMakeFiles/stage.dir/gl.cc.o[0m
[7.146s] [ 11%] [32mBuilding CXX object libstage/CMakeFiles/stage.dir/logentry.cc.o[0m
[7.293s] [ 13%] [32mBuilding CXX object libstage/CMakeFiles/stage.dir/model.cc.o[0m
[9.876s] [ 15%] [32mBuilding CXX object libstage/CMakeFiles/stage.dir/model_actuator.cc.o[0m
[10.038s] [ 16%] [32mBuilding CXX object libstage/CMakeFiles/stage.dir/model_blinkenlight.cc.o[0m
[10.693s] [ 18%] [32mBuilding CXX object libstage/CMakeFiles/stage.dir/model_blobfinder.cc.o[0m
[14.592s] [ 20%] [32mBuilding CXX object libstage/CMakeFiles/stage.dir/model_bumper.cc.o[0m
[15.160s] [ 22%] [32mBuilding CXX object libstage/CMakeFiles/stage.dir/model_callbacks.cc.o[0m
[15.510s] [ 23%] [32mBuilding CXX object libstage/CMakeFiles/stage.dir/model_camera.cc.o[0m
[16.784s] [ 25%] [32mBuilding CXX object libstage/CMakeFiles/stage.dir/model_draw.cc.o[0m
[18.480s] [ 27%] [32mBuilding CXX object libstage/CMakeFiles/stage.dir/model_fiducial.cc.o[0m
[19.625s] [ 28%] [32mBuilding CXX object libstage/CMakeFiles/stage.dir/model_gripper.cc.o[0m
[20.040s] [ 30%] [32mBuilding CXX object libstage/CMakeFiles/stage.dir/model_lightindicator.cc.o[0m
[20.917s] [ 32%] [32mBuilding CXX object libstage/CMakeFiles/stage.dir/model_position.cc.o[0m
[21.482s] [ 33%] [32mBuilding CXX object libstage/CMakeFiles/stage.dir/model_ranger.cc.o[0m
[22.136s] [ 35%] [32mBuilding CXX object libstage/CMakeFiles/stage.dir/option.cc.o[0m
[22.498s] [ 37%] [32mBuilding CXX object libstage/CMakeFiles/stage.dir/powerpack.cc.o[0m
[24.105s] [ 38%] [32mBuilding CXX object libstage/CMakeFiles/stage.dir/region.cc.o[0m
[24.358s] [ 40%] [32mBuilding CXX object libstage/CMakeFiles/stage.dir/stage.cc.o[0m
[24.412s] [ 42%] [32mBuilding CXX object libstage/CMakeFiles/stage.dir/texture_manager.cc.o[0m
[24.698s] [ 44%] [32mBuilding CXX object libstage/CMakeFiles/stage.dir/typetable.cc.o[0m
[26.244s] [ 45%] [32mBuilding CXX object libstage/CMakeFiles/stage.dir/world.cc.o[0m
[26.659s] [ 47%] [32mBuilding CXX object libstage/CMakeFiles/stage.dir/worldfile.cc.o[0m
[26.888s] [ 49%] [32mBuilding CXX object libstage/CMakeFiles/stage.dir/canvas.cc.o[0m
[26.997s] [ 50%] [32mBuilding CXX object libstage/CMakeFiles/stage.dir/options_dlg.cc.o[0m
[28.973s] [ 52%] [32mBuilding CXX object libstage/CMakeFiles/stage.dir/vis_strip.cc.o[0m
[30.186s] [ 54%] [32mBuilding CXX object libstage/CMakeFiles/stage.dir/worldgui.cc.o[0m
[30.467s] [ 55%] [32mBuilding CXX object libstage/CMakeFiles/stage.dir/ancestor.cc.o[0m
[32.052s] [ 57%] [32m[1mLinking CXX shared library libstage.so[0m
[32.226s] [ 57%] Built target stage
[32.243s] [ 59%] [32mBuilding CXX object examples/ctrl/CMakeFiles/fasr.dir/fasr.cc.o[0m
[32.244s] [ 61%] [32mBuilding CXX object libstage/CMakeFiles/stagebinary.dir/main.cc.o[0m
[32.245s] [ 62%] [32mBuilding CXX object examples/ctrl/CMakeFiles/sink.dir/sink.cc.o[0m
[32.249s] [ 64%] [32mBuilding CXX object examples/ctrl/CMakeFiles/source.dir/source.cc.o[0m
[34.128s] [ 66%] [32m[1mLinking CXX executable stage[0m
[34.153s] [ 67%] [32m[1mLinking CXX shared module source.so[0m
[34.161s] [ 69%] [32m[1mLinking CXX shared module fasr.so[0m
[34.200s] [ 71%] [32m[1mLinking CXX shared module sink.so[0m
[34.353s] [ 71%] Built target source
[34.377s] [ 71%] Built target fasr
[34.379s] [ 72%] [32mBuilding CXX object examples/ctrl/CMakeFiles/wander.dir/wander.cc.o[0m
[34.388s] [ 72%] Built target stagebinary
[34.396s] [ 74%] [32mBuilding CXX object examples/ctrl/CMakeFiles/pioneer_flocking.dir/pioneer_flocking.cc.o[0m
[34.411s] [ 76%] [32mBuilding CXX object examples/ctrl/CMakeFiles/rasterize.dir/rasterize.cc.o[0m
[34.417s] [ 76%] Built target sink
[34.447s] [ 77%] [32mBuilding CXX object examples/ctrl/CMakeFiles/lasernoise.dir/lasernoise.cc.o[0m
[36.200s] [ 79%] [32m[1mLinking CXX shared module pioneer_flocking.so[0m
[36.207s] [ 81%] [32m[1mLinking CXX shared module rasterize.so[0m
[36.267s] [ 83%] [32m[1mLinking CXX shared module lasernoise.so[0m
[36.404s] [ 83%] Built target rasterize
[36.414s] [ 83%] Built target pioneer_flocking
[36.423s] [ 84%] [32mBuilding CXX object examples/ctrl/CMakeFiles/dynamic.dir/dynamic.cc.o[0m
[36.433s] [ 86%] [32mBuilding CXX object examples/ctrl/CMakeFiles/fasr2.dir/fasr2.cc.o[0m
[36.463s] [ 86%] Built target lasernoise
[36.477s] [ 88%] [32m[1mLinking CXX shared module wander.so[0m
[36.486s] [ 89%] [32mBuilding CXX object worlds/benchmark/CMakeFiles/expand_swarm.dir/expand_swarm.cc.o[0m
[36.625s] [ 89%] Built target wander
[36.648s] [ 91%] [32mBuilding CXX object worlds/benchmark/CMakeFiles/expand_pioneer.dir/expand_pioneer.cc.o[0m
[38.237s] [ 93%] [32m[1mLinking CXX shared module dynamic.so[0m
[38.317s] [ 94%] [32m[1mLinking CXX shared module expand_swarm.so[0m
[38.405s] [ 94%] Built target dynamic
[38.413s] [ 96%] [32mBuilding CXX object examples/ctrl/CMakeFiles/fasr2.dir/astar/findpath.cpp.o[0m
[38.482s] [ 98%] [32m[1mLinking CXX shared module expand_pioneer.so[0m
[38.497s] [ 98%] Built target expand_swarm
[38.654s] [ 98%] Built target expand_pioneer
[39.395s] [100%] [32m[1mLinking CXX shared module fasr2.so[0m
[39.517s] [100%] Built target fasr2
