[0.059s] Invoking command in '/home/student/MAS/MAS_Program2024/MAS-Program/Collective_Robotics/ros_work/build/robile_interfaces': CMAKE_PREFIX_PATH=/opt/ros/humble /usr/local/bin/cmake /home/student/MAS/MAS_Program2024/MAS-Program/Collective_Robotics/ros_work/src/robile_interfaces -DCMAKE_INSTALL_PREFIX=/home/student/MAS/MAS_Program2024/MAS-Program/Collective_Robotics/ros_work/install/robile_interfaces
[0.929s] -- Found ament_cmake: 1.3.11 (/opt/ros/humble/share/ament_cmake/cmake)
[0.929s] -- Override CMake install command with custom implementation using symlinks instead of copying resources
[0.930s] -- Found builtin_interfaces: 1.2.1 (/opt/ros/humble/share/builtin_interfaces/cmake)
[0.931s] -- Found rosidl_generator_c: 3.1.6 (/opt/ros/humble/share/rosidl_generator_c/cmake)
[0.931s] -- Found rosidl_adapter: 3.1.6 (/opt/ros/humble/share/rosidl_adapter/cmake)
[0.931s] -- Found rosidl_generator_cpp: 3.1.6 (/opt/ros/humble/share/rosidl_generator_cpp/cmake)
[0.931s] -- Using all available rosidl_typesupport_c: rosidl_typesupport_fastrtps_c;rosidl_typesupport_introspection_c
[0.931s] -- Using all available rosidl_typesupport_cpp: rosidl_typesupport_fastrtps_cpp;rosidl_typesupport_introspection_cpp
[0.932s] -- Found rosidl_default_generators: 1.2.0 (/opt/ros/humble/share/rosidl_default_generators/cmake)
[0.932s] -- Found geometry_msgs: 4.8.0 (/opt/ros/humble/share/geometry_msgs/cmake)
[1.739s] -- Found ament_cmake_ros: 0.10.0 (/opt/ros/humble/share/ament_cmake_ros/cmake)
[3.431s] -- Using all available rosidl_typesupport_c: rosidl_typesupport_fastrtps_c;rosidl_typesupport_introspection_c
[4.208s] -- Using all available rosidl_typesupport_cpp: rosidl_typesupport_fastrtps_cpp;rosidl_typesupport_introspection_cpp
[4.213s] [33mCMake Warning (dev) at /opt/ros/humble/share/rosidl_generator_py/cmake/rosidl_generator_py_generate_interfaces.cmake:20 (find_package):
[4.213s]   Policy CMP0148 is not set: The FindPythonInterp and FindPythonLibs modules
[4.213s]   are removed.  Run "cmake --help-policy CMP0148" for policy details.  Use
[4.213s]   the cmake_policy command to set the policy and suppress this warning.
[4.213s] 
[4.213s] Call Stack (most recent call first):
[4.214s]   /opt/ros/humble/share/ament_cmake_core/cmake/core/ament_execute_extensions.cmake:48 (include)
[4.214s]   /opt/ros/humble/share/rosidl_cmake/cmake/rosidl_generate_interfaces.cmake:286 (ament_execute_extensions)
[4.214s]   CMakeLists.txt:19 (rosidl_generate_interfaces)
[4.214s] This warning is for project developers.  Use -Wno-dev to suppress it.
[4.214s] [0m
[4.257s] -- Found python_cmake_module: 0.10.0 (/opt/ros/humble/share/python_cmake_module/cmake)
[4.259s] [33mCMake Warning (dev) at /opt/ros/humble/share/python_cmake_module/cmake/Modules/FindPythonExtra.cmake:52 (find_package):
[4.259s]   Policy CMP0148 is not set: The FindPythonInterp and FindPythonLibs modules
[4.259s]   are removed.  Run "cmake --help-policy CMP0148" for policy details.  Use
[4.259s]   the cmake_policy command to set the policy and suppress this warning.
[4.260s] 
[4.260s] Call Stack (most recent call first):
[4.260s]   /opt/ros/humble/share/rosidl_generator_py/cmake/rosidl_generator_py_generate_interfaces.cmake:23 (find_package)
[4.260s]   /opt/ros/humble/share/ament_cmake_core/cmake/core/ament_execute_extensions.cmake:48 (include)
[4.260s]   /opt/ros/humble/share/rosidl_cmake/cmake/rosidl_generate_interfaces.cmake:286 (ament_execute_extensions)
[4.261s]   CMakeLists.txt:19 (rosidl_generate_interfaces)
[4.261s] This warning is for project developers.  Use -Wno-dev to suppress it.
[4.261s] [0m
[4.310s] [33mCMake Warning (dev) at /opt/ros/humble/share/python_cmake_module/cmake/Modules/FindPythonExtra.cmake:140 (find_package):
[4.310s]   Policy CMP0148 is not set: The FindPythonInterp and FindPythonLibs modules
[4.310s]   are removed.  Run "cmake --help-policy CMP0148" for policy details.  Use
[4.310s]   the cmake_policy command to set the policy and suppress this warning.
[4.311s] 
[4.311s] Call Stack (most recent call first):
[4.311s]   /opt/ros/humble/share/rosidl_generator_py/cmake/rosidl_generator_py_generate_interfaces.cmake:23 (find_package)
[4.311s]   /opt/ros/humble/share/ament_cmake_core/cmake/core/ament_execute_extensions.cmake:48 (include)
[4.312s]   /opt/ros/humble/share/rosidl_cmake/cmake/rosidl_generate_interfaces.cmake:286 (ament_execute_extensions)
[4.312s]   CMakeLists.txt:19 (rosidl_generate_interfaces)
[4.312s] This warning is for project developers.  Use -Wno-dev to suppress it.
[4.312s] [0m
[4.317s] -- Using PYTHON_EXECUTABLE: /usr/bin/python3
[4.317s] -- Using PYTHON_INCLUDE_DIRS: /usr/include/python3.10
[4.317s] -- Using PYTHON_LIBRARIES: /usr/lib/x86_64-linux-gnu/libpython3.10.so
[4.455s] -- Configuring done (4.4s)
[4.563s] -- Generating done (0.1s)
[4.588s] -- Build files have been written to: /home/student/MAS/MAS_Program2024/MAS-Program/Collective_Robotics/ros_work/build/robile_interfaces
[4.607s] Invoked command in '/home/student/MAS/MAS_Program2024/MAS-Program/Collective_Robotics/ros_work/build/robile_interfaces' returned '0': CMAKE_PREFIX_PATH=/opt/ros/humble /usr/local/bin/cmake /home/student/MAS/MAS_Program2024/MAS-Program/Collective_Robotics/ros_work/src/robile_interfaces -DCMAKE_INSTALL_PREFIX=/home/student/MAS/MAS_Program2024/MAS-Program/Collective_Robotics/ros_work/install/robile_interfaces
[4.608s] Invoking command in '/home/student/MAS/MAS_Program2024/MAS-Program/Collective_Robotics/ros_work/build/robile_interfaces': CMAKE_PREFIX_PATH=/opt/ros/humble /usr/local/bin/cmake --build /home/student/MAS/MAS_Program2024/MAS-Program/Collective_Robotics/ros_work/build/robile_interfaces -- -j4 -l4
[4.664s] [  2%] Built target robile_interfaces__cpp
[4.694s] [ 12%] Built target robile_interfaces__rosidl_generator_c
[4.732s] [ 12%] Built target ament_cmake_python_symlink_robile_interfaces
[4.739s] [ 23%] Built target robile_interfaces__rosidl_typesupport_fastrtps_cpp
[4.748s] [ 33%] Built target robile_interfaces__rosidl_typesupport_introspection_cpp
[4.761s] [ 43%] Built target robile_interfaces__rosidl_typesupport_cpp
[4.817s] [ 53%] Built target robile_interfaces__rosidl_typesupport_c
[4.818s] [ 64%] Built target robile_interfaces__rosidl_typesupport_fastrtps_c
[4.837s] [ 74%] Built target robile_interfaces__rosidl_typesupport_introspection_c
[4.914s] [ 74%] Built target robile_interfaces
[4.949s] [ 76%] Built target robile_interfaces__py
[4.975s] [ 84%] Built target robile_interfaces__rosidl_generator_py
[5.017s] [ 89%] Built target robile_interfaces__rosidl_typesupport_introspection_c__pyext
[5.023s] [ 94%] Built target robile_interfaces__rosidl_typesupport_fastrtps_c__pyext
[5.044s] [100%] Built target robile_interfaces__rosidl_typesupport_c__pyext
[5.405s] running egg_info
[5.405s] writing robile_interfaces.egg-info/PKG-INFO
[5.406s] writing dependency_links to robile_interfaces.egg-info/dependency_links.txt
[5.406s] writing top-level names to robile_interfaces.egg-info/top_level.txt
[5.410s] reading manifest file 'robile_interfaces.egg-info/SOURCES.txt'
[5.410s] writing manifest file 'robile_interfaces.egg-info/SOURCES.txt'
[5.450s] [100%] Built target ament_cmake_python_build_robile_interfaces_egg
[5.491s] Invoked command in '/home/student/MAS/MAS_Program2024/MAS-Program/Collective_Robotics/ros_work/build/robile_interfaces' returned '0': CMAKE_PREFIX_PATH=/opt/ros/humble /usr/local/bin/cmake --build /home/student/MAS/MAS_Program2024/MAS-Program/Collective_Robotics/ros_work/build/robile_interfaces -- -j4 -l4
[5.494s] Invoking command in '/home/student/MAS/MAS_Program2024/MAS-Program/Collective_Robotics/ros_work/build/robile_interfaces': CMAKE_PREFIX_PATH=/opt/ros/humble /usr/local/bin/cmake --install /home/student/MAS/MAS_Program2024/MAS-Program/Collective_Robotics/ros_work/build/robile_interfaces
[5.501s] -- Install configuration: ""
[5.502s] -- Execute custom install script
[5.502s] -- Symlinking: /home/student/MAS/MAS_Program2024/MAS-Program/Collective_Robotics/ros_work/install/robile_interfaces/share/ament_index/resource_index/rosidl_interfaces/robile_interfaces
[5.510s] -- Symlinking: /home/student/MAS/MAS_Program2024/MAS-Program/Collective_Robotics/ros_work/install/robile_interfaces/include/robile_interfaces/robile_interfaces/msg/detail/position_labelled__functions.h
[5.516s] -- Symlinking: /home/student/MAS/MAS_Program2024/MAS-Program/Collective_Robotics/ros_work/install/robile_interfaces/include/robile_interfaces/robile_interfaces/msg/detail/position_labelled__struct.h
[5.523s] -- Symlinking: /home/student/MAS/MAS_Program2024/MAS-Program/Collective_Robotics/ros_work/install/robile_interfaces/include/robile_interfaces/robile_interfaces/msg/detail/position_labelled__type_support.h
[5.530s] -- Symlinking: /home/student/MAS/MAS_Program2024/MAS-Program/Collective_Robotics/ros_work/install/robile_interfaces/include/robile_interfaces/robile_interfaces/msg/detail/position_labelled_array__functions.h
[5.539s] -- Symlinking: /home/student/MAS/MAS_Program2024/MAS-Program/Collective_Robotics/ros_work/install/robile_interfaces/include/robile_interfaces/robile_interfaces/msg/detail/position_labelled_array__struct.h
[5.546s] -- Symlinking: /home/student/MAS/MAS_Program2024/MAS-Program/Collective_Robotics/ros_work/install/robile_interfaces/include/robile_interfaces/robile_interfaces/msg/detail/position_labelled_array__type_support.h
[5.555s] -- Symlinking: /home/student/MAS/MAS_Program2024/MAS-Program/Collective_Robotics/ros_work/install/robile_interfaces/include/robile_interfaces/robile_interfaces/msg/position_labelled.h
[5.562s] -- Symlinking: /home/student/MAS/MAS_Program2024/MAS-Program/Collective_Robotics/ros_work/install/robile_interfaces/include/robile_interfaces/robile_interfaces/msg/position_labelled_array.h
[5.569s] -- Symlinking: /home/student/MAS/MAS_Program2024/MAS-Program/Collective_Robotics/ros_work/install/robile_interfaces/include/robile_interfaces/robile_interfaces/msg/rosidl_generator_c__visibility_control.h
[5.576s] -- Symlinking: /home/student/MAS/MAS_Program2024/MAS-Program/Collective_Robotics/ros_work/install/robile_interfaces/share/robile_interfaces/environment/library_path.sh
[5.583s] -- Symlinking: /home/student/MAS/MAS_Program2024/MAS-Program/Collective_Robotics/ros_work/install/robile_interfaces/share/robile_interfaces/environment/library_path.dsv
[5.591s] -- Symlinking: /home/student/MAS/MAS_Program2024/MAS-Program/Collective_Robotics/ros_work/install/robile_interfaces/include/robile_interfaces/robile_interfaces/msg/detail/position_labelled__rosidl_typesupport_fastrtps_c.h
[5.598s] -- Symlinking: /home/student/MAS/MAS_Program2024/MAS-Program/Collective_Robotics/ros_work/install/robile_interfaces/include/robile_interfaces/robile_interfaces/msg/detail/position_labelled_array__rosidl_typesupport_fastrtps_c.h
[5.604s] -- Symlinking: /home/student/MAS/MAS_Program2024/MAS-Program/Collective_Robotics/ros_work/install/robile_interfaces/include/robile_interfaces/robile_interfaces/msg/rosidl_typesupport_fastrtps_c__visibility_control.h
[5.612s] -- Symlinking: /home/student/MAS/MAS_Program2024/MAS-Program/Collective_Robotics/ros_work/install/robile_interfaces/include/robile_interfaces/robile_interfaces/msg/detail/position_labelled__builder.hpp
[5.618s] -- Symlinking: /home/student/MAS/MAS_Program2024/MAS-Program/Collective_Robotics/ros_work/install/robile_interfaces/include/robile_interfaces/robile_interfaces/msg/detail/position_labelled__struct.hpp
[5.625s] -- Symlinking: /home/student/MAS/MAS_Program2024/MAS-Program/Collective_Robotics/ros_work/install/robile_interfaces/include/robile_interfaces/robile_interfaces/msg/detail/position_labelled__traits.hpp
[5.631s] -- Symlinking: /home/student/MAS/MAS_Program2024/MAS-Program/Collective_Robotics/ros_work/install/robile_interfaces/include/robile_interfaces/robile_interfaces/msg/detail/position_labelled__type_support.hpp
[5.638s] -- Symlinking: /home/student/MAS/MAS_Program2024/MAS-Program/Collective_Robotics/ros_work/install/robile_interfaces/include/robile_interfaces/robile_interfaces/msg/detail/position_labelled_array__builder.hpp
[5.645s] -- Symlinking: /home/student/MAS/MAS_Program2024/MAS-Program/Collective_Robotics/ros_work/install/robile_interfaces/include/robile_interfaces/robile_interfaces/msg/detail/position_labelled_array__struct.hpp
[5.654s] -- Symlinking: /home/student/MAS/MAS_Program2024/MAS-Program/Collective_Robotics/ros_work/install/robile_interfaces/include/robile_interfaces/robile_interfaces/msg/detail/position_labelled_array__traits.hpp
[5.661s] -- Symlinking: /home/student/MAS/MAS_Program2024/MAS-Program/Collective_Robotics/ros_work/install/robile_interfaces/include/robile_interfaces/robile_interfaces/msg/detail/position_labelled_array__type_support.hpp
[5.668s] -- Symlinking: /home/student/MAS/MAS_Program2024/MAS-Program/Collective_Robotics/ros_work/install/robile_interfaces/include/robile_interfaces/robile_interfaces/msg/position_labelled.hpp
[5.674s] -- Symlinking: /home/student/MAS/MAS_Program2024/MAS-Program/Collective_Robotics/ros_work/install/robile_interfaces/include/robile_interfaces/robile_interfaces/msg/position_labelled_array.hpp
[5.681s] -- Symlinking: /home/student/MAS/MAS_Program2024/MAS-Program/Collective_Robotics/ros_work/install/robile_interfaces/include/robile_interfaces/robile_interfaces/msg/rosidl_generator_cpp__visibility_control.hpp
[5.688s] -- Symlinking: /home/student/MAS/MAS_Program2024/MAS-Program/Collective_Robotics/ros_work/install/robile_interfaces/include/robile_interfaces/robile_interfaces/msg/detail/position_labelled__rosidl_typesupport_fastrtps_cpp.hpp
[5.695s] -- Symlinking: /home/student/MAS/MAS_Program2024/MAS-Program/Collective_Robotics/ros_work/install/robile_interfaces/include/robile_interfaces/robile_interfaces/msg/detail/position_labelled_array__rosidl_typesupport_fastrtps_cpp.hpp
[5.702s] -- Symlinking: /home/student/MAS/MAS_Program2024/MAS-Program/Collective_Robotics/ros_work/install/robile_interfaces/include/robile_interfaces/robile_interfaces/msg/rosidl_typesupport_fastrtps_cpp__visibility_control.h
[5.709s] -- Symlinking: /home/student/MAS/MAS_Program2024/MAS-Program/Collective_Robotics/ros_work/install/robile_interfaces/include/robile_interfaces/robile_interfaces/msg/detail/position_labelled__rosidl_typesupport_introspection_c.h
[5.715s] -- Symlinking: /home/student/MAS/MAS_Program2024/MAS-Program/Collective_Robotics/ros_work/install/robile_interfaces/include/robile_interfaces/robile_interfaces/msg/detail/position_labelled_array__rosidl_typesupport_introspection_c.h
[5.722s] -- Symlinking: /home/student/MAS/MAS_Program2024/MAS-Program/Collective_Robotics/ros_work/install/robile_interfaces/include/robile_interfaces/robile_interfaces/msg/rosidl_typesupport_introspection_c__visibility_control.h
[5.729s] -- Symlinking: /home/student/MAS/MAS_Program2024/MAS-Program/Collective_Robotics/ros_work/install/robile_interfaces/include/robile_interfaces/robile_interfaces/msg/detail/position_labelled__rosidl_typesupport_introspection_cpp.hpp
[5.735s] -- Symlinking: /home/student/MAS/MAS_Program2024/MAS-Program/Collective_Robotics/ros_work/install/robile_interfaces/include/robile_interfaces/robile_interfaces/msg/detail/position_labelled_array__rosidl_typesupport_introspection_cpp.hpp
[5.742s] -- Symlinking: /home/student/MAS/MAS_Program2024/MAS-Program/Collective_Robotics/ros_work/install/robile_interfaces/share/robile_interfaces/environment/pythonpath.sh
[5.750s] -- Symlinking: /home/student/MAS/MAS_Program2024/MAS-Program/Collective_Robotics/ros_work/install/robile_interfaces/share/robile_interfaces/environment/pythonpath.dsv
[5.759s] -- Symlinking: /home/student/MAS/MAS_Program2024/MAS-Program/Collective_Robotics/ros_work/install/robile_interfaces/local/lib/python3.10/dist-packages/robile_interfaces-0.0.0-py3.10.egg-info/PKG-INFO
[5.767s] -- Symlinking: /home/student/MAS/MAS_Program2024/MAS-Program/Collective_Robotics/ros_work/install/robile_interfaces/local/lib/python3.10/dist-packages/robile_interfaces-0.0.0-py3.10.egg-info/SOURCES.txt
[5.773s] -- Symlinking: /home/student/MAS/MAS_Program2024/MAS-Program/Collective_Robotics/ros_work/install/robile_interfaces/local/lib/python3.10/dist-packages/robile_interfaces-0.0.0-py3.10.egg-info/dependency_links.txt
[5.780s] -- Symlinking: /home/student/MAS/MAS_Program2024/MAS-Program/Collective_Robotics/ros_work/install/robile_interfaces/local/lib/python3.10/dist-packages/robile_interfaces-0.0.0-py3.10.egg-info/top_level.txt
[5.788s] -- Symlinking: /home/student/MAS/MAS_Program2024/MAS-Program/Collective_Robotics/ros_work/install/robile_interfaces/local/lib/python3.10/dist-packages/robile_interfaces/__init__.py
[5.795s] -- Symlinking: /home/student/MAS/MAS_Program2024/MAS-Program/Collective_Robotics/ros_work/install/robile_interfaces/local/lib/python3.10/dist-packages/robile_interfaces/_robile_interfaces_s.ep.rosidl_typesupport_c.c
[5.802s] -- Symlinking: /home/student/MAS/MAS_Program2024/MAS-Program/Collective_Robotics/ros_work/install/robile_interfaces/local/lib/python3.10/dist-packages/robile_interfaces/_robile_interfaces_s.ep.rosidl_typesupport_fastrtps_c.c
[5.809s] -- Symlinking: /home/student/MAS/MAS_Program2024/MAS-Program/Collective_Robotics/ros_work/install/robile_interfaces/local/lib/python3.10/dist-packages/robile_interfaces/_robile_interfaces_s.ep.rosidl_typesupport_introspection_c.c
[5.816s] -- Symlinking: /home/student/MAS/MAS_Program2024/MAS-Program/Collective_Robotics/ros_work/install/robile_interfaces/local/lib/python3.10/dist-packages/robile_interfaces/librobile_interfaces__rosidl_generator_py.so
[5.822s] -- Symlinking: /home/student/MAS/MAS_Program2024/MAS-Program/Collective_Robotics/ros_work/install/robile_interfaces/local/lib/python3.10/dist-packages/robile_interfaces/msg/__init__.py
[5.829s] -- Symlinking: /home/student/MAS/MAS_Program2024/MAS-Program/Collective_Robotics/ros_work/install/robile_interfaces/local/lib/python3.10/dist-packages/robile_interfaces/msg/_position_labelled.py
[5.836s] -- Symlinking: /home/student/MAS/MAS_Program2024/MAS-Program/Collective_Robotics/ros_work/install/robile_interfaces/local/lib/python3.10/dist-packages/robile_interfaces/msg/_position_labelled_array.py
[5.843s] -- Symlinking: /home/student/MAS/MAS_Program2024/MAS-Program/Collective_Robotics/ros_work/install/robile_interfaces/local/lib/python3.10/dist-packages/robile_interfaces/msg/_position_labelled_array_s.c
[5.851s] -- Symlinking: /home/student/MAS/MAS_Program2024/MAS-Program/Collective_Robotics/ros_work/install/robile_interfaces/local/lib/python3.10/dist-packages/robile_interfaces/msg/_position_labelled_s.c
[5.858s] -- Symlinking: /home/student/MAS/MAS_Program2024/MAS-Program/Collective_Robotics/ros_work/install/robile_interfaces/local/lib/python3.10/dist-packages/robile_interfaces/robile_interfaces_s__rosidl_typesupport_c.cpython-310-x86_64-linux-gnu.so
[5.867s] -- Symlinking: /home/student/MAS/MAS_Program2024/MAS-Program/Collective_Robotics/ros_work/install/robile_interfaces/local/lib/python3.10/dist-packages/robile_interfaces/robile_interfaces_s__rosidl_typesupport_fastrtps_c.cpython-310-x86_64-linux-gnu.so
[5.874s] -- Symlinking: /home/student/MAS/MAS_Program2024/MAS-Program/Collective_Robotics/ros_work/install/robile_interfaces/local/lib/python3.10/dist-packages/robile_interfaces/robile_interfaces_s__rosidl_typesupport_introspection_c.cpython-310-x86_64-linux-gnu.so
[5.881s] -- Up-to-date symlink: /home/student/MAS/MAS_Program2024/MAS-Program/Collective_Robotics/ros_work/install/robile_interfaces/local/lib/python3.10/dist-packages/robile_interfaces/robile_interfaces_s__rosidl_typesupport_fastrtps_c.cpython-310-x86_64-linux-gnu.so
[5.882s] -- Up-to-date symlink: /home/student/MAS/MAS_Program2024/MAS-Program/Collective_Robotics/ros_work/install/robile_interfaces/local/lib/python3.10/dist-packages/robile_interfaces/robile_interfaces_s__rosidl_typesupport_introspection_c.cpython-310-x86_64-linux-gnu.so
[5.883s] -- Up-to-date symlink: /home/student/MAS/MAS_Program2024/MAS-Program/Collective_Robotics/ros_work/install/robile_interfaces/local/lib/python3.10/dist-packages/robile_interfaces/robile_interfaces_s__rosidl_typesupport_c.cpython-310-x86_64-linux-gnu.so
[5.884s] -- Symlinking: /home/student/MAS/MAS_Program2024/MAS-Program/Collective_Robotics/ros_work/install/robile_interfaces/share/robile_interfaces/msg/PositionLabelled.idl
[5.890s] -- Symlinking: /home/student/MAS/MAS_Program2024/MAS-Program/Collective_Robotics/ros_work/install/robile_interfaces/share/robile_interfaces/msg/PositionLabelledArray.idl
[5.897s] -- Symlinking: /home/student/MAS/MAS_Program2024/MAS-Program/Collective_Robotics/ros_work/install/robile_interfaces/share/robile_interfaces/msg/PositionLabelled.msg
[5.904s] -- Symlinking: /home/student/MAS/MAS_Program2024/MAS-Program/Collective_Robotics/ros_work/install/robile_interfaces/share/robile_interfaces/msg/PositionLabelledArray.msg
[5.912s] -- Symlinking: /home/student/MAS/MAS_Program2024/MAS-Program/Collective_Robotics/ros_work/install/robile_interfaces/share/ament_index/resource_index/package_run_dependencies/robile_interfaces
[5.919s] -- Symlinking: /home/student/MAS/MAS_Program2024/MAS-Program/Collective_Robotics/ros_work/install/robile_interfaces/share/ament_index/resource_index/parent_prefix_path/robile_interfaces
[5.926s] -- Symlinking: /home/student/MAS/MAS_Program2024/MAS-Program/Collective_Robotics/ros_work/install/robile_interfaces/share/robile_interfaces/environment/ament_prefix_path.sh
[5.932s] -- Symlinking: /home/student/MAS/MAS_Program2024/MAS-Program/Collective_Robotics/ros_work/install/robile_interfaces/share/robile_interfaces/environment/ament_prefix_path.dsv
[5.939s] -- Symlinking: /home/student/MAS/MAS_Program2024/MAS-Program/Collective_Robotics/ros_work/install/robile_interfaces/share/robile_interfaces/environment/path.sh
[5.946s] -- Symlinking: /home/student/MAS/MAS_Program2024/MAS-Program/Collective_Robotics/ros_work/install/robile_interfaces/share/robile_interfaces/environment/path.dsv
[5.953s] -- Symlinking: /home/student/MAS/MAS_Program2024/MAS-Program/Collective_Robotics/ros_work/install/robile_interfaces/share/robile_interfaces/local_setup.bash
[5.961s] -- Symlinking: /home/student/MAS/MAS_Program2024/MAS-Program/Collective_Robotics/ros_work/install/robile_interfaces/share/robile_interfaces/local_setup.sh
[5.968s] -- Symlinking: /home/student/MAS/MAS_Program2024/MAS-Program/Collective_Robotics/ros_work/install/robile_interfaces/share/robile_interfaces/local_setup.zsh
[5.976s] -- Symlinking: /home/student/MAS/MAS_Program2024/MAS-Program/Collective_Robotics/ros_work/install/robile_interfaces/share/robile_interfaces/local_setup.dsv
[5.984s] -- Symlinking: /home/student/MAS/MAS_Program2024/MAS-Program/Collective_Robotics/ros_work/install/robile_interfaces/share/robile_interfaces/package.dsv
[5.991s] -- Symlinking: /home/student/MAS/MAS_Program2024/MAS-Program/Collective_Robotics/ros_work/install/robile_interfaces/share/ament_index/resource_index/packages/robile_interfaces
[5.998s] -- Symlinking: /home/student/MAS/MAS_Program2024/MAS-Program/Collective_Robotics/ros_work/install/robile_interfaces/share/robile_interfaces/cmake/rosidl_cmake-extras.cmake
[6.005s] -- Symlinking: /home/student/MAS/MAS_Program2024/MAS-Program/Collective_Robotics/ros_work/install/robile_interfaces/share/robile_interfaces/cmake/ament_cmake_export_dependencies-extras.cmake
[6.012s] -- Symlinking: /home/student/MAS/MAS_Program2024/MAS-Program/Collective_Robotics/ros_work/install/robile_interfaces/share/robile_interfaces/cmake/ament_cmake_export_include_directories-extras.cmake
[6.019s] -- Symlinking: /home/student/MAS/MAS_Program2024/MAS-Program/Collective_Robotics/ros_work/install/robile_interfaces/share/robile_interfaces/cmake/ament_cmake_export_libraries-extras.cmake
[6.025s] -- Symlinking: /home/student/MAS/MAS_Program2024/MAS-Program/Collective_Robotics/ros_work/install/robile_interfaces/share/robile_interfaces/cmake/ament_cmake_export_targets-extras.cmake
[6.032s] -- Symlinking: /home/student/MAS/MAS_Program2024/MAS-Program/Collective_Robotics/ros_work/install/robile_interfaces/share/robile_interfaces/cmake/rosidl_cmake_export_typesupport_targets-extras.cmake
[6.039s] -- Symlinking: /home/student/MAS/MAS_Program2024/MAS-Program/Collective_Robotics/ros_work/install/robile_interfaces/share/robile_interfaces/cmake/rosidl_cmake_export_typesupport_libraries-extras.cmake
[6.046s] -- Symlinking: /home/student/MAS/MAS_Program2024/MAS-Program/Collective_Robotics/ros_work/install/robile_interfaces/share/robile_interfaces/cmake/robile_interfacesConfig.cmake
[6.052s] -- Symlinking: /home/student/MAS/MAS_Program2024/MAS-Program/Collective_Robotics/ros_work/install/robile_interfaces/share/robile_interfaces/cmake/robile_interfacesConfig-version.cmake
[6.059s] -- Symlinking: /home/student/MAS/MAS_Program2024/MAS-Program/Collective_Robotics/ros_work/install/robile_interfaces/share/robile_interfaces/package.xml
[6.074s] -- Installing: /home/student/MAS/MAS_Program2024/MAS-Program/Collective_Robotics/ros_work/install/robile_interfaces/lib/librobile_interfaces__rosidl_generator_c.so
[6.075s] -- Set non-toolchain portion of runtime path of "/home/student/MAS/MAS_Program2024/MAS-Program/Collective_Robotics/ros_work/install/robile_interfaces/lib/librobile_interfaces__rosidl_generator_c.so" to ""
[6.075s] -- Installing: /home/student/MAS/MAS_Program2024/MAS-Program/Collective_Robotics/ros_work/install/robile_interfaces/lib/librobile_interfaces__rosidl_typesupport_fastrtps_c.so
[6.076s] -- Set non-toolchain portion of runtime path of "/home/student/MAS/MAS_Program2024/MAS-Program/Collective_Robotics/ros_work/install/robile_interfaces/lib/librobile_interfaces__rosidl_typesupport_fastrtps_c.so" to ""
[6.076s] -- Installing: /home/student/MAS/MAS_Program2024/MAS-Program/Collective_Robotics/ros_work/install/robile_interfaces/lib/librobile_interfaces__rosidl_typesupport_fastrtps_cpp.so
[6.078s] -- Set non-toolchain portion of runtime path of "/home/student/MAS/MAS_Program2024/MAS-Program/Collective_Robotics/ros_work/install/robile_interfaces/lib/librobile_interfaces__rosidl_typesupport_fastrtps_cpp.so" to ""
[6.078s] -- Installing: /home/student/MAS/MAS_Program2024/MAS-Program/Collective_Robotics/ros_work/install/robile_interfaces/lib/librobile_interfaces__rosidl_typesupport_introspection_c.so
[6.079s] -- Set non-toolchain portion of runtime path of "/home/student/MAS/MAS_Program2024/MAS-Program/Collective_Robotics/ros_work/install/robile_interfaces/lib/librobile_interfaces__rosidl_typesupport_introspection_c.so" to ""
[6.080s] -- Installing: /home/student/MAS/MAS_Program2024/MAS-Program/Collective_Robotics/ros_work/install/robile_interfaces/lib/librobile_interfaces__rosidl_typesupport_c.so
[6.081s] -- Set non-toolchain portion of runtime path of "/home/student/MAS/MAS_Program2024/MAS-Program/Collective_Robotics/ros_work/install/robile_interfaces/lib/librobile_interfaces__rosidl_typesupport_c.so" to ""
[6.081s] -- Installing: /home/student/MAS/MAS_Program2024/MAS-Program/Collective_Robotics/ros_work/install/robile_interfaces/lib/librobile_interfaces__rosidl_typesupport_introspection_cpp.so
[6.082s] -- Set non-toolchain portion of runtime path of "/home/student/MAS/MAS_Program2024/MAS-Program/Collective_Robotics/ros_work/install/robile_interfaces/lib/librobile_interfaces__rosidl_typesupport_introspection_cpp.so" to ""
[6.083s] -- Installing: /home/student/MAS/MAS_Program2024/MAS-Program/Collective_Robotics/ros_work/install/robile_interfaces/lib/librobile_interfaces__rosidl_typesupport_cpp.so
[6.084s] -- Set non-toolchain portion of runtime path of "/home/student/MAS/MAS_Program2024/MAS-Program/Collective_Robotics/ros_work/install/robile_interfaces/lib/librobile_interfaces__rosidl_typesupport_cpp.so" to ""
[6.152s] Listing '/home/student/MAS/MAS_Program2024/MAS-Program/Collective_Robotics/ros_work/install/robile_interfaces/local/lib/python3.10/dist-packages/robile_interfaces'...
[6.152s] Compiling '/home/student/MAS/MAS_Program2024/MAS-Program/Collective_Robotics/ros_work/install/robile_interfaces/local/lib/python3.10/dist-packages/robile_interfaces/__init__.py'...
[6.152s] Listing '/home/student/MAS/MAS_Program2024/MAS-Program/Collective_Robotics/ros_work/install/robile_interfaces/local/lib/python3.10/dist-packages/robile_interfaces/msg'...
[6.153s] Compiling '/home/student/MAS/MAS_Program2024/MAS-Program/Collective_Robotics/ros_work/install/robile_interfaces/local/lib/python3.10/dist-packages/robile_interfaces/msg/__init__.py'...
[6.153s] Compiling '/home/student/MAS/MAS_Program2024/MAS-Program/Collective_Robotics/ros_work/install/robile_interfaces/local/lib/python3.10/dist-packages/robile_interfaces/msg/_position_labelled.py'...
[6.153s] Compiling '/home/student/MAS/MAS_Program2024/MAS-Program/Collective_Robotics/ros_work/install/robile_interfaces/local/lib/python3.10/dist-packages/robile_interfaces/msg/_position_labelled_array.py'...
[6.165s] -- Installing: /home/student/MAS/MAS_Program2024/MAS-Program/Collective_Robotics/ros_work/install/robile_interfaces/lib/librobile_interfaces__rosidl_generator_py.so
[6.166s] -- Set non-toolchain portion of runtime path of "/home/student/MAS/MAS_Program2024/MAS-Program/Collective_Robotics/ros_work/install/robile_interfaces/lib/librobile_interfaces__rosidl_generator_py.so" to ""
[6.166s] -- Installing: /home/student/MAS/MAS_Program2024/MAS-Program/Collective_Robotics/ros_work/install/robile_interfaces/share/robile_interfaces/cmake/export_robile_interfaces__rosidl_generator_cExport.cmake
[6.167s] -- Installing: /home/student/MAS/MAS_Program2024/MAS-Program/Collective_Robotics/ros_work/install/robile_interfaces/share/robile_interfaces/cmake/export_robile_interfaces__rosidl_generator_cExport-noconfig.cmake
[6.168s] -- Installing: /home/student/MAS/MAS_Program2024/MAS-Program/Collective_Robotics/ros_work/install/robile_interfaces/share/robile_interfaces/cmake/export_robile_interfaces__rosidl_typesupport_fastrtps_cExport.cmake
[6.170s] -- Installing: /home/student/MAS/MAS_Program2024/MAS-Program/Collective_Robotics/ros_work/install/robile_interfaces/share/robile_interfaces/cmake/export_robile_interfaces__rosidl_typesupport_fastrtps_cExport-noconfig.cmake
[6.170s] -- Installing: /home/student/MAS/MAS_Program2024/MAS-Program/Collective_Robotics/ros_work/install/robile_interfaces/share/robile_interfaces/cmake/export_robile_interfaces__rosidl_generator_cppExport.cmake
[6.171s] -- Installing: /home/student/MAS/MAS_Program2024/MAS-Program/Collective_Robotics/ros_work/install/robile_interfaces/share/robile_interfaces/cmake/export_robile_interfaces__rosidl_typesupport_fastrtps_cppExport.cmake
[6.172s] -- Installing: /home/student/MAS/MAS_Program2024/MAS-Program/Collective_Robotics/ros_work/install/robile_interfaces/share/robile_interfaces/cmake/export_robile_interfaces__rosidl_typesupport_fastrtps_cppExport-noconfig.cmake
[6.172s] -- Installing: /home/student/MAS/MAS_Program2024/MAS-Program/Collective_Robotics/ros_work/install/robile_interfaces/share/robile_interfaces/cmake/robile_interfaces__rosidl_typesupport_introspection_cExport.cmake
[6.173s] -- Installing: /home/student/MAS/MAS_Program2024/MAS-Program/Collective_Robotics/ros_work/install/robile_interfaces/share/robile_interfaces/cmake/robile_interfaces__rosidl_typesupport_introspection_cExport-noconfig.cmake
[6.173s] -- Installing: /home/student/MAS/MAS_Program2024/MAS-Program/Collective_Robotics/ros_work/install/robile_interfaces/share/robile_interfaces/cmake/robile_interfaces__rosidl_typesupport_cExport.cmake
[6.174s] -- Installing: /home/student/MAS/MAS_Program2024/MAS-Program/Collective_Robotics/ros_work/install/robile_interfaces/share/robile_interfaces/cmake/robile_interfaces__rosidl_typesupport_cExport-noconfig.cmake
[6.175s] -- Installing: /home/student/MAS/MAS_Program2024/MAS-Program/Collective_Robotics/ros_work/install/robile_interfaces/share/robile_interfaces/cmake/robile_interfaces__rosidl_typesupport_introspection_cppExport.cmake
[6.175s] -- Installing: /home/student/MAS/MAS_Program2024/MAS-Program/Collective_Robotics/ros_work/install/robile_interfaces/share/robile_interfaces/cmake/robile_interfaces__rosidl_typesupport_introspection_cppExport-noconfig.cmake
[6.176s] -- Installing: /home/student/MAS/MAS_Program2024/MAS-Program/Collective_Robotics/ros_work/install/robile_interfaces/share/robile_interfaces/cmake/robile_interfaces__rosidl_typesupport_cppExport.cmake
[6.177s] -- Installing: /home/student/MAS/MAS_Program2024/MAS-Program/Collective_Robotics/ros_work/install/robile_interfaces/share/robile_interfaces/cmake/robile_interfaces__rosidl_typesupport_cppExport-noconfig.cmake
[6.179s] -- Installing: /home/student/MAS/MAS_Program2024/MAS-Program/Collective_Robotics/ros_work/install/robile_interfaces/share/robile_interfaces/cmake/export_robile_interfaces__rosidl_generator_pyExport.cmake
[6.180s] -- Installing: /home/student/MAS/MAS_Program2024/MAS-Program/Collective_Robotics/ros_work/install/robile_interfaces/share/robile_interfaces/cmake/export_robile_interfaces__rosidl_generator_pyExport-noconfig.cmake
[6.189s] Invoked command in '/home/student/MAS/MAS_Program2024/MAS-Program/Collective_Robotics/ros_work/build/robile_interfaces' returned '0': CMAKE_PREFIX_PATH=/opt/ros/humble /usr/local/bin/cmake --install /home/student/MAS/MAS_Program2024/MAS-Program/Collective_Robotics/ros_work/build/robile_interfaces
