[0.019s] Invoking command in '/home/student/MAS/MAS_Program2024/MAS-Program/Collective_Robotics/ros_work/build/stage_ros2': CMAKE_PREFIX_PATH=/home/student/MAS/MAS_Program2024/MAS-Program/Collective_Robotics/ros_work/install/Stage:/home/student/MAS/MAS_Program2024/MAS-Program/Collective_Robotics/ros_work/install/stage_ros2:/home/student/MAS/MAS_Program2024/MAS-Program/Collective_Robotics/ros_work/install/robile_navigation:/home/student/MAS/MAS_Program2024/MAS-Program/Collective_Robotics/ros_work/install/robile_interfaces:/home/student/MAS/MAS_Program2024/MAS-Program/Collective_Robotics/ros_work/install/robile_gazebo:/home/student/MAS/MAS_Program2024/MAS-Program/Collective_Robotics/ros_work/install/robile_description:/home/student/MAS/MAS_Program2024/MAS-Program/Collective_Robotics/ros_work/install/robile_reach_goal:/home/student/MAS/MAS_Program2024/MAS-Program/Collective_Robotics/ros_work/install/robile_control_simple:/home/student/MAS/MAS_Program2024/MAS-Program/Collective_Robotics/ros_work/install/robile_bringup:/home/student/MAS/MAS_Program2024/MAS-Program/Collective_Robotics/ros_work/install/collective_robotics:/opt/ros/humble LD_LIBRARY_PATH=/home/student/MAS/MAS_Program2024/MAS-Program/Collective_Robotics/ros_work/install/Stage/lib:/home/student/MAS/MAS_Program2024/MAS-Program/Collective_Robotics/ros_work/install/stage_ros2/lib:/home/student/MAS/MAS_Program2024/MAS-Program/Collective_Robotics/ros_work/install/robile_interfaces/lib:/usr/lib/x86_64-linux-gnu/gazebo-11/plugins:/opt/ros/humble/opt/rviz_ogre_vendor/lib:/opt/ros/humble/lib/x86_64-linux-gnu:/opt/ros/humble/lib /usr/local/bin/cmake --build /home/student/MAS/MAS_Program2024/MAS-Program/Collective_Robotics/ros_work/build/stage_ros2 -- -j4 -l4
[0.124s] [ 71%] Built target stage_node
[0.148s] [100%] Built target stage_ros2
[0.155s] Invoked command in '/home/student/MAS/MAS_Program2024/MAS-Program/Collective_Robotics/ros_work/build/stage_ros2' returned '0': CMAKE_PREFIX_PATH=/home/student/MAS/MAS_Program2024/MAS-Program/Collective_Robotics/ros_work/install/Stage:/home/student/MAS/MAS_Program2024/MAS-Program/Collective_Robotics/ros_work/install/stage_ros2:/home/student/MAS/MAS_Program2024/MAS-Program/Collective_Robotics/ros_work/install/robile_navigation:/home/student/MAS/MAS_Program2024/MAS-Program/Collective_Robotics/ros_work/install/robile_interfaces:/home/student/MAS/MAS_Program2024/MAS-Program/Collective_Robotics/ros_work/install/robile_gazebo:/home/student/MAS/MAS_Program2024/MAS-Program/Collective_Robotics/ros_work/install/robile_description:/home/student/MAS/MAS_Program2024/MAS-Program/Collective_Robotics/ros_work/install/robile_reach_goal:/home/student/MAS/MAS_Program2024/MAS-Program/Collective_Robotics/ros_work/install/robile_control_simple:/home/student/MAS/MAS_Program2024/MAS-Program/Collective_Robotics/ros_work/install/robile_bringup:/home/student/MAS/MAS_Program2024/MAS-Program/Collective_Robotics/ros_work/install/collective_robotics:/opt/ros/humble LD_LIBRARY_PATH=/home/student/MAS/MAS_Program2024/MAS-Program/Collective_Robotics/ros_work/install/Stage/lib:/home/student/MAS/MAS_Program2024/MAS-Program/Collective_Robotics/ros_work/install/stage_ros2/lib:/home/student/MAS/MAS_Program2024/MAS-Program/Collective_Robotics/ros_work/install/robile_interfaces/lib:/usr/lib/x86_64-linux-gnu/gazebo-11/plugins:/opt/ros/humble/opt/rviz_ogre_vendor/lib:/opt/ros/humble/lib/x86_64-linux-gnu:/opt/ros/humble/lib /usr/local/bin/cmake --build /home/student/MAS/MAS_Program2024/MAS-Program/Collective_Robotics/ros_work/build/stage_ros2 -- -j4 -l4
[0.163s] Invoking command in '/home/student/MAS/MAS_Program2024/MAS-Program/Collective_Robotics/ros_work/build/stage_ros2': CMAKE_PREFIX_PATH=/home/student/MAS/MAS_Program2024/MAS-Program/Collective_Robotics/ros_work/install/Stage:/home/student/MAS/MAS_Program2024/MAS-Program/Collective_Robotics/ros_work/install/stage_ros2:/home/student/MAS/MAS_Program2024/MAS-Program/Collective_Robotics/ros_work/install/robile_navigation:/home/student/MAS/MAS_Program2024/MAS-Program/Collective_Robotics/ros_work/install/robile_interfaces:/home/student/MAS/MAS_Program2024/MAS-Program/Collective_Robotics/ros_work/install/robile_gazebo:/home/student/MAS/MAS_Program2024/MAS-Program/Collective_Robotics/ros_work/install/robile_description:/home/student/MAS/MAS_Program2024/MAS-Program/Collective_Robotics/ros_work/install/robile_reach_goal:/home/student/MAS/MAS_Program2024/MAS-Program/Collective_Robotics/ros_work/install/robile_control_simple:/home/student/MAS/MAS_Program2024/MAS-Program/Collective_Robotics/ros_work/install/robile_bringup:/home/student/MAS/MAS_Program2024/MAS-Program/Collective_Robotics/ros_work/install/collective_robotics:/opt/ros/humble LD_LIBRARY_PATH=/home/student/MAS/MAS_Program2024/MAS-Program/Collective_Robotics/ros_work/install/Stage/lib:/home/student/MAS/MAS_Program2024/MAS-Program/Collective_Robotics/ros_work/install/stage_ros2/lib:/home/student/MAS/MAS_Program2024/MAS-Program/Collective_Robotics/ros_work/install/robile_interfaces/lib:/usr/lib/x86_64-linux-gnu/gazebo-11/plugins:/opt/ros/humble/opt/rviz_ogre_vendor/lib:/opt/ros/humble/lib/x86_64-linux-gnu:/opt/ros/humble/lib /usr/local/bin/cmake --install /home/student/MAS/MAS_Program2024/MAS-Program/Collective_Robotics/ros_work/build/stage_ros2
[0.167s] -- Install configuration: ""
[0.167s] -- Execute custom install script
[0.168s] -- Up-to-date symlink: /home/student/MAS/MAS_Program2024/MAS-Program/Collective_Robotics/ros_work/install/stage_ros2/share/stage_ros2/environment/library_path.sh
[0.168s] -- Up-to-date symlink: /home/student/MAS/MAS_Program2024/MAS-Program/Collective_Robotics/ros_work/install/stage_ros2/share/stage_ros2/environment/library_path.dsv
[0.169s] -- Up-to-date symlink: /home/student/MAS/MAS_Program2024/MAS-Program/Collective_Robotics/ros_work/install/stage_ros2/share/stage_ros2//launch/demo.launch.py
[0.170s] -- Up-to-date symlink: /home/student/MAS/MAS_Program2024/MAS-Program/Collective_Robotics/ros_work/install/stage_ros2/share/stage_ros2//launch/f710.launch.py
[0.170s] -- Up-to-date symlink: /home/student/MAS/MAS_Program2024/MAS-Program/Collective_Robotics/ros_work/install/stage_ros2/share/stage_ros2//launch/rviz.launch.py
[0.170s] -- Up-to-date symlink: /home/student/MAS/MAS_Program2024/MAS-Program/Collective_Robotics/ros_work/install/stage_ros2/share/stage_ros2//launch/rviz_ns.launch.py
[0.171s] -- Up-to-date symlink: /home/student/MAS/MAS_Program2024/MAS-Program/Collective_Robotics/ros_work/install/stage_ros2/share/stage_ros2//launch/stage.launch.py
[0.172s] -- Up-to-date symlink: /home/student/MAS/MAS_Program2024/MAS-Program/Collective_Robotics/ros_work/install/stage_ros2/share/stage_ros2//world/bitmaps/cave.png
[0.172s] -- Symlinking: /home/student/MAS/MAS_Program2024/MAS-Program/Collective_Robotics/ros_work/install/stage_ros2/share/stage_ros2//world/bitmaps/closed_walls.png
[0.177s] -- Up-to-date symlink: /home/student/MAS/MAS_Program2024/MAS-Program/Collective_Robotics/ros_work/install/stage_ros2/share/stage_ros2//world/bitmaps/closed_walls_map.pgm
[0.177s] -- Up-to-date symlink: /home/student/MAS/MAS_Program2024/MAS-Program/Collective_Robotics/ros_work/install/stage_ros2/share/stage_ros2//world/bitmaps/hallway.pgm
[0.177s] -- Up-to-date symlink: /home/student/MAS/MAS_Program2024/MAS-Program/Collective_Robotics/ros_work/install/stage_ros2/share/stage_ros2//world/bitmaps/hallway.png
[0.178s] -- Up-to-date symlink: /home/student/MAS/MAS_Program2024/MAS-Program/Collective_Robotics/ros_work/install/stage_ros2/share/stage_ros2//world/bitmaps/line.png
[0.178s] -- Up-to-date symlink: /home/student/MAS/MAS_Program2024/MAS-Program/Collective_Robotics/ros_work/install/stage_ros2/share/stage_ros2//world/bitmaps/straden.png
[0.178s] -- Up-to-date symlink: /home/student/MAS/MAS_Program2024/MAS-Program/Collective_Robotics/ros_work/install/stage_ros2/share/stage_ros2//world/bitmaps/warehouse008.pgm
[0.178s] -- Up-to-date symlink: /home/student/MAS/MAS_Program2024/MAS-Program/Collective_Robotics/ros_work/install/stage_ros2/share/stage_ros2//world/bitmaps/warehouse032.pgm
[0.178s] -- Up-to-date symlink: /home/student/MAS/MAS_Program2024/MAS-Program/Collective_Robotics/ros_work/install/stage_ros2/share/stage_ros2//world/bitmaps/warehouse200.pgm
[0.179s] -- Up-to-date symlink: /home/student/MAS/MAS_Program2024/MAS-Program/Collective_Robotics/ros_work/install/stage_ros2/share/stage_ros2//world/bitmaps/willow-full.pgm
[0.179s] -- Up-to-date symlink: /home/student/MAS/MAS_Program2024/MAS-Program/Collective_Robotics/ros_work/install/stage_ros2/share/stage_ros2//world/cave.world
[0.179s] -- Up-to-date symlink: /home/student/MAS/MAS_Program2024/MAS-Program/Collective_Robotics/ros_work/install/stage_ros2/share/stage_ros2//world/cave_multi.world
[0.179s] -- Up-to-date symlink: /home/student/MAS/MAS_Program2024/MAS-Program/Collective_Robotics/ros_work/install/stage_ros2/share/stage_ros2//world/cave_seven_robots.world
[0.180s] -- Up-to-date symlink: /home/student/MAS/MAS_Program2024/MAS-Program/Collective_Robotics/ros_work/install/stage_ros2/share/stage_ros2//world/cave_three_robots.world
[0.180s] -- Up-to-date symlink: /home/student/MAS/MAS_Program2024/MAS-Program/Collective_Robotics/ros_work/install/stage_ros2/share/stage_ros2//world/closed_walls.world
[0.181s] -- Up-to-date symlink: /home/student/MAS/MAS_Program2024/MAS-Program/Collective_Robotics/ros_work/install/stage_ros2/share/stage_ros2//world/hallway.world
[0.181s] -- Up-to-date symlink: /home/student/MAS/MAS_Program2024/MAS-Program/Collective_Robotics/ros_work/install/stage_ros2/share/stage_ros2//world/include/pioneer2dx.inc
[0.181s] -- Up-to-date symlink: /home/student/MAS/MAS_Program2024/MAS-Program/Collective_Robotics/ros_work/install/stage_ros2/share/stage_ros2//world/include/robots.inc
[0.181s] -- Up-to-date symlink: /home/student/MAS/MAS_Program2024/MAS-Program/Collective_Robotics/ros_work/install/stage_ros2/share/stage_ros2//world/lines.world
[0.182s] -- Up-to-date symlink: /home/student/MAS/MAS_Program2024/MAS-Program/Collective_Robotics/ros_work/install/stage_ros2/share/stage_ros2//world/straden.world
[0.182s] -- Up-to-date symlink: /home/student/MAS/MAS_Program2024/MAS-Program/Collective_Robotics/ros_work/install/stage_ros2/share/stage_ros2//world/willow-four-erratics-multisensor.world
[0.183s] -- Up-to-date symlink: /home/student/MAS/MAS_Program2024/MAS-Program/Collective_Robotics/ros_work/install/stage_ros2/share/stage_ros2//config/rviz/cave.rviz
[0.183s] -- Up-to-date symlink: /home/student/MAS/MAS_Program2024/MAS-Program/Collective_Robotics/ros_work/install/stage_ros2/share/stage_ros2//config/rviz/cave_seven_robots.rviz
[0.183s] -- Up-to-date symlink: /home/student/MAS/MAS_Program2024/MAS-Program/Collective_Robotics/ros_work/install/stage_ros2/share/stage_ros2//config/rviz/cave_three_robots.rviz
[0.184s] -- Up-to-date symlink: /home/student/MAS/MAS_Program2024/MAS-Program/Collective_Robotics/ros_work/install/stage_ros2/share/stage_ros2//config/rviz/lines.rviz
[0.184s] -- Up-to-date symlink: /home/student/MAS/MAS_Program2024/MAS-Program/Collective_Robotics/ros_work/install/stage_ros2/share/stage_ros2//config/rviz/robot0.rviz
[0.185s] -- Up-to-date symlink: /home/student/MAS/MAS_Program2024/MAS-Program/Collective_Robotics/ros_work/install/stage_ros2/share/stage_ros2//config/rviz/robot_ns.rviz
[0.185s] -- Up-to-date symlink: /home/student/MAS/MAS_Program2024/MAS-Program/Collective_Robotics/ros_work/install/stage_ros2/share/stage_ros2//config/rviz/robot_ns_depth.rviz
[0.185s] -- Up-to-date symlink: /home/student/MAS/MAS_Program2024/MAS-Program/Collective_Robotics/ros_work/install/stage_ros2/share/stage_ros2//config/teleop_twist_joy/f710.config.yaml
[0.186s] -- Up-to-date symlink: /home/student/MAS/MAS_Program2024/MAS-Program/Collective_Robotics/ros_work/install/stage_ros2/lib/libstage_node.so
[0.187s] -- Up-to-date symlink: /home/student/MAS/MAS_Program2024/MAS-Program/Collective_Robotics/ros_work/install/stage_ros2/lib/stage_ros2/stage_ros2
[0.187s] -- Up-to-date symlink: /home/student/MAS/MAS_Program2024/MAS-Program/Collective_Robotics/ros_work/install/stage_ros2/share/ament_index/resource_index/package_run_dependencies/stage_ros2
[0.188s] -- Up-to-date symlink: /home/student/MAS/MAS_Program2024/MAS-Program/Collective_Robotics/ros_work/install/stage_ros2/share/ament_index/resource_index/parent_prefix_path/stage_ros2
[0.188s] -- Up-to-date symlink: /home/student/MAS/MAS_Program2024/MAS-Program/Collective_Robotics/ros_work/install/stage_ros2/share/stage_ros2/environment/ament_prefix_path.sh
[0.189s] -- Up-to-date symlink: /home/student/MAS/MAS_Program2024/MAS-Program/Collective_Robotics/ros_work/install/stage_ros2/share/stage_ros2/environment/ament_prefix_path.dsv
[0.189s] -- Up-to-date symlink: /home/student/MAS/MAS_Program2024/MAS-Program/Collective_Robotics/ros_work/install/stage_ros2/share/stage_ros2/environment/path.sh
[0.190s] -- Up-to-date symlink: /home/student/MAS/MAS_Program2024/MAS-Program/Collective_Robotics/ros_work/install/stage_ros2/share/stage_ros2/environment/path.dsv
[0.190s] -- Up-to-date symlink: /home/student/MAS/MAS_Program2024/MAS-Program/Collective_Robotics/ros_work/install/stage_ros2/share/stage_ros2/local_setup.bash
[0.191s] -- Up-to-date symlink: /home/student/MAS/MAS_Program2024/MAS-Program/Collective_Robotics/ros_work/install/stage_ros2/share/stage_ros2/local_setup.sh
[0.191s] -- Up-to-date symlink: /home/student/MAS/MAS_Program2024/MAS-Program/Collective_Robotics/ros_work/install/stage_ros2/share/stage_ros2/local_setup.zsh
[0.191s] -- Up-to-date symlink: /home/student/MAS/MAS_Program2024/MAS-Program/Collective_Robotics/ros_work/install/stage_ros2/share/stage_ros2/local_setup.dsv
[0.192s] -- Symlinking: /home/student/MAS/MAS_Program2024/MAS-Program/Collective_Robotics/ros_work/install/stage_ros2/share/stage_ros2/package.dsv
[0.197s] -- Up-to-date symlink: /home/student/MAS/MAS_Program2024/MAS-Program/Collective_Robotics/ros_work/install/stage_ros2/share/ament_index/resource_index/packages/stage_ros2
[0.197s] -- Up-to-date symlink: /home/student/MAS/MAS_Program2024/MAS-Program/Collective_Robotics/ros_work/install/stage_ros2/share/stage_ros2/cmake/stage_ros2Config.cmake
[0.197s] -- Up-to-date symlink: /home/student/MAS/MAS_Program2024/MAS-Program/Collective_Robotics/ros_work/install/stage_ros2/share/stage_ros2/cmake/stage_ros2Config-version.cmake
[0.198s] -- Up-to-date symlink: /home/student/MAS/MAS_Program2024/MAS-Program/Collective_Robotics/ros_work/install/stage_ros2/share/stage_ros2/package.xml
[0.200s] Invoked command in '/home/student/MAS/MAS_Program2024/MAS-Program/Collective_Robotics/ros_work/build/stage_ros2' returned '0': CMAKE_PREFIX_PATH=/home/student/MAS/MAS_Program2024/MAS-Program/Collective_Robotics/ros_work/install/Stage:/home/student/MAS/MAS_Program2024/MAS-Program/Collective_Robotics/ros_work/install/stage_ros2:/home/student/MAS/MAS_Program2024/MAS-Program/Collective_Robotics/ros_work/install/robile_navigation:/home/student/MAS/MAS_Program2024/MAS-Program/Collective_Robotics/ros_work/install/robile_interfaces:/home/student/MAS/MAS_Program2024/MAS-Program/Collective_Robotics/ros_work/install/robile_gazebo:/home/student/MAS/MAS_Program2024/MAS-Program/Collective_Robotics/ros_work/install/robile_description:/home/student/MAS/MAS_Program2024/MAS-Program/Collective_Robotics/ros_work/install/robile_reach_goal:/home/student/MAS/MAS_Program2024/MAS-Program/Collective_Robotics/ros_work/install/robile_control_simple:/home/student/MAS/MAS_Program2024/MAS-Program/Collective_Robotics/ros_work/install/robile_bringup:/home/student/MAS/MAS_Program2024/MAS-Program/Collective_Robotics/ros_work/install/collective_robotics:/opt/ros/humble LD_LIBRARY_PATH=/home/student/MAS/MAS_Program2024/MAS-Program/Collective_Robotics/ros_work/install/Stage/lib:/home/student/MAS/MAS_Program2024/MAS-Program/Collective_Robotics/ros_work/install/stage_ros2/lib:/home/student/MAS/MAS_Program2024/MAS-Program/Collective_Robotics/ros_work/install/robile_interfaces/lib:/usr/lib/x86_64-linux-gnu/gazebo-11/plugins:/opt/ros/humble/opt/rviz_ogre_vendor/lib:/opt/ros/humble/lib/x86_64-linux-gnu:/opt/ros/humble/lib /usr/local/bin/cmake --install /home/student/MAS/MAS_Program2024/MAS-Program/Collective_Robotics/ros_work/build/stage_ros2
