[0.037s] Invoking command in '/home/student/MAS/MAS_Program2024/MAS-Program/Collective_Robotics/ros_work/build/robile_interfaces': CMAKE_PREFIX_PATH=${CMAKE_PREFIX_PATH}:/home/student/MAS/MAS_Program2024/MAS-Program/Collective_Robotics/ros_work/install/robile_reach_goal:/home/student/MAS/MAS_Program2024/MAS-Program/Collective_Robotics/ros_work/install/robile_control_simple:/home/student/MAS/MAS_Program2024/MAS-Program/Collective_Robotics/ros_work/install/robile_bringup:/home/student/MAS/MAS_Program2024/MAS-Program/Collective_Robotics/ros_work/install/collective_robotics:/opt/ros/humble /usr/local/bin/cmake --build /home/student/MAS/MAS_Program2024/MAS-Program/Collective_Robotics/ros_work/build/robile_interfaces -- -j4 -l4
[0.160s] [  2%] Built target ament_cmake_python_symlink_robile_interfaces
[0.160s] [  2%] Built target robile_interfaces__cpp
[0.200s] [ 12%] Built target robile_interfaces__rosidl_generator_c
[0.207s] [ 23%] Built target robile_interfaces__rosidl_typesupport_fastrtps_cpp
[0.214s] [ 33%] Built target robile_interfaces__rosidl_typesupport_cpp
[0.222s] [ 43%] Built target robile_interfaces__rosidl_typesupport_introspection_cpp
[0.275s] [ 53%] Built target robile_interfaces__rosidl_typesupport_c
[0.278s] [ 64%] Built target robile_interfaces__rosidl_typesupport_fastrtps_c
[0.284s] [ 74%] Built target robile_interfaces__rosidl_typesupport_introspection_c
[0.325s] [ 74%] Built target robile_interfaces
[0.355s] [ 76%] Built target robile_interfaces__py
[0.399s] [ 84%] Built target robile_interfaces__rosidl_generator_py
[0.441s] [ 89%] Built target robile_interfaces__rosidl_typesupport_introspection_c__pyext
[0.451s] [ 94%] Built target robile_interfaces__rosidl_typesupport_fastrtps_c__pyext
[0.461s] [100%] Built target robile_interfaces__rosidl_typesupport_c__pyext
[0.869s] running egg_info
[0.869s] writing robile_interfaces.egg-info/PKG-INFO
[0.869s] writing dependency_links to robile_interfaces.egg-info/dependency_links.txt
[0.869s] writing top-level names to robile_interfaces.egg-info/top_level.txt
[0.874s] reading manifest file 'robile_interfaces.egg-info/SOURCES.txt'
[0.876s] writing manifest file 'robile_interfaces.egg-info/SOURCES.txt'
[0.930s] [100%] Built target ament_cmake_python_build_robile_interfaces_egg
[1.444s] Invoked command in '/home/student/MAS/MAS_Program2024/MAS-Program/Collective_Robotics/ros_work/build/robile_interfaces' returned '0': CMAKE_PREFIX_PATH=${CMAKE_PREFIX_PATH}:/home/student/MAS/MAS_Program2024/MAS-Program/Collective_Robotics/ros_work/install/robile_reach_goal:/home/student/MAS/MAS_Program2024/MAS-Program/Collective_Robotics/ros_work/install/robile_control_simple:/home/student/MAS/MAS_Program2024/MAS-Program/Collective_Robotics/ros_work/install/robile_bringup:/home/student/MAS/MAS_Program2024/MAS-Program/Collective_Robotics/ros_work/install/collective_robotics:/opt/ros/humble /usr/local/bin/cmake --build /home/student/MAS/MAS_Program2024/MAS-Program/Collective_Robotics/ros_work/build/robile_interfaces -- -j4 -l4
[1.446s] Invoking command in '/home/student/MAS/MAS_Program2024/MAS-Program/Collective_Robotics/ros_work/build/robile_interfaces': CMAKE_PREFIX_PATH=${CMAKE_PREFIX_PATH}:/home/student/MAS/MAS_Program2024/MAS-Program/Collective_Robotics/ros_work/install/robile_reach_goal:/home/student/MAS/MAS_Program2024/MAS-Program/Collective_Robotics/ros_work/install/robile_control_simple:/home/student/MAS/MAS_Program2024/MAS-Program/Collective_Robotics/ros_work/install/robile_bringup:/home/student/MAS/MAS_Program2024/MAS-Program/Collective_Robotics/ros_work/install/collective_robotics:/opt/ros/humble /usr/local/bin/cmake --install /home/student/MAS/MAS_Program2024/MAS-Program/Collective_Robotics/ros_work/build/robile_interfaces
[1.966s] -- Install configuration: ""
[1.967s] -- Execute custom install script
[1.967s] -- Up-to-date symlink: /home/student/MAS/MAS_Program2024/MAS-Program/Collective_Robotics/ros_work/install/robile_interfaces/share/ament_index/resource_index/rosidl_interfaces/robile_interfaces
[1.968s] -- Up-to-date symlink: /home/student/MAS/MAS_Program2024/MAS-Program/Collective_Robotics/ros_work/install/robile_interfaces/include/robile_interfaces/robile_interfaces/msg/detail/position_labelled__functions.h
[1.968s] -- Up-to-date symlink: /home/student/MAS/MAS_Program2024/MAS-Program/Collective_Robotics/ros_work/install/robile_interfaces/include/robile_interfaces/robile_interfaces/msg/detail/position_labelled__struct.h
[1.968s] -- Up-to-date symlink: /home/student/MAS/MAS_Program2024/MAS-Program/Collective_Robotics/ros_work/install/robile_interfaces/include/robile_interfaces/robile_interfaces/msg/detail/position_labelled__type_support.h
[1.969s] -- Up-to-date symlink: /home/student/MAS/MAS_Program2024/MAS-Program/Collective_Robotics/ros_work/install/robile_interfaces/include/robile_interfaces/robile_interfaces/msg/detail/position_labelled_array__functions.h
[1.969s] -- Up-to-date symlink: /home/student/MAS/MAS_Program2024/MAS-Program/Collective_Robotics/ros_work/install/robile_interfaces/include/robile_interfaces/robile_interfaces/msg/detail/position_labelled_array__struct.h
[1.969s] -- Up-to-date symlink: /home/student/MAS/MAS_Program2024/MAS-Program/Collective_Robotics/ros_work/install/robile_interfaces/include/robile_interfaces/robile_interfaces/msg/detail/position_labelled_array__type_support.h
[1.969s] -- Up-to-date symlink: /home/student/MAS/MAS_Program2024/MAS-Program/Collective_Robotics/ros_work/install/robile_interfaces/include/robile_interfaces/robile_interfaces/msg/position_labelled.h
[1.969s] -- Up-to-date symlink: /home/student/MAS/MAS_Program2024/MAS-Program/Collective_Robotics/ros_work/install/robile_interfaces/include/robile_interfaces/robile_interfaces/msg/position_labelled_array.h
[1.969s] -- Up-to-date symlink: /home/student/MAS/MAS_Program2024/MAS-Program/Collective_Robotics/ros_work/install/robile_interfaces/include/robile_interfaces/robile_interfaces/msg/rosidl_generator_c__visibility_control.h
[1.969s] -- Up-to-date symlink: /home/student/MAS/MAS_Program2024/MAS-Program/Collective_Robotics/ros_work/install/robile_interfaces/share/robile_interfaces/environment/library_path.sh
[1.969s] -- Up-to-date symlink: /home/student/MAS/MAS_Program2024/MAS-Program/Collective_Robotics/ros_work/install/robile_interfaces/share/robile_interfaces/environment/library_path.dsv
[1.970s] -- Up-to-date symlink: /home/student/MAS/MAS_Program2024/MAS-Program/Collective_Robotics/ros_work/install/robile_interfaces/include/robile_interfaces/robile_interfaces/msg/detail/position_labelled__rosidl_typesupport_fastrtps_c.h
[1.970s] -- Up-to-date symlink: /home/student/MAS/MAS_Program2024/MAS-Program/Collective_Robotics/ros_work/install/robile_interfaces/include/robile_interfaces/robile_interfaces/msg/detail/position_labelled_array__rosidl_typesupport_fastrtps_c.h
[1.970s] -- Up-to-date symlink: /home/student/MAS/MAS_Program2024/MAS-Program/Collective_Robotics/ros_work/install/robile_interfaces/include/robile_interfaces/robile_interfaces/msg/rosidl_typesupport_fastrtps_c__visibility_control.h
[1.970s] -- Up-to-date symlink: /home/student/MAS/MAS_Program2024/MAS-Program/Collective_Robotics/ros_work/install/robile_interfaces/include/robile_interfaces/robile_interfaces/msg/detail/position_labelled__builder.hpp
[1.970s] -- Up-to-date symlink: /home/student/MAS/MAS_Program2024/MAS-Program/Collective_Robotics/ros_work/install/robile_interfaces/include/robile_interfaces/robile_interfaces/msg/detail/position_labelled__struct.hpp
[1.970s] -- Up-to-date symlink: /home/student/MAS/MAS_Program2024/MAS-Program/Collective_Robotics/ros_work/install/robile_interfaces/include/robile_interfaces/robile_interfaces/msg/detail/position_labelled__traits.hpp
[1.970s] -- Up-to-date symlink: /home/student/MAS/MAS_Program2024/MAS-Program/Collective_Robotics/ros_work/install/robile_interfaces/include/robile_interfaces/robile_interfaces/msg/detail/position_labelled__type_support.hpp
[1.970s] -- Up-to-date symlink: /home/student/MAS/MAS_Program2024/MAS-Program/Collective_Robotics/ros_work/install/robile_interfaces/include/robile_interfaces/robile_interfaces/msg/detail/position_labelled_array__builder.hpp
[1.970s] -- Up-to-date symlink: /home/student/MAS/MAS_Program2024/MAS-Program/Collective_Robotics/ros_work/install/robile_interfaces/include/robile_interfaces/robile_interfaces/msg/detail/position_labelled_array__struct.hpp
[1.971s] -- Up-to-date symlink: /home/student/MAS/MAS_Program2024/MAS-Program/Collective_Robotics/ros_work/install/robile_interfaces/include/robile_interfaces/robile_interfaces/msg/detail/position_labelled_array__traits.hpp
[1.971s] -- Up-to-date symlink: /home/student/MAS/MAS_Program2024/MAS-Program/Collective_Robotics/ros_work/install/robile_interfaces/include/robile_interfaces/robile_interfaces/msg/detail/position_labelled_array__type_support.hpp
[1.971s] -- Up-to-date symlink: /home/student/MAS/MAS_Program2024/MAS-Program/Collective_Robotics/ros_work/install/robile_interfaces/include/robile_interfaces/robile_interfaces/msg/position_labelled.hpp
[1.971s] -- Up-to-date symlink: /home/student/MAS/MAS_Program2024/MAS-Program/Collective_Robotics/ros_work/install/robile_interfaces/include/robile_interfaces/robile_interfaces/msg/position_labelled_array.hpp
[1.971s] -- Up-to-date symlink: /home/student/MAS/MAS_Program2024/MAS-Program/Collective_Robotics/ros_work/install/robile_interfaces/include/robile_interfaces/robile_interfaces/msg/rosidl_generator_cpp__visibility_control.hpp
[1.971s] -- Up-to-date symlink: /home/student/MAS/MAS_Program2024/MAS-Program/Collective_Robotics/ros_work/install/robile_interfaces/include/robile_interfaces/robile_interfaces/msg/detail/position_labelled__rosidl_typesupport_fastrtps_cpp.hpp
[1.971s] -- Up-to-date symlink: /home/student/MAS/MAS_Program2024/MAS-Program/Collective_Robotics/ros_work/install/robile_interfaces/include/robile_interfaces/robile_interfaces/msg/detail/position_labelled_array__rosidl_typesupport_fastrtps_cpp.hpp
[1.971s] -- Up-to-date symlink: /home/student/MAS/MAS_Program2024/MAS-Program/Collective_Robotics/ros_work/install/robile_interfaces/include/robile_interfaces/robile_interfaces/msg/rosidl_typesupport_fastrtps_cpp__visibility_control.h
[1.971s] -- Up-to-date symlink: /home/student/MAS/MAS_Program2024/MAS-Program/Collective_Robotics/ros_work/install/robile_interfaces/include/robile_interfaces/robile_interfaces/msg/detail/position_labelled__rosidl_typesupport_introspection_c.h
[1.972s] -- Up-to-date symlink: /home/student/MAS/MAS_Program2024/MAS-Program/Collective_Robotics/ros_work/install/robile_interfaces/include/robile_interfaces/robile_interfaces/msg/detail/position_labelled_array__rosidl_typesupport_introspection_c.h
[1.972s] -- Up-to-date symlink: /home/student/MAS/MAS_Program2024/MAS-Program/Collective_Robotics/ros_work/install/robile_interfaces/include/robile_interfaces/robile_interfaces/msg/rosidl_typesupport_introspection_c__visibility_control.h
[1.972s] -- Up-to-date symlink: /home/student/MAS/MAS_Program2024/MAS-Program/Collective_Robotics/ros_work/install/robile_interfaces/include/robile_interfaces/robile_interfaces/msg/detail/position_labelled__rosidl_typesupport_introspection_cpp.hpp
[1.972s] -- Up-to-date symlink: /home/student/MAS/MAS_Program2024/MAS-Program/Collective_Robotics/ros_work/install/robile_interfaces/include/robile_interfaces/robile_interfaces/msg/detail/position_labelled_array__rosidl_typesupport_introspection_cpp.hpp
[1.972s] -- Up-to-date symlink: /home/student/MAS/MAS_Program2024/MAS-Program/Collective_Robotics/ros_work/install/robile_interfaces/share/robile_interfaces/environment/pythonpath.sh
[1.972s] -- Up-to-date symlink: /home/student/MAS/MAS_Program2024/MAS-Program/Collective_Robotics/ros_work/install/robile_interfaces/share/robile_interfaces/environment/pythonpath.dsv
[1.972s] -- Up-to-date symlink: /home/student/MAS/MAS_Program2024/MAS-Program/Collective_Robotics/ros_work/install/robile_interfaces/local/lib/python3.10/dist-packages/robile_interfaces-0.0.0-py3.10.egg-info/PKG-INFO
[1.972s] -- Up-to-date symlink: /home/student/MAS/MAS_Program2024/MAS-Program/Collective_Robotics/ros_work/install/robile_interfaces/local/lib/python3.10/dist-packages/robile_interfaces-0.0.0-py3.10.egg-info/SOURCES.txt
[1.972s] -- Up-to-date symlink: /home/student/MAS/MAS_Program2024/MAS-Program/Collective_Robotics/ros_work/install/robile_interfaces/local/lib/python3.10/dist-packages/robile_interfaces-0.0.0-py3.10.egg-info/dependency_links.txt
[1.973s] -- Up-to-date symlink: /home/student/MAS/MAS_Program2024/MAS-Program/Collective_Robotics/ros_work/install/robile_interfaces/local/lib/python3.10/dist-packages/robile_interfaces-0.0.0-py3.10.egg-info/top_level.txt
[1.973s] -- Up-to-date symlink: /home/student/MAS/MAS_Program2024/MAS-Program/Collective_Robotics/ros_work/install/robile_interfaces/local/lib/python3.10/dist-packages/robile_interfaces/__init__.py
[1.973s] -- Up-to-date symlink: /home/student/MAS/MAS_Program2024/MAS-Program/Collective_Robotics/ros_work/install/robile_interfaces/local/lib/python3.10/dist-packages/robile_interfaces/_robile_interfaces_s.ep.rosidl_typesupport_c.c
[1.973s] -- Up-to-date symlink: /home/student/MAS/MAS_Program2024/MAS-Program/Collective_Robotics/ros_work/install/robile_interfaces/local/lib/python3.10/dist-packages/robile_interfaces/_robile_interfaces_s.ep.rosidl_typesupport_fastrtps_c.c
[1.973s] -- Up-to-date symlink: /home/student/MAS/MAS_Program2024/MAS-Program/Collective_Robotics/ros_work/install/robile_interfaces/local/lib/python3.10/dist-packages/robile_interfaces/_robile_interfaces_s.ep.rosidl_typesupport_introspection_c.c
[1.973s] -- Up-to-date symlink: /home/student/MAS/MAS_Program2024/MAS-Program/Collective_Robotics/ros_work/install/robile_interfaces/local/lib/python3.10/dist-packages/robile_interfaces/librobile_interfaces__rosidl_generator_py.so
[1.973s] -- Up-to-date symlink: /home/student/MAS/MAS_Program2024/MAS-Program/Collective_Robotics/ros_work/install/robile_interfaces/local/lib/python3.10/dist-packages/robile_interfaces/msg/__init__.py
[1.973s] -- Up-to-date symlink: /home/student/MAS/MAS_Program2024/MAS-Program/Collective_Robotics/ros_work/install/robile_interfaces/local/lib/python3.10/dist-packages/robile_interfaces/msg/_position_labelled.py
[1.973s] -- Up-to-date symlink: /home/student/MAS/MAS_Program2024/MAS-Program/Collective_Robotics/ros_work/install/robile_interfaces/local/lib/python3.10/dist-packages/robile_interfaces/msg/_position_labelled_array.py
[1.974s] -- Up-to-date symlink: /home/student/MAS/MAS_Program2024/MAS-Program/Collective_Robotics/ros_work/install/robile_interfaces/local/lib/python3.10/dist-packages/robile_interfaces/msg/_position_labelled_array_s.c
[1.974s] -- Up-to-date symlink: /home/student/MAS/MAS_Program2024/MAS-Program/Collective_Robotics/ros_work/install/robile_interfaces/local/lib/python3.10/dist-packages/robile_interfaces/msg/_position_labelled_s.c
[1.974s] -- Up-to-date symlink: /home/student/MAS/MAS_Program2024/MAS-Program/Collective_Robotics/ros_work/install/robile_interfaces/local/lib/python3.10/dist-packages/robile_interfaces/robile_interfaces_s__rosidl_typesupport_c.cpython-310-x86_64-linux-gnu.so
[1.974s] -- Up-to-date symlink: /home/student/MAS/MAS_Program2024/MAS-Program/Collective_Robotics/ros_work/install/robile_interfaces/local/lib/python3.10/dist-packages/robile_interfaces/robile_interfaces_s__rosidl_typesupport_fastrtps_c.cpython-310-x86_64-linux-gnu.so
[1.974s] -- Up-to-date symlink: /home/student/MAS/MAS_Program2024/MAS-Program/Collective_Robotics/ros_work/install/robile_interfaces/local/lib/python3.10/dist-packages/robile_interfaces/robile_interfaces_s__rosidl_typesupport_introspection_c.cpython-310-x86_64-linux-gnu.so
[1.974s] -- Up-to-date symlink: /home/student/MAS/MAS_Program2024/MAS-Program/Collective_Robotics/ros_work/install/robile_interfaces/local/lib/python3.10/dist-packages/robile_interfaces/robile_interfaces_s__rosidl_typesupport_fastrtps_c.cpython-310-x86_64-linux-gnu.so
[1.974s] -- Up-to-date symlink: /home/student/MAS/MAS_Program2024/MAS-Program/Collective_Robotics/ros_work/install/robile_interfaces/local/lib/python3.10/dist-packages/robile_interfaces/robile_interfaces_s__rosidl_typesupport_introspection_c.cpython-310-x86_64-linux-gnu.so
[1.974s] -- Up-to-date symlink: /home/student/MAS/MAS_Program2024/MAS-Program/Collective_Robotics/ros_work/install/robile_interfaces/local/lib/python3.10/dist-packages/robile_interfaces/robile_interfaces_s__rosidl_typesupport_c.cpython-310-x86_64-linux-gnu.so
[1.975s] -- Up-to-date symlink: /home/student/MAS/MAS_Program2024/MAS-Program/Collective_Robotics/ros_work/install/robile_interfaces/share/robile_interfaces/msg/PositionLabelled.idl
[1.975s] -- Up-to-date symlink: /home/student/MAS/MAS_Program2024/MAS-Program/Collective_Robotics/ros_work/install/robile_interfaces/share/robile_interfaces/msg/PositionLabelledArray.idl
[1.975s] -- Up-to-date symlink: /home/student/MAS/MAS_Program2024/MAS-Program/Collective_Robotics/ros_work/install/robile_interfaces/share/robile_interfaces/msg/PositionLabelled.msg
[1.975s] -- Up-to-date symlink: /home/student/MAS/MAS_Program2024/MAS-Program/Collective_Robotics/ros_work/install/robile_interfaces/share/robile_interfaces/msg/PositionLabelledArray.msg
[1.975s] -- Up-to-date symlink: /home/student/MAS/MAS_Program2024/MAS-Program/Collective_Robotics/ros_work/install/robile_interfaces/share/ament_index/resource_index/package_run_dependencies/robile_interfaces
[1.975s] -- Up-to-date symlink: /home/student/MAS/MAS_Program2024/MAS-Program/Collective_Robotics/ros_work/install/robile_interfaces/share/ament_index/resource_index/parent_prefix_path/robile_interfaces
[1.975s] -- Up-to-date symlink: /home/student/MAS/MAS_Program2024/MAS-Program/Collective_Robotics/ros_work/install/robile_interfaces/share/robile_interfaces/environment/ament_prefix_path.sh
[1.975s] -- Up-to-date symlink: /home/student/MAS/MAS_Program2024/MAS-Program/Collective_Robotics/ros_work/install/robile_interfaces/share/robile_interfaces/environment/ament_prefix_path.dsv
[1.975s] -- Up-to-date symlink: /home/student/MAS/MAS_Program2024/MAS-Program/Collective_Robotics/ros_work/install/robile_interfaces/share/robile_interfaces/environment/path.sh
[1.976s] -- Up-to-date symlink: /home/student/MAS/MAS_Program2024/MAS-Program/Collective_Robotics/ros_work/install/robile_interfaces/share/robile_interfaces/environment/path.dsv
[1.976s] -- Up-to-date symlink: /home/student/MAS/MAS_Program2024/MAS-Program/Collective_Robotics/ros_work/install/robile_interfaces/share/robile_interfaces/local_setup.bash
[1.976s] -- Up-to-date symlink: /home/student/MAS/MAS_Program2024/MAS-Program/Collective_Robotics/ros_work/install/robile_interfaces/share/robile_interfaces/local_setup.sh
[1.976s] -- Up-to-date symlink: /home/student/MAS/MAS_Program2024/MAS-Program/Collective_Robotics/ros_work/install/robile_interfaces/share/robile_interfaces/local_setup.zsh
[1.976s] -- Up-to-date symlink: /home/student/MAS/MAS_Program2024/MAS-Program/Collective_Robotics/ros_work/install/robile_interfaces/share/robile_interfaces/local_setup.dsv
[1.976s] -- Symlinking: /home/student/MAS/MAS_Program2024/MAS-Program/Collective_Robotics/ros_work/install/robile_interfaces/share/robile_interfaces/package.dsv
[1.976s] -- Up-to-date symlink: /home/student/MAS/MAS_Program2024/MAS-Program/Collective_Robotics/ros_work/install/robile_interfaces/share/ament_index/resource_index/packages/robile_interfaces
[1.976s] -- Up-to-date symlink: /home/student/MAS/MAS_Program2024/MAS-Program/Collective_Robotics/ros_work/install/robile_interfaces/share/robile_interfaces/cmake/rosidl_cmake-extras.cmake
[1.977s] -- Up-to-date symlink: /home/student/MAS/MAS_Program2024/MAS-Program/Collective_Robotics/ros_work/install/robile_interfaces/share/robile_interfaces/cmake/ament_cmake_export_dependencies-extras.cmake
[1.977s] -- Up-to-date symlink: /home/student/MAS/MAS_Program2024/MAS-Program/Collective_Robotics/ros_work/install/robile_interfaces/share/robile_interfaces/cmake/ament_cmake_export_include_directories-extras.cmake
[1.978s] -- Up-to-date symlink: /home/student/MAS/MAS_Program2024/MAS-Program/Collective_Robotics/ros_work/install/robile_interfaces/share/robile_interfaces/cmake/ament_cmake_export_libraries-extras.cmake
[1.978s] -- Up-to-date symlink: /home/student/MAS/MAS_Program2024/MAS-Program/Collective_Robotics/ros_work/install/robile_interfaces/share/robile_interfaces/cmake/ament_cmake_export_targets-extras.cmake
[1.978s] -- Up-to-date symlink: /home/student/MAS/MAS_Program2024/MAS-Program/Collective_Robotics/ros_work/install/robile_interfaces/share/robile_interfaces/cmake/rosidl_cmake_export_typesupport_targets-extras.cmake
[1.979s] -- Up-to-date symlink: /home/student/MAS/MAS_Program2024/MAS-Program/Collective_Robotics/ros_work/install/robile_interfaces/share/robile_interfaces/cmake/rosidl_cmake_export_typesupport_libraries-extras.cmake
[1.979s] -- Up-to-date symlink: /home/student/MAS/MAS_Program2024/MAS-Program/Collective_Robotics/ros_work/install/robile_interfaces/share/robile_interfaces/cmake/robile_interfacesConfig.cmake
[1.979s] -- Up-to-date symlink: /home/student/MAS/MAS_Program2024/MAS-Program/Collective_Robotics/ros_work/install/robile_interfaces/share/robile_interfaces/cmake/robile_interfacesConfig-version.cmake
[1.979s] -- Up-to-date symlink: /home/student/MAS/MAS_Program2024/MAS-Program/Collective_Robotics/ros_work/install/robile_interfaces/share/robile_interfaces/package.xml
[1.979s] -- Up-to-date: /home/student/MAS/MAS_Program2024/MAS-Program/Collective_Robotics/ros_work/install/robile_interfaces/lib/librobile_interfaces__rosidl_generator_c.so
[1.979s] -- Up-to-date: /home/student/MAS/MAS_Program2024/MAS-Program/Collective_Robotics/ros_work/install/robile_interfaces/lib/librobile_interfaces__rosidl_typesupport_fastrtps_c.so
[1.979s] -- Up-to-date: /home/student/MAS/MAS_Program2024/MAS-Program/Collective_Robotics/ros_work/install/robile_interfaces/lib/librobile_interfaces__rosidl_typesupport_fastrtps_cpp.so
[1.979s] -- Up-to-date: /home/student/MAS/MAS_Program2024/MAS-Program/Collective_Robotics/ros_work/install/robile_interfaces/lib/librobile_interfaces__rosidl_typesupport_introspection_c.so
[1.980s] -- Up-to-date: /home/student/MAS/MAS_Program2024/MAS-Program/Collective_Robotics/ros_work/install/robile_interfaces/lib/librobile_interfaces__rosidl_typesupport_c.so
[1.980s] -- Up-to-date: /home/student/MAS/MAS_Program2024/MAS-Program/Collective_Robotics/ros_work/install/robile_interfaces/lib/librobile_interfaces__rosidl_typesupport_introspection_cpp.so
[1.980s] -- Up-to-date: /home/student/MAS/MAS_Program2024/MAS-Program/Collective_Robotics/ros_work/install/robile_interfaces/lib/librobile_interfaces__rosidl_typesupport_cpp.so
[2.050s] Listing '/home/student/MAS/MAS_Program2024/MAS-Program/Collective_Robotics/ros_work/install/robile_interfaces/local/lib/python3.10/dist-packages/robile_interfaces'...
[2.050s] Listing '/home/student/MAS/MAS_Program2024/MAS-Program/Collective_Robotics/ros_work/install/robile_interfaces/local/lib/python3.10/dist-packages/robile_interfaces/msg'...
[2.061s] -- Up-to-date: /home/student/MAS/MAS_Program2024/MAS-Program/Collective_Robotics/ros_work/install/robile_interfaces/lib/librobile_interfaces__rosidl_generator_py.so
[2.063s] -- Up-to-date: /home/student/MAS/MAS_Program2024/MAS-Program/Collective_Robotics/ros_work/install/robile_interfaces/share/robile_interfaces/cmake/export_robile_interfaces__rosidl_generator_cExport.cmake
[2.063s] -- Up-to-date: /home/student/MAS/MAS_Program2024/MAS-Program/Collective_Robotics/ros_work/install/robile_interfaces/share/robile_interfaces/cmake/export_robile_interfaces__rosidl_generator_cExport-noconfig.cmake
[2.064s] -- Up-to-date: /home/student/MAS/MAS_Program2024/MAS-Program/Collective_Robotics/ros_work/install/robile_interfaces/share/robile_interfaces/cmake/export_robile_interfaces__rosidl_typesupport_fastrtps_cExport.cmake
[2.064s] -- Up-to-date: /home/student/MAS/MAS_Program2024/MAS-Program/Collective_Robotics/ros_work/install/robile_interfaces/share/robile_interfaces/cmake/export_robile_interfaces__rosidl_typesupport_fastrtps_cExport-noconfig.cmake
[2.065s] -- Up-to-date: /home/student/MAS/MAS_Program2024/MAS-Program/Collective_Robotics/ros_work/install/robile_interfaces/share/robile_interfaces/cmake/export_robile_interfaces__rosidl_generator_cppExport.cmake
[2.066s] -- Up-to-date: /home/student/MAS/MAS_Program2024/MAS-Program/Collective_Robotics/ros_work/install/robile_interfaces/share/robile_interfaces/cmake/export_robile_interfaces__rosidl_typesupport_fastrtps_cppExport.cmake
[2.067s] -- Up-to-date: /home/student/MAS/MAS_Program2024/MAS-Program/Collective_Robotics/ros_work/install/robile_interfaces/share/robile_interfaces/cmake/export_robile_interfaces__rosidl_typesupport_fastrtps_cppExport-noconfig.cmake
[2.068s] -- Up-to-date: /home/student/MAS/MAS_Program2024/MAS-Program/Collective_Robotics/ros_work/install/robile_interfaces/share/robile_interfaces/cmake/robile_interfaces__rosidl_typesupport_introspection_cExport.cmake
[2.068s] -- Up-to-date: /home/student/MAS/MAS_Program2024/MAS-Program/Collective_Robotics/ros_work/install/robile_interfaces/share/robile_interfaces/cmake/robile_interfaces__rosidl_typesupport_introspection_cExport-noconfig.cmake
[2.069s] -- Up-to-date: /home/student/MAS/MAS_Program2024/MAS-Program/Collective_Robotics/ros_work/install/robile_interfaces/share/robile_interfaces/cmake/robile_interfaces__rosidl_typesupport_cExport.cmake
[2.070s] -- Up-to-date: /home/student/MAS/MAS_Program2024/MAS-Program/Collective_Robotics/ros_work/install/robile_interfaces/share/robile_interfaces/cmake/robile_interfaces__rosidl_typesupport_cExport-noconfig.cmake
[2.072s] -- Up-to-date: /home/student/MAS/MAS_Program2024/MAS-Program/Collective_Robotics/ros_work/install/robile_interfaces/share/robile_interfaces/cmake/robile_interfaces__rosidl_typesupport_introspection_cppExport.cmake
[2.072s] -- Up-to-date: /home/student/MAS/MAS_Program2024/MAS-Program/Collective_Robotics/ros_work/install/robile_interfaces/share/robile_interfaces/cmake/robile_interfaces__rosidl_typesupport_introspection_cppExport-noconfig.cmake
[2.074s] -- Up-to-date: /home/student/MAS/MAS_Program2024/MAS-Program/Collective_Robotics/ros_work/install/robile_interfaces/share/robile_interfaces/cmake/robile_interfaces__rosidl_typesupport_cppExport.cmake
[2.075s] -- Up-to-date: /home/student/MAS/MAS_Program2024/MAS-Program/Collective_Robotics/ros_work/install/robile_interfaces/share/robile_interfaces/cmake/robile_interfaces__rosidl_typesupport_cppExport-noconfig.cmake
[2.076s] -- Up-to-date: /home/student/MAS/MAS_Program2024/MAS-Program/Collective_Robotics/ros_work/install/robile_interfaces/share/robile_interfaces/cmake/export_robile_interfaces__rosidl_generator_pyExport.cmake
[2.077s] -- Up-to-date: /home/student/MAS/MAS_Program2024/MAS-Program/Collective_Robotics/ros_work/install/robile_interfaces/share/robile_interfaces/cmake/export_robile_interfaces__rosidl_generator_pyExport-noconfig.cmake
[2.090s] Invoked command in '/home/student/MAS/MAS_Program2024/MAS-Program/Collective_Robotics/ros_work/build/robile_interfaces' returned '0': CMAKE_PREFIX_PATH=${CMAKE_PREFIX_PATH}:/home/student/MAS/MAS_Program2024/MAS-Program/Collective_Robotics/ros_work/install/robile_reach_goal:/home/student/MAS/MAS_Program2024/MAS-Program/Collective_Robotics/ros_work/install/robile_control_simple:/home/student/MAS/MAS_Program2024/MAS-Program/Collective_Robotics/ros_work/install/robile_bringup:/home/student/MAS/MAS_Program2024/MAS-Program/Collective_Robotics/ros_work/install/collective_robotics:/opt/ros/humble /usr/local/bin/cmake --install /home/student/MAS/MAS_Program2024/MAS-Program/Collective_Robotics/ros_work/build/robile_interfaces
