[0.071s] Invoking command in '/home/student/MAS/MAS_Program2024/MAS-Program/Collective_Robotics/ros_work/build/Stage': /usr/local/bin/cmake --build /home/student/MAS/MAS_Program2024/MAS-Program/Collective_Robotics/ros_work/build/Stage -- -j4 -l4
[0.924s] [ 57%] Built target stage
[0.924s] [ 61%] Built target stagebinary
[0.925s] [ 64%] Built target fasr
[0.925s] [ 67%] Built target sink
[0.925s] [ 71%] Built target source
[0.925s] [ 74%] Built target wander
[0.925s] [ 77%] Built target rasterize
[0.925s] [ 81%] Built target lasernoise
[0.925s] [ 84%] Built target pioneer_flocking
[0.925s] [ 89%] Built target fasr2
[0.926s] [ 93%] Built target dynamic
[0.926s] [ 96%] Built target expand_pioneer
[0.926s] [100%] Built target expand_swarm
[0.926s] Invoked command in '/home/student/MAS/MAS_Program2024/MAS-Program/Collective_Robotics/ros_work/build/Stage' returned '0': /usr/local/bin/cmake --build /home/student/MAS/MAS_Program2024/MAS-Program/Collective_Robotics/ros_work/build/Stage -- -j4 -l4
[0.931s] Invoking command in '/home/student/MAS/MAS_Program2024/MAS-Program/Collective_Robotics/ros_work/build/Stage': /usr/local/bin/cmake --install /home/student/MAS/MAS_Program2024/MAS-Program/Collective_Robotics/ros_work/build/Stage
[0.938s] -- Install configuration: "RELEASE"
[0.940s] -- Installing: /home/student/MAS/MAS_Program2024/MAS-Program/Collective_Robotics/ros_work/install/Stage/lib/pkgconfig/stage.pc
[0.940s] -- Installing: /home/student/MAS/MAS_Program2024/MAS-Program/Collective_Robotics/ros_work/install/Stage/lib/cmake/Stage/stage-config.cmake
[0.941s] -- Installing: /home/student/MAS/MAS_Program2024/MAS-Program/Collective_Robotics/ros_work/install/Stage/lib/cmake/Stage/stage-config-version.cmake
[0.941s] -- Installing: /home/student/MAS/MAS_Program2024/MAS-Program/Collective_Robotics/ros_work/install/Stage/bin/stage
[0.941s] -- Set non-toolchain portion of runtime path of "/home/student/MAS/MAS_Program2024/MAS-Program/Collective_Robotics/ros_work/install/Stage/bin/stage" to ""
[0.941s] -- Installing: /home/student/MAS/MAS_Program2024/MAS-Program/Collective_Robotics/ros_work/install/Stage/lib/libstage.so.4.3.0
[0.945s] -- Installing: /home/student/MAS/MAS_Program2024/MAS-Program/Collective_Robotics/ros_work/install/Stage/lib/libstage.so
[0.945s] -- Installing: /home/student/MAS/MAS_Program2024/MAS-Program/Collective_Robotics/ros_work/install/Stage/include/Stage-4.3/stage.hh
[0.959s] -- Installing: /home/student/MAS/MAS_Program2024/MAS-Program/Collective_Robotics/ros_work/install/Stage/lib/Stage-4.3/fasr.so
[0.960s] -- Set non-toolchain portion of runtime path of "/home/student/MAS/MAS_Program2024/MAS-Program/Collective_Robotics/ros_work/install/Stage/lib/Stage-4.3/fasr.so" to ""
[0.960s] -- Installing: /home/student/MAS/MAS_Program2024/MAS-Program/Collective_Robotics/ros_work/install/Stage/lib/Stage-4.3/sink.so
[0.961s] -- Set non-toolchain portion of runtime path of "/home/student/MAS/MAS_Program2024/MAS-Program/Collective_Robotics/ros_work/install/Stage/lib/Stage-4.3/sink.so" to ""
[0.961s] -- Installing: /home/student/MAS/MAS_Program2024/MAS-Program/Collective_Robotics/ros_work/install/Stage/lib/Stage-4.3/source.so
[0.962s] -- Set non-toolchain portion of runtime path of "/home/student/MAS/MAS_Program2024/MAS-Program/Collective_Robotics/ros_work/install/Stage/lib/Stage-4.3/source.so" to ""
[0.962s] -- Installing: /home/student/MAS/MAS_Program2024/MAS-Program/Collective_Robotics/ros_work/install/Stage/lib/Stage-4.3/wander.so
[0.963s] -- Set non-toolchain portion of runtime path of "/home/student/MAS/MAS_Program2024/MAS-Program/Collective_Robotics/ros_work/install/Stage/lib/Stage-4.3/wander.so" to ""
[0.963s] -- Installing: /home/student/MAS/MAS_Program2024/MAS-Program/Collective_Robotics/ros_work/install/Stage/lib/Stage-4.3/pioneer_flocking.so
[0.964s] -- Set non-toolchain portion of runtime path of "/home/student/MAS/MAS_Program2024/MAS-Program/Collective_Robotics/ros_work/install/Stage/lib/Stage-4.3/pioneer_flocking.so" to ""
[0.964s] -- Installing: /home/student/MAS/MAS_Program2024/MAS-Program/Collective_Robotics/ros_work/install/Stage/lib/Stage-4.3/rasterize.so
[0.964s] -- Set non-toolchain portion of runtime path of "/home/student/MAS/MAS_Program2024/MAS-Program/Collective_Robotics/ros_work/install/Stage/lib/Stage-4.3/rasterize.so" to ""
[0.965s] -- Installing: /home/student/MAS/MAS_Program2024/MAS-Program/Collective_Robotics/ros_work/install/Stage/lib/Stage-4.3/lasernoise.so
[0.965s] -- Set non-toolchain portion of runtime path of "/home/student/MAS/MAS_Program2024/MAS-Program/Collective_Robotics/ros_work/install/Stage/lib/Stage-4.3/lasernoise.so" to ""
[0.966s] -- Installing: /home/student/MAS/MAS_Program2024/MAS-Program/Collective_Robotics/ros_work/install/Stage/lib/Stage-4.3/dynamic.so
[0.967s] -- Set non-toolchain portion of runtime path of "/home/student/MAS/MAS_Program2024/MAS-Program/Collective_Robotics/ros_work/install/Stage/lib/Stage-4.3/dynamic.so" to ""
[0.967s] -- Installing: /home/student/MAS/MAS_Program2024/MAS-Program/Collective_Robotics/ros_work/install/Stage/lib/Stage-4.3/fasr2.so
[0.970s] -- Set non-toolchain portion of runtime path of "/home/student/MAS/MAS_Program2024/MAS-Program/Collective_Robotics/ros_work/install/Stage/lib/Stage-4.3/fasr2.so" to ""
[0.972s] -- Installing: /home/student/MAS/MAS_Program2024/MAS-Program/Collective_Robotics/ros_work/install/Stage/share/stage/assets/blue.png
[0.973s] -- Installing: /home/student/MAS/MAS_Program2024/MAS-Program/Collective_Robotics/ros_work/install/Stage/share/stage/assets/death.png
[0.973s] -- Installing: /home/student/MAS/MAS_Program2024/MAS-Program/Collective_Robotics/ros_work/install/Stage/share/stage/assets/green.png
[0.973s] -- Installing: /home/student/MAS/MAS_Program2024/MAS-Program/Collective_Robotics/ros_work/install/Stage/share/stage/assets/logo.png
[0.973s] -- Installing: /home/student/MAS/MAS_Program2024/MAS-Program/Collective_Robotics/ros_work/install/Stage/share/stage/assets/mains.png
[0.973s] -- Installing: /home/student/MAS/MAS_Program2024/MAS-Program/Collective_Robotics/ros_work/install/Stage/share/stage/assets/mainspower.png
[0.973s] -- Installing: /home/student/MAS/MAS_Program2024/MAS-Program/Collective_Robotics/ros_work/install/Stage/share/stage/assets/question_mark.png
[0.974s] -- Installing: /home/student/MAS/MAS_Program2024/MAS-Program/Collective_Robotics/ros_work/install/Stage/share/stage/assets/red.png
[0.974s] -- Installing: /home/student/MAS/MAS_Program2024/MAS-Program/Collective_Robotics/ros_work/install/Stage/share/stage/assets/stagelogo.png
[0.974s] -- Installing: /home/student/MAS/MAS_Program2024/MAS-Program/Collective_Robotics/ros_work/install/Stage/share/stage/assets/stall-old.png
[0.974s] -- Installing: /home/student/MAS/MAS_Program2024/MAS-Program/Collective_Robotics/ros_work/install/Stage/share/stage/assets/stall.png
[0.974s] -- Installing: /home/student/MAS/MAS_Program2024/MAS-Program/Collective_Robotics/ros_work/install/Stage/share/stage/assets/rgb.txt
[0.974s] -- Installing: /home/student/MAS/MAS_Program2024/MAS-Program/Collective_Robotics/ros_work/install/Stage/share/stage/rgb.txt
[0.975s] -- Installing: /home/student/MAS/MAS_Program2024/MAS-Program/Collective_Robotics/ros_work/install/Stage/share/stage/worlds/amcl-sonar.cfg
[0.976s] -- Installing: /home/student/MAS/MAS_Program2024/MAS-Program/Collective_Robotics/ros_work/install/Stage/share/stage/worlds/autolab.cfg
[0.977s] -- Installing: /home/student/MAS/MAS_Program2024/MAS-Program/Collective_Robotics/ros_work/install/Stage/share/stage/worlds/camera.cfg
[0.977s] -- Installing: /home/student/MAS/MAS_Program2024/MAS-Program/Collective_Robotics/ros_work/install/Stage/share/stage/worlds/everything.cfg
[0.978s] -- Installing: /home/student/MAS/MAS_Program2024/MAS-Program/Collective_Robotics/ros_work/install/Stage/share/stage/worlds/lsp_test.cfg
[0.979s] -- Installing: /home/student/MAS/MAS_Program2024/MAS-Program/Collective_Robotics/ros_work/install/Stage/share/stage/worlds/mbicp.cfg
[0.979s] -- Installing: /home/student/MAS/MAS_Program2024/MAS-Program/Collective_Robotics/ros_work/install/Stage/share/stage/worlds/nd.cfg
[0.980s] -- Installing: /home/student/MAS/MAS_Program2024/MAS-Program/Collective_Robotics/ros_work/install/Stage/share/stage/worlds/roomba.cfg
[0.980s] -- Installing: /home/student/MAS/MAS_Program2024/MAS-Program/Collective_Robotics/ros_work/install/Stage/share/stage/worlds/simple.cfg
[0.982s] -- Installing: /home/student/MAS/MAS_Program2024/MAS-Program/Collective_Robotics/ros_work/install/Stage/share/stage/worlds/test.cfg
[0.983s] -- Installing: /home/student/MAS/MAS_Program2024/MAS-Program/Collective_Robotics/ros_work/install/Stage/share/stage/worlds/uoa_robotics_lab.cfg
[0.984s] -- Installing: /home/student/MAS/MAS_Program2024/MAS-Program/Collective_Robotics/ros_work/install/Stage/share/stage/worlds/vfh.cfg
[0.985s] -- Installing: /home/student/MAS/MAS_Program2024/MAS-Program/Collective_Robotics/ros_work/install/Stage/share/stage/worlds/wavefront-remote.cfg
[0.986s] -- Installing: /home/student/MAS/MAS_Program2024/MAS-Program/Collective_Robotics/ros_work/install/Stage/share/stage/worlds/wavefront.cfg
[0.988s] -- Installing: /home/student/MAS/MAS_Program2024/MAS-Program/Collective_Robotics/ros_work/install/Stage/share/stage/worlds/wifi.cfg
[0.989s] -- Installing: /home/student/MAS/MAS_Program2024/MAS-Program/Collective_Robotics/ros_work/install/Stage/share/stage/worlds/SFU.world
[0.990s] -- Installing: /home/student/MAS/MAS_Program2024/MAS-Program/Collective_Robotics/ros_work/install/Stage/share/stage/worlds/autolab.world
[0.991s] -- Installing: /home/student/MAS/MAS_Program2024/MAS-Program/Collective_Robotics/ros_work/install/Stage/share/stage/worlds/camera.world
[0.992s] -- Installing: /home/student/MAS/MAS_Program2024/MAS-Program/Collective_Robotics/ros_work/install/Stage/share/stage/worlds/circuit.world
[0.993s] -- Installing: /home/student/MAS/MAS_Program2024/MAS-Program/Collective_Robotics/ros_work/install/Stage/share/stage/worlds/everything.world
[0.994s] -- Installing: /home/student/MAS/MAS_Program2024/MAS-Program/Collective_Robotics/ros_work/install/Stage/share/stage/worlds/fasr.world
[0.995s] -- Installing: /home/student/MAS/MAS_Program2024/MAS-Program/Collective_Robotics/ros_work/install/Stage/share/stage/worlds/fasr2.world
[0.996s] -- Installing: /home/student/MAS/MAS_Program2024/MAS-Program/Collective_Robotics/ros_work/install/Stage/share/stage/worlds/fasr_plan.world
[0.996s] -- Installing: /home/student/MAS/MAS_Program2024/MAS-Program/Collective_Robotics/ros_work/install/Stage/share/stage/worlds/large.world
[0.996s] -- Installing: /home/student/MAS/MAS_Program2024/MAS-Program/Collective_Robotics/ros_work/install/Stage/share/stage/worlds/lsp_test.world
[0.997s] -- Installing: /home/student/MAS/MAS_Program2024/MAS-Program/Collective_Robotics/ros_work/install/Stage/share/stage/worlds/mbicp.world
[0.998s] -- Installing: /home/student/MAS/MAS_Program2024/MAS-Program/Collective_Robotics/ros_work/install/Stage/share/stage/worlds/pioneer_flocking.world
[0.999s] -- Installing: /home/student/MAS/MAS_Program2024/MAS-Program/Collective_Robotics/ros_work/install/Stage/share/stage/worlds/pioneer_follow.world
[1.007s] -- Installing: /home/student/MAS/MAS_Program2024/MAS-Program/Collective_Robotics/ros_work/install/Stage/share/stage/worlds/pioneer_walle.world
[1.008s] -- Installing: /home/student/MAS/MAS_Program2024/MAS-Program/Collective_Robotics/ros_work/install/Stage/share/stage/worlds/roomba.world
[1.009s] -- Installing: /home/student/MAS/MAS_Program2024/MAS-Program/Collective_Robotics/ros_work/install/Stage/share/stage/worlds/sensor_noise_demo.world
[1.013s] -- Installing: /home/student/MAS/MAS_Program2024/MAS-Program/Collective_Robotics/ros_work/install/Stage/share/stage/worlds/sensor_noise_module_demo.world
[1.013s] -- Installing: /home/student/MAS/MAS_Program2024/MAS-Program/Collective_Robotics/ros_work/install/Stage/share/stage/worlds/simple.world
[1.013s] -- Installing: /home/student/MAS/MAS_Program2024/MAS-Program/Collective_Robotics/ros_work/install/Stage/share/stage/worlds/uoa_robotics_lab.world
[1.014s] -- Installing: /home/student/MAS/MAS_Program2024/MAS-Program/Collective_Robotics/ros_work/install/Stage/share/stage/worlds/wifi.world
[1.014s] -- Installing: /home/student/MAS/MAS_Program2024/MAS-Program/Collective_Robotics/ros_work/install/Stage/share/stage/worlds/beacons.inc
[1.015s] -- Installing: /home/student/MAS/MAS_Program2024/MAS-Program/Collective_Robotics/ros_work/install/Stage/share/stage/worlds/chatterbox.inc
[1.015s] -- Installing: /home/student/MAS/MAS_Program2024/MAS-Program/Collective_Robotics/ros_work/install/Stage/share/stage/worlds/hokuyo.inc
[1.015s] -- Installing: /home/student/MAS/MAS_Program2024/MAS-Program/Collective_Robotics/ros_work/install/Stage/share/stage/worlds/irobot.inc
[1.016s] -- Installing: /home/student/MAS/MAS_Program2024/MAS-Program/Collective_Robotics/ros_work/install/Stage/share/stage/worlds/map.inc
[1.016s] -- Installing: /home/student/MAS/MAS_Program2024/MAS-Program/Collective_Robotics/ros_work/install/Stage/share/stage/worlds/objects.inc
[1.016s] -- Installing: /home/student/MAS/MAS_Program2024/MAS-Program/Collective_Robotics/ros_work/install/Stage/share/stage/worlds/pantilt.inc
[1.016s] -- Installing: /home/student/MAS/MAS_Program2024/MAS-Program/Collective_Robotics/ros_work/install/Stage/share/stage/worlds/pioneer.inc
[1.019s] -- Installing: /home/student/MAS/MAS_Program2024/MAS-Program/Collective_Robotics/ros_work/install/Stage/share/stage/worlds/sick.inc
[1.020s] -- Installing: /home/student/MAS/MAS_Program2024/MAS-Program/Collective_Robotics/ros_work/install/Stage/share/stage/worlds/ubot.inc
[1.023s] -- Installing: /home/student/MAS/MAS_Program2024/MAS-Program/Collective_Robotics/ros_work/install/Stage/share/stage/worlds/uoa_robotics_lab_models.inc
[1.026s] -- Installing: /home/student/MAS/MAS_Program2024/MAS-Program/Collective_Robotics/ros_work/install/Stage/share/stage/worlds/walle.inc
[1.027s] -- Installing: /home/student/MAS/MAS_Program2024/MAS-Program/Collective_Robotics/ros_work/install/Stage/share/stage/worlds/cfggen.sh
[1.027s] -- Installing: /home/student/MAS/MAS_Program2024/MAS-Program/Collective_Robotics/ros_work/install/Stage/share/stage/worlds/test.sh
[1.027s] -- Installing: /home/student/MAS/MAS_Program2024/MAS-Program/Collective_Robotics/ros_work/install/Stage/share/stage/worlds/worldgen.sh
[1.027s] -- Installing: /home/student/MAS/MAS_Program2024/MAS-Program/Collective_Robotics/ros_work/install/Stage/lib/Stage-4.3/expand_swarm.so
[1.027s] -- Set non-toolchain portion of runtime path of "/home/student/MAS/MAS_Program2024/MAS-Program/Collective_Robotics/ros_work/install/Stage/lib/Stage-4.3/expand_swarm.so" to ""
[1.027s] -- Installing: /home/student/MAS/MAS_Program2024/MAS-Program/Collective_Robotics/ros_work/install/Stage/lib/Stage-4.3/expand_pioneer.so
[1.028s] -- Set non-toolchain portion of runtime path of "/home/student/MAS/MAS_Program2024/MAS-Program/Collective_Robotics/ros_work/install/Stage/lib/Stage-4.3/expand_pioneer.so" to ""
[1.028s] -- Installing: /home/student/MAS/MAS_Program2024/MAS-Program/Collective_Robotics/ros_work/install/Stage/share/stage/worlds/bitmaps/889_05.png
[1.028s] -- Installing: /home/student/MAS/MAS_Program2024/MAS-Program/Collective_Robotics/ros_work/install/Stage/share/stage/worlds/bitmaps/SFU_1200x615.png
[1.028s] -- Installing: /home/student/MAS/MAS_Program2024/MAS-Program/Collective_Robotics/ros_work/install/Stage/share/stage/worlds/bitmaps/SRI-AIC-kwing.png
[1.029s] -- Installing: /home/student/MAS/MAS_Program2024/MAS-Program/Collective_Robotics/ros_work/install/Stage/share/stage/worlds/bitmaps/autolab.png
[1.029s] -- Installing: /home/student/MAS/MAS_Program2024/MAS-Program/Collective_Robotics/ros_work/install/Stage/share/stage/worlds/bitmaps/cave.png
[1.030s] -- Installing: /home/student/MAS/MAS_Program2024/MAS-Program/Collective_Robotics/ros_work/install/Stage/share/stage/worlds/bitmaps/cave_compact.png
[1.030s] -- Installing: /home/student/MAS/MAS_Program2024/MAS-Program/Collective_Robotics/ros_work/install/Stage/share/stage/worlds/bitmaps/cave_filled.png
[1.030s] -- Installing: /home/student/MAS/MAS_Program2024/MAS-Program/Collective_Robotics/ros_work/install/Stage/share/stage/worlds/bitmaps/frieburg.png
[1.030s] -- Installing: /home/student/MAS/MAS_Program2024/MAS-Program/Collective_Robotics/ros_work/install/Stage/share/stage/worlds/bitmaps/ghost.png
[1.031s] -- Installing: /home/student/MAS/MAS_Program2024/MAS-Program/Collective_Robotics/ros_work/install/Stage/share/stage/worlds/bitmaps/hospital.png
[1.032s] -- Installing: /home/student/MAS/MAS_Program2024/MAS-Program/Collective_Robotics/ros_work/install/Stage/share/stage/worlds/bitmaps/hospital_section.png
[1.032s] -- Installing: /home/student/MAS/MAS_Program2024/MAS-Program/Collective_Robotics/ros_work/install/Stage/share/stage/worlds/bitmaps/human_outline.png
[1.032s] -- Installing: /home/student/MAS/MAS_Program2024/MAS-Program/Collective_Robotics/ros_work/install/Stage/share/stage/worlds/bitmaps/mbicp.png
[1.033s] -- Installing: /home/student/MAS/MAS_Program2024/MAS-Program/Collective_Robotics/ros_work/install/Stage/share/stage/worlds/bitmaps/rink.png
[1.033s] -- Installing: /home/student/MAS/MAS_Program2024/MAS-Program/Collective_Robotics/ros_work/install/Stage/share/stage/worlds/bitmaps/sal2.png
[1.033s] -- Installing: /home/student/MAS/MAS_Program2024/MAS-Program/Collective_Robotics/ros_work/install/Stage/share/stage/worlds/bitmaps/simple_rooms.png
[1.034s] -- Installing: /home/student/MAS/MAS_Program2024/MAS-Program/Collective_Robotics/ros_work/install/Stage/share/stage/worlds/bitmaps/space_invader.png
[1.034s] -- Installing: /home/student/MAS/MAS_Program2024/MAS-Program/Collective_Robotics/ros_work/install/Stage/share/stage/worlds/bitmaps/submarine.png
[1.035s] -- Installing: /home/student/MAS/MAS_Program2024/MAS-Program/Collective_Robotics/ros_work/install/Stage/share/stage/worlds/bitmaps/submarine_small.png
[1.035s] -- Installing: /home/student/MAS/MAS_Program2024/MAS-Program/Collective_Robotics/ros_work/install/Stage/share/stage/worlds/bitmaps/table.png
[1.036s] -- Installing: /home/student/MAS/MAS_Program2024/MAS-Program/Collective_Robotics/ros_work/install/Stage/share/stage/worlds/bitmaps/uoa_robotics_lab.png
[1.036s] -- Installing: /home/student/MAS/MAS_Program2024/MAS-Program/Collective_Robotics/ros_work/install/Stage/share/stage/worlds/wifi/commando.world
[1.036s] -- Installing: /home/student/MAS/MAS_Program2024/MAS-Program/Collective_Robotics/ros_work/install/Stage/share/stage/worlds/wifi/hosp_wifi.world
[1.037s] -- Installing: /home/student/MAS/MAS_Program2024/MAS-Program/Collective_Robotics/ros_work/install/Stage/share/stage/worlds/wifi/hosp_wifi_5.world
[1.038s] -- Installing: /home/student/MAS/MAS_Program2024/MAS-Program/Collective_Robotics/ros_work/install/Stage/share/stage/worlds/wifi/wifi.world
[1.038s] -- Installing: /home/student/MAS/MAS_Program2024/MAS-Program/Collective_Robotics/ros_work/install/Stage/share/stage/worlds/wifi/wifi_itu.world
[1.039s] -- Installing: /home/student/MAS/MAS_Program2024/MAS-Program/Collective_Robotics/ros_work/install/Stage/share/stage/worlds/wifi/wifi_logdistance.world
[1.039s] -- Installing: /home/student/MAS/MAS_Program2024/MAS-Program/Collective_Robotics/ros_work/install/Stage/share/stage/worlds/wifi/wifi_ray.world
[1.039s] -- Installing: /home/student/MAS/MAS_Program2024/MAS-Program/Collective_Robotics/ros_work/install/Stage/share/stage/worlds/wifi/wifi_simple.world
[1.040s] -- Installing: /home/student/MAS/MAS_Program2024/MAS-Program/Collective_Robotics/ros_work/install/Stage/share/stage/worlds/wifi/map.inc
[1.040s] Invoked command in '/home/student/MAS/MAS_Program2024/MAS-Program/Collective_Robotics/ros_work/build/Stage' returned '0': /usr/local/bin/cmake --install /home/student/MAS/MAS_Program2024/MAS-Program/Collective_Robotics/ros_work/build/Stage
