[0.035s] Invoking command in '/home/student/MAS/MAS_Program2024/MAS-Program/Collective_Robotics/ros_work/build/robile_interfaces': CMAKE_PREFIX_PATH=/opt/ros/humble /usr/local/bin/cmake /home/student/MAS/MAS_Program2024/MAS-Program/Collective_Robotics/ros_work/src/robile_interfaces -DOpenGL_GL_PREFERENCE=LEGACY -DAMENT_CMAKE_SYMLINK_INSTALL=1 -DCMAKE_INSTALL_PREFIX=/home/student/MAS/MAS_Program2024/MAS-Program/Collective_Robotics/ros_work/install/robile_interfaces
[0.054s] -- Found ament_cmake: 1.3.11 (/opt/ros/humble/share/ament_cmake/cmake)
[0.418s] -- Override CMake install command with custom implementation using symlinks instead of copying resources
[0.441s] -- Found builtin_interfaces: 1.2.1 (/opt/ros/humble/share/builtin_interfaces/cmake)
[0.516s] -- Found rosidl_generator_c: 3.1.6 (/opt/ros/humble/share/rosidl_generator_c/cmake)
[0.525s] -- Found rosidl_adapter: 3.1.6 (/opt/ros/humble/share/rosidl_adapter/cmake)
[0.549s] -- Found rosidl_generator_cpp: 3.1.6 (/opt/ros/humble/share/rosidl_generator_cpp/cmake)
[0.579s] -- Using all available rosidl_typesupport_c: rosidl_typesupport_fastrtps_c;rosidl_typesupport_introspection_c
[0.602s] -- Using all available rosidl_typesupport_cpp: rosidl_typesupport_fastrtps_cpp;rosidl_typesupport_introspection_cpp
[0.635s] -- Found rosidl_default_generators: 1.2.0 (/opt/ros/humble/share/rosidl_default_generators/cmake)
[0.655s] -- Found geometry_msgs: 4.8.0 (/opt/ros/humble/share/geometry_msgs/cmake)
[1.298s] -- Found ament_cmake_ros: 0.10.0 (/opt/ros/humble/share/ament_cmake_ros/cmake)
[2.352s] -- Using all available rosidl_typesupport_c: rosidl_typesupport_fastrtps_c;rosidl_typesupport_introspection_c
[2.819s] -- Using all available rosidl_typesupport_cpp: rosidl_typesupport_fastrtps_cpp;rosidl_typesupport_introspection_cpp
[2.824s] [33mCMake Warning (dev) at /opt/ros/humble/share/rosidl_generator_py/cmake/rosidl_generator_py_generate_interfaces.cmake:20 (find_package):
[2.824s]   Policy CMP0148 is not set: The FindPythonInterp and FindPythonLibs modules
[2.824s]   are removed.  Run "cmake --help-policy CMP0148" for policy details.  Use
[2.824s]   the cmake_policy command to set the policy and suppress this warning.
[2.825s] 
[2.825s] Call Stack (most recent call first):
[2.825s]   /opt/ros/humble/share/ament_cmake_core/cmake/core/ament_execute_extensions.cmake:48 (include)
[2.825s]   /opt/ros/humble/share/rosidl_cmake/cmake/rosidl_generate_interfaces.cmake:286 (ament_execute_extensions)
[2.825s]   CMakeLists.txt:19 (rosidl_generate_interfaces)
[2.825s] This warning is for project developers.  Use -Wno-dev to suppress it.
[2.825s] [0m
[2.850s] -- Found python_cmake_module: 0.10.0 (/opt/ros/humble/share/python_cmake_module/cmake)
[2.851s] [33mCMake Warning (dev) at /opt/ros/humble/share/python_cmake_module/cmake/Modules/FindPythonExtra.cmake:52 (find_package):
[2.851s]   Policy CMP0148 is not set: The FindPythonInterp and FindPythonLibs modules
[2.851s]   are removed.  Run "cmake --help-policy CMP0148" for policy details.  Use
[2.851s]   the cmake_policy command to set the policy and suppress this warning.
[2.851s] 
[2.852s] Call Stack (most recent call first):
[2.852s]   /opt/ros/humble/share/rosidl_generator_py/cmake/rosidl_generator_py_generate_interfaces.cmake:23 (find_package)
[2.852s]   /opt/ros/humble/share/ament_cmake_core/cmake/core/ament_execute_extensions.cmake:48 (include)
[2.852s]   /opt/ros/humble/share/rosidl_cmake/cmake/rosidl_generate_interfaces.cmake:286 (ament_execute_extensions)
[2.852s]   CMakeLists.txt:19 (rosidl_generate_interfaces)
[2.852s] This warning is for project developers.  Use -Wno-dev to suppress it.
[2.852s] [0m
[2.878s] [33mCMake Warning (dev) at /opt/ros/humble/share/python_cmake_module/cmake/Modules/FindPythonExtra.cmake:140 (find_package):
[2.879s]   Policy CMP0148 is not set: The FindPythonInterp and FindPythonLibs modules
[2.879s]   are removed.  Run "cmake --help-policy CMP0148" for policy details.  Use
[2.879s]   the cmake_policy command to set the policy and suppress this warning.
[2.879s] 
[2.879s] Call Stack (most recent call first):
[2.879s]   /opt/ros/humble/share/rosidl_generator_py/cmake/rosidl_generator_py_generate_interfaces.cmake:23 (find_package)
[2.879s]   /opt/ros/humble/share/ament_cmake_core/cmake/core/ament_execute_extensions.cmake:48 (include)
[2.879s]   /opt/ros/humble/share/rosidl_cmake/cmake/rosidl_generate_interfaces.cmake:286 (ament_execute_extensions)
[2.879s]   CMakeLists.txt:19 (rosidl_generate_interfaces)
[2.880s] This warning is for project developers.  Use -Wno-dev to suppress it.
[2.880s] [0m
[2.882s] -- Using PYTHON_EXECUTABLE: /usr/bin/python3
[2.882s] -- Using PYTHON_INCLUDE_DIRS: /usr/include/python3.10
[2.882s] -- Using PYTHON_LIBRARIES: /usr/lib/x86_64-linux-gnu/libpython3.10.so
[2.954s] -- Configuring done (2.9s)
[3.021s] [33mCMake Warning:
[3.021s]   Manually-specified variables were not used by the project:
[3.021s] 
[3.021s]     OpenGL_GL_PREFERENCE
[3.021s] 
[3.021s] [0m
[3.021s] -- Generating done (0.1s)
[3.031s] -- Build files have been written to: /home/student/MAS/MAS_Program2024/MAS-Program/Collective_Robotics/ros_work/build/robile_interfaces
