[1.657s] Invoking command in '/home/student/MAS/MAS_Program2024/MAS-Program/Collective_Robotics/ros_work/build/collective_robotics': PYTHONPATH=/home/student/MAS/MAS_Program2024/MAS-Program/Collective_Robotics/ros_work/build/collective_robotics/prefix_override:/usr/lib/python3/dist-packages/colcon_core/task/python/colcon_distutils_commands:/home/student/MAS/MAS_Program2024/MAS-Program/Collective_Robotics/ros_work/install/collective_robotics/lib/python3.10/site-packages:${PYTHONPATH} /usr/bin/python3 -W ignore:setup.py install is deprecated -W ignore:easy_install command is deprecated setup.py develop --editable --build-directory /home/student/MAS/MAS_Program2024/MAS-Program/Collective_Robotics/ros_work/build/collective_robotics/build --no-deps symlink_data --force
[2.514s] running develop
[3.201s] running egg_info
[3.201s] writing collective_robotics.egg-info/PKG-INFO
[3.201s] writing dependency_links to collective_robotics.egg-info/dependency_links.txt
[3.202s] writing entry points to collective_robotics.egg-info/entry_points.txt
[3.202s] writing requirements to collective_robotics.egg-info/requires.txt
[3.202s] writing top-level names to collective_robotics.egg-info/top_level.txt
[3.206s] reading manifest file 'collective_robotics.egg-info/SOURCES.txt'
[3.208s] writing manifest file 'collective_robotics.egg-info/SOURCES.txt'
[3.212s] running build_ext
[3.212s] Creating /home/student/MAS/MAS_Program2024/MAS-Program/Collective_Robotics/ros_work/install/collective_robotics/lib/python3.10/site-packages/collective-robotics.egg-link (link to .)
[3.214s] Installing navigation script to /home/student/MAS/MAS_Program2024/MAS-Program/Collective_Robotics/ros_work/install/collective_robotics/lib/collective_robotics
[3.214s] Installing obstacle_avoid script to /home/student/MAS/MAS_Program2024/MAS-Program/Collective_Robotics/ros_work/install/collective_robotics/lib/collective_robotics
[3.214s] 
[3.215s] Installed /home/student/MAS/MAS_Program2024/MAS-Program/Collective_Robotics/ros_work/build/collective_robotics
[3.215s] running symlink_data
[3.215s] symbolically linking /home/student/MAS/MAS_Program2024/MAS-Program/Collective_Robotics/ros_work/build/collective_robotics/resource/collective_robotics -> /home/student/MAS/MAS_Program2024/MAS-Program/Collective_Robotics/ros_work/install/collective_robotics/share/ament_index/resource_index/packages
[3.215s] symbolically linking /home/student/MAS/MAS_Program2024/MAS-Program/Collective_Robotics/ros_work/build/collective_robotics/package.xml -> /home/student/MAS/MAS_Program2024/MAS-Program/Collective_Robotics/ros_work/install/collective_robotics/share/collective_robotics
[3.310s] Invoked command in '/home/student/MAS/MAS_Program2024/MAS-Program/Collective_Robotics/ros_work/build/collective_robotics' returned '0': PYTHONPATH=/home/student/MAS/MAS_Program2024/MAS-Program/Collective_Robotics/ros_work/build/collective_robotics/prefix_override:/usr/lib/python3/dist-packages/colcon_core/task/python/colcon_distutils_commands:/home/student/MAS/MAS_Program2024/MAS-Program/Collective_Robotics/ros_work/install/collective_robotics/lib/python3.10/site-packages:${PYTHONPATH} /usr/bin/python3 -W ignore:setup.py install is deprecated -W ignore:easy_install command is deprecated setup.py develop --editable --build-directory /home/student/MAS/MAS_Program2024/MAS-Program/Collective_Robotics/ros_work/build/collective_robotics/build --no-deps symlink_data --force
