[2.218s] Invoking command in '/home/student/MAS/MAS_Program2024/MAS-Program/Collective_Robotics/ros_work/build/robile_bringup': PYTHONPATH=/home/student/MAS/MAS_Program2024/MAS-Program/Collective_Robotics/ros_work/build/robile_bringup/prefix_override:/usr/lib/python3/dist-packages/colcon_core/task/python/colcon_distutils_commands:/home/student/MAS/MAS_Program2024/MAS-Program/Collective_Robotics/ros_work/install/robile_bringup/lib/python3.10/site-packages:${PYTHONPATH} /usr/bin/python3 -W ignore:setup.py install is deprecated -W ignore:easy_install command is deprecated setup.py develop --uninstall --editable --build-directory /home/student/MAS/MAS_Program2024/MAS-Program/Collective_Robotics/ros_work/build/robile_bringup/build
[3.054s] running develop
[3.743s] Removing /home/student/MAS/MAS_Program2024/MAS-Program/Collective_Robotics/ros_work/install/robile_bringup/lib/python3.10/site-packages/robile-bringup.egg-link (link to .)
[4.408s] Invoked command in '/home/student/MAS/MAS_Program2024/MAS-Program/Collective_Robotics/ros_work/build/robile_bringup' returned '0': PYTHONPATH=/home/student/MAS/MAS_Program2024/MAS-Program/Collective_Robotics/ros_work/build/robile_bringup/prefix_override:/usr/lib/python3/dist-packages/colcon_core/task/python/colcon_distutils_commands:/home/student/MAS/MAS_Program2024/MAS-Program/Collective_Robotics/ros_work/install/robile_bringup/lib/python3.10/site-packages:${PYTHONPATH} /usr/bin/python3 -W ignore:setup.py install is deprecated -W ignore:easy_install command is deprecated setup.py develop --uninstall --editable --build-directory /home/student/MAS/MAS_Program2024/MAS-Program/Collective_Robotics/ros_work/build/robile_bringup/build
[4.411s] Invoking command in '/home/student/MAS/MAS_Program2024/MAS-Program/Collective_Robotics/ros_work/src/Robile/robile_bringup': PYTHONPATH=/home/student/MAS/MAS_Program2024/MAS-Program/Collective_Robotics/ros_work/build/robile_bringup/prefix_override:/usr/lib/python3/dist-packages/colcon_core/task/python/colcon_distutils_commands:/home/student/MAS/MAS_Program2024/MAS-Program/Collective_Robotics/ros_work/install/robile_bringup/lib/python3.10/site-packages:${PYTHONPATH} /usr/bin/python3 -W ignore:setup.py install is deprecated -W ignore:easy_install command is deprecated setup.py egg_info --egg-base ../../../build/robile_bringup build --build-base /home/student/MAS/MAS_Program2024/MAS-Program/Collective_Robotics/ros_work/build/robile_bringup/build install --record /home/student/MAS/MAS_Program2024/MAS-Program/Collective_Robotics/ros_work/build/robile_bringup/install.log --single-version-externally-managed install_data --force
[5.393s] running egg_info
[5.394s] writing ../../../build/robile_bringup/robile_bringup.egg-info/PKG-INFO
[5.394s] writing dependency_links to ../../../build/robile_bringup/robile_bringup.egg-info/dependency_links.txt
[5.397s] writing entry points to ../../../build/robile_bringup/robile_bringup.egg-info/entry_points.txt
[5.398s] writing requirements to ../../../build/robile_bringup/robile_bringup.egg-info/requires.txt
[5.398s] writing top-level names to ../../../build/robile_bringup/robile_bringup.egg-info/top_level.txt
[5.403s] reading manifest file '../../../build/robile_bringup/robile_bringup.egg-info/SOURCES.txt'
[5.406s] writing manifest file '../../../build/robile_bringup/robile_bringup.egg-info/SOURCES.txt'
[5.407s] running build
[5.407s] running build_py
[5.408s] creating /home/student/MAS/MAS_Program2024/MAS-Program/Collective_Robotics/ros_work/build/robile_bringup/build
[5.409s] creating /home/student/MAS/MAS_Program2024/MAS-Program/Collective_Robotics/ros_work/build/robile_bringup/build/lib
[5.410s] creating /home/student/MAS/MAS_Program2024/MAS-Program/Collective_Robotics/ros_work/build/robile_bringup/build/lib/robile_bringup
[5.410s] copying robile_bringup/__init__.py -> /home/student/MAS/MAS_Program2024/MAS-Program/Collective_Robotics/ros_work/build/robile_bringup/build/lib/robile_bringup
[5.410s] running install
[5.410s] running install_lib
[5.412s] creating /home/student/MAS/MAS_Program2024/MAS-Program/Collective_Robotics/ros_work/install/robile_bringup/lib/python3.10/site-packages/robile_bringup
[5.412s] copying /home/student/MAS/MAS_Program2024/MAS-Program/Collective_Robotics/ros_work/build/robile_bringup/build/lib/robile_bringup/__init__.py -> /home/student/MAS/MAS_Program2024/MAS-Program/Collective_Robotics/ros_work/install/robile_bringup/lib/python3.10/site-packages/robile_bringup
[5.413s] byte-compiling /home/student/MAS/MAS_Program2024/MAS-Program/Collective_Robotics/ros_work/install/robile_bringup/lib/python3.10/site-packages/robile_bringup/__init__.py to __init__.cpython-310.pyc
[5.413s] running install_data
[5.414s] copying resource/robile_bringup -> /home/student/MAS/MAS_Program2024/MAS-Program/Collective_Robotics/ros_work/install/robile_bringup/share/ament_index/resource_index/packages
[5.414s] copying package.xml -> /home/student/MAS/MAS_Program2024/MAS-Program/Collective_Robotics/ros_work/install/robile_bringup/share/robile_bringup
[5.414s] copying launch/robot.launch.py -> /home/student/MAS/MAS_Program2024/MAS-Program/Collective_Robotics/ros_work/install/robile_bringup/share/robile_bringup
[5.415s] running install_egg_info
[5.419s] Copying ../../../build/robile_bringup/robile_bringup.egg-info to /home/student/MAS/MAS_Program2024/MAS-Program/Collective_Robotics/ros_work/install/robile_bringup/lib/python3.10/site-packages/robile_bringup-0.0.0-py3.10.egg-info
[5.420s] running install_scripts
[5.468s] writing list of installed files to '/home/student/MAS/MAS_Program2024/MAS-Program/Collective_Robotics/ros_work/build/robile_bringup/install.log'
[5.546s] Invoked command in '/home/student/MAS/MAS_Program2024/MAS-Program/Collective_Robotics/ros_work/src/Robile/robile_bringup' returned '0': PYTHONPATH=/home/student/MAS/MAS_Program2024/MAS-Program/Collective_Robotics/ros_work/build/robile_bringup/prefix_override:/usr/lib/python3/dist-packages/colcon_core/task/python/colcon_distutils_commands:/home/student/MAS/MAS_Program2024/MAS-Program/Collective_Robotics/ros_work/install/robile_bringup/lib/python3.10/site-packages:${PYTHONPATH} /usr/bin/python3 -W ignore:setup.py install is deprecated -W ignore:easy_install command is deprecated setup.py egg_info --egg-base ../../../build/robile_bringup build --build-base /home/student/MAS/MAS_Program2024/MAS-Program/Collective_Robotics/ros_work/build/robile_bringup/build install --record /home/student/MAS/MAS_Program2024/MAS-Program/Collective_Robotics/ros_work/build/robile_bringup/install.log --single-version-externally-managed install_data --force
