running develop
running egg_info
writing collective_robotics.egg-info/PKG-INFO
writing dependency_links to collective_robotics.egg-info/dependency_links.txt
writing entry points to collective_robotics.egg-info/entry_points.txt
writing requirements to collective_robotics.egg-info/requires.txt
writing top-level names to collective_robotics.egg-info/top_level.txt
reading manifest file 'collective_robotics.egg-info/SOURCES.txt'
writing manifest file 'collective_robotics.egg-info/SOURCES.txt'
running build_ext
Creating /home/ayushi/Collective_Robotics/A2/ros_work/install/collective_robotics/lib/python3.10/site-packages/collective-robotics.egg-link (link to .)
Installing cleaning_bot script to /home/ayushi/Collective_Robotics/A2/ros_work/install/collective_robotics/lib/collective_robotics
Installing go_to_goal script to /home/ayushi/Collective_Robotics/A2/ros_work/install/collective_robotics/lib/collective_robotics
Installing multi_bot_task1_stop script to /home/ayushi/Collective_Robotics/A2/ros_work/install/collective_robotics/lib/collective_robotics
Installing multi_bot_task2_wait script to /home/ayushi/Collective_Robotics/A2/ros_work/install/collective_robotics/lib/collective_robotics
Installing multi_bot_task3_aggregate script to /home/ayushi/Collective_Robotics/A2/ros_work/install/collective_robotics/lib/collective_robotics
Installing navigation script to /home/ayushi/Collective_Robotics/A2/ros_work/install/collective_robotics/lib/collective_robotics
Installing obstacle_avoid script to /home/ayushi/Collective_Robotics/A2/ros_work/install/collective_robotics/lib/collective_robotics
Installing vacum_bot script to /home/ayushi/Collective_Robotics/A2/ros_work/install/collective_robotics/lib/collective_robotics
Installing wall_follower script to /home/ayushi/Collective_Robotics/A2/ros_work/install/collective_robotics/lib/collective_robotics

Installed /home/ayushi/Collective_Robotics/A2/ros_work/build/collective_robotics
running symlink_data
symbolically linking /home/ayushi/Collective_Robotics/A2/ros_work/build/collective_robotics/launch/multi_robot_sim_with_stage.launch.py -> /home/ayushi/Collective_Robotics/A2/ros_work/install/collective_robotics/share/collective_robotics/launch
