/home/ayushi/Collective_Robotics/A2/ros_work/install/collective_robotics/lib/python3.10/site-packages/collective_robotics/move_to_goal.py
/home/ayushi/Collective_Robotics/A2/ros_work/install/collective_robotics/lib/python3.10/site-packages/collective_robotics/multi_robot_t2_wait.py
/home/ayushi/Collective_Robotics/A2/ros_work/install/collective_robotics/lib/python3.10/site-packages/collective_robotics/multi_robot_t1.py
/home/ayushi/Collective_Robotics/A2/ros_work/install/collective_robotics/lib/python3.10/site-packages/collective_robotics/task1.py
/home/ayushi/Collective_Robotics/A2/ros_work/install/collective_robotics/lib/python3.10/site-packages/collective_robotics/obstacle_avoidance.py
/home/ayushi/Collective_Robotics/A2/ros_work/install/collective_robotics/lib/python3.10/site-packages/collective_robotics/vaccum_robot.py
/home/ayushi/Collective_Robotics/A2/ros_work/install/collective_robotics/lib/python3.10/site-packages/collective_robotics/vacc.py
/home/ayushi/Collective_Robotics/A2/ros_work/install/collective_robotics/lib/python3.10/site-packages/collective_robotics/__init__.py
/home/ayushi/Collective_Robotics/A2/ros_work/install/collective_robotics/lib/python3.10/site-packages/collective_robotics/wall_follower.py
/home/ayushi/Collective_Robotics/A2/ros_work/install/collective_robotics/lib/python3.10/site-packages/collective_robotics/task1_copy.py
/home/ayushi/Collective_Robotics/A2/ros_work/install/collective_robotics/lib/python3.10/site-packages/collective_robotics/multi_robot_t3_aggregate.py
/home/ayushi/Collective_Robotics/A2/ros_work/install/collective_robotics/lib/python3.10/site-packages/collective_robotics/__pycache__/move_to_goal.cpython-310.pyc
/home/ayushi/Collective_Robotics/A2/ros_work/install/collective_robotics/lib/python3.10/site-packages/collective_robotics/__pycache__/multi_robot_t2_wait.cpython-310.pyc
/home/ayushi/Collective_Robotics/A2/ros_work/install/collective_robotics/lib/python3.10/site-packages/collective_robotics/__pycache__/multi_robot_t1.cpython-310.pyc
/home/ayushi/Collective_Robotics/A2/ros_work/install/collective_robotics/lib/python3.10/site-packages/collective_robotics/__pycache__/task1.cpython-310.pyc
/home/ayushi/Collective_Robotics/A2/ros_work/install/collective_robotics/lib/python3.10/site-packages/collective_robotics/__pycache__/obstacle_avoidance.cpython-310.pyc
/home/ayushi/Collective_Robotics/A2/ros_work/install/collective_robotics/lib/python3.10/site-packages/collective_robotics/__pycache__/vaccum_robot.cpython-310.pyc
/home/ayushi/Collective_Robotics/A2/ros_work/install/collective_robotics/lib/python3.10/site-packages/collective_robotics/__pycache__/vacc.cpython-310.pyc
/home/ayushi/Collective_Robotics/A2/ros_work/install/collective_robotics/lib/python3.10/site-packages/collective_robotics/__pycache__/__init__.cpython-310.pyc
/home/ayushi/Collective_Robotics/A2/ros_work/install/collective_robotics/lib/python3.10/site-packages/collective_robotics/__pycache__/wall_follower.cpython-310.pyc
/home/ayushi/Collective_Robotics/A2/ros_work/install/collective_robotics/lib/python3.10/site-packages/collective_robotics/__pycache__/task1_copy.cpython-310.pyc
/home/ayushi/Collective_Robotics/A2/ros_work/install/collective_robotics/lib/python3.10/site-packages/collective_robotics/__pycache__/multi_robot_t3_aggregate.cpython-310.pyc
/home/ayushi/Collective_Robotics/A2/ros_work/install/collective_robotics/share/ament_index/resource_index/packages/collective_robotics
/home/ayushi/Collective_Robotics/A2/ros_work/install/collective_robotics/share/collective_robotics/package.xml
/home/ayushi/Collective_Robotics/A2/ros_work/install/collective_robotics/share/collective_robotics/launch/multi_robot_behavior_wait.launch.py
/home/ayushi/Collective_Robotics/A2/ros_work/install/collective_robotics/share/collective_robotics/launch/multi_robot_swarm_aggregate.launch.py
/home/ayushi/Collective_Robotics/A2/ros_work/install/collective_robotics/share/collective_robotics/launch/multi_robot_behavior.launch.py
/home/ayushi/Collective_Robotics/A2/ros_work/install/collective_robotics/lib/python3.10/site-packages/collective_robotics-0.0.0-py3.10.egg-info/top_level.txt
/home/ayushi/Collective_Robotics/A2/ros_work/install/collective_robotics/lib/python3.10/site-packages/collective_robotics-0.0.0-py3.10.egg-info/PKG-INFO
/home/ayushi/Collective_Robotics/A2/ros_work/install/collective_robotics/lib/python3.10/site-packages/collective_robotics-0.0.0-py3.10.egg-info/dependency_links.txt
/home/ayushi/Collective_Robotics/A2/ros_work/install/collective_robotics/lib/python3.10/site-packages/collective_robotics-0.0.0-py3.10.egg-info/entry_points.txt
/home/ayushi/Collective_Robotics/A2/ros_work/install/collective_robotics/lib/python3.10/site-packages/collective_robotics-0.0.0-py3.10.egg-info/requires.txt
/home/ayushi/Collective_Robotics/A2/ros_work/install/collective_robotics/lib/python3.10/site-packages/collective_robotics-0.0.0-py3.10.egg-info/SOURCES.txt
/home/ayushi/Collective_Robotics/A2/ros_work/install/collective_robotics/lib/python3.10/site-packages/collective_robotics-0.0.0-py3.10.egg-info/zip-safe
/home/ayushi/Collective_Robotics/A2/ros_work/install/collective_robotics/lib/collective_robotics/cleaning_bot
/home/ayushi/Collective_Robotics/A2/ros_work/install/collective_robotics/lib/collective_robotics/go_to_goal
/home/ayushi/Collective_Robotics/A2/ros_work/install/collective_robotics/lib/collective_robotics/multi_bot_task1_stop
/home/ayushi/Collective_Robotics/A2/ros_work/install/collective_robotics/lib/collective_robotics/multi_bot_task2_wait
/home/ayushi/Collective_Robotics/A2/ros_work/install/collective_robotics/lib/collective_robotics/multi_bot_task3_aggregate
/home/ayushi/Collective_Robotics/A2/ros_work/install/collective_robotics/lib/collective_robotics/navigation
/home/ayushi/Collective_Robotics/A2/ros_work/install/collective_robotics/lib/collective_robotics/obstacle_avoid
/home/ayushi/Collective_Robotics/A2/ros_work/install/collective_robotics/lib/collective_robotics/vacum_bot
/home/ayushi/Collective_Robotics/A2/ros_work/install/collective_robotics/lib/collective_robotics/wall_follower
