[0.262s] DEBUG:colcon:Command line arguments: ['/usr/bin/colcon', 'build', '--symlink-install']
[0.262s] DEBUG:colcon:Parsed command line arguments: Namespace(log_base=None, log_level=None, verb_name='build', build_base='build', install_base='install', merge_install=False, symlink_install=True, test_result_base=None, continue_on_error=False, executor='parallel', parallel_workers=4, event_handlers=None, ignore_user_meta=False, metas=['./colcon.meta'], base_paths=['.'], packages_ignore=None, packages_ignore_regex=None, paths=None, packages_up_to=None, packages_up_to_regex=None, packages_above=None, packages_above_and_dependencies=None, packages_above_depth=None, packages_select_by_dep=None, packages_skip_by_dep=None, packages_skip_up_to=None, packages_select_build_failed=False, packages_skip_build_finished=False, packages_select_test_failures=False, packages_skip_test_passed=False, packages_select=None, packages_skip=None, packages_select_regex=None, packages_skip_regex=None, packages_start=None, packages_end=None, allow_overriding=[], cmake_args=None, cmake_target=None, cmake_target_skip_unavailable=False, cmake_clean_cache=False, cmake_clean_first=False, cmake_force_configure=False, ament_cmake_args=None, catkin_cmake_args=None, catkin_skip_building_tests=False, mixin_files=None, mixin=None, verb_parser=<colcon_mixin.mixin.mixin_argument.MixinArgumentDecorator object at 0x799f529fc370>, verb_extension=<colcon_core.verb.build.BuildVerb object at 0x799f529bfd60>, main=<bound method BuildVerb.main of <colcon_core.verb.build.BuildVerb object at 0x799f529bfd60>>, mixin_verb=('build',))
[0.554s] Level 1:colcon.colcon_core.package_discovery:discover_packages(colcon_meta) check parameters
[0.554s] Level 1:colcon.colcon_core.package_discovery:discover_packages(recursive) check parameters
[0.554s] Level 1:colcon.colcon_core.package_discovery:discover_packages(ignore) check parameters
[0.554s] Level 1:colcon.colcon_core.package_discovery:discover_packages(path) check parameters
[0.554s] Level 1:colcon.colcon_core.package_discovery:discover_packages(colcon_meta) discover
[0.555s] Level 1:colcon.colcon_core.package_discovery:discover_packages(recursive) discover
[0.555s] INFO:colcon.colcon_core.package_discovery:Crawling recursively for packages in '/home/ayushi/Collective_Robotics/A2/ros_work/src'
[0.555s] Level 1:colcon.colcon_core.package_identification:_identify(.) by extensions ['ignore', 'ignore_ament_install']
[0.555s] Level 1:colcon.colcon_core.package_identification:_identify(.) by extension 'ignore'
[0.555s] Level 1:colcon.colcon_core.package_identification:_identify(.) by extension 'ignore_ament_install'
[0.555s] Level 1:colcon.colcon_core.package_identification:_identify(.) by extensions ['colcon_pkg']
[0.555s] Level 1:colcon.colcon_core.package_identification:_identify(.) by extension 'colcon_pkg'
[0.555s] Level 1:colcon.colcon_core.package_identification:_identify(.) by extensions ['colcon_meta']
[0.555s] Level 1:colcon.colcon_core.package_identification:_identify(.) by extension 'colcon_meta'
[0.555s] Level 1:colcon.colcon_core.package_identification:_identify(.) by extensions ['ros']
[0.555s] Level 1:colcon.colcon_core.package_identification:_identify(.) by extension 'ros'
[0.590s] Level 1:colcon.colcon_core.package_identification:_identify(.) by extensions ['cmake', 'python']
[0.590s] Level 1:colcon.colcon_core.package_identification:_identify(.) by extension 'cmake'
[0.590s] Level 1:colcon.colcon_core.package_identification:_identify(.) by extension 'python'
[0.590s] Level 1:colcon.colcon_core.package_identification:_identify(.) by extensions ['python_setup_py']
[0.590s] Level 1:colcon.colcon_core.package_identification:_identify(.) by extension 'python_setup_py'
[0.590s] Level 1:colcon.colcon_core.package_identification:_identify(Robile) by extensions ['ignore', 'ignore_ament_install']
[0.590s] Level 1:colcon.colcon_core.package_identification:_identify(Robile) by extension 'ignore'
[0.590s] Level 1:colcon.colcon_core.package_identification:_identify(Robile) by extension 'ignore_ament_install'
[0.590s] Level 1:colcon.colcon_core.package_identification:_identify(Robile) by extensions ['colcon_pkg']
[0.590s] Level 1:colcon.colcon_core.package_identification:_identify(Robile) by extension 'colcon_pkg'
[0.590s] Level 1:colcon.colcon_core.package_identification:_identify(Robile) by extensions ['colcon_meta']
[0.590s] Level 1:colcon.colcon_core.package_identification:_identify(Robile) by extension 'colcon_meta'
[0.590s] Level 1:colcon.colcon_core.package_identification:_identify(Robile) by extensions ['ros']
[0.590s] Level 1:colcon.colcon_core.package_identification:_identify(Robile) by extension 'ros'
[0.591s] Level 1:colcon.colcon_core.package_identification:_identify(Robile) by extensions ['cmake', 'python']
[0.591s] Level 1:colcon.colcon_core.package_identification:_identify(Robile) by extension 'cmake'
[0.591s] Level 1:colcon.colcon_core.package_identification:_identify(Robile) by extension 'python'
[0.591s] Level 1:colcon.colcon_core.package_identification:_identify(Robile) by extensions ['python_setup_py']
[0.591s] Level 1:colcon.colcon_core.package_identification:_identify(Robile) by extension 'python_setup_py'
[0.591s] Level 1:colcon.colcon_core.package_identification:_identify(Stage) by extensions ['ignore', 'ignore_ament_install']
[0.591s] Level 1:colcon.colcon_core.package_identification:_identify(Stage) by extension 'ignore'
[0.591s] Level 1:colcon.colcon_core.package_identification:_identify(Stage) by extension 'ignore_ament_install'
[0.591s] Level 1:colcon.colcon_core.package_identification:_identify(Stage) by extensions ['colcon_pkg']
[0.591s] Level 1:colcon.colcon_core.package_identification:_identify(Stage) by extension 'colcon_pkg'
[0.591s] Level 1:colcon.colcon_core.package_identification:_identify(Stage) by extensions ['colcon_meta']
[0.591s] Level 1:colcon.colcon_core.package_identification:_identify(Stage) by extension 'colcon_meta'
[0.592s] Level 1:colcon.colcon_core.package_identification:_identify(Stage) by extensions ['ros']
[0.592s] Level 1:colcon.colcon_core.package_identification:_identify(Stage) by extension 'ros'
[0.592s] Level 1:colcon.colcon_core.package_identification:_identify(Stage) by extensions ['cmake', 'python']
[0.592s] Level 1:colcon.colcon_core.package_identification:_identify(Stage) by extension 'cmake'
[0.592s] Level 1:colcon.colcon_core.package_identification:_identify(Stage) by extension 'python'
[0.592s] Level 1:colcon.colcon_core.package_identification:_identify(Stage) by extensions ['python_setup_py']
[0.592s] Level 1:colcon.colcon_core.package_identification:_identify(Stage) by extension 'python_setup_py'
[0.592s] Level 1:colcon.colcon_core.package_identification:_identify(build) by extensions ['ignore', 'ignore_ament_install']
[0.592s] Level 1:colcon.colcon_core.package_identification:_identify(build) by extension 'ignore'
[0.592s] Level 1:colcon.colcon_core.package_identification:_identify(build) ignored
[0.593s] Level 1:colcon.colcon_core.package_identification:_identify(collective_robotics) by extensions ['ignore', 'ignore_ament_install']
[0.593s] Level 1:colcon.colcon_core.package_identification:_identify(collective_robotics) by extension 'ignore'
[0.593s] Level 1:colcon.colcon_core.package_identification:_identify(collective_robotics) by extension 'ignore_ament_install'
[0.593s] Level 1:colcon.colcon_core.package_identification:_identify(collective_robotics) by extensions ['colcon_pkg']
[0.593s] Level 1:colcon.colcon_core.package_identification:_identify(collective_robotics) by extension 'colcon_pkg'
[0.593s] Level 1:colcon.colcon_core.package_identification:_identify(collective_robotics) by extensions ['colcon_meta']
[0.593s] Level 1:colcon.colcon_core.package_identification:_identify(collective_robotics) by extension 'colcon_meta'
[0.593s] Level 1:colcon.colcon_core.package_identification:_identify(collective_robotics) by extensions ['ros']
[0.593s] Level 1:colcon.colcon_core.package_identification:_identify(collective_robotics) by extension 'ros'
[0.598s] DEBUG:colcon.colcon_core.package_identification:Package 'collective_robotics' with type 'ros.ament_python' and name 'collective_robotics'
[0.598s] Level 1:colcon.colcon_core.package_identification:_identify(install) by extensions ['ignore', 'ignore_ament_install']
[0.599s] Level 1:colcon.colcon_core.package_identification:_identify(install) by extension 'ignore'
[0.599s] Level 1:colcon.colcon_core.package_identification:_identify(install) ignored
[0.599s] Level 1:colcon.colcon_core.package_identification:_identify(log) by extensions ['ignore', 'ignore_ament_install']
[0.599s] Level 1:colcon.colcon_core.package_identification:_identify(log) by extension 'ignore'
[0.599s] Level 1:colcon.colcon_core.package_identification:_identify(log) ignored
[0.599s] Level 1:colcon.colcon_core.package_identification:_identify(robile_description) by extensions ['ignore', 'ignore_ament_install']
[0.599s] Level 1:colcon.colcon_core.package_identification:_identify(robile_description) by extension 'ignore'
[0.599s] Level 1:colcon.colcon_core.package_identification:_identify(robile_description) by extension 'ignore_ament_install'
[0.599s] Level 1:colcon.colcon_core.package_identification:_identify(robile_description) by extensions ['colcon_pkg']
[0.599s] Level 1:colcon.colcon_core.package_identification:_identify(robile_description) by extension 'colcon_pkg'
[0.599s] Level 1:colcon.colcon_core.package_identification:_identify(robile_description) by extensions ['colcon_meta']
[0.599s] Level 1:colcon.colcon_core.package_identification:_identify(robile_description) by extension 'colcon_meta'
[0.599s] Level 1:colcon.colcon_core.package_identification:_identify(robile_description) by extensions ['ros']
[0.599s] Level 1:colcon.colcon_core.package_identification:_identify(robile_description) by extension 'ros'
[0.599s] Level 1:colcon.colcon_core.package_identification:_identify(robile_description) by extensions ['cmake', 'python']
[0.599s] Level 1:colcon.colcon_core.package_identification:_identify(robile_description) by extension 'cmake'
[0.600s] Level 1:colcon.colcon_core.package_identification:_identify(robile_description) by extension 'python'
[0.600s] Level 1:colcon.colcon_core.package_identification:_identify(robile_description) by extensions ['python_setup_py']
[0.600s] Level 1:colcon.colcon_core.package_identification:_identify(robile_description) by extension 'python_setup_py'
[0.600s] Level 1:colcon.colcon_core.package_identification:_identify(robile_gazebo) by extensions ['ignore', 'ignore_ament_install']
[0.600s] Level 1:colcon.colcon_core.package_identification:_identify(robile_gazebo) by extension 'ignore'
[0.600s] Level 1:colcon.colcon_core.package_identification:_identify(robile_gazebo) by extension 'ignore_ament_install'
[0.600s] Level 1:colcon.colcon_core.package_identification:_identify(robile_gazebo) by extensions ['colcon_pkg']
[0.600s] Level 1:colcon.colcon_core.package_identification:_identify(robile_gazebo) by extension 'colcon_pkg'
[0.600s] Level 1:colcon.colcon_core.package_identification:_identify(robile_gazebo) by extensions ['colcon_meta']
[0.600s] Level 1:colcon.colcon_core.package_identification:_identify(robile_gazebo) by extension 'colcon_meta'
[0.600s] Level 1:colcon.colcon_core.package_identification:_identify(robile_gazebo) by extensions ['ros']
[0.600s] Level 1:colcon.colcon_core.package_identification:_identify(robile_gazebo) by extension 'ros'
[0.600s] Level 1:colcon.colcon_core.package_identification:_identify(robile_gazebo) by extensions ['cmake', 'python']
[0.600s] Level 1:colcon.colcon_core.package_identification:_identify(robile_gazebo) by extension 'cmake'
[0.600s] Level 1:colcon.colcon_core.package_identification:_identify(robile_gazebo) by extension 'python'
[0.600s] Level 1:colcon.colcon_core.package_identification:_identify(robile_gazebo) by extensions ['python_setup_py']
[0.600s] Level 1:colcon.colcon_core.package_identification:_identify(robile_gazebo) by extension 'python_setup_py'
[0.600s] Level 1:colcon.colcon_core.package_identification:_identify(robile_interfaces) by extensions ['ignore', 'ignore_ament_install']
[0.601s] Level 1:colcon.colcon_core.package_identification:_identify(robile_interfaces) by extension 'ignore'
[0.601s] Level 1:colcon.colcon_core.package_identification:_identify(robile_interfaces) by extension 'ignore_ament_install'
[0.601s] Level 1:colcon.colcon_core.package_identification:_identify(robile_interfaces) by extensions ['colcon_pkg']
[0.601s] Level 1:colcon.colcon_core.package_identification:_identify(robile_interfaces) by extension 'colcon_pkg'
[0.601s] Level 1:colcon.colcon_core.package_identification:_identify(robile_interfaces) by extensions ['colcon_meta']
[0.601s] Level 1:colcon.colcon_core.package_identification:_identify(robile_interfaces) by extension 'colcon_meta'
[0.601s] Level 1:colcon.colcon_core.package_identification:_identify(robile_interfaces) by extensions ['ros']
[0.601s] Level 1:colcon.colcon_core.package_identification:_identify(robile_interfaces) by extension 'ros'
[0.601s] Level 1:colcon.colcon_core.package_identification:_identify(robile_interfaces) by extensions ['cmake', 'python']
[0.601s] Level 1:colcon.colcon_core.package_identification:_identify(robile_interfaces) by extension 'cmake'
[0.601s] Level 1:colcon.colcon_core.package_identification:_identify(robile_interfaces) by extension 'python'
[0.601s] Level 1:colcon.colcon_core.package_identification:_identify(robile_interfaces) by extensions ['python_setup_py']
[0.601s] Level 1:colcon.colcon_core.package_identification:_identify(robile_interfaces) by extension 'python_setup_py'
[0.601s] Level 1:colcon.colcon_core.package_identification:_identify(robile_navigation) by extensions ['ignore', 'ignore_ament_install']
[0.601s] Level 1:colcon.colcon_core.package_identification:_identify(robile_navigation) by extension 'ignore'
[0.601s] Level 1:colcon.colcon_core.package_identification:_identify(robile_navigation) by extension 'ignore_ament_install'
[0.601s] Level 1:colcon.colcon_core.package_identification:_identify(robile_navigation) by extensions ['colcon_pkg']
[0.601s] Level 1:colcon.colcon_core.package_identification:_identify(robile_navigation) by extension 'colcon_pkg'
[0.602s] Level 1:colcon.colcon_core.package_identification:_identify(robile_navigation) by extensions ['colcon_meta']
[0.602s] Level 1:colcon.colcon_core.package_identification:_identify(robile_navigation) by extension 'colcon_meta'
[0.602s] Level 1:colcon.colcon_core.package_identification:_identify(robile_navigation) by extensions ['ros']
[0.602s] Level 1:colcon.colcon_core.package_identification:_identify(robile_navigation) by extension 'ros'
[0.602s] Level 1:colcon.colcon_core.package_identification:_identify(robile_navigation) by extensions ['cmake', 'python']
[0.602s] Level 1:colcon.colcon_core.package_identification:_identify(robile_navigation) by extension 'cmake'
[0.602s] Level 1:colcon.colcon_core.package_identification:_identify(robile_navigation) by extension 'python'
[0.602s] Level 1:colcon.colcon_core.package_identification:_identify(robile_navigation) by extensions ['python_setup_py']
[0.602s] Level 1:colcon.colcon_core.package_identification:_identify(robile_navigation) by extension 'python_setup_py'
[0.602s] Level 1:colcon.colcon_core.package_identification:_identify(stage_ros2) by extensions ['ignore', 'ignore_ament_install']
[0.602s] Level 1:colcon.colcon_core.package_identification:_identify(stage_ros2) by extension 'ignore'
[0.603s] Level 1:colcon.colcon_core.package_identification:_identify(stage_ros2) by extension 'ignore_ament_install'
[0.603s] Level 1:colcon.colcon_core.package_identification:_identify(stage_ros2) by extensions ['colcon_pkg']
[0.603s] Level 1:colcon.colcon_core.package_identification:_identify(stage_ros2) by extension 'colcon_pkg'
[0.603s] Level 1:colcon.colcon_core.package_identification:_identify(stage_ros2) by extensions ['colcon_meta']
[0.603s] Level 1:colcon.colcon_core.package_identification:_identify(stage_ros2) by extension 'colcon_meta'
[0.603s] Level 1:colcon.colcon_core.package_identification:_identify(stage_ros2) by extensions ['ros']
[0.603s] Level 1:colcon.colcon_core.package_identification:_identify(stage_ros2) by extension 'ros'
[0.603s] Level 1:colcon.colcon_core.package_identification:_identify(stage_ros2) by extensions ['cmake', 'python']
[0.603s] Level 1:colcon.colcon_core.package_identification:_identify(stage_ros2) by extension 'cmake'
[0.603s] Level 1:colcon.colcon_core.package_identification:_identify(stage_ros2) by extension 'python'
[0.604s] Level 1:colcon.colcon_core.package_identification:_identify(stage_ros2) by extensions ['python_setup_py']
[0.604s] Level 1:colcon.colcon_core.package_identification:_identify(stage_ros2) by extension 'python_setup_py'
[0.604s] Level 1:colcon.colcon_core.package_discovery:discover_packages(recursive) using defaults
[0.604s] Level 1:colcon.colcon_core.package_discovery:discover_packages(ignore) discover
[0.604s] Level 1:colcon.colcon_core.package_discovery:discover_packages(ignore) using defaults
[0.604s] Level 1:colcon.colcon_core.package_discovery:discover_packages(path) discover
[0.604s] Level 1:colcon.colcon_core.package_discovery:discover_packages(path) using defaults
[0.662s] Level 1:colcon.colcon_core.package_discovery:discover_packages(prefix_path) check parameters
[0.662s] Level 1:colcon.colcon_core.package_discovery:discover_packages(prefix_path) discover
[0.667s] DEBUG:colcon.colcon_installed_package_information.package_discovery:Found 392 installed packages in /opt/ros/humble
[0.686s] Level 1:colcon.colcon_core.package_discovery:discover_packages(prefix_path) using defaults
[0.777s] Level 5:colcon.colcon_core.verb:set package 'collective_robotics' build argument 'cmake_args' from command line to 'None'
[0.777s] Level 5:colcon.colcon_core.verb:set package 'collective_robotics' build argument 'cmake_target' from command line to 'None'
[0.777s] Level 5:colcon.colcon_core.verb:set package 'collective_robotics' build argument 'cmake_target_skip_unavailable' from command line to 'False'
[0.777s] Level 5:colcon.colcon_core.verb:set package 'collective_robotics' build argument 'cmake_clean_cache' from command line to 'False'
[0.777s] Level 5:colcon.colcon_core.verb:set package 'collective_robotics' build argument 'cmake_clean_first' from command line to 'False'
[0.777s] Level 5:colcon.colcon_core.verb:set package 'collective_robotics' build argument 'cmake_force_configure' from command line to 'False'
[0.777s] Level 5:colcon.colcon_core.verb:set package 'collective_robotics' build argument 'ament_cmake_args' from command line to 'None'
[0.777s] Level 5:colcon.colcon_core.verb:set package 'collective_robotics' build argument 'catkin_cmake_args' from command line to 'None'
[0.777s] Level 5:colcon.colcon_core.verb:set package 'collective_robotics' build argument 'catkin_skip_building_tests' from command line to 'False'
[0.777s] DEBUG:colcon.colcon_core.verb:Building package 'collective_robotics' with the following arguments: {'ament_cmake_args': None, 'build_base': '/home/ayushi/Collective_Robotics/A2/ros_work/src/build/collective_robotics', 'catkin_cmake_args': None, 'catkin_skip_building_tests': False, 'cmake_args': None, 'cmake_clean_cache': False, 'cmake_clean_first': False, 'cmake_force_configure': False, 'cmake_target': None, 'cmake_target_skip_unavailable': False, 'install_base': '/home/ayushi/Collective_Robotics/A2/ros_work/src/install/collective_robotics', 'merge_install': False, 'path': '/home/ayushi/Collective_Robotics/A2/ros_work/src/collective_robotics', 'symlink_install': True, 'test_result_base': None}
[0.777s] INFO:colcon.colcon_core.executor:Executing jobs using 'parallel' executor
[0.779s] DEBUG:colcon.colcon_parallel_executor.executor.parallel:run_until_complete
[0.779s] INFO:colcon.colcon_ros.task.ament_python.build:Building ROS package in '/home/ayushi/Collective_Robotics/A2/ros_work/src/collective_robotics' with build type 'ament_python'
[0.780s] Level 1:colcon.colcon_core.shell:create_environment_hook('collective_robotics', 'ament_prefix_path')
[0.784s] INFO:colcon.colcon_core.plugin_system:Skipping extension 'colcon_core.shell.bat': Not used on non-Windows systems
[0.785s] INFO:colcon.colcon_core.shell:Creating environment hook '/home/ayushi/Collective_Robotics/A2/ros_work/src/install/collective_robotics/share/collective_robotics/hook/ament_prefix_path.ps1'
[0.788s] INFO:colcon.colcon_core.shell:Creating environment descriptor '/home/ayushi/Collective_Robotics/A2/ros_work/src/install/collective_robotics/share/collective_robotics/hook/ament_prefix_path.dsv'
[0.789s] INFO:colcon.colcon_core.shell:Creating environment hook '/home/ayushi/Collective_Robotics/A2/ros_work/src/install/collective_robotics/share/collective_robotics/hook/ament_prefix_path.sh'
[0.790s] INFO:colcon.colcon_core.shell:Skip shell extension 'powershell' for command environment: Not usable outside of PowerShell
[0.790s] DEBUG:colcon.colcon_core.shell:Skip shell extension 'dsv' for command environment
[1.442s] INFO:colcon.colcon_core.task.python.build:Building Python package in '/home/ayushi/Collective_Robotics/A2/ros_work/src/collective_robotics'
[1.443s] INFO:colcon.colcon_core.shell:Skip shell extension 'powershell' for command environment: Not usable outside of PowerShell
[1.443s] DEBUG:colcon.colcon_core.shell:Skip shell extension 'dsv' for command environment
[2.612s] DEBUG:colcon.colcon_core.event_handler.log_command:Invoking command in '/home/ayushi/Collective_Robotics/A2/ros_work/src/build/collective_robotics': PYTHONPATH=/home/ayushi/Collective_Robotics/A2/ros_work/src/build/collective_robotics/prefix_override:/usr/lib/python3/dist-packages/colcon_core/task/python/colcon_distutils_commands:/home/ayushi/Collective_Robotics/A2/ros_work/src/install/collective_robotics/lib/python3.10/site-packages:${PYTHONPATH} /usr/bin/python3 -W ignore:setup.py install is deprecated -W ignore:easy_install command is deprecated setup.py develop --editable --build-directory /home/ayushi/Collective_Robotics/A2/ros_work/src/build/collective_robotics/build --no-deps symlink_data
[3.955s] Level 1:colcon.colcon_core.shell:create_environment_hook('collective_robotics', 'pythonpath_develop')
[3.956s] INFO:colcon.colcon_core.shell:Creating environment hook '/home/ayushi/Collective_Robotics/A2/ros_work/src/build/collective_robotics/share/collective_robotics/hook/pythonpath_develop.ps1'
[3.957s] DEBUG:colcon.colcon_core.event_handler.log_command:Invoked command in '/home/ayushi/Collective_Robotics/A2/ros_work/src/build/collective_robotics' returned '0': PYTHONPATH=/home/ayushi/Collective_Robotics/A2/ros_work/src/build/collective_robotics/prefix_override:/usr/lib/python3/dist-packages/colcon_core/task/python/colcon_distutils_commands:/home/ayushi/Collective_Robotics/A2/ros_work/src/install/collective_robotics/lib/python3.10/site-packages:${PYTHONPATH} /usr/bin/python3 -W ignore:setup.py install is deprecated -W ignore:easy_install command is deprecated setup.py develop --editable --build-directory /home/ayushi/Collective_Robotics/A2/ros_work/src/build/collective_robotics/build --no-deps symlink_data
[3.957s] INFO:colcon.colcon_core.shell:Creating environment descriptor '/home/ayushi/Collective_Robotics/A2/ros_work/src/build/collective_robotics/share/collective_robotics/hook/pythonpath_develop.dsv'
[3.958s] INFO:colcon.colcon_core.shell:Creating environment hook '/home/ayushi/Collective_Robotics/A2/ros_work/src/build/collective_robotics/share/collective_robotics/hook/pythonpath_develop.sh'
[3.965s] Level 1:colcon.colcon_core.environment:checking '/home/ayushi/Collective_Robotics/A2/ros_work/src/install/collective_robotics' for CMake module files
[3.967s] Level 1:colcon.colcon_core.environment:checking '/home/ayushi/Collective_Robotics/A2/ros_work/src/install/collective_robotics' for CMake config files
[3.970s] Level 1:colcon.colcon_core.environment:checking '/home/ayushi/Collective_Robotics/A2/ros_work/src/install/collective_robotics/lib'
[3.972s] Level 1:colcon.colcon_core.environment:checking '/home/ayushi/Collective_Robotics/A2/ros_work/src/install/collective_robotics/bin'
[3.973s] Level 1:colcon.colcon_core.environment:checking '/home/ayushi/Collective_Robotics/A2/ros_work/src/install/collective_robotics/lib/pkgconfig/collective_robotics.pc'
[3.973s] Level 1:colcon.colcon_core.environment:checking '/home/ayushi/Collective_Robotics/A2/ros_work/src/install/collective_robotics/lib/python3.10/site-packages'
[3.974s] Level 1:colcon.colcon_core.shell:create_environment_hook('collective_robotics', 'pythonpath')
[3.976s] INFO:colcon.colcon_core.shell:Creating environment hook '/home/ayushi/Collective_Robotics/A2/ros_work/src/install/collective_robotics/share/collective_robotics/hook/pythonpath.ps1'
[3.978s] INFO:colcon.colcon_core.shell:Creating environment descriptor '/home/ayushi/Collective_Robotics/A2/ros_work/src/install/collective_robotics/share/collective_robotics/hook/pythonpath.dsv'
[3.979s] INFO:colcon.colcon_core.shell:Creating environment hook '/home/ayushi/Collective_Robotics/A2/ros_work/src/install/collective_robotics/share/collective_robotics/hook/pythonpath.sh'
[3.980s] Level 1:colcon.colcon_core.environment:checking '/home/ayushi/Collective_Robotics/A2/ros_work/src/install/collective_robotics/bin'
[3.980s] Level 1:colcon.colcon_core.environment:create_environment_scripts_only(collective_robotics)
[3.981s] INFO:colcon.colcon_core.shell:Creating package script '/home/ayushi/Collective_Robotics/A2/ros_work/src/install/collective_robotics/share/collective_robotics/package.ps1'
[3.982s] INFO:colcon.colcon_core.shell:Creating package descriptor '/home/ayushi/Collective_Robotics/A2/ros_work/src/install/collective_robotics/share/collective_robotics/package.dsv'
[3.983s] INFO:colcon.colcon_core.shell:Creating package script '/home/ayushi/Collective_Robotics/A2/ros_work/src/install/collective_robotics/share/collective_robotics/package.sh'
[3.984s] INFO:colcon.colcon_core.shell:Creating package script '/home/ayushi/Collective_Robotics/A2/ros_work/src/install/collective_robotics/share/collective_robotics/package.bash'
[3.985s] INFO:colcon.colcon_core.shell:Creating package script '/home/ayushi/Collective_Robotics/A2/ros_work/src/install/collective_robotics/share/collective_robotics/package.zsh'
[3.986s] Level 1:colcon.colcon_core.environment:create_file_with_runtime_dependencies(/home/ayushi/Collective_Robotics/A2/ros_work/src/install/collective_robotics/share/colcon-core/packages/collective_robotics)
[3.987s] DEBUG:colcon.colcon_parallel_executor.executor.parallel:closing loop
[3.987s] DEBUG:colcon.colcon_parallel_executor.executor.parallel:loop closed
[3.987s] DEBUG:colcon.colcon_parallel_executor.executor.parallel:run_until_complete finished with '0'
[3.987s] DEBUG:colcon.colcon_core.event_reactor:joining thread
[3.997s] INFO:colcon.colcon_core.plugin_system:Skipping extension 'colcon_notification.desktop_notification.terminal_notifier': Not used on non-Darwin systems
[3.997s] INFO:colcon.colcon_core.plugin_system:Skipping extension 'colcon_notification.desktop_notification.win32': Not used on non-Windows systems
[3.997s] INFO:colcon.colcon_notification.desktop_notification:Sending desktop notification using 'notify2'
[4.021s] DEBUG:colcon.colcon_core.event_reactor:joined thread
[4.022s] INFO:colcon.colcon_core.shell:Creating prefix script '/home/ayushi/Collective_Robotics/A2/ros_work/src/install/local_setup.ps1'
[4.025s] INFO:colcon.colcon_core.shell:Creating prefix util module '/home/ayushi/Collective_Robotics/A2/ros_work/src/install/_local_setup_util_ps1.py'
[4.033s] INFO:colcon.colcon_core.shell:Creating prefix chain script '/home/ayushi/Collective_Robotics/A2/ros_work/src/install/setup.ps1'
[4.038s] INFO:colcon.colcon_core.shell:Creating prefix script '/home/ayushi/Collective_Robotics/A2/ros_work/src/install/local_setup.sh'
[4.043s] INFO:colcon.colcon_core.shell:Creating prefix util module '/home/ayushi/Collective_Robotics/A2/ros_work/src/install/_local_setup_util_sh.py'
[4.044s] INFO:colcon.colcon_core.shell:Creating prefix chain script '/home/ayushi/Collective_Robotics/A2/ros_work/src/install/setup.sh'
[4.046s] INFO:colcon.colcon_core.shell:Creating prefix script '/home/ayushi/Collective_Robotics/A2/ros_work/src/install/local_setup.bash'
[4.047s] INFO:colcon.colcon_core.shell:Creating prefix chain script '/home/ayushi/Collective_Robotics/A2/ros_work/src/install/setup.bash'
[4.049s] INFO:colcon.colcon_core.shell:Creating prefix script '/home/ayushi/Collective_Robotics/A2/ros_work/src/install/local_setup.zsh'
[4.050s] INFO:colcon.colcon_core.shell:Creating prefix chain script '/home/ayushi/Collective_Robotics/A2/ros_work/src/install/setup.zsh'
