[1.106s] Invoking command in '/home/student/MAS/MAS_Program2024/MAS-Program/Collective_Robotics/ros_work/src/collective_robotics': PYTHONPATH=/home/student/MAS/MAS_Program2024/MAS-Program/Collective_Robotics/ros_work/build/collective_robotics/prefix_override:/usr/lib/python3/dist-packages/colcon_core/task/python/colcon_distutils_commands:/home/student/MAS/MAS_Program2024/MAS-Program/Collective_Robotics/ros_work/install/collective_robotics/lib/python3.10/site-packages:${PYTHONPATH} /usr/bin/python3 -W ignore:setup.py install is deprecated -W ignore:easy_install command is deprecated setup.py egg_info --egg-base ../../build/collective_robotics build --build-base /home/student/MAS/MAS_Program2024/MAS-Program/Collective_Robotics/ros_work/build/collective_robotics/build install --record /home/student/MAS/MAS_Program2024/MAS-Program/Collective_Robotics/ros_work/build/collective_robotics/install.log --single-version-externally-managed install_data
[1.566s] running egg_info
[1.567s] writing ../../build/collective_robotics/collective_robotics.egg-info/PKG-INFO
[1.567s] writing dependency_links to ../../build/collective_robotics/collective_robotics.egg-info/dependency_links.txt
[1.567s] writing entry points to ../../build/collective_robotics/collective_robotics.egg-info/entry_points.txt
[1.567s] writing requirements to ../../build/collective_robotics/collective_robotics.egg-info/requires.txt
[1.567s] writing top-level names to ../../build/collective_robotics/collective_robotics.egg-info/top_level.txt
[1.570s] reading manifest file '../../build/collective_robotics/collective_robotics.egg-info/SOURCES.txt'
[1.570s] adding license file 'LICENSE'
[1.571s] writing manifest file '../../build/collective_robotics/collective_robotics.egg-info/SOURCES.txt'
[1.571s] running build
[1.571s] running build_py
[1.571s] copying collective_robotics/obstacle_avoidance.py -> /home/student/MAS/MAS_Program2024/MAS-Program/Collective_Robotics/ros_work/build/collective_robotics/build/lib/collective_robotics
[1.572s] running install
[1.572s] running install_lib
[1.573s] copying /home/student/MAS/MAS_Program2024/MAS-Program/Collective_Robotics/ros_work/build/collective_robotics/build/lib/collective_robotics/obstacle_avoidance.py -> /home/student/MAS/MAS_Program2024/MAS-Program/Collective_Robotics/ros_work/install/collective_robotics/lib/python3.10/site-packages/collective_robotics
[1.574s] byte-compiling /home/student/MAS/MAS_Program2024/MAS-Program/Collective_Robotics/ros_work/install/collective_robotics/lib/python3.10/site-packages/collective_robotics/obstacle_avoidance.py to obstacle_avoidance.cpython-310.pyc
[1.575s] running install_data
[1.575s] running install_egg_info
[1.577s] removing '/home/student/MAS/MAS_Program2024/MAS-Program/Collective_Robotics/ros_work/install/collective_robotics/lib/python3.10/site-packages/collective_robotics-0.0.0-py3.10.egg-info' (and everything under it)
[1.578s] Copying ../../build/collective_robotics/collective_robotics.egg-info to /home/student/MAS/MAS_Program2024/MAS-Program/Collective_Robotics/ros_work/install/collective_robotics/lib/python3.10/site-packages/collective_robotics-0.0.0-py3.10.egg-info
[1.579s] running install_scripts
[1.603s] Installing navigation script to /home/student/MAS/MAS_Program2024/MAS-Program/Collective_Robotics/ros_work/install/collective_robotics/lib/collective_robotics
[1.604s] Installing obstacle_avoid script to /home/student/MAS/MAS_Program2024/MAS-Program/Collective_Robotics/ros_work/install/collective_robotics/lib/collective_robotics
[1.604s] writing list of installed files to '/home/student/MAS/MAS_Program2024/MAS-Program/Collective_Robotics/ros_work/build/collective_robotics/install.log'
[1.638s] Invoked command in '/home/student/MAS/MAS_Program2024/MAS-Program/Collective_Robotics/ros_work/src/collective_robotics' returned '0': PYTHONPATH=/home/student/MAS/MAS_Program2024/MAS-Program/Collective_Robotics/ros_work/build/collective_robotics/prefix_override:/usr/lib/python3/dist-packages/colcon_core/task/python/colcon_distutils_commands:/home/student/MAS/MAS_Program2024/MAS-Program/Collective_Robotics/ros_work/install/collective_robotics/lib/python3.10/site-packages:${PYTHONPATH} /usr/bin/python3 -W ignore:setup.py install is deprecated -W ignore:easy_install command is deprecated setup.py egg_info --egg-base ../../build/collective_robotics build --build-base /home/student/MAS/MAS_Program2024/MAS-Program/Collective_Robotics/ros_work/build/collective_robotics/build install --record /home/student/MAS/MAS_Program2024/MAS-Program/Collective_Robotics/ros_work/build/collective_robotics/install.log --single-version-externally-managed install_data
