[0.037s] Invoking command in '/home/student/MAS/MAS_Program2024/MAS-Program/Collective_Robotics/ros_work/build/robile_interfaces': CMAKE_PREFIX_PATH=/opt/ros/humble /usr/local/bin/cmake /home/student/MAS/MAS_Program2024/MAS-Program/Collective_Robotics/ros_work/src/robile_interfaces -DAMENT_CMAKE_SYMLINK_INSTALL=1 -DCMAKE_INSTALL_PREFIX=/home/student/MAS/MAS_Program2024/MAS-Program/Collective_Robotics/ros_work/install/robile_interfaces
[0.158s] -- The C compiler identification is GNU 11.4.0
[0.283s] -- The CXX compiler identification is GNU 11.4.0
[0.303s] -- Detecting C compiler ABI info
[0.435s] -- Detecting C compiler ABI info - done
[0.474s] -- Check for working C compiler: /usr/bin/cc - skipped
[0.475s] -- Detecting C compile features
[0.476s] -- Detecting C compile features - done
[0.484s] -- Detecting CXX compiler ABI info
[0.650s] -- Detecting CXX compiler ABI info - done
[0.687s] -- Check for working CXX compiler: /usr/bin/c++ - skipped
[0.687s] -- Detecting CXX compile features
[0.689s] -- Detecting CXX compile features - done
[0.694s] -- Found ament_cmake: 1.3.11 (/opt/ros/humble/share/ament_cmake/cmake)
[0.997s] -- Found Python3: /usr/bin/python3 (found version "3.10.12") found components: Interpreter
[1.145s] -- Override CMake install command with custom implementation using symlinks instead of copying resources
[1.198s] -- Found builtin_interfaces: 1.2.1 (/opt/ros/humble/share/builtin_interfaces/cmake)
[1.303s] -- Found rosidl_generator_c: 3.1.6 (/opt/ros/humble/share/rosidl_generator_c/cmake)
[1.330s] -- Found rosidl_adapter: 3.1.6 (/opt/ros/humble/share/rosidl_adapter/cmake)
[1.350s] -- Found rosidl_generator_cpp: 3.1.6 (/opt/ros/humble/share/rosidl_generator_cpp/cmake)
[1.394s] -- Using all available rosidl_typesupport_c: rosidl_typesupport_fastrtps_c;rosidl_typesupport_introspection_c
[1.450s] -- Using all available rosidl_typesupport_cpp: rosidl_typesupport_fastrtps_cpp;rosidl_typesupport_introspection_cpp
[1.499s] -- Found rosidl_default_generators: 1.2.0 (/opt/ros/humble/share/rosidl_default_generators/cmake)
[1.541s] -- Found geometry_msgs: 4.8.0 (/opt/ros/humble/share/geometry_msgs/cmake)
[2.641s] -- Found ament_cmake_ros: 0.10.0 (/opt/ros/humble/share/ament_cmake_ros/cmake)
[6.993s] -- Using all available rosidl_typesupport_c: rosidl_typesupport_fastrtps_c;rosidl_typesupport_introspection_c
[8.552s] -- Using all available rosidl_typesupport_cpp: rosidl_typesupport_fastrtps_cpp;rosidl_typesupport_introspection_cpp
[8.559s] [33mCMake Warning (dev) at /opt/ros/humble/share/rosidl_generator_py/cmake/rosidl_generator_py_generate_interfaces.cmake:20 (find_package):
[8.560s]   Policy CMP0148 is not set: The FindPythonInterp and FindPythonLibs modules
[8.560s]   are removed.  Run "cmake --help-policy CMP0148" for policy details.  Use
[8.560s]   the cmake_policy command to set the policy and suppress this warning.
[8.560s] 
[8.560s] Call Stack (most recent call first):
[8.561s]   /opt/ros/humble/share/ament_cmake_core/cmake/core/ament_execute_extensions.cmake:48 (include)
[8.561s]   /opt/ros/humble/share/rosidl_cmake/cmake/rosidl_generate_interfaces.cmake:286 (ament_execute_extensions)
[8.561s]   CMakeLists.txt:19 (rosidl_generate_interfaces)
[8.561s] This warning is for project developers.  Use -Wno-dev to suppress it.
[8.562s] [0m
[8.662s] -- Found PythonInterp: /usr/bin/python3 (found suitable version "3.10.12", minimum required is "3.6")
[8.668s] -- Found python_cmake_module: 0.10.0 (/opt/ros/humble/share/python_cmake_module/cmake)
[8.670s] [33mCMake Warning (dev) at /opt/ros/humble/share/python_cmake_module/cmake/Modules/FindPythonExtra.cmake:52 (find_package):
[8.670s]   Policy CMP0148 is not set: The FindPythonInterp and FindPythonLibs modules
[8.670s]   are removed.  Run "cmake --help-policy CMP0148" for policy details.  Use
[8.671s]   the cmake_policy command to set the policy and suppress this warning.
[8.671s] 
[8.671s] Call Stack (most recent call first):
[8.671s]   /opt/ros/humble/share/rosidl_generator_py/cmake/rosidl_generator_py_generate_interfaces.cmake:23 (find_package)
[8.672s]   /opt/ros/humble/share/ament_cmake_core/cmake/core/ament_execute_extensions.cmake:48 (include)
[8.672s]   /opt/ros/humble/share/rosidl_cmake/cmake/rosidl_generate_interfaces.cmake:286 (ament_execute_extensions)
[8.672s]   CMakeLists.txt:19 (rosidl_generate_interfaces)
[8.672s] This warning is for project developers.  Use -Wno-dev to suppress it.
[8.672s] [0m
[8.788s] [33mCMake Warning (dev) at /opt/ros/humble/share/python_cmake_module/cmake/Modules/FindPythonExtra.cmake:140 (find_package):
[8.789s]   Policy CMP0148 is not set: The FindPythonInterp and FindPythonLibs modules
[8.789s]   are removed.  Run "cmake --help-policy CMP0148" for policy details.  Use
[8.789s]   the cmake_policy command to set the policy and suppress this warning.
[8.789s] 
[8.789s] Call Stack (most recent call first):
[8.790s]   /opt/ros/humble/share/rosidl_generator_py/cmake/rosidl_generator_py_generate_interfaces.cmake:23 (find_package)
[8.790s]   /opt/ros/humble/share/ament_cmake_core/cmake/core/ament_execute_extensions.cmake:48 (include)
[8.790s]   /opt/ros/humble/share/rosidl_cmake/cmake/rosidl_generate_interfaces.cmake:286 (ament_execute_extensions)
[8.790s]   CMakeLists.txt:19 (rosidl_generate_interfaces)
[8.791s] This warning is for project developers.  Use -Wno-dev to suppress it.
[8.791s] [0m
[8.831s] -- Found PythonLibs: /usr/lib/x86_64-linux-gnu/libpython3.10.so (found suitable version "3.10.12", minimum required is "3.5")
[8.831s] -- Using PYTHON_EXECUTABLE: /usr/bin/python3
[8.832s] -- Using PYTHON_INCLUDE_DIRS: /usr/include/python3.10
[8.832s] -- Using PYTHON_LIBRARIES: /usr/lib/x86_64-linux-gnu/libpython3.10.so
[8.955s] -- Found PythonExtra: .so
[9.377s] -- Configuring done (9.3s)
[9.559s] -- Generating done (0.2s)
[9.581s] -- Build files have been written to: /home/student/MAS/MAS_Program2024/MAS-Program/Collective_Robotics/ros_work/build/robile_interfaces
[9.630s] Invoked command in '/home/student/MAS/MAS_Program2024/MAS-Program/Collective_Robotics/ros_work/build/robile_interfaces' returned '0': CMAKE_PREFIX_PATH=/opt/ros/humble /usr/local/bin/cmake /home/student/MAS/MAS_Program2024/MAS-Program/Collective_Robotics/ros_work/src/robile_interfaces -DAMENT_CMAKE_SYMLINK_INSTALL=1 -DCMAKE_INSTALL_PREFIX=/home/student/MAS/MAS_Program2024/MAS-Program/Collective_Robotics/ros_work/install/robile_interfaces
[9.630s] Invoking command in '/home/student/MAS/MAS_Program2024/MAS-Program/Collective_Robotics/ros_work/build/robile_interfaces': CMAKE_PREFIX_PATH=/opt/ros/humble /usr/local/bin/cmake --build /home/student/MAS/MAS_Program2024/MAS-Program/Collective_Robotics/ros_work/build/robile_interfaces -- -j4 -l4
[9.823s] [  2%] [34m[1mGenerating C code for ROS interfaces[0m
[9.870s] [  5%] [34m[1mGenerating C++ code for ROS interfaces[0m
[9.884s] [  5%] Built target ament_cmake_python_symlink_robile_interfaces
[11.445s] [  5%] Built target robile_interfaces__cpp
[11.519s] [  7%] [34m[1mGenerating C++ type support for eProsima Fast-RTPS[0m
[11.524s] [ 10%] [34m[1mGenerating C++ type support dispatch for ROS interfaces[0m
[11.836s] [ 12%] [32mBuilding C object CMakeFiles/robile_interfaces__rosidl_generator_c.dir/rosidl_generator_c/robile_interfaces/msg/detail/position_labelled__functions.c.o[0m
[12.059s] running egg_info
[12.068s] creating robile_interfaces.egg-info
[12.070s] writing robile_interfaces.egg-info/PKG-INFO
[12.070s] writing dependency_links to robile_interfaces.egg-info/dependency_links.txt
[12.072s] writing top-level names to robile_interfaces.egg-info/top_level.txt
[12.078s] writing manifest file 'robile_interfaces.egg-info/SOURCES.txt'
[12.083s] reading manifest file 'robile_interfaces.egg-info/SOURCES.txt'
[12.084s] writing manifest file 'robile_interfaces.egg-info/SOURCES.txt'
[12.143s] [ 15%] [32mBuilding C object CMakeFiles/robile_interfaces__rosidl_generator_c.dir/rosidl_generator_c/robile_interfaces/msg/detail/position_labelled_array__functions.c.o[0m
[12.224s] [ 15%] Built target ament_cmake_python_build_robile_interfaces_egg
[12.283s] [ 17%] [34m[1mGenerating C++ introspection for ROS interfaces[0m
[12.402s] [ 20%] [32m[1mLinking C shared library librobile_interfaces__rosidl_generator_c.so[0m
[12.603s] [ 20%] Built target robile_interfaces__rosidl_generator_c
[12.667s] [ 23%] [34m[1mGenerating C type support for eProsima Fast-RTPS[0m
[13.125s] [ 25%] [32mBuilding CXX object CMakeFiles/robile_interfaces__rosidl_typesupport_cpp.dir/rosidl_typesupport_cpp/robile_interfaces/msg/position_labelled__type_support.cpp.o[0m
[13.422s] [ 28%] [32mBuilding CXX object CMakeFiles/robile_interfaces__rosidl_typesupport_fastrtps_cpp.dir/rosidl_typesupport_fastrtps_cpp/robile_interfaces/msg/detail/dds_fastrtps/position_labelled__type_support.cpp.o[0m
[14.016s] [ 30%] [32mBuilding CXX object CMakeFiles/robile_interfaces__rosidl_typesupport_introspection_cpp.dir/rosidl_typesupport_introspection_cpp/robile_interfaces/msg/detail/position_labelled__type_support.cpp.o[0m
[14.687s] [ 33%] [32mBuilding CXX object CMakeFiles/robile_interfaces__rosidl_typesupport_fastrtps_c.dir/rosidl_typesupport_fastrtps_c/robile_interfaces/msg/detail/position_labelled__type_support_c.cpp.o[0m
[14.900s] [ 35%] [32mBuilding CXX object CMakeFiles/robile_interfaces__rosidl_typesupport_cpp.dir/rosidl_typesupport_cpp/robile_interfaces/msg/position_labelled_array__type_support.cpp.o[0m
[15.461s] [ 38%] [32mBuilding CXX object CMakeFiles/robile_interfaces__rosidl_typesupport_fastrtps_cpp.dir/rosidl_typesupport_fastrtps_cpp/robile_interfaces/msg/detail/dds_fastrtps/position_labelled_array__type_support.cpp.o[0m
[16.165s] [ 41%] [32mBuilding CXX object CMakeFiles/robile_interfaces__rosidl_typesupport_fastrtps_c.dir/rosidl_typesupport_fastrtps_c/robile_interfaces/msg/detail/position_labelled_array__type_support_c.cpp.o[0m
[16.287s] [ 43%] [32m[1mLinking CXX shared library librobile_interfaces__rosidl_typesupport_cpp.so[0m
[16.475s] [ 43%] Built target robile_interfaces__rosidl_typesupport_cpp
[16.519s] [ 46%] [32mBuilding CXX object CMakeFiles/robile_interfaces__rosidl_typesupport_introspection_cpp.dir/rosidl_typesupport_introspection_cpp/robile_interfaces/msg/detail/position_labelled_array__type_support.cpp.o[0m
[16.528s] [ 48%] [34m[1mGenerating C introspection for ROS interfaces[0m
[17.639s] [ 51%] [32m[1mLinking CXX shared library librobile_interfaces__rosidl_typesupport_fastrtps_c.so[0m
[17.967s] [ 53%] [32m[1mLinking CXX shared library librobile_interfaces__rosidl_typesupport_fastrtps_cpp.so[0m
[18.034s] [ 53%] Built target robile_interfaces__rosidl_typesupport_fastrtps_c
[18.064s] [ 56%] [34m[1mGenerating C type support dispatch for ROS interfaces[0m
[18.070s] [ 58%] [32mBuilding C object CMakeFiles/robile_interfaces__rosidl_typesupport_introspection_c.dir/rosidl_typesupport_introspection_c/robile_interfaces/msg/detail/position_labelled__type_support.c.o[0m
[18.233s] [ 61%] [32mBuilding C object CMakeFiles/robile_interfaces__rosidl_typesupport_introspection_c.dir/rosidl_typesupport_introspection_c/robile_interfaces/msg/detail/position_labelled_array__type_support.c.o[0m
[18.284s] [ 61%] Built target robile_interfaces__rosidl_typesupport_fastrtps_cpp
[18.409s] [ 64%] [32m[1mLinking C shared library librobile_interfaces__rosidl_typesupport_introspection_c.so[0m
[18.465s] [ 66%] [32m[1mLinking CXX shared library librobile_interfaces__rosidl_typesupport_introspection_cpp.so[0m
[18.528s] [ 66%] Built target robile_interfaces__rosidl_typesupport_introspection_c
[18.830s] [ 66%] Built target robile_interfaces__rosidl_typesupport_introspection_cpp
[19.288s] [ 69%] [32mBuilding CXX object CMakeFiles/robile_interfaces__rosidl_typesupport_c.dir/rosidl_typesupport_c/robile_interfaces/msg/position_labelled__type_support.cpp.o[0m
[19.292s] [ 71%] [32mBuilding CXX object CMakeFiles/robile_interfaces__rosidl_typesupport_c.dir/rosidl_typesupport_c/robile_interfaces/msg/position_labelled_array__type_support.cpp.o[0m
[19.456s] [ 74%] [32m[1mLinking CXX shared library librobile_interfaces__rosidl_typesupport_c.so[0m
[19.640s] [ 74%] Built target robile_interfaces__rosidl_typesupport_c
[19.723s] [ 74%] Built target robile_interfaces
[19.823s] [ 76%] [34m[1mGenerating Python code for ROS interfaces[0m
[21.244s] [ 76%] Built target robile_interfaces__py
[21.355s] [ 79%] [32mBuilding C object CMakeFiles/robile_interfaces__rosidl_generator_py.dir/rosidl_generator_py/robile_interfaces/msg/_position_labelled_s.c.o[0m
[21.355s] [ 82%] [32mBuilding C object CMakeFiles/robile_interfaces__rosidl_generator_py.dir/rosidl_generator_py/robile_interfaces/msg/_position_labelled_array_s.c.o[0m
[21.824s] [ 84%] [32m[1mLinking C shared library rosidl_generator_py/robile_interfaces/librobile_interfaces__rosidl_generator_py.so[0m
[22.017s] [ 84%] Built target robile_interfaces__rosidl_generator_py
[22.112s] [ 87%] [32mBuilding C object CMakeFiles/robile_interfaces__rosidl_typesupport_fastrtps_c__pyext.dir/rosidl_generator_py/robile_interfaces/_robile_interfaces_s.ep.rosidl_typesupport_fastrtps_c.c.o[0m
[22.116s] [ 89%] [32mBuilding C object CMakeFiles/robile_interfaces__rosidl_typesupport_introspection_c__pyext.dir/rosidl_generator_py/robile_interfaces/_robile_interfaces_s.ep.rosidl_typesupport_introspection_c.c.o[0m
[22.130s] [ 92%] [32mBuilding C object CMakeFiles/robile_interfaces__rosidl_typesupport_c__pyext.dir/rosidl_generator_py/robile_interfaces/_robile_interfaces_s.ep.rosidl_typesupport_c.c.o[0m
[22.470s] [ 94%] [32m[1mLinking C shared library rosidl_generator_py/robile_interfaces/robile_interfaces_s__rosidl_typesupport_introspection_c.cpython-310-x86_64-linux-gnu.so[0m
[22.512s] [ 97%] [32m[1mLinking C shared library rosidl_generator_py/robile_interfaces/robile_interfaces_s__rosidl_typesupport_c.cpython-310-x86_64-linux-gnu.so[0m
[22.563s] [ 97%] Built target robile_interfaces__rosidl_typesupport_introspection_c__pyext
[22.578s] [ 97%] Built target robile_interfaces__rosidl_typesupport_c__pyext
[22.587s] [100%] [32m[1mLinking C shared library rosidl_generator_py/robile_interfaces/robile_interfaces_s__rosidl_typesupport_fastrtps_c.cpython-310-x86_64-linux-gnu.so[0m
[22.650s] [100%] Built target robile_interfaces__rosidl_typesupport_fastrtps_c__pyext
